[runlim] version:		1.7
[runlim] time limit:		311040000 seconds
[runlim] real time limit:	1800 seconds
[runlim] space limit:		32767 MB
[runlim] argv[0]:		./pdtapp
[runlim] argv[1]:		gfp
[runlim] argv[2]:		../pdtinv25/benchmarks/st/6s206rb103.st.aig
[runlim] argv[3]:		./proc_invariants_td/6s206rb103.st-T1.aig
[runlim] argv[4]:		./gfp_invariants_td/6s206rb103.st-T1.aig
[runlim] start:			Sun Dec 21 21:14:06 2025
[runlim] main pid:		15337
gfp app: ../pdtinv25/benchmarks/st/6s206rb103.st.aig ./proc_invariants_td/6s206rb103.st-T1.aig ./gfp_invariants_td/6s206rb103.st-T1.aig
-- App Manager Init.
-- DDI Manager Init.
-- FSM Manager Init.
-- TRAV Manager Init.
|Constraint|=0 nodes.
172 stalled latches found

ITP based GFP - reached size: 57302
[runlim] sample:		10.0 seconds, 807.4 MB

GFP iteration [0] - reached size: 57302

GFP time:  5.54 s (norm 5.54 s)
-- App Manager Quit.
-- TRAV Manager Quit.
-- FSM Manager Quit.
-- DDI Manager Quit.
[runlim] end:			Sun Dec 21 21:14:17 2025
[runlim] status:		ok
[runlim] result:		0
[runlim] children:		0
[runlim] real:			11.17 seconds
[runlim] time:			10.49 seconds
[runlim] space:			868.4 MB
[runlim] samples:		105
