[runlim] version:		1.7
[runlim] time limit:		311040000 seconds
[runlim] real time limit:	1800 seconds
[runlim] space limit:		32767 MB
[runlim] argv[0]:		./pdtapp
[runlim] argv[1]:		gfp
[runlim] argv[2]:		../pdtinv25/benchmarks/st/6s209b0.st.aig
[runlim] argv[3]:		./proc_invariants_td/6s209b0.st-T7.aig
[runlim] argv[4]:		./gfp_invariants_td/6s209b0.st-T7.aig
[runlim] start:			Sun Dec 21 21:11:39 2025
[runlim] main pid:		15190
gfp app: ../pdtinv25/benchmarks/st/6s209b0.st.aig ./proc_invariants_td/6s209b0.st-T7.aig ./gfp_invariants_td/6s209b0.st-T7.aig
-- App Manager Init.
-- DDI Manager Init.
-- FSM Manager Init.
-- TRAV Manager Init.
|Constraint|=0 nodes.
144 stalled latches found

ITP based GFP - reached size: 21590

GFP iteration [0] - reached size: 18350

GFP iteration [1] - reached size: 17357

GFP iteration [2] - reached size: 16239

GFP iteration [3] - reached size: 14885

GFP iteration [4] - reached size: 13826

GFP iteration [5] - reached size: 12457

GFP iteration [6] - reached size: 12457
GFP reached reduction iter 0: 21590 -> 12456

GFP time:  7.67 s (norm 7.67 s)
-- App Manager Quit.
-- TRAV Manager Quit.
-- FSM Manager Quit.
-- DDI Manager Quit.
[runlim] end:			Sun Dec 21 21:11:47 2025
[runlim] status:		ok
[runlim] result:		0
[runlim] children:		0
[runlim] real:			8.76 seconds
[runlim] time:			7.99 seconds
[runlim] space:			261.2 MB
[runlim] samples:		80
