[runlim] version:		1.7
[runlim] time limit:		311040000 seconds
[runlim] real time limit:	1800 seconds
[runlim] space limit:		32767 MB
[runlim] argv[0]:		./pdtapp
[runlim] argv[1]:		gfp
[runlim] argv[2]:		../pdtinv25/benchmarks/st/6s288r.st.aig
[runlim] argv[3]:		./proc_invariants_td/6s288r.st-T1.aig
[runlim] argv[4]:		./gfp_invariants_td/6s288r.st-T1.aig
[runlim] start:			Sun Dec 21 21:13:52 2025
[runlim] main pid:		15306
gfp app: ../pdtinv25/benchmarks/st/6s288r.st.aig ./proc_invariants_td/6s288r.st-T1.aig ./gfp_invariants_td/6s288r.st-T1.aig
-- App Manager Init.
-- DDI Manager Init.
-- FSM Manager Init.
-- TRAV Manager Init.
|Constraint|=0 nodes.
1 stalled latches found

ITP based GFP - reached size: 7833

GFP iteration [0] - reached size: 6908

GFP iteration [1] - reached size: 6870

GFP iteration [2] - reached size: 6860

GFP iteration [3] - reached size: 6855

GFP iteration [4] - reached size: 6849

GFP iteration [5] - reached size: 6848

GFP iteration [6] - reached size: 6845

GFP iteration [7] - reached size: 6845
GFP reached reduction iter 0: 7833 -> 6844

GFP time:  5.86 s (norm 5.86 s)
-- App Manager Quit.
-- TRAV Manager Quit.
-- FSM Manager Quit.
-- DDI Manager Quit.
[runlim] end:			Sun Dec 21 21:14:00 2025
[runlim] status:		ok
[runlim] result:		0
[runlim] children:		0
[runlim] real:			8.40 seconds
[runlim] time:			7.59 seconds
[runlim] space:			341.1 MB
[runlim] samples:		76
