[runlim] version:		1.7
[runlim] time limit:		311040000 seconds
[runlim] real time limit:	1800 seconds
[runlim] space limit:		32767 MB
[runlim] argv[0]:		./pdtapp
[runlim] argv[1]:		gfp
[runlim] argv[2]:		../pdtinv25/benchmarks/st/6s372rb26.st.aig
[runlim] argv[3]:		./proc_invariants_td/6s372rb26.st-T2.aig
[runlim] argv[4]:		./gfp_invariants_td/6s372rb26.st-T2.aig
[runlim] start:			Sun Dec 21 21:11:47 2025
[runlim] main pid:		15197
gfp app: ../pdtinv25/benchmarks/st/6s372rb26.st.aig ./proc_invariants_td/6s372rb26.st-T2.aig ./gfp_invariants_td/6s372rb26.st-T2.aig
-- App Manager Init.
-- DDI Manager Init.
-- FSM Manager Init.
-- TRAV Manager Init.
|Constraint|=0 nodes.
1 stalled latches found

ITP based GFP - reached size: 3378

GFP iteration [0] - reached size: 3349

GFP iteration [1] - reached size: 3346

GFP iteration [2] - reached size: 3346
GFP reached reduction iter 0: 3378 -> 3345

GFP time:  0.26 s (norm 0.26 s)
-- App Manager Quit.
-- TRAV Manager Quit.
-- FSM Manager Quit.
-- DDI Manager Quit.
[runlim] end:			Sun Dec 21 21:11:48 2025
[runlim] status:		ok
[runlim] result:		0
[runlim] children:		0
[runlim] real:			1.12 seconds
[runlim] time:			0.29 seconds
[runlim] space:			117.8 MB
[runlim] samples:		3
