[runlim] version:		1.7
[runlim] time limit:		311040000 seconds
[runlim] real time limit:	1800 seconds
[runlim] space limit:		32767 MB
[runlim] argv[0]:		./pdtapp
[runlim] argv[1]:		gfp
[runlim] argv[2]:		../pdtinv25/benchmarks/st/6s384rb024.st.aig
[runlim] argv[3]:		./proc_invariants_td/6s384rb024.st-T1.aig
[runlim] argv[4]:		./gfp_invariants_td/6s384rb024.st-T1.aig
[runlim] start:			Sun Dec 21 21:11:32 2025
[runlim] main pid:		15184
gfp app: ../pdtinv25/benchmarks/st/6s384rb024.st.aig ./proc_invariants_td/6s384rb024.st-T1.aig ./gfp_invariants_td/6s384rb024.st-T1.aig
-- App Manager Init.
-- DDI Manager Init.
-- FSM Manager Init.
-- TRAV Manager Init.
|Constraint|=0 nodes.
264 stalled latches found

ITP based GFP - reached size: 29916

GFP iteration [0] - reached size: 29916

GFP time:  2.57 s (norm 2.57 s)
-- App Manager Quit.
-- TRAV Manager Quit.
-- FSM Manager Quit.
-- DDI Manager Quit.
[runlim] end:			Sun Dec 21 21:11:36 2025
[runlim] status:		ok
[runlim] result:		0
[runlim] children:		0
[runlim] real:			4.90 seconds
[runlim] time:			4.79 seconds
[runlim] space:			520.0 MB
[runlim] samples:		48
