[runlim] version:		1.7
[runlim] time limit:		311040000 seconds
[runlim] real time limit:	900 seconds
[runlim] space limit:		4096 MB
[runlim] argv[0]:		./pdtapp
[runlim] argv[1]:		gfp
[runlim] argv[2]:		../pdtinv25/benchmarks/st/6s391rb379.st.aig
[runlim] argv[3]:		./proc_invariants_td/6s391rb379.st-T4.aig
[runlim] argv[4]:		./gfp_invariants_td/6s391rb379.st-T4.aig
[runlim] start:			Mon May 19 23:30:13 2025
[runlim] main pid:		398
gfp app: ../pdtinv25/benchmarks/st/6s391rb379.st.aig ./proc_invariants_td/6s391rb379.st-T4.aig ./gfp_invariants_td/6s391rb379.st-T4.aig
-- App Manager Init.
-- DDI Manager Init.
-- FSM Manager Init.
-- TRAV Manager Init.
|Constraint|=0 nodes.
1 stalled latches found

ITP based GFP - reached size: 5401

GFP iteration [0] - reached size: 5379

GFP iteration [1] - reached size: 5379
GFP reached reduction iter 0: 5401 -> 5378
-- App Manager Quit.
-- TRAV Manager Quit.
-- FSM Manager Quit.
-- DDI Manager Quit.
[runlim] end:			Mon May 19 23:30:16 2025
[runlim] status:		ok
[runlim] result:		0
[runlim] children:		0
[runlim] real:			3.28 seconds
[runlim] time:			1.60 seconds
[runlim] space:			167.0 MB
[runlim] samples:		24
