[runlim] version:		1.7
[runlim] time limit:		311040000 seconds
[runlim] real time limit:	1800 seconds
[runlim] space limit:		32767 MB
[runlim] argv[0]:		./pdtapp
[runlim] argv[1]:		gfp
[runlim] argv[2]:		../pdtinv25/benchmarks/st/6s404rb4.st.aig
[runlim] argv[3]:		./proc_invariants_td/6s404rb4.st-T1.aig
[runlim] argv[4]:		./gfp_invariants_td/6s404rb4.st-T1.aig
[runlim] start:			Sun Dec 21 21:14:17 2025
[runlim] main pid:		15349
gfp app: ../pdtinv25/benchmarks/st/6s404rb4.st.aig ./proc_invariants_td/6s404rb4.st-T1.aig ./gfp_invariants_td/6s404rb4.st-T1.aig
-- App Manager Init.
-- DDI Manager Init.
-- FSM Manager Init.
-- TRAV Manager Init.
|Constraint|=0 nodes.
1 stalled latches found

ITP based GFP - reached size: 24259

GFP iteration [0] - reached size: 23175

GFP iteration [1] - reached size: 23049

GFP iteration [2] - reached size: 23030
[runlim] sample:		10.0 seconds, 456.8 MB

GFP iteration [3] - reached size: 22997

GFP iteration [4] - reached size: 22994

GFP iteration [5] - reached size: 22984
[runlim] sample:		20.0 seconds, 462.8 MB

GFP iteration [6] - reached size: 22981

GFP iteration [7] - reached size: 22976

GFP iteration [8] - reached size: 22969
[runlim] sample:		30.0 seconds, 463.5 MB

GFP iteration [9] - reached size: 22961
GFP reached reduction iter 0: 24259 -> 22968

GFP time:  30.33 s (norm 30.33 s)
-- App Manager Quit.
-- TRAV Manager Quit.
-- FSM Manager Quit.
-- DDI Manager Quit.
[runlim] end:			Sun Dec 21 21:14:49 2025
[runlim] status:		ok
[runlim] result:		0
[runlim] children:		0
[runlim] real:			32.08 seconds
[runlim] time:			30.98 seconds
[runlim] space:			466.3 MB
[runlim] samples:		310
