[runlim] version:		1.7
[runlim] time limit:		311040000 seconds
[runlim] real time limit:	1800 seconds
[runlim] space limit:		32767 MB
[runlim] argv[0]:		./pdtapp
[runlim] argv[1]:		gfp
[runlim] argv[2]:		../pdtinv25/benchmarks/st/6s404rb1.st.aig
[runlim] argv[3]:		./proc_invariants_td/6s404rb1.st-T1.aig
[runlim] argv[4]:		./gfp_invariants_td/6s404rb1.st-T1.aig
[runlim] start:			Sun Dec 21 21:12:25 2025
[runlim] main pid:		15239
gfp app: ../pdtinv25/benchmarks/st/6s404rb1.st.aig ./proc_invariants_td/6s404rb1.st-T1.aig ./gfp_invariants_td/6s404rb1.st-T1.aig
-- App Manager Init.
-- DDI Manager Init.
-- FSM Manager Init.
-- TRAV Manager Init.
|Constraint|=0 nodes.
1 stalled latches found

ITP based GFP - reached size: 20046

GFP iteration [0] - reached size: 19980

GFP iteration [1] - reached size: 19977

GFP iteration [2] - reached size: 19973

GFP iteration [3] - reached size: 19973
GFP reached reduction iter 0: 20046 -> 19972

GFP time:  5.22 s (norm 5.22 s)
-- App Manager Quit.
-- TRAV Manager Quit.
-- FSM Manager Quit.
-- DDI Manager Quit.
[runlim] end:			Sun Dec 21 21:12:30 2025
[runlim] status:		ok
[runlim] result:		0
[runlim] children:		0
[runlim] real:			5.98 seconds
[runlim] time:			5.89 seconds
[runlim] space:			445.1 MB
[runlim] samples:		59
