[runlim] version:		1.7
[runlim] time limit:		311040000 seconds
[runlim] real time limit:	1800 seconds
[runlim] space limit:		32767 MB
[runlim] argv[0]:		./pdtapp
[runlim] argv[1]:		gfp
[runlim] argv[2]:		../pdtinv25/benchmarks/st/bj08amba5g62.st.aig
[runlim] argv[3]:		./proc_invariants_td/bj08amba5g62.st-T5.aig
[runlim] argv[4]:		./gfp_invariants_td/bj08amba5g62.st-T5.aig
[runlim] start:			Sun Dec 21 21:11:27 2025
[runlim] main pid:		15158
gfp app: ../pdtinv25/benchmarks/st/bj08amba5g62.st.aig ./proc_invariants_td/bj08amba5g62.st-T5.aig ./gfp_invariants_td/bj08amba5g62.st-T5.aig
-- App Manager Init.
-- DDI Manager Init.
-- FSM Manager Init.
-- TRAV Manager Init.
|Constraint|=0 nodes.
1 stalled latches found

ITP based GFP - reached size: 233

GFP iteration [0] - reached size: 87

GFP iteration [1] - reached size: 87
GFP reached reduction iter 0: 233 -> 86

GFP time:  0.11 s (norm 0.11 s)
-- App Manager Quit.
-- TRAV Manager Quit.
-- FSM Manager Quit.
-- DDI Manager Quit.
[runlim] end:			Sun Dec 21 21:11:27 2025
[runlim] status:		ok
[runlim] result:		0
[runlim] children:		0
[runlim] real:			0.22 seconds
[runlim] time:			0.09 seconds
[runlim] space:			94.6 MB
[runlim] samples:		1
