[runlim] version:		1.7
[runlim] time limit:		311040000 seconds
[runlim] real time limit:	1800 seconds
[runlim] space limit:		32767 MB
[runlim] argv[0]:		./pdtapp
[runlim] argv[1]:		gfp
[runlim] argv[2]:		../pdtinv25/benchmarks/st/bob05.st.aig
[runlim] argv[3]:		./proc_invariants_td/bob05.st-T1.aig
[runlim] argv[4]:		./gfp_invariants_td/bob05.st-T1.aig
[runlim] start:			Sun Dec 21 21:11:10 2025
[runlim] main pid:		15128
gfp app: ../pdtinv25/benchmarks/st/bob05.st.aig ./proc_invariants_td/bob05.st-T1.aig ./gfp_invariants_td/bob05.st-T1.aig
-- App Manager Init.
-- DDI Manager Init.
-- FSM Manager Init.
-- TRAV Manager Init.
|Constraint|=0 nodes.
1 stalled latches found

ITP based GFP - reached size: 7006

GFP iteration [0] - reached size: 6504

GFP iteration [1] - reached size: 6444

GFP iteration [2] - reached size: 6424

GFP iteration [3] - reached size: 6419

GFP iteration [4] - reached size: 6406

GFP iteration [5] - reached size: 6400

GFP iteration [6] - reached size: 6394

GFP iteration [7] - reached size: 6392

GFP iteration [8] - reached size: 6392
GFP reached reduction iter 0: 7006 -> 6391

GFP time:  4.88 s (norm 4.88 s)
-- App Manager Quit.
-- TRAV Manager Quit.
-- FSM Manager Quit.
-- DDI Manager Quit.
[runlim] end:			Sun Dec 21 21:11:15 2025
[runlim] status:		ok
[runlim] result:		0
[runlim] children:		0
[runlim] real:			5.70 seconds
[runlim] time:			4.99 seconds
[runlim] space:			193.8 MB
[runlim] samples:		50
