[runlim] version:		1.7
[runlim] time limit:		311040000 seconds
[runlim] real time limit:	1800 seconds
[runlim] space limit:		32767 MB
[runlim] argv[0]:		./pdtapp
[runlim] argv[1]:		gfp
[runlim] argv[2]:		../pdtinv25/benchmarks/st/bob3.st.aig
[runlim] argv[3]:		./proc_invariants_td/bob3.st-T14.aig
[runlim] argv[4]:		./gfp_invariants_td/bob3.st-T14.aig
[runlim] start:			Sun Dec 21 21:11:28 2025
[runlim] main pid:		15170
gfp app: ../pdtinv25/benchmarks/st/bob3.st.aig ./proc_invariants_td/bob3.st-T14.aig ./gfp_invariants_td/bob3.st-T14.aig
-- App Manager Init.
-- DDI Manager Init.
-- FSM Manager Init.
-- TRAV Manager Init.
|Constraint|=0 nodes.
1 stalled latches found

ITP based GFP - reached size: 2790

GFP iteration [0] - reached size: 2131

GFP iteration [1] - reached size: 1912

GFP iteration [2] - reached size: 1597

GFP iteration [3] - reached size: 1583

GFP iteration [4] - reached size: 1570

GFP iteration [5] - reached size: 1565

GFP iteration [6] - reached size: 1556

GFP iteration [7] - reached size: 1549

GFP iteration [8] - reached size: 1546

GFP iteration [9] - reached size: 1542
GFP reached reduction iter 0: 2790 -> 1545

GFP time:  2.63 s (norm 2.63 s)
-- App Manager Quit.
-- TRAV Manager Quit.
-- FSM Manager Quit.
-- DDI Manager Quit.
[runlim] end:			Sun Dec 21 21:11:31 2025
[runlim] status:		ok
[runlim] result:		0
[runlim] children:		0
[runlim] real:			3.24 seconds
[runlim] time:			2.60 seconds
[runlim] space:			87.8 MB
[runlim] samples:		26
