[runlim] version:		1.7
[runlim] time limit:		311040000 seconds
[runlim] real time limit:	900 seconds
[runlim] space limit:		4096 MB
[runlim] argv[0]:		./pdtapp
[runlim] argv[1]:		gfp
[runlim] argv[2]:		../pdtinv25/benchmarks/st/bob9234specand.st.aig
[runlim] argv[3]:		./proc_invariants_td/bob9234specand.st-T2.aig
[runlim] argv[4]:		./gfp_invariants_td/bob9234specand.st-T2.aig
[runlim] start:			Mon May 19 23:31:42 2025
[runlim] main pid:		408
gfp app: ../pdtinv25/benchmarks/st/bob9234specand.st.aig ./proc_invariants_td/bob9234specand.st-T2.aig ./gfp_invariants_td/bob9234specand.st-T2.aig
-- App Manager Init.
-- DDI Manager Init.
-- FSM Manager Init.
-- TRAV Manager Init.
|Constraint|=0 nodes.
1 stalled latches found

ITP based GFP - reached size: 0

GFP iteration [0] - reached size: 0
-- App Manager Quit.
-- TRAV Manager Quit.
-- FSM Manager Quit.
-- DDI Manager Quit.
[runlim] end:			Mon May 19 23:31:43 2025
[runlim] status:		ok
[runlim] result:		0
[runlim] children:		0
[runlim] real:			1.14 seconds
[runlim] time:			0.01 seconds
[runlim] space:			73.6 MB
[runlim] samples:		3
