[runlim] version:		1.7
[runlim] time limit:		311040000 seconds
[runlim] real time limit:	900 seconds
[runlim] space limit:		4096 MB
[runlim] argv[0]:		./pdtapp
[runlim] argv[1]:		gfp
[runlim] argv[2]:		../pdtinv25/benchmarks/st/bobcount.st.aig
[runlim] argv[3]:		./proc_invariants_td/bobcount.st-T1.aig
[runlim] argv[4]:		./gfp_invariants_td/bobcount.st-T1.aig
[runlim] start:			Mon May 19 23:31:43 2025
[runlim] main pid:		410
gfp app: ../pdtinv25/benchmarks/st/bobcount.st.aig ./proc_invariants_td/bobcount.st-T1.aig ./gfp_invariants_td/bobcount.st-T1.aig
-- App Manager Init.
-- DDI Manager Init.
-- FSM Manager Init.
-- TRAV Manager Init.
|Constraint|=0 nodes.
1 stalled latches found

ITP based GFP - reached size: 242

GFP iteration [0] - reached size: 182

GFP iteration [1] - reached size: 181

GFP iteration [2] - reached size: 181
GFP reached reduction iter 0: 242 -> 180
-- App Manager Quit.
-- TRAV Manager Quit.
-- FSM Manager Quit.
-- DDI Manager Quit.
[runlim] end:			Mon May 19 23:31:43 2025
[runlim] status:		ok
[runlim] result:		0
[runlim] children:		0
[runlim] real:			0.73 seconds
[runlim] time:			0.06 seconds
[runlim] space:			81.6 MB
[runlim] samples:		5
