[runlim] version:		1.7
[runlim] time limit:		311040000 seconds
[runlim] real time limit:	900 seconds
[runlim] space limit:		4096 MB
[runlim] argv[0]:		./pdtapp
[runlim] argv[1]:		gfp
[runlim] argv[2]:		../pdtinv25/benchmarks/st/boblivea.st.aig
[runlim] argv[3]:		./proc_invariants_td/boblivea.st-T2.aig
[runlim] argv[4]:		./gfp_invariants_td/boblivea.st-T2.aig
[runlim] start:			Mon May 19 23:31:43 2025
[runlim] main pid:		412
gfp app: ../pdtinv25/benchmarks/st/boblivea.st.aig ./proc_invariants_td/boblivea.st-T2.aig ./gfp_invariants_td/boblivea.st-T2.aig
-- App Manager Init.
-- DDI Manager Init.
-- FSM Manager Init.
-- TRAV Manager Init.
|Constraint|=0 nodes.
1 stalled latches found

ITP based GFP - reached size: 2674
FATAL ERROR: fix point not reached
             File /mnt/c/Users/PAS/Desktop/PostDoc/ModelChecking/PdTRAV/pdtools/pdtrav/src/trav/travSat.c -> Line 17201
pdtapp: /mnt/c/Users/PAS/Desktop/PostDoc/ModelChecking/PdTRAV/pdtools/pdtrav/src/trav/travSat.c:17201: int itpStrengthenReachedGfp(Trav_ItpTravMgr_t*, int*, int, int, int, int): Assertion `fp' failed.
[runlim] sample:		1.2 seconds, 80.1 MB
[runlim] end:			Mon May 19 23:31:54 2025
[runlim] status:		signal(6)
[runlim] result:		134
[runlim] children:		0
[runlim] real:			11.89 seconds
[runlim] time:			1.34 seconds
[runlim] space:			80.1 MB
[runlim] samples:		111
