[runlim] version:		1.7
[runlim] time limit:		311040000 seconds
[runlim] real time limit:	1800 seconds
[runlim] space limit:		32767 MB
[runlim] argv[0]:		./pdtapp
[runlim] argv[1]:		gfp
[runlim] argv[2]:		../pdtinv25/benchmarks/st/eijks444.st.aig
[runlim] argv[3]:		./proc_invariants_td/eijks444.st-T9.aig
[runlim] argv[4]:		./gfp_invariants_td/eijks444.st-T9.aig
[runlim] start:			Sun Dec 21 21:14:49 2025
[runlim] main pid:		15384
gfp app: ../pdtinv25/benchmarks/st/eijks444.st.aig ./proc_invariants_td/eijks444.st-T9.aig ./gfp_invariants_td/eijks444.st-T9.aig
-- App Manager Init.
-- DDI Manager Init.
-- FSM Manager Init.
-- TRAV Manager Init.
|Constraint|=0 nodes.
1 stalled latches found

ITP based GFP - reached size: 3350

GFP iteration [0] - reached size: 1803

GFP iteration [1] - reached size: 1767

GFP iteration [2] - reached size: 1749

GFP iteration [3] - reached size: 1746

GFP iteration [4] - reached size: 1732

GFP iteration [5] - reached size: 1731

GFP iteration [6] - reached size: 1730

GFP iteration [7] - reached size: 1729

GFP iteration [8] - reached size: 1726

GFP iteration [9] - reached size: 1723
GFP reached reduction iter 0: 3350 -> 1725

GFP time:  2.17 s (norm 2.17 s)
-- App Manager Quit.
-- TRAV Manager Quit.
-- FSM Manager Quit.
-- DDI Manager Quit.
[runlim] end:			Sun Dec 21 21:14:51 2025
[runlim] status:		ok
[runlim] result:		0
[runlim] children:		0
[runlim] real:			2.99 seconds
[runlim] time:			2.19 seconds
[runlim] space:			90.1 MB
[runlim] samples:		22
