[runlim] version:		1.7
[runlim] time limit:		311040000 seconds
[runlim] real time limit:	1800 seconds
[runlim] space limit:		32767 MB
[runlim] argv[0]:		./pdtapp
[runlim] argv[1]:		gfp
[runlim] argv[2]:		../pdtinv25/benchmarks/st/intel026.st.aig
[runlim] argv[3]:		./proc_invariants_td/intel026.st-T2.aig
[runlim] argv[4]:		./gfp_invariants_td/intel026.st-T2.aig
[runlim] start:			Sun Dec 21 21:12:31 2025
[runlim] main pid:		15249
gfp app: ../pdtinv25/benchmarks/st/intel026.st.aig ./proc_invariants_td/intel026.st-T2.aig ./gfp_invariants_td/intel026.st-T2.aig
-- App Manager Init.
-- DDI Manager Init.
-- FSM Manager Init.
-- TRAV Manager Init.
|Constraint|=0 nodes.
1 stalled latches found

ITP based GFP - reached size: 52210
[runlim] sample:		10.0 seconds, 237.4 MB
[runlim] sample:		20.0 seconds, 269.0 MB

GFP iteration [0] - reached size: 28857
[runlim] sample:		30.0 seconds, 193.1 MB

GFP iteration [1] - reached size: 23693

GFP iteration [2] - reached size: 22650
[runlim] sample:		40.0 seconds, 194.4 MB

GFP iteration [3] - reached size: 22191

GFP iteration [4] - reached size: 21929
[runlim] sample:		50.0 seconds, 197.8 MB

GFP iteration [5] - reached size: 21738
[runlim] sample:		60.0 seconds, 197.8 MB

GFP iteration [6] - reached size: 21522

GFP iteration [7] - reached size: 21390
[runlim] sample:		70.0 seconds, 199.8 MB

GFP iteration [8] - reached size: 21312

GFP iteration [9] - reached size: 21229
GFP reached reduction iter 0: 52210 -> 21311

GFP time:  78.04 s (norm 78.04 s)
-- App Manager Quit.
-- TRAV Manager Quit.
-- FSM Manager Quit.
-- DDI Manager Quit.
[runlim] end:			Sun Dec 21 21:13:49 2025
[runlim] status:		ok
[runlim] result:		0
[runlim] children:		0
[runlim] real:			78.34 seconds
[runlim] time:			78.27 seconds
[runlim] space:			269.0 MB
[runlim] samples:		783
