[runlim] version:		1.7
[runlim] time limit:		311040000 seconds
[runlim] real time limit:	1800 seconds
[runlim] space limit:		32767 MB
[runlim] argv[0]:		./pdtapp
[runlim] argv[1]:		gfp
[runlim] argv[2]:		../pdtinv25/benchmarks/st/intel056.st.aig
[runlim] argv[3]:		./proc_invariants_td/intel056.st-T2.aig
[runlim] argv[4]:		./gfp_invariants_td/intel056.st-T2.aig
[runlim] start:			Sun Dec 21 21:17:51 2025
[runlim] main pid:		15523
gfp app: ../pdtinv25/benchmarks/st/intel056.st.aig ./proc_invariants_td/intel056.st-T2.aig ./gfp_invariants_td/intel056.st-T2.aig
-- App Manager Init.
-- DDI Manager Init.
-- FSM Manager Init.
-- TRAV Manager Init.
|Constraint|=0 nodes.
1 stalled latches found

ITP based GFP - reached size: 4201

GFP iteration [0] - reached size: 3346

GFP iteration [1] - reached size: 3279

GFP iteration [2] - reached size: 3255

GFP iteration [3] - reached size: 3244

GFP iteration [4] - reached size: 3235

GFP iteration [5] - reached size: 3232

GFP iteration [6] - reached size: 3229

GFP iteration [7] - reached size: 3228

GFP iteration [8] - reached size: 3225

GFP iteration [9] - reached size: 3225
GFP reached reduction iter 0: 4201 -> 3224

GFP time:  2.33 s (norm 2.33 s)
-- App Manager Quit.
-- TRAV Manager Quit.
-- FSM Manager Quit.
-- DDI Manager Quit.
[runlim] end:			Sun Dec 21 21:17:53 2025
[runlim] status:		ok
[runlim] result:		0
[runlim] children:		0
[runlim] real:			2.88 seconds
[runlim] time:			2.30 seconds
[runlim] space:			103.1 MB
[runlim] samples:		23
