[runlim] version:		1.7
[runlim] time limit:		311040000 seconds
[runlim] real time limit:	1800 seconds
[runlim] space limit:		32767 MB
[runlim] argv[0]:		./pdtapp
[runlim] argv[1]:		gfp
[runlim] argv[2]:		../pdtinv25/benchmarks/st/intel007.st.aig
[runlim] argv[3]:		./proc_invariants_td/intel007.st-T2.aig
[runlim] argv[4]:		./gfp_invariants_td/intel007.st-T2.aig
[runlim] start:			Sun Dec 21 21:18:02 2025
[runlim] main pid:		15530
gfp app: ../pdtinv25/benchmarks/st/intel007.st.aig ./proc_invariants_td/intel007.st-T2.aig ./gfp_invariants_td/intel007.st-T2.aig
-- App Manager Init.
-- DDI Manager Init.
-- FSM Manager Init.
-- TRAV Manager Init.
|Constraint|=0 nodes.
1 stalled latches found

ITP based GFP - reached size: 13858

GFP iteration [0] - reached size: 10572

GFP iteration [1] - reached size: 8873

GFP iteration [2] - reached size: 8780

GFP iteration [3] - reached size: 8693

GFP iteration [4] - reached size: 8675

GFP iteration [5] - reached size: 8648

GFP iteration [6] - reached size: 8631

GFP iteration [7] - reached size: 8616

GFP iteration [8] - reached size: 8607

GFP iteration [9] - reached size: 8593
GFP reached reduction iter 0: 13858 -> 8606

GFP time:  9.02 s (norm 9.02 s)
-- App Manager Quit.
-- TRAV Manager Quit.
-- FSM Manager Quit.
-- DDI Manager Quit.
[runlim] end:			Sun Dec 21 21:18:11 2025
[runlim] status:		ok
[runlim] result:		0
[runlim] children:		0
[runlim] real:			9.67 seconds
[runlim] time:			9.09 seconds
[runlim] space:			173.5 MB
[runlim] samples:		91
