[runlim] version:		1.7
[runlim] time limit:		311040000 seconds
[runlim] real time limit:	1800 seconds
[runlim] space limit:		32767 MB
[runlim] argv[0]:		./pdtapp
[runlim] argv[1]:		gfp
[runlim] argv[2]:		../pdtinv25/benchmarks/st/neclaftp5001.st.aig
[runlim] argv[3]:		./proc_invariants_td/neclaftp5001.st-T1.aig
[runlim] argv[4]:		./gfp_invariants_td/neclaftp5001.st-T1.aig
[runlim] start:			Sun Dec 21 21:18:11 2025
[runlim] main pid:		15538
gfp app: ../pdtinv25/benchmarks/st/neclaftp5001.st.aig ./proc_invariants_td/neclaftp5001.st-T1.aig ./gfp_invariants_td/neclaftp5001.st-T1.aig
-- App Manager Init.
-- DDI Manager Init.
-- FSM Manager Init.
-- TRAV Manager Init.
|Constraint|=0 nodes.
12 stalled latches found

ITP based GFP - reached size: 46

GFP iteration [0] - reached size: 46

GFP time:  0.05 s (norm 0.05 s)
-- App Manager Quit.
-- TRAV Manager Quit.
-- FSM Manager Quit.
-- DDI Manager Quit.
[runlim] end:			Sun Dec 21 21:18:11 2025
[runlim] status:		ok
[runlim] result:		0
[runlim] children:		0
[runlim] real:			0.79 seconds
[runlim] time:			0.09 seconds
[runlim] space:			92.4 MB
[runlim] samples:		1
