[runlim] version:		1.7
[runlim] time limit:		311040000 seconds
[runlim] real time limit:	1800 seconds
[runlim] space limit:		32767 MB
[runlim] argv[0]:		./pdtapp
[runlim] argv[1]:		gfp
[runlim] argv[2]:		../pdtinv25/benchmarks/st/nusmvbrp.st.aig
[runlim] argv[3]:		./proc_invariants_td/nusmvbrp.st-T1.aig
[runlim] argv[4]:		./gfp_invariants_td/nusmvbrp.st-T1.aig
[runlim] start:			Sun Dec 21 21:17:50 2025
[runlim] main pid:		15506
gfp app: ../pdtinv25/benchmarks/st/nusmvbrp.st.aig ./proc_invariants_td/nusmvbrp.st-T1.aig ./gfp_invariants_td/nusmvbrp.st-T1.aig
-- App Manager Init.
-- DDI Manager Init.
-- FSM Manager Init.
-- TRAV Manager Init.
|Constraint|=0 nodes.
1 stalled latches found

ITP based GFP - reached size: 1060

GFP iteration [0] - reached size: 853

GFP iteration [1] - reached size: 839

GFP iteration [2] - reached size: 830

GFP iteration [3] - reached size: 829

GFP iteration [4] - reached size: 828

GFP iteration [5] - reached size: 827

GFP iteration [6] - reached size: 827
GFP reached reduction iter 0: 1060 -> 826

GFP time:  0.28 s (norm 0.28 s)
-- App Manager Quit.
-- TRAV Manager Quit.
-- FSM Manager Quit.
-- DDI Manager Quit.
[runlim] end:			Sun Dec 21 21:17:51 2025
[runlim] status:		ok
[runlim] result:		0
[runlim] children:		0
[runlim] real:			1.04 seconds
[runlim] time:			0.29 seconds
[runlim] space:			82.1 MB
[runlim] samples:		3
