[runlim] version:		1.7
[runlim] time limit:		311040000 seconds
[runlim] real time limit:	900 seconds
[runlim] space limit:		4096 MB
[runlim] argv[0]:		./pdtapp
[runlim] argv[1]:		gfp
[runlim] argv[2]:		../pdtinv25/benchmarks/st/pdtpmsusbphy.st.aig
[runlim] argv[3]:		./proc_invariants_td/pdtpmsusbphy.st-T3.aig
[runlim] argv[4]:		./gfp_invariants_td/pdtpmsusbphy.st-T3.aig
[runlim] start:			Mon May 19 23:38:01 2025
[runlim] main pid:		462
gfp app: ../pdtinv25/benchmarks/st/pdtpmsusbphy.st.aig ./proc_invariants_td/pdtpmsusbphy.st-T3.aig ./gfp_invariants_td/pdtpmsusbphy.st-T3.aig
-- App Manager Init.
-- DDI Manager Init.
-- FSM Manager Init.
-- TRAV Manager Init.
|Constraint|=0 nodes.
1 stalled latches found

ITP based GFP - reached size: 340

GFP iteration [0] - reached size: 340
-- App Manager Quit.
-- TRAV Manager Quit.
-- FSM Manager Quit.
-- DDI Manager Quit.
[runlim] end:			Mon May 19 23:38:02 2025
[runlim] status:		ok
[runlim] result:		0
[runlim] children:		0
[runlim] real:			1.04 seconds
[runlim] time:			0.09 seconds
[runlim] space:			82.4 MB
[runlim] samples:		5
