[runlim] version:		1.7
[runlim] time limit:		311040000 seconds
[runlim] real time limit:	1800 seconds
[runlim] space limit:		32767 MB
[runlim] argv[0]:		./pdtapp
[runlim] argv[1]:		gfp
[runlim] argv[2]:		../pdtinv25/benchmarks/st/pdtswvtma6x4p1.st.aig
[runlim] argv[3]:		./proc_invariants_td/pdtswvtma6x4p1.st-T7.aig
[runlim] argv[4]:		./gfp_invariants_td/pdtswvtma6x4p1.st-T7.aig
[runlim] start:			Sun Dec 21 21:11:21 2025
[runlim] main pid:		15148
gfp app: ../pdtinv25/benchmarks/st/pdtswvtma6x4p1.st.aig ./proc_invariants_td/pdtswvtma6x4p1.st-T7.aig ./gfp_invariants_td/pdtswvtma6x4p1.st-T7.aig
-- App Manager Init.
-- DDI Manager Init.
-- FSM Manager Init.
-- TRAV Manager Init.
|Constraint|=0 nodes.
1 stalled latches found

ITP based GFP - reached size: 3933

GFP iteration [0] - reached size: 2359

GFP iteration [1] - reached size: 2281

GFP iteration [2] - reached size: 2267

GFP iteration [3] - reached size: 2246

GFP iteration [4] - reached size: 2240

GFP iteration [5] - reached size: 2151

GFP iteration [6] - reached size: 2145

GFP iteration [7] - reached size: 2139

GFP iteration [8] - reached size: 2138

GFP iteration [9] - reached size: 2132
GFP reached reduction iter 0: 3933 -> 2137

GFP time:  5.31 s (norm 5.31 s)
-- App Manager Quit.
-- TRAV Manager Quit.
-- FSM Manager Quit.
-- DDI Manager Quit.
[runlim] end:			Sun Dec 21 21:11:26 2025
[runlim] status:		ok
[runlim] result:		0
[runlim] children:		0
[runlim] real:			5.50 seconds
[runlim] time:			5.29 seconds
[runlim] space:			95.5 MB
[runlim] samples:		53
