[runlim] version:		1.7
[runlim] time limit:		311040000 seconds
[runlim] real time limit:	1800 seconds
[runlim] space limit:		32767 MB
[runlim] argv[0]:		./pdtapp
[runlim] argv[1]:		gfp
[runlim] argv[2]:		../pdtinv25/benchmarks/st/pdtvishuffman1.st.aig
[runlim] argv[3]:		./proc_invariants_td/pdtvishuffman1.st-T1.aig
[runlim] argv[4]:		./gfp_invariants_td/pdtvishuffman1.st-T1.aig
[runlim] start:			Sun Dec 21 21:17:51 2025
[runlim] main pid:		15520
gfp app: ../pdtinv25/benchmarks/st/pdtvishuffman1.st.aig ./proc_invariants_td/pdtvishuffman1.st-T1.aig ./gfp_invariants_td/pdtvishuffman1.st-T1.aig
-- App Manager Init.
-- DDI Manager Init.
-- FSM Manager Init.
-- TRAV Manager Init.
|Constraint|=0 nodes.
2 stalled latches found

ITP based GFP - reached size: 111
pdtapp: /mnt/c/Users/PAS/Desktop/PostDoc/ModelChecking/PdTRAV/pdtools/pdtrav/src/ddi/ddiAig.c:87663: Ddi_Bdd_t* aigSat22AndWithAigCoreByProof(Ddi_Bdd_t*, Ddi_Bdd_t*, Ddi_Bdd_t*, nnfCoreMgr_t*, vec<vec<Lit> >*, bAig_array_t*, int, int*, float): Assertion `!ret' failed.
[runlim] end:			Sun Dec 21 21:17:51 2025
[runlim] status:		signal(6)
[runlim] result:		134
[runlim] children:		0
[runlim] real:			0.49 seconds
[runlim] time:			0.02 seconds
[runlim] space:			76.4 MB
[runlim] samples:		1
