[runlim] version:		1.7
[runlim] time limit:		311040000 seconds
[runlim] real time limit:	900 seconds
[runlim] space limit:		4096 MB
[runlim] argv[0]:		./pdtapp
[runlim] argv[1]:		gfp
[runlim] argv[2]:		../pdtinv25/benchmarks/st/pj2016.st.aig
[runlim] argv[3]:		./proc_invariants_td/pj2016.st-T2.aig
[runlim] argv[4]:		./gfp_invariants_td/pj2016.st-T2.aig
[runlim] start:			Mon May 19 23:38:37 2025
[runlim] main pid:		470
gfp app: ../pdtinv25/benchmarks/st/pj2016.st.aig ./proc_invariants_td/pj2016.st-T2.aig ./gfp_invariants_td/pj2016.st-T2.aig
-- App Manager Init.
-- DDI Manager Init.
-- FSM Manager Init.
-- TRAV Manager Init.
|Constraint|=0 nodes.
1 stalled latches found

ITP based GFP - reached size: 2458

GFP iteration [0] - reached size: 2405

GFP iteration [1] - reached size: 2402

GFP iteration [2] - reached size: 2401

GFP iteration [3] - reached size: 2401
GFP reached reduction iter 0: 2458 -> 2400
-- App Manager Quit.
-- TRAV Manager Quit.
-- FSM Manager Quit.
-- DDI Manager Quit.
[runlim] end:			Mon May 19 23:38:41 2025
[runlim] status:		ok
[runlim] result:		0
[runlim] children:		0
[runlim] real:			4.81 seconds
[runlim] time:			2.90 seconds
[runlim] space:			152.7 MB
[runlim] samples:		47
