[runlim] version:		1.7
[runlim] time limit:		311040000 seconds
[runlim] real time limit:	1800 seconds
[runlim] space limit:		32767 MB
[runlim] argv[0]:		./pdtapp
[runlim] argv[1]:		gfp
[runlim] argv[2]:		../pdtinv25/benchmarks/st/texaspimainp01.st.aig
[runlim] argv[3]:		./proc_invariants_td/texaspimainp01.st-T2.aig
[runlim] argv[4]:		./gfp_invariants_td/texaspimainp01.st-T2.aig
[runlim] start:			Sun Dec 21 21:11:20 2025
[runlim] main pid:		15146
gfp app: ../pdtinv25/benchmarks/st/texaspimainp01.st.aig ./proc_invariants_td/texaspimainp01.st-T2.aig ./gfp_invariants_td/texaspimainp01.st-T2.aig
-- App Manager Init.
-- DDI Manager Init.
-- FSM Manager Init.
-- TRAV Manager Init.
|Constraint|=0 nodes.
1 stalled latches found

ITP based GFP - reached size: 757

GFP iteration [0] - reached size: 542

GFP iteration [1] - reached size: 540

GFP iteration [2] - reached size: 537

GFP iteration [3] - reached size: 535

GFP iteration [4] - reached size: 535
GFP reached reduction iter 0: 757 -> 534

GFP time:  0.16 s (norm 0.16 s)
-- App Manager Quit.
-- TRAV Manager Quit.
-- FSM Manager Quit.
-- DDI Manager Quit.
[runlim] end:			Sun Dec 21 21:11:21 2025
[runlim] status:		ok
[runlim] result:		0
[runlim] children:		0
[runlim] real:			1.14 seconds
[runlim] time:			0.19 seconds
[runlim] space:			89.9 MB
[runlim] samples:		2
