[runlim] version:		1.7
[runlim] time limit:		311040000 seconds
[runlim] real time limit:	1800 seconds
[runlim] space limit:		32767 MB
[runlim] argv[0]:		./pdtapp
[runlim] argv[1]:		gfp
[runlim] argv[2]:		../pdtinv25/benchmarks/stf2/139464p0.stf2.aig
[runlim] argv[3]:		./proc_invariants_pa/139464p0.stf2.aig
[runlim] argv[4]:		./gfp_invariants_pa/139464p0.stf2.aig
[runlim] start:			Sun Dec 21 21:06:21 2025
[runlim] main pid:		14894
gfp app: ../pdtinv25/benchmarks/stf2/139464p0.stf2.aig ./proc_invariants_pa/139464p0.stf2.aig ./gfp_invariants_pa/139464p0.stf2.aig
-- App Manager Init.
-- DDI Manager Init.
-- FSM Manager Init.
-- TRAV Manager Init.
|Constraint|=0 nodes.
1 stalled latches found

ITP based GFP - reached size: 56

GFP iteration [0] - reached size: 56

GFP time:  0.13 s (norm 0.13 s)
-- App Manager Quit.
-- TRAV Manager Quit.
-- FSM Manager Quit.
-- DDI Manager Quit.
[runlim] end:			Sun Dec 21 21:06:22 2025
[runlim] status:		ok
[runlim] result:		0
[runlim] children:		0
[runlim] real:			1.10 seconds
[runlim] time:			0.20 seconds
[runlim] space:			118.0 MB
[runlim] samples:		2
