[runlim] version:		1.7
[runlim] time limit:		311040000 seconds
[runlim] real time limit:	900 seconds
[runlim] space limit:		4096 MB
[runlim] argv[0]:		./pdtapp
[runlim] argv[1]:		gfp
[runlim] argv[2]:		../pdtinv25/benchmarks/stf2/6s206rb103.stf2.aig
[runlim] argv[3]:		./proc_invariants_pa/6s206rb103.stf2.aig
[runlim] argv[4]:		./gfp_invariants_pa/6s206rb103.stf2.aig
[runlim] start:			Mon May 19 20:17:16 2025
[runlim] main pid:		334
gfp app: ../pdtinv25/benchmarks/stf2/6s206rb103.stf2.aig ./proc_invariants_pa/6s206rb103.stf2.aig ./gfp_invariants_pa/6s206rb103.stf2.aig
-- App Manager Init.
-- DDI Manager Init.
-- FSM Manager Init.
-- TRAV Manager Init.
|Constraint|=0 nodes.
[runlim] sample:		9.6 seconds, 432.8 MB
174 stalled latches found

ITP based GFP - reached size: 30
[runlim] sample:		19.5 seconds, 569.0 MB

GFP iteration [0] - reached size: 30
-- App Manager Quit.
-- TRAV Manager Quit.
-- FSM Manager Quit.
-- DDI Manager Quit.
[runlim] end:			Mon May 19 20:17:43 2025
[runlim] status:		ok
[runlim] result:		0
[runlim] children:		0
[runlim] real:			27.09 seconds
[runlim] time:			25.71 seconds
[runlim] space:			684.9 MB
[runlim] samples:		264
