[runlim] version:		1.7
[runlim] time limit:		311040000 seconds
[runlim] real time limit:	1800 seconds
[runlim] space limit:		32767 MB
[runlim] argv[0]:		./pdtapp
[runlim] argv[1]:		gfp
[runlim] argv[2]:		../pdtinv25/benchmarks/stf2/6s221rb14.stf2.aig
[runlim] argv[3]:		./proc_invariants_pa/6s221rb14.stf2.aig
[runlim] argv[4]:		./gfp_invariants_pa/6s221rb14.stf2.aig
[runlim] start:			Sun Dec 21 20:17:30 2025
[runlim] main pid:		13363
gfp app: ../pdtinv25/benchmarks/stf2/6s221rb14.stf2.aig ./proc_invariants_pa/6s221rb14.stf2.aig ./gfp_invariants_pa/6s221rb14.stf2.aig
-- App Manager Init.
-- DDI Manager Init.
-- FSM Manager Init.
-- TRAV Manager Init.
|Constraint|=0 nodes.
17435 stalled latches found

ITP based GFP - reached size: 4206
[runlim] sample:		10.0 seconds, 576.9 MB

GFP iteration [0] - reached size: 4206

GFP time:  8.97 s (norm 8.97 s)
-- App Manager Quit.
-- TRAV Manager Quit.
-- FSM Manager Quit.
-- DDI Manager Quit.
[runlim] end:			Sun Dec 21 20:17:48 2025
[runlim] status:		ok
[runlim] result:		0
[runlim] children:		0
[runlim] real:			18.20 seconds
[runlim] time:			17.38 seconds
[runlim] space:			840.0 MB
[runlim] samples:		174
