[runlim] version:		1.7
[runlim] time limit:		311040000 seconds
[runlim] real time limit:	1800 seconds
[runlim] space limit:		32767 MB
[runlim] argv[0]:		./pdtapp
[runlim] argv[1]:		gfp
[runlim] argv[2]:		../pdtinv25/benchmarks/stf2/6s271rb079.stf2.aig
[runlim] argv[3]:		./proc_invariants_pa/6s271rb079.stf2.aig
[runlim] argv[4]:		./gfp_invariants_pa/6s271rb079.stf2.aig
[runlim] start:			Sun Dec 21 21:10:41 2025
[runlim] main pid:		15097
gfp app: ../pdtinv25/benchmarks/stf2/6s271rb079.stf2.aig ./proc_invariants_pa/6s271rb079.stf2.aig ./gfp_invariants_pa/6s271rb079.stf2.aig
-- App Manager Init.
-- DDI Manager Init.
-- FSM Manager Init.
-- TRAV Manager Init.
|Constraint|=0 nodes.
3 stalled latches found

ITP based GFP - reached size: 34243

GFP iteration [0] - reached size: 28307

GFP iteration [1] - reached size: 28110

GFP iteration [2] - reached size: 28024
[runlim] sample:		10.0 seconds, 569.7 MB

GFP iteration [3] - reached size: 27978

GFP iteration [4] - reached size: 27957

GFP iteration [5] - reached size: 27940

GFP iteration [6] - reached size: 27930
[runlim] sample:		20.0 seconds, 571.5 MB

GFP iteration [7] - reached size: 27923

GFP iteration [8] - reached size: 27915

GFP iteration [9] - reached size: 27914
GFP reached reduction iter 0: 34243 -> 27914

GFP time:  25.78 s (norm 25.78 s)
-- App Manager Quit.
-- TRAV Manager Quit.
-- FSM Manager Quit.
-- DDI Manager Quit.
[runlim] end:			Sun Dec 21 21:11:08 2025
[runlim] status:		ok
[runlim] result:		0
[runlim] children:		0
[runlim] real:			27.57 seconds
[runlim] time:			26.69 seconds
[runlim] space:			579.8 MB
[runlim] samples:		267
