[runlim] version:		1.7
[runlim] time limit:		311040000 seconds
[runlim] real time limit:	900 seconds
[runlim] space limit:		4096 MB
[runlim] argv[0]:		./pdtapp
[runlim] argv[1]:		gfp
[runlim] argv[2]:		../pdtinv25/benchmarks/stf2/6s276rb342.stf2.aig
[runlim] argv[3]:		./proc_invariants_pa/6s276rb342.stf2.aig
[runlim] argv[4]:		./gfp_invariants_pa/6s276rb342.stf2.aig
[runlim] start:			Mon May 19 20:18:23 2025
[runlim] main pid:		344
gfp app: ../pdtinv25/benchmarks/stf2/6s276rb342.stf2.aig ./proc_invariants_pa/6s276rb342.stf2.aig ./gfp_invariants_pa/6s276rb342.stf2.aig
-- App Manager Init.
-- DDI Manager Init.
-- FSM Manager Init.
-- TRAV Manager Init.
|Constraint|=0 nodes.
2 stalled latches found

ITP based GFP - reached size: 257

GFP iteration [0] - reached size: 257
-- App Manager Quit.
-- TRAV Manager Quit.
-- FSM Manager Quit.
-- DDI Manager Quit.
[runlim] end:			Mon May 19 20:18:25 2025
[runlim] status:		ok
[runlim] result:		0
[runlim] children:		0
[runlim] real:			2.03 seconds
[runlim] time:			1.01 seconds
[runlim] space:			147.8 MB
[runlim] samples:		15
