[runlim] version:		1.7
[runlim] time limit:		311040000 seconds
[runlim] real time limit:	1800 seconds
[runlim] space limit:		32767 MB
[runlim] argv[0]:		./pdtapp
[runlim] argv[1]:		gfp
[runlim] argv[2]:		../pdtinv25/benchmarks/stf2/6s288r.stf2.aig
[runlim] argv[3]:		./proc_invariants_pa/6s288r.stf2.aig
[runlim] argv[4]:		./gfp_invariants_pa/6s288r.stf2.aig
[runlim] start:			Sun Dec 21 21:08:15 2025
[runlim] main pid:		15008
gfp app: ../pdtinv25/benchmarks/stf2/6s288r.stf2.aig ./proc_invariants_pa/6s288r.stf2.aig ./gfp_invariants_pa/6s288r.stf2.aig
-- App Manager Init.
-- DDI Manager Init.
-- FSM Manager Init.
-- TRAV Manager Init.
|Constraint|=0 nodes.
2 stalled latches found

ITP based GFP - reached size: 1938
[runlim] sample:		10.0 seconds, 340.1 MB

GFP iteration [0] - reached size: 1938

GFP time:  7.44 s (norm 7.44 s)
-- App Manager Quit.
-- TRAV Manager Quit.
-- FSM Manager Quit.
-- DDI Manager Quit.
[runlim] end:			Sun Dec 21 21:08:28 2025
[runlim] status:		ok
[runlim] result:		0
[runlim] children:		0
[runlim] real:			13.52 seconds
[runlim] time:			13.09 seconds
[runlim] space:			431.2 MB
[runlim] samples:		131
