[runlim] version:		1.7
[runlim] time limit:		311040000 seconds
[runlim] real time limit:	900 seconds
[runlim] space limit:		4096 MB
[runlim] argv[0]:		./pdtapp
[runlim] argv[1]:		gfp
[runlim] argv[2]:		../pdtinv25/benchmarks/stf2/6s403rb1342.stf2.aig
[runlim] argv[3]:		./proc_invariants_pa/6s403rb1342.stf2.aig
[runlim] argv[4]:		./gfp_invariants_pa/6s403rb1342.stf2.aig
[runlim] start:			Mon May 19 20:19:29 2025
[runlim] main pid:		364
gfp app: ../pdtinv25/benchmarks/stf2/6s403rb1342.stf2.aig ./proc_invariants_pa/6s403rb1342.stf2.aig ./gfp_invariants_pa/6s403rb1342.stf2.aig
-- App Manager Init.
-- DDI Manager Init.
-- FSM Manager Init.
-- TRAV Manager Init.
|Constraint|=0 nodes.
3 stalled latches found

ITP based GFP - reached size: 923

GFP iteration [0] - reached size: 923
-- App Manager Quit.
-- TRAV Manager Quit.
-- FSM Manager Quit.
-- DDI Manager Quit.
[runlim] end:			Mon May 19 20:19:32 2025
[runlim] status:		ok
[runlim] result:		0
[runlim] children:		0
[runlim] real:			3.83 seconds
[runlim] time:			2.26 seconds
[runlim] space:			230.4 MB
[runlim] samples:		29
