[runlim] version:		1.7
[runlim] time limit:		311040000 seconds
[runlim] real time limit:	1800 seconds
[runlim] space limit:		32767 MB
[runlim] argv[0]:		./pdtapp
[runlim] argv[1]:		gfp
[runlim] argv[2]:		../pdtinv25/benchmarks/stf2/6s404rb1.stf2.aig
[runlim] argv[3]:		./proc_invariants_pa/6s404rb1.stf2.aig
[runlim] argv[4]:		./gfp_invariants_pa/6s404rb1.stf2.aig
[runlim] start:			Sun Dec 21 21:07:48 2025
[runlim] main pid:		14991
gfp app: ../pdtinv25/benchmarks/stf2/6s404rb1.stf2.aig ./proc_invariants_pa/6s404rb1.stf2.aig ./gfp_invariants_pa/6s404rb1.stf2.aig
-- App Manager Init.
-- DDI Manager Init.
-- FSM Manager Init.
-- TRAV Manager Init.
|Constraint|=0 nodes.
1 stalled latches found

ITP based GFP - reached size: 10250

GFP iteration [0] - reached size: 10250

GFP time:  2.76 s (norm 2.76 s)
-- App Manager Quit.
-- TRAV Manager Quit.
-- FSM Manager Quit.
-- DDI Manager Quit.
[runlim] end:			Sun Dec 21 21:07:53 2025
[runlim] status:		ok
[runlim] result:		0
[runlim] children:		0
[runlim] real:			5.71 seconds
[runlim] time:			5.09 seconds
[runlim] space:			383.1 MB
[runlim] samples:		51
