[runlim] version:		1.7
[runlim] time limit:		311040000 seconds
[runlim] real time limit:	1800 seconds
[runlim] space limit:		32767 MB
[runlim] argv[0]:		./pdtapp
[runlim] argv[1]:		gfp
[runlim] argv[2]:		../pdtinv25/benchmarks/stf2/bob05.stf2.aig
[runlim] argv[3]:		./proc_invariants_pa/bob05.stf2.aig
[runlim] argv[4]:		./gfp_invariants_pa/bob05.stf2.aig
[runlim] start:			Sun Dec 21 20:55:52 2025
[runlim] main pid:		14575
gfp app: ../pdtinv25/benchmarks/stf2/bob05.stf2.aig ./proc_invariants_pa/bob05.stf2.aig ./gfp_invariants_pa/bob05.stf2.aig
-- App Manager Init.
-- DDI Manager Init.
-- FSM Manager Init.
-- TRAV Manager Init.
|Constraint|=0 nodes.
1 stalled latches found

ITP based GFP - reached size: 74744
[runlim] sample:		10.0 seconds, 274.5 MB
[runlim] sample:		20.0 seconds, 296.1 MB
[runlim] sample:		30.0 seconds, 320.6 MB
[runlim] sample:		40.0 seconds, 352.0 MB
[runlim] sample:		50.0 seconds, 396.6 MB
[runlim] sample:		60.0 seconds, 433.5 MB
[runlim] sample:		70.0 seconds, 473.0 MB
[runlim] sample:		80.0 seconds, 508.6 MB
[runlim] sample:		90.0 seconds, 538.7 MB
[runlim] sample:		100.0 seconds, 578.1 MB
[runlim] sample:		110.0 seconds, 614.7 MB
[runlim] sample:		120.0 seconds, 655.5 MB
[runlim] sample:		129.9 seconds, 692.5 MB
[runlim] sample:		139.9 seconds, 705.0 MB
[runlim] sample:		149.9 seconds, 705.0 MB
[runlim] sample:		159.9 seconds, 705.0 MB
[runlim] sample:		169.9 seconds, 705.0 MB
[runlim] sample:		179.9 seconds, 705.0 MB
[runlim] sample:		189.9 seconds, 705.0 MB
[runlim] sample:		199.9 seconds, 705.0 MB
[runlim] sample:		209.9 seconds, 705.0 MB
[runlim] sample:		219.9 seconds, 705.0 MB
[runlim] sample:		229.9 seconds, 705.0 MB
[runlim] sample:		239.9 seconds, 705.0 MB
[runlim] sample:		249.9 seconds, 705.0 MB
[runlim] sample:		259.9 seconds, 705.0 MB
[runlim] sample:		269.9 seconds, 705.0 MB
[runlim] sample:		279.9 seconds, 705.0 MB
[runlim] sample:		289.9 seconds, 705.0 MB
[runlim] sample:		299.9 seconds, 705.0 MB

GFP iteration [0] - reached size: 17325
[runlim] sample:		309.9 seconds, 315.3 MB
[runlim] sample:		319.9 seconds, 366.3 MB

GFP iteration [1] - reached size: 16138
[runlim] sample:		329.9 seconds, 271.6 MB
[runlim] sample:		339.9 seconds, 367.1 MB
[runlim] sample:		349.9 seconds, 481.1 MB
[runlim] sample:		359.9 seconds, 481.1 MB
[runlim] sample:		369.9 seconds, 481.1 MB

GFP iteration [2] - reached size: 15820
[runlim] sample:		379.9 seconds, 285.7 MB
[runlim] sample:		389.9 seconds, 370.6 MB
[runlim] sample:		399.9 seconds, 370.6 MB

GFP iteration [3] - reached size: 15549
[runlim] sample:		409.9 seconds, 313.2 MB
[runlim] sample:		419.9 seconds, 412.8 MB
[runlim] sample:		429.9 seconds, 412.8 MB

GFP iteration [4] - reached size: 15450
[runlim] sample:		439.9 seconds, 273.9 MB
[runlim] sample:		449.9 seconds, 362.7 MB
[runlim] sample:		459.9 seconds, 480.3 MB
[runlim] sample:		469.8 seconds, 480.3 MB
[runlim] sample:		479.8 seconds, 480.3 MB

GFP iteration [5] - reached size: 15379
[runlim] sample:		489.8 seconds, 313.7 MB
[runlim] sample:		499.8 seconds, 458.3 MB
[runlim] sample:		509.8 seconds, 479.9 MB
[runlim] sample:		519.8 seconds, 479.9 MB

GFP iteration [6] - reached size: 15349
[runlim] sample:		529.8 seconds, 266.4 MB
[runlim] sample:		539.8 seconds, 367.4 MB
[runlim] sample:		549.8 seconds, 414.7 MB

GFP iteration [7] - reached size: 15262
[runlim] sample:		559.8 seconds, 266.4 MB
[runlim] sample:		569.8 seconds, 330.5 MB
[runlim] sample:		579.8 seconds, 371.2 MB

GFP iteration [8] - reached size: 15111
[runlim] sample:		589.8 seconds, 266.4 MB
[runlim] sample:		599.8 seconds, 359.2 MB
[runlim] sample:		609.8 seconds, 443.4 MB
[runlim] sample:		619.8 seconds, 443.4 MB

GFP iteration [9] - reached size: 15076
GFP reached reduction iter 0: 74744 -> 15110

GFP time:  627.59 s (norm 627.59 s)
-- App Manager Quit.
-- TRAV Manager Quit.
-- FSM Manager Quit.
-- DDI Manager Quit.
[runlim] end:			Sun Dec 21 21:06:21 2025
[runlim] status:		ok
[runlim] result:		0
[runlim] children:		0
[runlim] real:			629.86 seconds
[runlim] time:			628.90 seconds
[runlim] space:			705.0 MB
[runlim] samples:		6291
