[runlim] version:		1.7
[runlim] time limit:		311040000 seconds
[runlim] real time limit:	1800 seconds
[runlim] space limit:		32767 MB
[runlim] argv[0]:		./pdtapp
[runlim] argv[1]:		gfp
[runlim] argv[2]:		../pdtinv25/benchmarks/stf2/bob3.stf2.aig
[runlim] argv[3]:		./proc_invariants_pa/bob3.stf2.aig
[runlim] argv[4]:		./gfp_invariants_pa/bob3.stf2.aig
[runlim] start:			Sun Dec 21 20:17:49 2025
[runlim] main pid:		13384
gfp app: ../pdtinv25/benchmarks/stf2/bob3.stf2.aig ./proc_invariants_pa/bob3.stf2.aig ./gfp_invariants_pa/bob3.stf2.aig
-- App Manager Init.
-- DDI Manager Init.
-- FSM Manager Init.
-- TRAV Manager Init.
|Constraint|=0 nodes.
1 stalled latches found

ITP based GFP - reached size: 2263

GFP iteration [0] - reached size: 1944

GFP iteration [1] - reached size: 1427

GFP iteration [2] - reached size: 1422

GFP iteration [3] - reached size: 1416

GFP iteration [4] - reached size: 1415

GFP iteration [5] - reached size: 1413

GFP iteration [6] - reached size: 1409

GFP iteration [7] - reached size: 1408

GFP iteration [8] - reached size: 1406

GFP iteration [9] - reached size: 1404
GFP reached reduction iter 0: 2263 -> 1405

GFP time:  8.85 s (norm 8.85 s)
-- App Manager Quit.
-- TRAV Manager Quit.
-- FSM Manager Quit.
-- DDI Manager Quit.
[runlim] end:			Sun Dec 21 20:17:58 2025
[runlim] status:		ok
[runlim] result:		0
[runlim] children:		0
[runlim] real:			9.05 seconds
[runlim] time:			8.79 seconds
[runlim] space:			95.2 MB
[runlim] samples:		88
