[runlim] version:		1.7
[runlim] time limit:		311040000 seconds
[runlim] real time limit:	1800 seconds
[runlim] space limit:		32767 MB
[runlim] argv[0]:		./pdtapp
[runlim] argv[1]:		gfp
[runlim] argv[2]:		../pdtinv25/benchmarks/stf2/boblivear.stf2.aig
[runlim] argv[3]:		./proc_invariants_pa/boblivear.stf2.aig
[runlim] argv[4]:		./gfp_invariants_pa/boblivear.stf2.aig
[runlim] start:			Sun Dec 21 20:17:58 2025
[runlim] main pid:		13442
gfp app: ../pdtinv25/benchmarks/stf2/boblivear.stf2.aig ./proc_invariants_pa/boblivear.stf2.aig ./gfp_invariants_pa/boblivear.stf2.aig
-- App Manager Init.
-- DDI Manager Init.
-- FSM Manager Init.
-- TRAV Manager Init.
|Constraint|=0 nodes.
1 stalled latches found

ITP based GFP - reached size: 4854

GFP iteration [0] - reached size: 3489

GFP iteration [1] - reached size: 3423

GFP iteration [2] - reached size: 3412

GFP iteration [3] - reached size: 3396

GFP iteration [4] - reached size: 3392
[runlim] sample:		10.0 seconds, 109.8 MB

GFP iteration [5] - reached size: 3374

GFP iteration [6] - reached size: 3369

GFP iteration [7] - reached size: 3361

GFP iteration [8] - reached size: 3359

GFP iteration [9] - reached size: 3348
GFP reached reduction iter 0: 4854 -> 3358

GFP time:  16.19 s (norm 16.19 s)
-- App Manager Quit.
-- TRAV Manager Quit.
-- FSM Manager Quit.
-- DDI Manager Quit.
[runlim] end:			Sun Dec 21 20:18:14 2025
[runlim] status:		ok
[runlim] result:		0
[runlim] children:		0
[runlim] real:			16.37 seconds
[runlim] time:			16.19 seconds
[runlim] space:			109.8 MB
[runlim] samples:		162
