[runlim] version:		1.7
[runlim] time limit:		311040000 seconds
[runlim] real time limit:	1800 seconds
[runlim] space limit:		32767 MB
[runlim] argv[0]:		./pdtapp
[runlim] argv[1]:		gfp
[runlim] argv[2]:		../pdtinv25/benchmarks/stf2/boblivea.stf2.aig
[runlim] argv[3]:		./proc_invariants_pa/boblivea.stf2.aig
[runlim] argv[4]:		./gfp_invariants_pa/boblivea.stf2.aig
[runlim] start:			Sun Dec 21 20:18:26 2025
[runlim] main pid:		13592
gfp app: ../pdtinv25/benchmarks/stf2/boblivea.stf2.aig ./proc_invariants_pa/boblivea.stf2.aig ./gfp_invariants_pa/boblivea.stf2.aig
-- App Manager Init.
-- DDI Manager Init.
-- FSM Manager Init.
-- TRAV Manager Init.
|Constraint|=0 nodes.
1 stalled latches found

ITP based GFP - reached size: 5354

GFP iteration [0] - reached size: 3761

GFP iteration [1] - reached size: 3693

GFP iteration [2] - reached size: 3585

GFP iteration [3] - reached size: 3543

GFP iteration [4] - reached size: 3521

GFP iteration [5] - reached size: 3513
[runlim] sample:		10.0 seconds, 104.3 MB

GFP iteration [6] - reached size: 3501

GFP iteration [7] - reached size: 3492

GFP iteration [8] - reached size: 3490

GFP iteration [9] - reached size: 3471
GFP reached reduction iter 0: 5354 -> 3489

GFP time:  13.99 s (norm 13.99 s)
-- App Manager Quit.
-- TRAV Manager Quit.
-- FSM Manager Quit.
-- DDI Manager Quit.
[runlim] end:			Sun Dec 21 20:18:40 2025
[runlim] status:		ok
[runlim] result:		0
[runlim] children:		0
[runlim] real:			14.83 seconds
[runlim] time:			13.99 seconds
[runlim] space:			104.6 MB
[runlim] samples:		140
