[runlim] version:		1.7
[runlim] time limit:		311040000 seconds
[runlim] real time limit:	1800 seconds
[runlim] space limit:		32767 MB
[runlim] argv[0]:		./pdtapp
[runlim] argv[1]:		gfp
[runlim] argv[2]:		../pdtinv25/benchmarks/stf2/eijks953.stf2.aig
[runlim] argv[3]:		./proc_invariants_pa/eijks953.stf2.aig
[runlim] argv[4]:		./gfp_invariants_pa/eijks953.stf2.aig
[runlim] start:			Sun Dec 21 21:06:22 2025
[runlim] main pid:		14897
gfp app: ../pdtinv25/benchmarks/stf2/eijks953.stf2.aig ./proc_invariants_pa/eijks953.stf2.aig ./gfp_invariants_pa/eijks953.stf2.aig
-- App Manager Init.
-- DDI Manager Init.
-- FSM Manager Init.
-- TRAV Manager Init.
|Constraint|=0 nodes.
1 stalled latches found

ITP based GFP - reached size: 4322

GFP iteration [0] - reached size: 2552

GFP iteration [1] - reached size: 2531

GFP iteration [2] - reached size: 2522

GFP iteration [3] - reached size: 2519

GFP iteration [4] - reached size: 2510

GFP iteration [5] - reached size: 2509

GFP iteration [6] - reached size: 2507

GFP iteration [7] - reached size: 2502

GFP iteration [8] - reached size: 2500

GFP iteration [9] - reached size: 2494
GFP reached reduction iter 0: 4322 -> 2499

GFP time:  3.01 s (norm 3.01 s)
-- App Manager Quit.
-- TRAV Manager Quit.
-- FSM Manager Quit.
-- DDI Manager Quit.
[runlim] end:			Sun Dec 21 21:06:25 2025
[runlim] status:		ok
[runlim] result:		0
[runlim] children:		0
[runlim] real:			3.16 seconds
[runlim] time:			3.00 seconds
[runlim] space:			91.5 MB
[runlim] samples:		30
