[runlim] version:		1.7
[runlim] time limit:		311040000 seconds
[runlim] real time limit:	1800 seconds
[runlim] space limit:		32767 MB
[runlim] argv[0]:		./pdtapp
[runlim] argv[1]:		gfp
[runlim] argv[2]:		../pdtinv25/benchmarks/stf2/eijks1238.stf2.aig
[runlim] argv[3]:		./proc_invariants_pa/eijks1238.stf2.aig
[runlim] argv[4]:		./gfp_invariants_pa/eijks1238.stf2.aig
[runlim] start:			Sun Dec 21 20:17:28 2025
[runlim] main pid:		13344
gfp app: ../pdtinv25/benchmarks/stf2/eijks1238.stf2.aig ./proc_invariants_pa/eijks1238.stf2.aig ./gfp_invariants_pa/eijks1238.stf2.aig
-- App Manager Init.
-- DDI Manager Init.
-- FSM Manager Init.
-- TRAV Manager Init.
|Constraint|=0 nodes.
1 stalled latches found

ITP based GFP - reached size: 481

GFP iteration [0] - reached size: 480

GFP iteration [1] - reached size: 434

GFP iteration [2] - reached size: 417

GFP iteration [3] - reached size: 415

GFP iteration [4] - reached size: 408

GFP iteration [5] - reached size: 399

GFP iteration [6] - reached size: 398

GFP iteration [7] - reached size: 398
GFP reached reduction iter 0: 481 -> 397

GFP time:  0.52 s (norm 0.52 s)
-- App Manager Quit.
-- TRAV Manager Quit.
-- FSM Manager Quit.
-- DDI Manager Quit.
[runlim] end:			Sun Dec 21 20:17:29 2025
[runlim] status:		ok
[runlim] result:		0
[runlim] children:		0
[runlim] real:			1.10 seconds
[runlim] time:			0.52 seconds
[runlim] space:			82.1 MB
[runlim] samples:		6
