[runlim] version:		1.7
[runlim] time limit:		311040000 seconds
[runlim] real time limit:	1800 seconds
[runlim] space limit:		32767 MB
[runlim] argv[0]:		./pdtapp
[runlim] argv[1]:		gfp
[runlim] argv[2]:		../pdtinv25/benchmarks/stf2/eijks444.stf2.aig
[runlim] argv[3]:		./proc_invariants_pa/eijks444.stf2.aig
[runlim] argv[4]:		./gfp_invariants_pa/eijks444.stf2.aig
[runlim] start:			Sun Dec 21 20:18:40 2025
[runlim] main pid:		13595
gfp app: ../pdtinv25/benchmarks/stf2/eijks444.stf2.aig ./proc_invariants_pa/eijks444.stf2.aig ./gfp_invariants_pa/eijks444.stf2.aig
-- App Manager Init.
-- DDI Manager Init.
-- FSM Manager Init.
-- TRAV Manager Init.
|Constraint|=0 nodes.
1 stalled latches found

ITP based GFP - reached size: 4282

GFP iteration [0] - reached size: 1063

GFP iteration [1] - reached size: 1058

GFP iteration [2] - reached size: 1056

GFP iteration [3] - reached size: 1052

GFP iteration [4] - reached size: 1050

GFP iteration [5] - reached size: 1048

GFP iteration [6] - reached size: 1047

GFP iteration [7] - reached size: 1045

GFP iteration [8] - reached size: 1044

GFP iteration [9] - reached size: 1043
GFP reached reduction iter 0: 4282 -> 1043

GFP time:  1.84 s (norm 1.84 s)
-- App Manager Quit.
-- TRAV Manager Quit.
-- FSM Manager Quit.
-- DDI Manager Quit.
[runlim] end:			Sun Dec 21 20:18:42 2025
[runlim] status:		ok
[runlim] result:		0
[runlim] children:		0
[runlim] real:			2.71 seconds
[runlim] time:			1.80 seconds
[runlim] space:			87.0 MB
[runlim] samples:		18
