[runlim] version:		1.7
[runlim] time limit:		311040000 seconds
[runlim] real time limit:	1800 seconds
[runlim] space limit:		32767 MB
[runlim] argv[0]:		./pdtapp
[runlim] argv[1]:		gfp
[runlim] argv[2]:		../pdtinv25/benchmarks/stf2/eijkbs1512.stf2.aig
[runlim] argv[3]:		./proc_invariants_pa/eijkbs1512.stf2.aig
[runlim] argv[4]:		./gfp_invariants_pa/eijkbs1512.stf2.aig
[runlim] start:			Sun Dec 21 21:06:25 2025
[runlim] main pid:		14901
gfp app: ../pdtinv25/benchmarks/stf2/eijkbs1512.stf2.aig ./proc_invariants_pa/eijkbs1512.stf2.aig ./gfp_invariants_pa/eijkbs1512.stf2.aig
-- App Manager Init.
-- DDI Manager Init.
-- FSM Manager Init.
-- TRAV Manager Init.
|Constraint|=0 nodes.
1 stalled latches found

ITP based GFP - reached size: 7052

GFP iteration [0] - reached size: 4308

GFP iteration [1] - reached size: 4220

GFP iteration [2] - reached size: 4189

GFP iteration [3] - reached size: 4179

GFP iteration [4] - reached size: 4172
[runlim] sample:		10.0 seconds, 102.6 MB

GFP iteration [5] - reached size: 4166

GFP iteration [6] - reached size: 4164

GFP iteration [7] - reached size: 4160

GFP iteration [8] - reached size: 4156

GFP iteration [9] - reached size: 4154
GFP reached reduction iter 0: 7052 -> 4155

GFP time:  16.16 s (norm 16.16 s)
-- App Manager Quit.
-- TRAV Manager Quit.
-- FSM Manager Quit.
-- DDI Manager Quit.
[runlim] end:			Sun Dec 21 21:06:41 2025
[runlim] status:		ok
[runlim] result:		0
[runlim] children:		0
[runlim] real:			16.44 seconds
[runlim] time:			16.18 seconds
[runlim] space:			119.6 MB
[runlim] samples:		162
