[runlim] version:		1.7
[runlim] time limit:		311040000 seconds
[runlim] real time limit:	1800 seconds
[runlim] space limit:		32767 MB
[runlim] argv[0]:		./pdtapp
[runlim] argv[1]:		gfp
[runlim] argv[2]:		../pdtinv25/benchmarks/stf2/intel026.stf2.aig
[runlim] argv[3]:		./proc_invariants_pa/intel026.stf2.aig
[runlim] argv[4]:		./gfp_invariants_pa/intel026.stf2.aig
[runlim] start:			Sun Dec 21 21:06:50 2025
[runlim] main pid:		14947
gfp app: ../pdtinv25/benchmarks/stf2/intel026.stf2.aig ./proc_invariants_pa/intel026.stf2.aig ./gfp_invariants_pa/intel026.stf2.aig
-- App Manager Init.
-- DDI Manager Init.
-- FSM Manager Init.
-- TRAV Manager Init.
|Constraint|=0 nodes.
1 stalled latches found

ITP based GFP - reached size: 25497
[runlim] sample:		9.9 seconds, 135.8 MB

GFP iteration [0] - reached size: 15592

GFP iteration [1] - reached size: 14133
[runlim] sample:		19.9 seconds, 197.6 MB

GFP iteration [2] - reached size: 13714

GFP iteration [3] - reached size: 13552
[runlim] sample:		29.9 seconds, 167.7 MB

GFP iteration [4] - reached size: 13380

GFP iteration [5] - reached size: 13058
[runlim] sample:		39.9 seconds, 167.7 MB

GFP iteration [6] - reached size: 12945

GFP iteration [7] - reached size: 12803
[runlim] sample:		49.9 seconds, 167.8 MB

GFP iteration [8] - reached size: 12728

GFP iteration [9] - reached size: 12684
GFP reached reduction iter 0: 25497 -> 12727

GFP time:  57.63 s (norm 57.63 s)
-- App Manager Quit.
-- TRAV Manager Quit.
-- FSM Manager Quit.
-- DDI Manager Quit.
[runlim] end:			Sun Dec 21 21:07:48 2025
[runlim] status:		ok
[runlim] result:		0
[runlim] children:		0
[runlim] real:			58.46 seconds
[runlim] time:			57.83 seconds
[runlim] space:			205.4 MB
[runlim] samples:		579
