[runlim] version:		1.7
[runlim] time limit:		311040000 seconds
[runlim] real time limit:	1800 seconds
[runlim] space limit:		32767 MB
[runlim] argv[0]:		./pdtapp
[runlim] argv[1]:		gfp
[runlim] argv[2]:		../pdtinv25/benchmarks/stf2/intel034.stf2.aig
[runlim] argv[3]:		./proc_invariants_pa/intel034.stf2.aig
[runlim] argv[4]:		./gfp_invariants_pa/intel034.stf2.aig
[runlim] start:			Sun Dec 21 20:54:05 2025
[runlim] main pid:		14508
gfp app: ../pdtinv25/benchmarks/stf2/intel034.stf2.aig ./proc_invariants_pa/intel034.stf2.aig ./gfp_invariants_pa/intel034.stf2.aig
-- App Manager Init.
-- DDI Manager Init.
-- FSM Manager Init.
-- TRAV Manager Init.
|Constraint|=0 nodes.
1 stalled latches found

ITP based GFP - reached size: 43749
[runlim] sample:		10.0 seconds, 280.0 MB
[runlim] sample:		20.0 seconds, 364.5 MB
[runlim] sample:		30.0 seconds, 439.0 MB
[runlim] sample:		40.0 seconds, 439.0 MB
[runlim] sample:		50.0 seconds, 259.1 MB

GFP iteration [0] - reached size: 27710
[runlim] sample:		60.0 seconds, 325.9 MB

GFP iteration [1] - reached size: 21498

GFP iteration [2] - reached size: 18540
[runlim] sample:		70.0 seconds, 320.7 MB

GFP iteration [3] - reached size: 18355

GFP iteration [4] - reached size: 18254
[runlim] sample:		80.0 seconds, 307.3 MB

GFP iteration [5] - reached size: 18221
[runlim] sample:		90.0 seconds, 327.1 MB

GFP iteration [6] - reached size: 18181

GFP iteration [7] - reached size: 18146
[runlim] sample:		100.0 seconds, 324.7 MB

GFP iteration [8] - reached size: 18099

GFP iteration [9] - reached size: 18075
GFP reached reduction iter 0: 43749 -> 18098

GFP time:  105.81 s (norm 105.81 s)
-- App Manager Quit.
-- TRAV Manager Quit.
-- FSM Manager Quit.
-- DDI Manager Quit.
[runlim] end:			Sun Dec 21 20:55:52 2025
[runlim] status:		ok
[runlim] result:		0
[runlim] children:		0
[runlim] real:			107.10 seconds
[runlim] time:			106.86 seconds
[runlim] space:			439.0 MB
[runlim] samples:		1069
