[runlim] version:		1.7
[runlim] time limit:		311040000 seconds
[runlim] real time limit:	1800 seconds
[runlim] space limit:		32767 MB
[runlim] argv[0]:		./pdtapp
[runlim] argv[1]:		gfp
[runlim] argv[2]:		../pdtinv25/benchmarks/stf2/intel061.stf2.aig
[runlim] argv[3]:		./proc_invariants_pa/intel061.stf2.aig
[runlim] argv[4]:		./gfp_invariants_pa/intel061.stf2.aig
[runlim] start:			Sun Dec 21 20:49:05 2025
[runlim] main pid:		14309
gfp app: ../pdtinv25/benchmarks/stf2/intel061.stf2.aig ./proc_invariants_pa/intel061.stf2.aig ./gfp_invariants_pa/intel061.stf2.aig
-- App Manager Init.
-- DDI Manager Init.
-- FSM Manager Init.
-- TRAV Manager Init.
|Constraint|=0 nodes.
1 stalled latches found

ITP based GFP - reached size: 1504

GFP iteration [0] - reached size: 1279

GFP iteration [1] - reached size: 1252

GFP iteration [2] - reached size: 1248

GFP iteration [3] - reached size: 1244

GFP iteration [4] - reached size: 1233

GFP iteration [5] - reached size: 1226

GFP iteration [6] - reached size: 1223

GFP iteration [7] - reached size: 1222

GFP iteration [8] - reached size: 1221

GFP iteration [9] - reached size: 1221
GFP reached reduction iter 0: 1504 -> 1220

GFP time:  0.98 s (norm 0.98 s)
-- App Manager Quit.
-- TRAV Manager Quit.
-- FSM Manager Quit.
-- DDI Manager Quit.
[runlim] end:			Sun Dec 21 20:49:06 2025
[runlim] status:		ok
[runlim] result:		0
[runlim] children:		0
[runlim] real:			1.21 seconds
[runlim] time:			0.99 seconds
[runlim] space:			101.2 MB
[runlim] samples:		10
