[runlim] version:		1.7
[runlim] time limit:		311040000 seconds
[runlim] real time limit:	900 seconds
[runlim] space limit:		4096 MB
[runlim] argv[0]:		./pdtapp
[runlim] argv[1]:		gfp
[runlim] argv[2]:		../pdtinv25/benchmarks/stf2/intel003.stf2.aig
[runlim] argv[3]:		./proc_invariants_pa/intel003.stf2.aig
[runlim] argv[4]:		./gfp_invariants_pa/intel003.stf2.aig
[runlim] start:			Mon May 19 20:44:30 2025
[runlim] main pid:		416
gfp app: ../pdtinv25/benchmarks/stf2/intel003.stf2.aig ./proc_invariants_pa/intel003.stf2.aig ./gfp_invariants_pa/intel003.stf2.aig
-- App Manager Init.
-- DDI Manager Init.
-- FSM Manager Init.
-- TRAV Manager Init.
|Constraint|=0 nodes.
1 stalled latches found

ITP based GFP - reached size: 1124

GFP iteration [0] - reached size: 307

GFP iteration [1] - reached size: 294

GFP iteration [2] - reached size: 287

GFP iteration [3] - reached size: 285

GFP iteration [4] - reached size: 282

GFP iteration [5] - reached size: 280

GFP iteration [6] - reached size: 277

GFP iteration [7] - reached size: 275

GFP iteration [8] - reached size: 274

GFP iteration [9] - reached size: 274
GFP reached reduction iter 0: 1124 -> 273
-- App Manager Quit.
-- TRAV Manager Quit.
-- FSM Manager Quit.
-- DDI Manager Quit.
[runlim] end:			Mon May 19 20:44:31 2025
[runlim] status:		ok
[runlim] result:		0
[runlim] children:		0
[runlim] real:			2.00 seconds
[runlim] time:			0.47 seconds
[runlim] space:			88.6 MB
[runlim] samples:		10
