[runlim] version:		1.7
[runlim] time limit:		311040000 seconds
[runlim] real time limit:	1800 seconds
[runlim] space limit:		32767 MB
[runlim] argv[0]:		./pdtapp
[runlim] argv[1]:		gfp
[runlim] argv[2]:		../pdtinv25/benchmarks/stf2/intel056.stf2.aig
[runlim] argv[3]:		./proc_invariants_pa/intel056.stf2.aig
[runlim] argv[4]:		./gfp_invariants_pa/intel056.stf2.aig
[runlim] start:			Sun Dec 21 20:49:08 2025
[runlim] main pid:		14321
gfp app: ../pdtinv25/benchmarks/stf2/intel056.stf2.aig ./proc_invariants_pa/intel056.stf2.aig ./gfp_invariants_pa/intel056.stf2.aig
-- App Manager Init.
-- DDI Manager Init.
-- FSM Manager Init.
-- TRAV Manager Init.
|Constraint|=0 nodes.
1 stalled latches found

ITP based GFP - reached size: 1820

GFP iteration [0] - reached size: 1209

GFP iteration [1] - reached size: 1199

GFP iteration [2] - reached size: 1198

GFP iteration [3] - reached size: 1197

GFP iteration [4] - reached size: 1194

GFP iteration [5] - reached size: 1189

GFP iteration [6] - reached size: 1186

GFP iteration [7] - reached size: 1184

GFP iteration [8] - reached size: 1184
GFP reached reduction iter 0: 1820 -> 1183

GFP time:  1.23 s (norm 1.23 s)
-- App Manager Quit.
-- TRAV Manager Quit.
-- FSM Manager Quit.
-- DDI Manager Quit.
[runlim] end:			Sun Dec 21 20:49:09 2025
[runlim] status:		ok
[runlim] result:		0
[runlim] children:		0
[runlim] real:			1.65 seconds
[runlim] time:			1.19 seconds
[runlim] space:			100.6 MB
[runlim] samples:		12
