[runlim] version:		1.7
[runlim] time limit:		311040000 seconds
[runlim] real time limit:	1800 seconds
[runlim] space limit:		32767 MB
[runlim] argv[0]:		./pdtapp
[runlim] argv[1]:		gfp
[runlim] argv[2]:		../pdtinv25/benchmarks/stf2/mentorbm1p02.stf2.aig
[runlim] argv[3]:		./proc_invariants_pa/mentorbm1p02.stf2.aig
[runlim] argv[4]:		./gfp_invariants_pa/mentorbm1p02.stf2.aig
[runlim] start:			Sun Dec 21 21:06:42 2025
[runlim] main pid:		14930
gfp app: ../pdtinv25/benchmarks/stf2/mentorbm1p02.stf2.aig ./proc_invariants_pa/mentorbm1p02.stf2.aig ./gfp_invariants_pa/mentorbm1p02.stf2.aig
-- App Manager Init.
-- DDI Manager Init.
-- FSM Manager Init.
-- TRAV Manager Init.
|Constraint|=0 nodes.
1 stalled latches found

ITP based GFP - reached size: 1113

GFP iteration [0] - reached size: 1113

GFP time:  0.27 s (norm 0.27 s)
-- App Manager Quit.
-- TRAV Manager Quit.
-- FSM Manager Quit.
-- DDI Manager Quit.
[runlim] end:			Sun Dec 21 21:06:43 2025
[runlim] status:		ok
[runlim] result:		0
[runlim] children:		0
[runlim] real:			1.13 seconds
[runlim] time:			0.49 seconds
[runlim] space:			190.0 MB
[runlim] samples:		5
