[runlim] version:		1.7
[runlim] time limit:		311040000 seconds
[runlim] real time limit:	1800 seconds
[runlim] space limit:		32767 MB
[runlim] argv[0]:		./pdtapp
[runlim] argv[1]:		gfp
[runlim] argv[2]:		../pdtinv25/benchmarks/stf2/neclabakery001.stf2.aig
[runlim] argv[3]:		./proc_invariants_pa/neclabakery001.stf2.aig
[runlim] argv[4]:		./gfp_invariants_pa/neclabakery001.stf2.aig
[runlim] start:			Sun Dec 21 20:19:05 2025
[runlim] main pid:		13616
gfp app: ../pdtinv25/benchmarks/stf2/neclabakery001.stf2.aig ./proc_invariants_pa/neclabakery001.stf2.aig ./gfp_invariants_pa/neclabakery001.stf2.aig
-- App Manager Init.
-- DDI Manager Init.
-- FSM Manager Init.
-- TRAV Manager Init.
|Constraint|=0 nodes.
1 stalled latches found

ITP based GFP - reached size: 2163

GFP iteration [0] - reached size: 426

GFP iteration [1] - reached size: 425

GFP iteration [2] - reached size: 425
GFP reached reduction iter 0: 2163 -> 424

GFP time:  0.13 s (norm 0.13 s)
-- App Manager Quit.
-- TRAV Manager Quit.
-- FSM Manager Quit.
-- DDI Manager Quit.
[runlim] end:			Sun Dec 21 20:19:05 2025
[runlim] status:		ok
[runlim] result:		0
[runlim] children:		0
[runlim] real:			0.83 seconds
[runlim] time:			0.09 seconds
[runlim] space:			84.3 MB
[runlim] samples:		1
