[runlim] version:		1.7
[runlim] time limit:		311040000 seconds
[runlim] real time limit:	1800 seconds
[runlim] space limit:		32767 MB
[runlim] argv[0]:		./pdtapp
[runlim] argv[1]:		gfp
[runlim] argv[2]:		../pdtinv25/benchmarks/stf2/nusmvtcasp3.stf2.aig
[runlim] argv[3]:		./proc_invariants_pa/nusmvtcasp3.stf2.aig
[runlim] argv[4]:		./gfp_invariants_pa/nusmvtcasp3.stf2.aig
[runlim] start:			Sun Dec 21 20:49:11 2025
[runlim] main pid:		14339
gfp app: ../pdtinv25/benchmarks/stf2/nusmvtcasp3.stf2.aig ./proc_invariants_pa/nusmvtcasp3.stf2.aig ./gfp_invariants_pa/nusmvtcasp3.stf2.aig
-- App Manager Init.
-- DDI Manager Init.
-- FSM Manager Init.
-- TRAV Manager Init.
|Constraint|=0 nodes.
1 stalled latches found

ITP based GFP - reached size: 65913
[runlim] sample:		10.0 seconds, 359.0 MB
[runlim] sample:		20.0 seconds, 503.4 MB
[runlim] sample:		30.0 seconds, 563.9 MB
[runlim] sample:		40.0 seconds, 563.9 MB

GFP iteration [0] - reached size: 27450
[runlim] sample:		50.0 seconds, 306.5 MB
[runlim] sample:		60.0 seconds, 346.8 MB

GFP iteration [1] - reached size: 26102
[runlim] sample:		70.0 seconds, 403.4 MB
[runlim] sample:		80.0 seconds, 439.9 MB

GFP iteration [2] - reached size: 25529
[runlim] sample:		90.0 seconds, 368.5 MB
[runlim] sample:		100.0 seconds, 368.5 MB

GFP iteration [3] - reached size: 25116
[runlim] sample:		110.0 seconds, 372.0 MB

GFP iteration [4] - reached size: 24798
[runlim] sample:		120.0 seconds, 262.8 MB
[runlim] sample:		129.9 seconds, 420.3 MB

GFP iteration [5] - reached size: 24495
[runlim] sample:		139.9 seconds, 290.5 MB
[runlim] sample:		149.9 seconds, 408.3 MB

GFP iteration [6] - reached size: 24296
[runlim] sample:		159.9 seconds, 408.1 MB
[runlim] sample:		169.9 seconds, 565.4 MB

GFP iteration [7] - reached size: 24145
[runlim] sample:		179.9 seconds, 277.9 MB
[runlim] sample:		189.9 seconds, 491.5 MB

GFP iteration [8] - reached size: 23996
[runlim] sample:		199.9 seconds, 266.4 MB
[runlim] sample:		209.9 seconds, 540.5 MB
[runlim] sample:		219.9 seconds, 540.5 MB

GFP iteration [9] - reached size: 23859
GFP reached reduction iter 0: 65913 -> 23995

GFP time:  219.93 s (norm 219.93 s)
-- App Manager Quit.
-- TRAV Manager Quit.
-- FSM Manager Quit.
-- DDI Manager Quit.
[runlim] end:			Sun Dec 21 20:52:53 2025
[runlim] status:		ok
[runlim] result:		0
[runlim] children:		0
[runlim] real:			222.15 seconds
[runlim] time:			221.03 seconds
[runlim] space:			565.4 MB
[runlim] samples:		2211
