[runlim] version:		1.7
[runlim] time limit:		311040000 seconds
[runlim] real time limit:	1800 seconds
[runlim] space limit:		32767 MB
[runlim] argv[0]:		./pdtapp
[runlim] argv[1]:		gfp
[runlim] argv[2]:		../pdtinv25/benchmarks/stf2/pdtfifo1to0.stf2.aig
[runlim] argv[3]:		./proc_invariants_pa/pdtfifo1to0.stf2.aig
[runlim] argv[4]:		./gfp_invariants_pa/pdtfifo1to0.stf2.aig
[runlim] start:			Sun Dec 21 21:08:28 2025
[runlim] main pid:		15024
gfp app: ../pdtinv25/benchmarks/stf2/pdtfifo1to0.stf2.aig ./proc_invariants_pa/pdtfifo1to0.stf2.aig ./gfp_invariants_pa/pdtfifo1to0.stf2.aig
-- App Manager Init.
-- DDI Manager Init.
-- FSM Manager Init.
-- TRAV Manager Init.
|Constraint|=0 nodes.
1 stalled latches found

ITP based GFP - reached size: 74425
[runlim] sample:		10.0 seconds, 218.2 MB
[runlim] sample:		20.0 seconds, 260.8 MB
[runlim] sample:		30.0 seconds, 310.3 MB
[runlim] sample:		40.0 seconds, 378.0 MB
[runlim] sample:		50.0 seconds, 421.6 MB
[runlim] sample:		60.0 seconds, 421.6 MB
[runlim] sample:		70.0 seconds, 421.6 MB
[runlim] sample:		80.0 seconds, 421.6 MB
[runlim] sample:		90.0 seconds, 421.6 MB
[runlim] sample:		100.0 seconds, 421.6 MB

GFP iteration [0] - reached size: 12616
[runlim] sample:		110.0 seconds, 194.7 MB

GFP iteration [1] - reached size: 7306

GFP iteration [2] - reached size: 7297
[runlim] sample:		120.0 seconds, 187.8 MB

GFP iteration [3] - reached size: 7285

GFP iteration [4] - reached size: 7285
GFP reached reduction iter 0: 74425 -> 7284

GFP time:  129.38 s (norm 129.38 s)
-- App Manager Quit.
-- TRAV Manager Quit.
-- FSM Manager Quit.
-- DDI Manager Quit.
[runlim] end:			Sun Dec 21 21:10:38 2025
[runlim] status:		ok
[runlim] result:		0
[runlim] children:		0
[runlim] real:			130.64 seconds
[runlim] time:			129.65 seconds
[runlim] space:			421.6 MB
[runlim] samples:		1297
