[runlim] version:		1.7
[runlim] time limit:		311040000 seconds
[runlim] real time limit:	1800 seconds
[runlim] space limit:		32767 MB
[runlim] argv[0]:		./pdtapp
[runlim] argv[1]:		gfp
[runlim] argv[2]:		../pdtinv25/benchmarks/stf2/pdtswvtma6x4p1.stf2.aig
[runlim] argv[3]:		./proc_invariants_pa/pdtswvtma6x4p1.stf2.aig
[runlim] argv[4]:		./gfp_invariants_pa/pdtswvtma6x4p1.stf2.aig
[runlim] start:			Sun Dec 21 20:18:14 2025
[runlim] main pid:		13576
gfp app: ../pdtinv25/benchmarks/stf2/pdtswvtma6x4p1.stf2.aig ./proc_invariants_pa/pdtswvtma6x4p1.stf2.aig ./gfp_invariants_pa/pdtswvtma6x4p1.stf2.aig
-- App Manager Init.
-- DDI Manager Init.
-- FSM Manager Init.
-- TRAV Manager Init.
|Constraint|=0 nodes.
1 stalled latches found

ITP based GFP - reached size: 2816

GFP iteration [0] - reached size: 1805

GFP iteration [1] - reached size: 1737

GFP iteration [2] - reached size: 1729

GFP iteration [3] - reached size: 1711

GFP iteration [4] - reached size: 1698

GFP iteration [5] - reached size: 1694

GFP iteration [6] - reached size: 1688

GFP iteration [7] - reached size: 1681

GFP iteration [8] - reached size: 1679

GFP iteration [9] - reached size: 1672
GFP reached reduction iter 0: 2816 -> 1678

GFP time:  3.70 s (norm 3.70 s)
-- App Manager Quit.
-- TRAV Manager Quit.
-- FSM Manager Quit.
-- DDI Manager Quit.
[runlim] end:			Sun Dec 21 20:18:18 2025
[runlim] status:		ok
[runlim] result:		0
[runlim] children:		0
[runlim] real:			4.34 seconds
[runlim] time:			3.69 seconds
[runlim] space:			89.3 MB
[runlim] samples:		37
