[runlim] version:		1.7
[runlim] time limit:		311040000 seconds
[runlim] real time limit:	900 seconds
[runlim] space limit:		4096 MB
[runlim] argv[0]:		./pdtapp
[runlim] argv[1]:		gfp
[runlim] argv[2]:		../pdtinv25/benchmarks/stf2/pdtvisblackjack0.stf2.aig
[runlim] argv[3]:		./proc_invariants_pa/pdtvisblackjack0.stf2.aig
[runlim] argv[4]:		./gfp_invariants_pa/pdtvisblackjack0.stf2.aig
[runlim] start:			Mon May 19 23:26:51 2025
[runlim] main pid:		338
gfp app: ../pdtinv25/benchmarks/stf2/pdtvisblackjack0.stf2.aig ./proc_invariants_pa/pdtvisblackjack0.stf2.aig ./gfp_invariants_pa/pdtvisblackjack0.stf2.aig
-- App Manager Init.
-- DDI Manager Init.
-- FSM Manager Init.
-- TRAV Manager Init.
|Constraint|=0 nodes.
1 stalled latches found

ITP based GFP - reached size: 18745

GFP iteration [0] - reached size: 433

GFP iteration [1] - reached size: 431

GFP iteration [2] - reached size: 429

GFP iteration [3] - reached size: 429
GFP reached reduction iter 0: 18745 -> 428
-- App Manager Quit.
-- TRAV Manager Quit.
-- FSM Manager Quit.
-- DDI Manager Quit.
[runlim] end:			Mon May 19 23:26:56 2025
[runlim] status:		ok
[runlim] result:		0
[runlim] children:		0
[runlim] real:			5.11 seconds
[runlim] time:			3.91 seconds
[runlim] space:			115.5 MB
[runlim] samples:		46
