[runlim] version:		1.7
[runlim] time limit:		311040000 seconds
[runlim] real time limit:	1800 seconds
[runlim] space limit:		32767 MB
[runlim] argv[0]:		./pdtapp
[runlim] argv[1]:		gfp
[runlim] argv[2]:		../pdtinv25/benchmarks/stf2/pj2010.stf2.aig
[runlim] argv[3]:		./proc_invariants_pa/pj2010.stf2.aig
[runlim] argv[4]:		./gfp_invariants_pa/pj2010.stf2.aig
[runlim] start:			Sun Dec 21 20:52:53 2025
[runlim] main pid:		14452
gfp app: ../pdtinv25/benchmarks/stf2/pj2010.stf2.aig ./proc_invariants_pa/pj2010.stf2.aig ./gfp_invariants_pa/pj2010.stf2.aig
-- App Manager Init.
-- DDI Manager Init.
-- FSM Manager Init.
-- TRAV Manager Init.
|Constraint|=0 nodes.
1 stalled latches found

ITP based GFP - reached size: 8

GFP iteration [0] - reached size: 8

GFP time:  0.10 s (norm 0.10 s)
-- App Manager Quit.
-- TRAV Manager Quit.
-- FSM Manager Quit.
-- DDI Manager Quit.
[runlim] end:			Sun Dec 21 20:52:53 2025
[runlim] status:		ok
[runlim] result:		0
[runlim] children:		0
[runlim] real:			0.86 seconds
[runlim] time:			0.10 seconds
[runlim] space:			91.3 MB
[runlim] samples:		1
