[runlim] version:		1.7
[runlim] time limit:		311040000 seconds
[runlim] real time limit:	1800 seconds
[runlim] space limit:		32767 MB
[runlim] argv[0]:		./pdtapp
[runlim] argv[1]:		gfp
[runlim] argv[2]:		../pdtinv25/benchmarks/stf2/viselevatorp1.stf2.aig
[runlim] argv[3]:		./proc_invariants_pa/viselevatorp1.stf2.aig
[runlim] argv[4]:		./gfp_invariants_pa/viselevatorp1.stf2.aig
[runlim] start:			Sun Dec 21 20:55:52 2025
[runlim] main pid:		14573
gfp app: ../pdtinv25/benchmarks/stf2/viselevatorp1.stf2.aig ./proc_invariants_pa/viselevatorp1.stf2.aig ./gfp_invariants_pa/viselevatorp1.stf2.aig
-- App Manager Init.
-- DDI Manager Init.
-- FSM Manager Init.
-- TRAV Manager Init.
|Constraint|=0 nodes.
1 stalled latches found

ITP based GFP - reached size: 35

GFP iteration [0] - reached size: 35

GFP time:  0.02 s (norm 0.02 s)
-- App Manager Quit.
-- TRAV Manager Quit.
-- FSM Manager Quit.
-- DDI Manager Quit.
[runlim] end:			Sun Dec 21 20:55:52 2025
[runlim] status:		ok
[runlim] result:		0
[runlim] children:		0
[runlim] real:			0.68 seconds
[runlim] time:			0.00 seconds
[runlim] space:			0.0 MB
[runlim] samples:		0
