[runlim] version:		1.7
[runlim] time limit:		311040000 seconds
[runlim] real time limit:	900 seconds
[runlim] space limit:		4096 MB
[runlim] argv[0]:		./pdtapp
[runlim] argv[1]:		gfp
[runlim] argv[2]:		../pdtinv25/benchmarks/stf2/visprodcellp01.stf2.aig
[runlim] argv[3]:		./proc_invariants_pa/visprodcellp01.stf2.aig
[runlim] argv[4]:		./gfp_invariants_pa/visprodcellp01.stf2.aig
[runlim] start:			Mon May 19 23:27:18 2025
[runlim] main pid:		370
gfp app: ../pdtinv25/benchmarks/stf2/visprodcellp01.stf2.aig ./proc_invariants_pa/visprodcellp01.stf2.aig ./gfp_invariants_pa/visprodcellp01.stf2.aig
-- App Manager Init.
-- DDI Manager Init.
-- FSM Manager Init.
-- TRAV Manager Init.
|Constraint|=0 nodes.
1 stalled latches found

ITP based GFP - reached size: 2881

GFP iteration [0] - reached size: 1101

GFP iteration [1] - reached size: 1055

GFP iteration [2] - reached size: 1044

GFP iteration [3] - reached size: 964

GFP iteration [4] - reached size: 954

GFP iteration [5] - reached size: 932

GFP iteration [6] - reached size: 872

GFP iteration [7] - reached size: 631

GFP iteration [8] - reached size: 616

GFP iteration [9] - reached size: 577
GFP reached reduction iter 0: 2881 -> 615
-- App Manager Quit.
-- TRAV Manager Quit.
-- FSM Manager Quit.
-- DDI Manager Quit.
[runlim] end:			Mon May 19 23:27:21 2025
[runlim] status:		ok
[runlim] result:		0
[runlim] children:		0
[runlim] real:			3.84 seconds
[runlim] time:			2.16 seconds
[runlim] space:			93.7 MB
[runlim] samples:		31
