[runlim] version:		1.7
[runlim] time limit:		311040000 seconds
[runlim] real time limit:	1800 seconds
[runlim] space limit:		32767 MB
[runlim] argv[0]:		./pdtapp
[runlim] argv[1]:		certify
[runlim] argv[2]:		../pdtinv25/benchmarks/st/6s109.st.aig
[runlim] argv[3]:		./proc_invariants_td/6s109.st-T4.aig
[runlim] start:			Fri Aug 29 10:32:49 2025
[runlim] main pid:		31581
certify app: ../pdtinv25/benchmarks/st/6s109.st.aig ./proc_invariants_td/6s109.st-T4.aig
-- App Manager Init.
-- DDI Manager Init.
-- FSM Manager Init.
-- TRAV Manager Init.
Checking inductive invariant of size. 21162

Check Done for init proved
Checking inductive invariant of size. 21162
[runlim] sample:		10.0 seconds, 114.9 MB
[runlim] sample:		20.0 seconds, 125.9 MB
[runlim] sample:		30.0 seconds, 130.0 MB
[runlim] sample:		40.0 seconds, 131.9 MB

Check Done invariant proved - time: 43.43 s (norm 43.43 s)
Checking property of size. 9

Check Done property proved - time: 0.03 s (norm 0.03 s)
-- App Manager Quit.
-- TRAV Manager Quit.
-- FSM Manager Quit.
-- DDI Manager Quit.
[runlim] end:			Fri Aug 29 10:33:33 2025
[runlim] status:		ok
[runlim] result:		0
[runlim] children:		0
[runlim] real:			44.32 seconds
[runlim] time:			43.58 seconds
[runlim] space:			131.9 MB
[runlim] samples:		436
