[runlim] version:		1.7
[runlim] time limit:		311040000 seconds
[runlim] real time limit:	900 seconds
[runlim] space limit:		4096 MB
[runlim] argv[0]:		./pdtapp
[runlim] argv[1]:		certify
[runlim] argv[2]:		./benchmarks/st/6s209b0.st.aig
[runlim] argv[3]:		./proc_invariants_td/6s209b0.st-T7.aig
[runlim] start:			Tue May 13 22:43:48 2025
[runlim] main pid:		790
certify app: ./benchmarks/st/6s209b0.st.aig ./proc_invariants_td/6s209b0.st-T7.aig
-- App Manager Init.
-- DDI Manager Init.
-- FSM Manager Init.
-- TRAV Manager Init.
Checking inductive invariant of size. 13136

Check Done for init proved
Checking inductive invariant of size. 13136

Check Done invariant proved - time: 0.03 s (norm 0.03 s)
Checking property of size. 79

Check Done property proved - time: 0.01 s (norm 0.01 s)
-- App Manager Quit.
-- TRAV Manager Quit.
-- FSM Manager Quit.
-- DDI Manager Quit.
[runlim] end:			Tue May 13 22:43:48 2025
[runlim] status:		ok
[runlim] result:		0
[runlim] children:		0
[runlim] real:			0.61 seconds
[runlim] time:			0.13 seconds
[runlim] space:			117.6 MB
[runlim] samples:		5
