[runlim] version:		1.7
[runlim] time limit:		311040000 seconds
[runlim] real time limit:	900 seconds
[runlim] space limit:		4096 MB
[runlim] argv[0]:		./pdtapp
[runlim] argv[1]:		certify
[runlim] argv[2]:		./benchmarks/st/6s221rb14.st.aig
[runlim] argv[3]:		./proc_invariants_td/6s221rb14.st-T1.aig
[runlim] start:			Tue May 13 22:43:48 2025
[runlim] main pid:		792
certify app: ./benchmarks/st/6s221rb14.st.aig ./proc_invariants_td/6s221rb14.st-T1.aig
-- App Manager Init.
-- DDI Manager Init.
-- FSM Manager Init.
-- TRAV Manager Init.
Checking inductive invariant of size. 84876

Check Done for init proved
Checking inductive invariant of size. 84876

Check Done invariant proved - time: 0.17 s (norm 0.17 s)
Checking property of size. 1144

Check Done property proved - time: 0.06 s (norm 0.06 s)
-- App Manager Quit.
-- TRAV Manager Quit.
-- FSM Manager Quit.
-- DDI Manager Quit.
[runlim] end:			Tue May 13 22:43:50 2025
[runlim] status:		ok
[runlim] result:		0
[runlim] children:		0
[runlim] real:			2.77 seconds
[runlim] time:			1.50 seconds
[runlim] space:			403.5 MB
[runlim] samples:		21
