[runlim] version:		1.7
[runlim] time limit:		311040000 seconds
[runlim] real time limit:	900 seconds
[runlim] space limit:		4096 MB
[runlim] argv[0]:		./pdtapp
[runlim] argv[1]:		certify
[runlim] argv[2]:		./benchmarks/st/boblivear.st.aig
[runlim] argv[3]:		./proc_invariants_td/boblivear.st-T2.aig
[runlim] start:			Tue May 13 22:44:01 2025
[runlim] main pid:		822
certify app: ./benchmarks/st/boblivear.st.aig ./proc_invariants_td/boblivear.st-T2.aig
-- App Manager Init.
-- DDI Manager Init.
-- FSM Manager Init.
-- TRAV Manager Init.
Checking inductive invariant of size. 5993

Check Done for init proved
Checking inductive invariant of size. 5993

Check Done invariant disproved - time: 0.02 s (norm 0.02 s)
Checking property of size. 175

Check Done property proved - time: 0.01 s (norm 0.01 s)
-- App Manager Quit.
-- TRAV Manager Quit.
-- FSM Manager Quit.
-- DDI Manager Quit.
[runlim] end:			Tue May 13 22:44:02 2025
[runlim] status:		ok
[runlim] result:		1
[runlim] children:		0
[runlim] real:			1.31 seconds
[runlim] time:			0.05 seconds
[runlim] space:			82.9 MB
[runlim] samples:		3
