[runlim] version:		1.7
[runlim] time limit:		311040000 seconds
[runlim] real time limit:	900 seconds
[runlim] space limit:		4096 MB
[runlim] argv[0]:		./pdtapp
[runlim] argv[1]:		certify
[runlim] argv[2]:		./benchmarks/st/intel026.st.aig
[runlim] argv[3]:		./proc_invariants_td/intel026.st-T2.aig
[runlim] start:			Tue May 13 22:44:05 2025
[runlim] main pid:		834
certify app: ./benchmarks/st/intel026.st.aig ./proc_invariants_td/intel026.st-T2.aig
-- App Manager Init.
-- DDI Manager Init.
-- FSM Manager Init.
-- TRAV Manager Init.
Checking inductive invariant of size. 51796

Check Done for init proved
Checking inductive invariant of size. 51796
[runlim] sample:		9.7 seconds, 161.1 MB
[runlim] sample:		19.7 seconds, 161.1 MB
[runlim] sample:		29.7 seconds, 161.1 MB

Check Done invariant proved - time: 37.46 s (norm 37.46 s)
Checking property of size. 5

Check Done property proved - time: 0.09 s (norm 0.09 s)
-- App Manager Quit.
-- TRAV Manager Quit.
-- FSM Manager Quit.
-- DDI Manager Quit.
[runlim] end:			Tue May 13 22:44:43 2025
[runlim] status:		ok
[runlim] result:		0
[runlim] children:		0
[runlim] real:			38.77 seconds
[runlim] time:			37.79 seconds
[runlim] space:			161.1 MB
[runlim] samples:		381
