[runlim] version:		1.7
[runlim] time limit:		311040000 seconds
[runlim] real time limit:	900 seconds
[runlim] space limit:		4096 MB
[runlim] argv[0]:		./pdtapp
[runlim] argv[1]:		certify
[runlim] argv[2]:		./benchmarks/st/intel007.st.aig
[runlim] argv[3]:		./proc_invariants_td/intel007.st-T2.aig
[runlim] start:			Tue May 13 22:44:03 2025
[runlim] main pid:		832
certify app: ./benchmarks/st/intel007.st.aig ./proc_invariants_td/intel007.st-T2.aig
-- App Manager Init.
-- DDI Manager Init.
-- FSM Manager Init.
-- TRAV Manager Init.
Checking inductive invariant of size. 10828

Check Done for init proved
Checking inductive invariant of size. 10828

Check Done invariant proved - time: 1.51 s (norm 1.51 s)
Checking property of size. 5

Check Done property proved - time: 0.01 s (norm 0.01 s)
-- App Manager Quit.
-- TRAV Manager Quit.
-- FSM Manager Quit.
-- DDI Manager Quit.
[runlim] end:			Tue May 13 22:44:05 2025
[runlim] status:		ok
[runlim] result:		0
[runlim] children:		0
[runlim] real:			2.63 seconds
[runlim] time:			1.62 seconds
[runlim] space:			105.4 MB
[runlim] samples:		19
