[runlim] version:		1.7
[runlim] time limit:		311040000 seconds
[runlim] real time limit:	900 seconds
[runlim] space limit:		4096 MB
[runlim] argv[0]:		./pdtapp
[runlim] argv[1]:		certify
[runlim] argv[2]:		./benchmarks/st/nusmvbrp.st.aig
[runlim] argv[3]:		./proc_invariants_td/nusmvbrp.st-T1.aig
[runlim] start:			Tue May 13 22:44:48 2025
[runlim] main pid:		858
certify app: ./benchmarks/st/nusmvbrp.st.aig ./proc_invariants_td/nusmvbrp.st-T1.aig
-- App Manager Init.
-- DDI Manager Init.
-- FSM Manager Init.
-- TRAV Manager Init.
Checking inductive invariant of size. 1060

Check Done for init proved
Checking inductive invariant of size. 1060

Check Done invariant proved - time: 0.02 s (norm 0.02 s)
Checking property of size. 37

Check Done property proved - time: 0.00 s (norm 0.00 s)
-- App Manager Quit.
-- TRAV Manager Quit.
-- FSM Manager Quit.
-- DDI Manager Quit.
[runlim] end:			Tue May 13 22:44:48 2025
[runlim] status:		ok
[runlim] result:		0
[runlim] children:		0
[runlim] real:			0.84 seconds
[runlim] time:			0.01 seconds
[runlim] space:			73.6 MB
[runlim] samples:		2
