[runlim] version:		1.7
[runlim] time limit:		311040000 seconds
[runlim] real time limit:	900 seconds
[runlim] space limit:		4096 MB
[runlim] argv[0]:		./pdtapp
[runlim] argv[1]:		certify
[runlim] argv[2]:		./benchmarks/st/pj2010.st.aig
[runlim] argv[3]:		./proc_invariants_td/pj2010.st-T2.aig
[runlim] start:			Tue May 13 22:45:08 2025
[runlim] main pid:		876
certify app: ./benchmarks/st/pj2010.st.aig ./proc_invariants_td/pj2010.st-T2.aig
-- App Manager Init.
-- DDI Manager Init.
-- FSM Manager Init.
-- TRAV Manager Init.
Checking inductive invariant of size. 736

Check Done for init proved
Checking inductive invariant of size. 736

Check Done invariant disproved - time: 0.01 s (norm 0.01 s)
Checking property of size. 1617

Check Done property proved - time: 0.00 s (norm 0.00 s)
-- App Manager Quit.
-- TRAV Manager Quit.
-- FSM Manager Quit.
-- DDI Manager Quit.
[runlim] end:			Tue May 13 22:45:08 2025
[runlim] status:		ok
[runlim] result:		1
[runlim] children:		0
[runlim] real:			0.86 seconds
[runlim] time:			0.03 seconds
[runlim] space:			79.9 MB
[runlim] samples:		3
