[runlim] version:		1.7
[runlim] time limit:		311040000 seconds
[runlim] real time limit:	3600 seconds
[runlim] space limit:		32767 MB
[runlim] argv[0]:		./pdtapp
[runlim] argv[1]:		certify
[runlim] argv[2]:		-f
[runlim] argv[3]:		2
[runlim] argv[4]:		-w
[runlim] argv[5]:		./proc_invariants_pa/139452p0.stf2.aig
[runlim] argv[6]:		../pdtinv25/benchmarks/stf2/139452p0.stf2.aig
[runlim] argv[7]:		./invariants_pa/139452p0.stf2.aig
[runlim] start:			Sun Dec 21 14:46:06 2025
[runlim] main pid:		10965
certify app: -f -w ../pdtinv25/benchmarks/stf2/139452p0.stf2.aig ./invariants_pa/139452p0.stf2.aig
-- App Manager Init.
-- DDI Manager Init.
-- FSM Manager Init.
-- TRAV Manager Init.
|itpGEN:11284,13134(0)|.
|itpGEN:23| - nGen:13 (avg-#lits:  1.0).
itpGEN time: 0.06 s (norm 0.06 s)
 Checking inductive invariant of size. 23

Check Done for init proved
Checking inductive invariant of size. 23

Check Done invariant proved - time: 0.03 s (norm 0.03 s)
Checking property of size. 14753

Check Done property proved - time: 0.02 s (norm 0.02 s)
Writing invar of size 35 to ./proc_invariants_pa/139452p0.stf2.aig
-- App Manager Quit.
-- TRAV Manager Quit.
-- FSM Manager Quit.
-- DDI Manager Quit.
[runlim] end:			Sun Dec 21 14:46:06 2025
[runlim] status:		ok
[runlim] result:		0
[runlim] children:		0
[runlim] real:			0.29 seconds
[runlim] time:			0.10 seconds
[runlim] space:			94.6 MB
[runlim] samples:		1
