[runlim] version:		1.7
[runlim] time limit:		311040000 seconds
[runlim] real time limit:	7200 seconds
[runlim] space limit:		32767 MB
[runlim] argv[0]:		./pdtapp
[runlim] argv[1]:		certify
[runlim] argv[2]:		-f
[runlim] argv[3]:		2
[runlim] argv[4]:		-w
[runlim] argv[5]:		./proc_invariants_pa/6s109.stf2.aig
[runlim] argv[6]:		../pdtinv25/benchmarks/stf2/6s109.stf2.aig
[runlim] argv[7]:		./invariants_pa/6s109.stf2.aig
[runlim] start:			Mon Dec 22 03:17:07 2025
[runlim] main pid:		24353
certify app: -f -w ../pdtinv25/benchmarks/stf2/6s109.stf2.aig ./invariants_pa/6s109.stf2.aig
-- App Manager Init.
-- DDI Manager Init.
-- FSM Manager Init.
-- TRAV Manager Init.
|itpGEN:25730,29946(0)|.
[runlim] sample:		10.0 seconds, 120.4 MB
|itpGEN:2751| - nGen:1000(partial) (avg-#lits:  3.1).
itpGEN time: 16.07 s (norm 16.07 s)
 ITP (|A|=29946,|B|=28302)
ITP time limit: -1
[runlim] sample:		20.0 seconds, 163.4 MB
[runlim] sample:		30.0 seconds, 326.2 MB
[runlim] sample:		40.0 seconds, 452.7 MB
[runlim] sample:		50.0 seconds, 601.7 MB
[runlim] sample:		60.0 seconds, 712.8 MB
[runlim] sample:		70.0 seconds, 845.2 MB
[runlim] sample:		80.0 seconds, 986.2 MB
[runlim] sample:		90.0 seconds, 1133.9 MB
[runlim] sample:		100.0 seconds, 1243.7 MB
[runlim] sample:		110.0 seconds, 1435.2 MB
[runlim] sample:		120.0 seconds, 1646.6 MB
Solver stats: 57910/132180 vars/clauses (elim v/cl:0/0)
Solver stats: 4825418/867646098/330143 dec./prop./confl.
Solver stats: time = 103.57 s (norm 103.57 s)
[runlim] sample:		129.9 seconds, 1656.6 MB
[runlim] sample:		139.9 seconds, 1656.7 MB
[runlim] sample:		149.9 seconds, 1656.7 MB
[runlim] sample:		159.9 seconds, 1656.8 MB
[runlim] sample:		169.9 seconds, 1656.8 MB
[runlim] sample:		179.9 seconds, 1656.8 MB
[runlim] sample:		189.9 seconds, 1656.8 MB
[runlim] sample:		199.9 seconds, 1656.8 MB
[runlim] sample:		209.9 seconds, 1656.9 MB
[runlim] sample:		219.9 seconds, 1865.5 MB
[runlim] sample:		229.9 seconds, 2032.9 MB
[runlim] sample:		239.9 seconds, 2153.4 MB
[runlim] sample:		249.9 seconds, 2276.7 MB
[runlim] sample:		259.9 seconds, 2426.8 MB
[runlim] sample:		269.9 seconds, 2537.1 MB
[runlim] sample:		279.9 seconds, 2651.4 MB
[runlim] sample:		289.9 seconds, 2770.7 MB
[runlim] sample:		299.9 seconds, 2886.8 MB
computing interpolant from refutation proof of size 567391 (AIG nodes: 74137)
 Minisat 22 Interpolant ABORTED for failed replay
interpolant OPT: 0 (0,0)
interpolant AUXV: 0 - AIG nodes 74137
itp stats: clause terms/a/o/ao -> 0/0/0/0 - A nodes: 0 (and->or): 32767
ITP (|A|=29946,|B|=28302)
ITP time limit: -1
[runlim] sample:		309.9 seconds, 1350.0 MB
[runlim] sample:		319.9 seconds, 1350.0 MB
[runlim] sample:		329.9 seconds, 1350.0 MB
[runlim] sample:		339.8 seconds, 1351.1 MB
[runlim] sample:		349.8 seconds, 1351.6 MB
[runlim] sample:		359.8 seconds, 1351.9 MB
[runlim] sample:		369.8 seconds, 1351.9 MB
[runlim] sample:		379.8 seconds, 1351.9 MB
[runlim] sample:		389.8 seconds, 1351.9 MB
Solver stats: 57910/118901 vars/clauses
Solver stats: 3743742/594390353/218130(184231) dec./prop./confl.(small)
Solver stored decisions: 0
Solver stats: time = 96.10 s (norm 96.10 s)
computing interpolant from refutation proof of size 375006 (AIG nodes: 74137)
[runlim] sample:		399.8 seconds, 1351.9 MB
[runlim] sample:		409.8 seconds, 1352.1 MB
[runlim] sample:		419.8 seconds, 1352.1 MB
ITP proof unit res. cl,: 9796(A:6553/B:3196/AB:47 - equiv:1)
ITP proof two res. cl: 794(AB:133)
ITP core: (75367,5558 + 180804) / 375007
ITP proof core: (root: 75369,0 + chain: 180804 (res: 116270029) - ref2: 62875) / tot:375009
[runlim] sample:		429.8 seconds, 1918.1 MB
ITP proof remapped roots: 380 - eq nodes: 66079 - tot: 115105
ROOT stats - zero: 30672 - one: 44317 - lit: 378 - clause: 0
ITP proof core: (root: 380,0 + chain: 114725 (res: 3650533) - ref2: 51640) / tot:115105
ITP proof remapped roots: 380 - eq nodes: 1467 - tot: 113638
ROOT stats - zero: 0 - one: 0 - lit: 378 - clause: 0
ITP proof core: (root: 380,0 + chain: 113258 (res: 3646848) - ref2: 51301) / tot:113638
ITP proof dupv: 0 [impl: 0] - implNodes: 0
ITP proof core: (root: 380,0 + chain: 113258 (res: 3646848) - ref2: 51301) / tot:113638
[runlim] sample:		439.8 seconds, 1979.4 MB
bdd merge: 16207
ITP proof remapped roots: 380 - eq nodes: 17723 - tot: 95915
ROOT stats - zero: 0 - one: 0 - lit: 378 - clause: 0
ITP proof core: (root: 380,0 + chain: 95426 (res: 3577240) - ref2: 47710) / tot:95915
ITP proof red Simpl (impl: 0): 63837
ITP proof core: (root: 380,0 + chain: 95426 (res: 3513403) - ref2: 47710) / tot:95915
[runlim] sample:		449.8 seconds, 1979.4 MB
ITP proof remapped roots: 380 - eq nodes: 4 - tot: 95802
ROOT stats - zero: 0 - one: 0 - lit: 378 - clause: 0
ITP proof core: (root: 380,0 + chain: 95422 (res: 3513269) - ref2: 47710) / tot:95802
ITP proof dupv: 0 - implNodesOdc: 362442
ITP proof core: (root: 380,0 + chain: 95417 (res: 3150387) - ref2: 47715) / tot:95802
ITP proof dupv: 0 [impl: 0] - implNodes: 0
interpolant OPT: 0 (0,0)
interpolant AUXV: 0 - AIG nodes 3057740
interpolant stats: clause terms/a/o/ao -> 95417/0/0/95417 - A nodes: 23652 (and->or): 48
[runlim] sample:		459.8 seconds, 2216.0 MB
STRUCT ODC[AND:18]: 2976542 -> 2974782
[runlim] sample:		469.8 seconds, 2438.0 MB
[runlim] sample:		479.8 seconds, 2859.1 MB
TOT NNF SIMPL: 2974782 -> (abcBal: 1606598) -> 1597419 (1 iterations)
itp opt: 1597419 -> 1597419
AIG OPT (tot aig: 1671350): |1597419| -> [runlim] sample:		489.8 seconds, 2875.6 MB
[runlim] sample:		499.8 seconds, 2876.3 MB
[runlim] sample:		509.8 seconds, 2877.8 MB
[runlim] sample:		519.8 seconds, 2892.3 MB
[runlim] sample:		529.7 seconds, 2988.0 MB
[runlim] sample:		539.8 seconds, 3346.1 MB
[runlim] sample:		549.7 seconds, 3633.9 MB
[runlim] sample:		559.7 seconds, 3642.9 MB
[runlim] sample:		569.7 seconds, 3656.4 MB
[runlim] sample:		579.7 seconds, 3899.8 MB
[runlim] sample:		589.7 seconds, 4129.1 MB
[runlim] sample:		599.7 seconds, 4472.9 MB
[runlim] sample:		609.7 seconds, 4816.8 MB
[runlim] sample:		619.7 seconds, 5046.1 MB
[runlim] sample:		629.7 seconds, 4986.2 MB
[runlim] sample:		639.7 seconds, 4956.0 MB
[runlim] sample:		649.7 seconds, 4956.0 MB
[runlim] sample:		659.7 seconds, 4956.0 MB
[runlim] sample:		669.7 seconds, 4961.1 MB
[runlim] sample:		679.7 seconds, 4973.4 MB
[runlim] sample:		689.7 seconds, 4973.9 MB
[runlim] sample:		699.7 seconds, 4977.7 MB
[runlim] sample:		709.7 seconds, 4990.6 MB
[runlim] sample:		719.7 seconds, 5007.9 MB
[runlim] sample:		729.7 seconds, 5117.5 MB
[runlim] sample:		739.7 seconds, 5545.7 MB
[runlim] sample:		749.7 seconds, 5716.9 MB
|1398897| (tot aig: 1474785)
[runlim] sample:		759.7 seconds, 5724.1 MB
itp opt: 1398897 -> 1398897
AIG OPT (tot aig: 1474785): |1398897| -> [runlim] sample:		769.7 seconds, 5677.3 MB
[runlim] sample:		779.7 seconds, 5677.3 MB
[runlim] sample:		789.7 seconds, 5677.3 MB
[runlim] sample:		799.7 seconds, 5681.4 MB
[runlim] sample:		809.6 seconds, 5693.6 MB
[runlim] sample:		819.7 seconds, 5700.8 MB
[runlim] sample:		829.6 seconds, 5710.8 MB
[runlim] sample:		839.6 seconds, 5710.8 MB
[runlim] sample:		849.6 seconds, 5710.8 MB
[runlim] sample:		859.6 seconds, 5711.6 MB
[runlim] sample:		869.6 seconds, 5711.6 MB
[runlim] sample:		879.6 seconds, 5711.6 MB
[runlim] sample:		889.6 seconds, 5897.6 MB
|1384978| (tot aig: 1460924)
STRUCT ODC[OR:2]: 1384978 -> 1384978
[runlim] sample:		899.6 seconds, 5853.6 MB
[runlim] sample:		909.6 seconds, 5853.6 MB
TOT NNF SIMPL: 1384978 -> (abcBal: 1377248) -> 1374612 (1 iterations)
itp opt: 1374612 -> 1374612
AIG OPT (tot aig: 1450559): |1374612| -> [runlim] sample:		919.6 seconds, 5853.6 MB
[runlim] sample:		929.6 seconds, 5853.6 MB
[runlim] sample:		939.6 seconds, 5853.6 MB
[runlim] sample:		949.6 seconds, 5853.6 MB
[runlim] sample:		959.6 seconds, 5853.6 MB
[runlim] sample:		969.6 seconds, 5853.6 MB
[runlim] sample:		979.6 seconds, 5854.8 MB
[runlim] sample:		989.6 seconds, 5859.8 MB
[runlim] sample:		999.6 seconds, 5860.7 MB
[runlim] sample:		1009.6 seconds, 5860.7 MB
[runlim] sample:		1019.6 seconds, 5860.7 MB
[runlim] sample:		1029.6 seconds, 5860.7 MB
[runlim] sample:		1039.6 seconds, 5862.7 MB
|1366882| (tot aig: 1442830)
Checking inductive invariant of size. 10515

Check Done for init proved
Checking inductive invariant of size. 10515
[runlim] sample:		1049.6 seconds, 5863.1 MB
[runlim] sample:		1059.6 seconds, 5863.1 MB
[runlim] sample:		1069.6 seconds, 5863.1 MB
[runlim] sample:		1079.6 seconds, 5863.1 MB
[runlim] sample:		1089.6 seconds, 5863.1 MB
[runlim] sample:		1099.6 seconds, 5863.1 MB
[runlim] sample:		1109.6 seconds, 5863.1 MB
[runlim] sample:		1119.6 seconds, 5863.1 MB
[runlim] sample:		1129.6 seconds, 5863.1 MB
[runlim] sample:		1139.6 seconds, 5863.1 MB
[runlim] sample:		1149.6 seconds, 5863.1 MB
[runlim] sample:		1159.5 seconds, 5863.1 MB
[runlim] sample:		1169.5 seconds, 5863.1 MB
[runlim] sample:		1179.5 seconds, 5863.1 MB
[runlim] sample:		1189.5 seconds, 5863.1 MB
[runlim] sample:		1199.5 seconds, 5863.1 MB
[runlim] sample:		1209.5 seconds, 5863.1 MB
[runlim] sample:		1219.5 seconds, 5863.1 MB
[runlim] sample:		1229.5 seconds, 5863.1 MB
[runlim] sample:		1239.5 seconds, 5863.1 MB
[runlim] sample:		1249.5 seconds, 5863.1 MB
[runlim] sample:		1259.5 seconds, 5863.1 MB
[runlim] sample:		1269.5 seconds, 5863.1 MB
[runlim] sample:		1279.5 seconds, 5863.1 MB
[runlim] sample:		1289.5 seconds, 5863.1 MB
[runlim] sample:		1299.5 seconds, 5863.1 MB
[runlim] sample:		1309.5 seconds, 5863.1 MB
[runlim] sample:		1319.5 seconds, 5863.1 MB
[runlim] sample:		1329.5 seconds, 5863.1 MB
[runlim] sample:		1339.5 seconds, 5863.1 MB
[runlim] sample:		1349.5 seconds, 5863.1 MB
[runlim] sample:		1359.5 seconds, 5863.1 MB
[runlim] sample:		1369.5 seconds, 5863.1 MB
[runlim] sample:		1379.5 seconds, 5863.1 MB
[runlim] sample:		1389.5 seconds, 5863.1 MB
[runlim] sample:		1399.5 seconds, 5863.1 MB
[runlim] sample:		1409.5 seconds, 5863.1 MB
[runlim] sample:		1419.5 seconds, 5863.1 MB
[runlim] sample:		1429.5 seconds, 5863.1 MB
[runlim] sample:		1439.5 seconds, 5863.1 MB
[runlim] sample:		1449.5 seconds, 5863.1 MB
[runlim] sample:		1459.5 seconds, 5863.1 MB
[runlim] sample:		1469.5 seconds, 5863.1 MB
[runlim] sample:		1479.5 seconds, 5863.1 MB
[runlim] sample:		1489.4 seconds, 5863.1 MB
[runlim] sample:		1499.4 seconds, 5863.1 MB
[runlim] sample:		1509.4 seconds, 5863.1 MB
[runlim] sample:		1519.4 seconds, 5863.1 MB
[runlim] sample:		1529.4 seconds, 5863.1 MB
[runlim] sample:		1539.4 seconds, 5863.1 MB
[runlim] sample:		1549.4 seconds, 5863.1 MB
[runlim] sample:		1559.4 seconds, 5863.1 MB
[runlim] sample:		1569.4 seconds, 5863.1 MB
[runlim] sample:		1579.4 seconds, 5863.1 MB
[runlim] sample:		1589.4 seconds, 5863.1 MB
[runlim] sample:		1599.4 seconds, 5863.1 MB
[runlim] sample:		1609.4 seconds, 5863.1 MB
[runlim] sample:		1619.4 seconds, 5863.1 MB
[runlim] sample:		1629.4 seconds, 5863.1 MB
[runlim] sample:		1639.4 seconds, 5863.1 MB
[runlim] sample:		1649.4 seconds, 5863.1 MB
[runlim] sample:		1659.4 seconds, 5863.1 MB
[runlim] sample:		1669.4 seconds, 5863.1 MB
[runlim] sample:		1679.4 seconds, 5863.1 MB
[runlim] sample:		1689.4 seconds, 5863.1 MB
[runlim] sample:		1699.4 seconds, 5863.1 MB
[runlim] sample:		1709.4 seconds, 5863.1 MB
[runlim] sample:		1719.4 seconds, 5863.1 MB
[runlim] sample:		1729.4 seconds, 5863.1 MB
[runlim] sample:		1739.4 seconds, 5863.1 MB
[runlim] sample:		1749.4 seconds, 5863.1 MB
[runlim] sample:		1759.4 seconds, 5863.1 MB
[runlim] sample:		1769.4 seconds, 5863.1 MB
[runlim] sample:		1779.4 seconds, 5863.1 MB
[runlim] sample:		1789.3 seconds, 5863.1 MB
[runlim] sample:		1799.3 seconds, 5863.1 MB
[runlim] sample:		1809.3 seconds, 5863.1 MB
[runlim] sample:		1819.3 seconds, 5863.1 MB
[runlim] sample:		1829.3 seconds, 5863.1 MB
[runlim] sample:		1839.3 seconds, 5863.1 MB
[runlim] sample:		1849.3 seconds, 5863.1 MB
[runlim] sample:		1859.3 seconds, 5863.1 MB
[runlim] sample:		1869.3 seconds, 5863.1 MB
[runlim] sample:		1879.3 seconds, 5863.1 MB
[runlim] sample:		1889.3 seconds, 5863.1 MB
[runlim] sample:		1899.3 seconds, 5863.1 MB
[runlim] sample:		1909.3 seconds, 5863.1 MB
[runlim] sample:		1919.3 seconds, 5863.1 MB
[runlim] sample:		1929.3 seconds, 5863.1 MB
[runlim] sample:		1939.3 seconds, 5863.1 MB
[runlim] sample:		1949.3 seconds, 5863.1 MB
[runlim] sample:		1959.3 seconds, 5863.1 MB
[runlim] sample:		1969.3 seconds, 5863.1 MB
[runlim] sample:		1979.3 seconds, 5863.1 MB
[runlim] sample:		1989.3 seconds, 5863.1 MB
[runlim] sample:		1999.3 seconds, 5863.1 MB
[runlim] sample:		2009.3 seconds, 5863.1 MB
[runlim] sample:		2019.3 seconds, 5863.1 MB
[runlim] sample:		2029.3 seconds, 5863.1 MB
[runlim] sample:		2039.3 seconds, 5863.1 MB
[runlim] sample:		2049.3 seconds, 5863.1 MB
[runlim] sample:		2059.3 seconds, 5863.1 MB
[runlim] sample:		2069.3 seconds, 5863.1 MB
[runlim] sample:		2079.3 seconds, 5863.1 MB
[runlim] sample:		2089.3 seconds, 5863.1 MB
[runlim] sample:		2099.2 seconds, 5863.1 MB
[runlim] sample:		2109.2 seconds, 5863.1 MB
[runlim] sample:		2119.2 seconds, 5863.1 MB
[runlim] sample:		2129.2 seconds, 5863.1 MB
[runlim] sample:		2139.2 seconds, 5863.1 MB
[runlim] sample:		2149.2 seconds, 5863.1 MB
[runlim] sample:		2159.2 seconds, 5863.1 MB
[runlim] sample:		2169.2 seconds, 5863.1 MB
[runlim] sample:		2179.2 seconds, 5863.1 MB
[runlim] sample:		2189.2 seconds, 5863.1 MB
[runlim] sample:		2199.2 seconds, 5863.1 MB
[runlim] sample:		2209.2 seconds, 5863.1 MB
[runlim] sample:		2219.2 seconds, 5863.1 MB
[runlim] sample:		2229.2 seconds, 5863.1 MB
[runlim] sample:		2239.2 seconds, 5863.1 MB
[runlim] sample:		2249.2 seconds, 5863.1 MB
[runlim] sample:		2259.2 seconds, 5863.1 MB
[runlim] sample:		2269.2 seconds, 5863.1 MB
[runlim] sample:		2279.2 seconds, 5863.1 MB
[runlim] sample:		2289.2 seconds, 5863.1 MB
[runlim] sample:		2299.2 seconds, 5863.1 MB
[runlim] sample:		2309.2 seconds, 5863.1 MB
[runlim] sample:		2319.2 seconds, 5863.1 MB
[runlim] sample:		2329.2 seconds, 5863.1 MB
[runlim] sample:		2339.2 seconds, 5863.1 MB
[runlim] sample:		2349.2 seconds, 5863.1 MB
[runlim] sample:		2359.2 seconds, 5863.1 MB
[runlim] sample:		2369.2 seconds, 5863.1 MB
[runlim] sample:		2379.2 seconds, 5863.1 MB
[runlim] sample:		2389.2 seconds, 5863.1 MB
[runlim] sample:		2399.2 seconds, 5863.1 MB
[runlim] sample:		2409.2 seconds, 5863.1 MB
[runlim] sample:		2419.2 seconds, 5863.1 MB
[runlim] sample:		2429.2 seconds, 5863.1 MB
[runlim] sample:		2439.2 seconds, 5863.1 MB
[runlim] sample:		2449.2 seconds, 5863.1 MB
[runlim] sample:		2459.2 seconds, 5863.1 MB
[runlim] sample:		2469.1 seconds, 5863.1 MB
[runlim] sample:		2479.1 seconds, 5863.1 MB
[runlim] sample:		2489.1 seconds, 5863.1 MB
[runlim] sample:		2499.1 seconds, 5863.1 MB
[runlim] sample:		2509.1 seconds, 5863.1 MB
[runlim] sample:		2519.1 seconds, 5863.1 MB
[runlim] sample:		2529.1 seconds, 5863.1 MB
[runlim] sample:		2539.1 seconds, 5863.1 MB
[runlim] sample:		2549.1 seconds, 5863.1 MB
[runlim] sample:		2559.1 seconds, 5863.1 MB
[runlim] sample:		2569.1 seconds, 5863.1 MB
[runlim] sample:		2579.1 seconds, 5863.1 MB
[runlim] sample:		2589.1 seconds, 5863.1 MB
[runlim] sample:		2599.1 seconds, 5863.1 MB
[runlim] sample:		2609.1 seconds, 5863.1 MB
[runlim] sample:		2619.1 seconds, 5863.1 MB
[runlim] sample:		2629.1 seconds, 5863.1 MB
[runlim] sample:		2639.1 seconds, 5863.1 MB
[runlim] sample:		2649.1 seconds, 5863.1 MB
[runlim] sample:		2659.1 seconds, 5863.1 MB
[runlim] sample:		2669.1 seconds, 5863.1 MB
[runlim] sample:		2679.1 seconds, 5863.1 MB
[runlim] sample:		2689.1 seconds, 5863.1 MB
[runlim] sample:		2699.1 seconds, 5863.1 MB
[runlim] sample:		2709.1 seconds, 5863.1 MB
[runlim] sample:		2719.1 seconds, 5863.1 MB
[runlim] sample:		2729.1 seconds, 5863.1 MB
[runlim] sample:		2739.1 seconds, 5863.1 MB
[runlim] sample:		2749.1 seconds, 5863.1 MB
[runlim] sample:		2759.1 seconds, 5863.1 MB
[runlim] sample:		2769.0 seconds, 5863.1 MB
[runlim] sample:		2779.0 seconds, 5863.1 MB
[runlim] sample:		2789.0 seconds, 5863.1 MB
[runlim] sample:		2799.0 seconds, 5863.1 MB
[runlim] sample:		2809.0 seconds, 5863.1 MB
[runlim] sample:		2819.0 seconds, 5863.1 MB
[runlim] sample:		2829.0 seconds, 5863.1 MB
[runlim] sample:		2839.0 seconds, 5863.1 MB
[runlim] sample:		2849.0 seconds, 5863.1 MB
[runlim] sample:		2859.0 seconds, 5863.1 MB
[runlim] sample:		2869.0 seconds, 5863.1 MB
[runlim] sample:		2879.0 seconds, 5863.1 MB
[runlim] sample:		2889.0 seconds, 5863.1 MB
[runlim] sample:		2899.0 seconds, 5863.1 MB
[runlim] sample:		2909.0 seconds, 5863.1 MB
[runlim] sample:		2919.0 seconds, 5863.1 MB
[runlim] sample:		2929.0 seconds, 5863.1 MB
[runlim] sample:		2939.0 seconds, 5863.1 MB
[runlim] sample:		2949.0 seconds, 5863.1 MB
[runlim] sample:		2959.0 seconds, 5863.1 MB
[runlim] sample:		2969.0 seconds, 5863.1 MB
[runlim] sample:		2979.0 seconds, 5863.1 MB
[runlim] sample:		2989.0 seconds, 5863.1 MB
[runlim] sample:		2999.0 seconds, 5863.1 MB
[runlim] sample:		3009.0 seconds, 5863.1 MB
[runlim] sample:		3019.0 seconds, 5863.1 MB
[runlim] sample:		3029.0 seconds, 5863.1 MB
[runlim] sample:		3039.0 seconds, 5863.1 MB
[runlim] sample:		3049.0 seconds, 5863.1 MB
[runlim] sample:		3058.9 seconds, 5863.1 MB
[runlim] sample:		3068.9 seconds, 5863.1 MB
[runlim] sample:		3078.9 seconds, 5863.1 MB
[runlim] sample:		3088.9 seconds, 5863.1 MB
[runlim] sample:		3098.9 seconds, 5863.1 MB
[runlim] sample:		3108.9 seconds, 5863.1 MB
[runlim] sample:		3118.9 seconds, 5863.1 MB
[runlim] sample:		3128.9 seconds, 5863.1 MB
[runlim] sample:		3138.9 seconds, 5863.1 MB
[runlim] sample:		3148.9 seconds, 5863.1 MB
[runlim] sample:		3158.9 seconds, 5863.1 MB
[runlim] sample:		3168.9 seconds, 5863.1 MB
[runlim] sample:		3178.9 seconds, 5863.1 MB
[runlim] sample:		3188.9 seconds, 5863.1 MB
[runlim] sample:		3198.9 seconds, 5863.1 MB
[runlim] sample:		3208.9 seconds, 5863.1 MB
[runlim] sample:		3218.9 seconds, 5863.1 MB
[runlim] sample:		3228.9 seconds, 5863.1 MB
[runlim] sample:		3238.9 seconds, 5863.1 MB
[runlim] sample:		3248.9 seconds, 5863.1 MB
[runlim] sample:		3258.9 seconds, 5863.1 MB
[runlim] sample:		3268.9 seconds, 5863.1 MB
[runlim] sample:		3278.9 seconds, 5863.1 MB
[runlim] sample:		3288.9 seconds, 5863.1 MB
[runlim] sample:		3298.9 seconds, 5863.1 MB
[runlim] sample:		3308.9 seconds, 5863.1 MB
[runlim] sample:		3318.9 seconds, 5863.1 MB
[runlim] sample:		3328.9 seconds, 5863.1 MB
[runlim] sample:		3338.9 seconds, 5863.1 MB
[runlim] sample:		3348.9 seconds, 5863.1 MB
[runlim] sample:		3358.9 seconds, 5863.1 MB
[runlim] sample:		3368.9 seconds, 5863.1 MB
[runlim] sample:		3378.9 seconds, 5863.1 MB
[runlim] sample:		3388.8 seconds, 5863.1 MB
[runlim] sample:		3398.8 seconds, 5863.1 MB
[runlim] sample:		3408.8 seconds, 5863.1 MB
[runlim] sample:		3418.8 seconds, 5863.1 MB
[runlim] sample:		3428.8 seconds, 5863.1 MB
[runlim] sample:		3438.8 seconds, 5863.1 MB
[runlim] sample:		3448.8 seconds, 5863.1 MB
[runlim] sample:		3458.8 seconds, 5863.1 MB
[runlim] sample:		3468.8 seconds, 5863.1 MB
[runlim] sample:		3478.8 seconds, 5863.1 MB
[runlim] sample:		3488.8 seconds, 5863.1 MB
[runlim] sample:		3498.8 seconds, 5863.1 MB
[runlim] sample:		3508.8 seconds, 5863.1 MB
[runlim] sample:		3518.8 seconds, 5863.1 MB
[runlim] sample:		3528.8 seconds, 5863.1 MB
[runlim] sample:		3538.8 seconds, 5863.1 MB
[runlim] sample:		3548.8 seconds, 5863.1 MB
[runlim] sample:		3558.8 seconds, 5863.1 MB
[runlim] sample:		3568.8 seconds, 5863.1 MB
[runlim] sample:		3578.8 seconds, 5863.1 MB
[runlim] sample:		3588.8 seconds, 5863.1 MB
[runlim] sample:		3598.8 seconds, 5863.1 MB
[runlim] sample:		3608.8 seconds, 5863.1 MB
[runlim] sample:		3618.8 seconds, 5863.1 MB
[runlim] sample:		3628.8 seconds, 5863.1 MB
[runlim] sample:		3638.8 seconds, 5863.1 MB
[runlim] sample:		3648.8 seconds, 5863.1 MB
[runlim] sample:		3658.8 seconds, 5863.1 MB
[runlim] sample:		3668.8 seconds, 5863.1 MB
[runlim] sample:		3678.8 seconds, 5863.1 MB
[runlim] sample:		3688.8 seconds, 5863.1 MB
[runlim] sample:		3698.8 seconds, 5863.1 MB
[runlim] sample:		3708.8 seconds, 5863.1 MB
[runlim] sample:		3718.8 seconds, 5863.1 MB
[runlim] sample:		3728.7 seconds, 5863.1 MB
[runlim] sample:		3738.7 seconds, 5863.1 MB
[runlim] sample:		3748.7 seconds, 5863.1 MB
[runlim] sample:		3758.7 seconds, 5863.1 MB
[runlim] sample:		3768.7 seconds, 5863.1 MB
[runlim] sample:		3778.7 seconds, 5863.1 MB
[runlim] sample:		3788.7 seconds, 5863.1 MB
[runlim] sample:		3798.7 seconds, 5863.1 MB
[runlim] sample:		3808.7 seconds, 5863.1 MB
[runlim] sample:		3818.7 seconds, 5863.1 MB
[runlim] sample:		3828.7 seconds, 5863.1 MB
[runlim] sample:		3838.7 seconds, 5863.1 MB
[runlim] sample:		3848.7 seconds, 5863.1 MB
[runlim] sample:		3858.7 seconds, 5863.1 MB
[runlim] sample:		3868.7 seconds, 5863.1 MB
[runlim] sample:		3878.7 seconds, 5863.1 MB
[runlim] sample:		3888.7 seconds, 5863.1 MB
[runlim] sample:		3898.7 seconds, 5863.1 MB
[runlim] sample:		3908.7 seconds, 5863.1 MB
[runlim] sample:		3918.7 seconds, 5863.1 MB
[runlim] sample:		3928.7 seconds, 5863.1 MB
[runlim] sample:		3938.7 seconds, 5863.1 MB
[runlim] sample:		3948.7 seconds, 5863.1 MB
[runlim] sample:		3958.7 seconds, 5863.1 MB
[runlim] sample:		3968.7 seconds, 5863.1 MB
[runlim] sample:		3978.7 seconds, 5863.1 MB
[runlim] sample:		3988.7 seconds, 5863.1 MB
[runlim] sample:		3998.7 seconds, 5863.1 MB
[runlim] sample:		4008.7 seconds, 5863.1 MB
[runlim] sample:		4018.7 seconds, 5863.1 MB
[runlim] sample:		4028.6 seconds, 5863.1 MB
[runlim] sample:		4038.6 seconds, 5863.1 MB
[runlim] sample:		4048.7 seconds, 5863.1 MB
[runlim] sample:		4058.6 seconds, 5863.1 MB
[runlim] sample:		4068.6 seconds, 5863.1 MB
[runlim] sample:		4078.6 seconds, 5863.1 MB
[runlim] sample:		4088.6 seconds, 5863.1 MB
[runlim] sample:		4098.6 seconds, 5863.1 MB
[runlim] sample:		4108.6 seconds, 5863.1 MB
[runlim] sample:		4118.6 seconds, 5863.1 MB
[runlim] sample:		4128.6 seconds, 5863.1 MB
[runlim] sample:		4138.6 seconds, 5863.1 MB
[runlim] sample:		4148.6 seconds, 5863.1 MB
[runlim] sample:		4158.6 seconds, 5863.1 MB
[runlim] sample:		4168.6 seconds, 5863.1 MB
[runlim] sample:		4178.6 seconds, 5863.1 MB
[runlim] sample:		4188.6 seconds, 5863.1 MB
[runlim] sample:		4198.6 seconds, 5863.1 MB
[runlim] sample:		4208.6 seconds, 5863.1 MB
[runlim] sample:		4218.6 seconds, 5863.1 MB
[runlim] sample:		4228.6 seconds, 5863.1 MB
[runlim] sample:		4238.6 seconds, 5863.1 MB
[runlim] sample:		4248.6 seconds, 5863.1 MB
[runlim] sample:		4258.6 seconds, 5863.1 MB
[runlim] sample:		4268.6 seconds, 5863.1 MB
[runlim] sample:		4278.6 seconds, 5863.1 MB
[runlim] sample:		4288.6 seconds, 5863.1 MB
[runlim] sample:		4298.6 seconds, 5863.1 MB
[runlim] sample:		4308.6 seconds, 5863.1 MB
[runlim] sample:		4318.6 seconds, 5863.1 MB
[runlim] sample:		4328.6 seconds, 5863.1 MB
[runlim] sample:		4338.6 seconds, 5863.1 MB
[runlim] sample:		4348.6 seconds, 5863.1 MB
[runlim] sample:		4358.5 seconds, 5863.1 MB
[runlim] sample:		4368.5 seconds, 5863.1 MB
[runlim] sample:		4378.5 seconds, 5863.1 MB
[runlim] sample:		4388.5 seconds, 5863.1 MB
[runlim] sample:		4398.5 seconds, 5863.1 MB
[runlim] sample:		4408.5 seconds, 5863.1 MB
[runlim] sample:		4418.5 seconds, 5863.1 MB
[runlim] sample:		4428.5 seconds, 5863.1 MB
[runlim] sample:		4438.5 seconds, 5863.1 MB
[runlim] sample:		4448.5 seconds, 5863.1 MB
[runlim] sample:		4458.5 seconds, 5863.1 MB
[runlim] sample:		4468.5 seconds, 5863.1 MB
[runlim] sample:		4478.5 seconds, 5863.1 MB
[runlim] sample:		4488.5 seconds, 5863.1 MB
[runlim] sample:		4498.5 seconds, 5863.1 MB
[runlim] sample:		4508.5 seconds, 5863.1 MB
[runlim] sample:		4518.5 seconds, 5863.1 MB
[runlim] sample:		4528.5 seconds, 5863.1 MB
[runlim] sample:		4538.5 seconds, 5863.1 MB
[runlim] sample:		4548.5 seconds, 5863.1 MB
[runlim] sample:		4558.5 seconds, 5863.1 MB
[runlim] sample:		4568.5 seconds, 5863.1 MB
[runlim] sample:		4578.5 seconds, 5863.1 MB
[runlim] sample:		4588.5 seconds, 5863.1 MB
[runlim] sample:		4598.5 seconds, 5863.1 MB
[runlim] sample:		4608.5 seconds, 5863.1 MB
[runlim] sample:		4618.5 seconds, 5863.1 MB
[runlim] sample:		4628.5 seconds, 5863.1 MB
[runlim] sample:		4638.5 seconds, 5863.1 MB
[runlim] sample:		4648.5 seconds, 5863.1 MB
[runlim] sample:		4658.5 seconds, 5863.1 MB
[runlim] sample:		4668.4 seconds, 5863.1 MB
[runlim] sample:		4678.4 seconds, 5863.1 MB
[runlim] sample:		4688.4 seconds, 5863.1 MB
[runlim] sample:		4698.4 seconds, 5863.1 MB
[runlim] sample:		4708.4 seconds, 5863.1 MB
[runlim] sample:		4718.4 seconds, 5863.1 MB
[runlim] sample:		4728.4 seconds, 5863.1 MB
[runlim] sample:		4738.4 seconds, 5863.1 MB
[runlim] sample:		4748.4 seconds, 5863.1 MB
[runlim] sample:		4758.4 seconds, 5863.1 MB
[runlim] sample:		4768.4 seconds, 5863.1 MB
[runlim] sample:		4778.4 seconds, 5863.1 MB
[runlim] sample:		4788.4 seconds, 5863.1 MB
[runlim] sample:		4798.4 seconds, 5863.1 MB
[runlim] sample:		4808.4 seconds, 5863.1 MB
[runlim] sample:		4818.4 seconds, 5863.1 MB
[runlim] sample:		4828.4 seconds, 5863.1 MB
[runlim] sample:		4838.4 seconds, 5863.1 MB
[runlim] sample:		4848.4 seconds, 5863.1 MB
[runlim] sample:		4858.4 seconds, 5863.1 MB
[runlim] sample:		4868.4 seconds, 5863.1 MB
[runlim] sample:		4878.4 seconds, 5863.1 MB
[runlim] sample:		4888.4 seconds, 5863.1 MB
[runlim] sample:		4898.4 seconds, 5863.1 MB
[runlim] sample:		4908.4 seconds, 5863.1 MB
[runlim] sample:		4918.4 seconds, 5863.1 MB
[runlim] sample:		4928.4 seconds, 5863.1 MB
[runlim] sample:		4938.4 seconds, 5863.1 MB
[runlim] sample:		4948.4 seconds, 5863.1 MB
[runlim] sample:		4958.4 seconds, 5863.1 MB
[runlim] sample:		4968.4 seconds, 5863.1 MB
[runlim] sample:		4978.4 seconds, 5863.1 MB
[runlim] sample:		4988.4 seconds, 5863.1 MB
[runlim] sample:		4998.3 seconds, 5863.1 MB
[runlim] sample:		5008.3 seconds, 5863.1 MB
[runlim] sample:		5018.3 seconds, 5863.1 MB
[runlim] sample:		5028.3 seconds, 5863.1 MB
[runlim] sample:		5038.3 seconds, 5863.1 MB
[runlim] sample:		5048.3 seconds, 5863.1 MB
[runlim] sample:		5058.3 seconds, 5863.1 MB
[runlim] sample:		5068.3 seconds, 5863.1 MB
[runlim] sample:		5078.3 seconds, 5863.1 MB
[runlim] sample:		5088.3 seconds, 5863.1 MB
[runlim] sample:		5098.3 seconds, 5863.1 MB
[runlim] sample:		5108.3 seconds, 5863.1 MB
[runlim] sample:		5118.3 seconds, 5863.1 MB
[runlim] sample:		5128.3 seconds, 5863.1 MB
[runlim] sample:		5138.3 seconds, 5863.1 MB
[runlim] sample:		5148.3 seconds, 5863.1 MB
[runlim] sample:		5158.3 seconds, 5863.1 MB
[runlim] sample:		5168.3 seconds, 5863.1 MB
[runlim] sample:		5178.3 seconds, 5863.1 MB
[runlim] sample:		5188.3 seconds, 5863.1 MB
[runlim] sample:		5198.3 seconds, 5863.1 MB
[runlim] sample:		5208.3 seconds, 5863.1 MB
[runlim] sample:		5218.3 seconds, 5863.1 MB
[runlim] sample:		5228.3 seconds, 5863.1 MB
[runlim] sample:		5238.3 seconds, 5863.1 MB
[runlim] sample:		5248.3 seconds, 5863.1 MB
[runlim] sample:		5258.3 seconds, 5863.1 MB
[runlim] sample:		5268.3 seconds, 5863.1 MB
[runlim] sample:		5278.3 seconds, 5863.1 MB
[runlim] sample:		5288.3 seconds, 5863.1 MB
[runlim] sample:		5298.2 seconds, 5863.1 MB
[runlim] sample:		5308.2 seconds, 5863.1 MB
[runlim] sample:		5318.2 seconds, 5863.1 MB
[runlim] sample:		5328.2 seconds, 5863.1 MB
[runlim] sample:		5338.2 seconds, 5863.1 MB
[runlim] sample:		5348.2 seconds, 5863.1 MB
[runlim] sample:		5358.2 seconds, 5863.1 MB
[runlim] sample:		5368.2 seconds, 5863.1 MB
[runlim] sample:		5378.2 seconds, 5863.1 MB
[runlim] sample:		5388.2 seconds, 5863.1 MB
[runlim] sample:		5398.2 seconds, 5863.1 MB
[runlim] sample:		5408.2 seconds, 5863.1 MB
[runlim] sample:		5418.2 seconds, 5863.1 MB
[runlim] sample:		5428.2 seconds, 5863.1 MB
[runlim] sample:		5438.2 seconds, 5863.1 MB
[runlim] sample:		5448.2 seconds, 5863.1 MB
[runlim] sample:		5458.2 seconds, 5863.1 MB
[runlim] sample:		5468.2 seconds, 5863.1 MB
[runlim] sample:		5478.2 seconds, 5863.1 MB
[runlim] sample:		5488.2 seconds, 5863.1 MB
[runlim] sample:		5498.2 seconds, 5863.1 MB
[runlim] sample:		5508.2 seconds, 5863.1 MB
[runlim] sample:		5518.2 seconds, 5863.1 MB
[runlim] sample:		5528.2 seconds, 5863.1 MB
[runlim] sample:		5538.2 seconds, 5863.1 MB
[runlim] sample:		5548.2 seconds, 5863.1 MB
[runlim] sample:		5558.2 seconds, 5863.1 MB
[runlim] sample:		5568.2 seconds, 5863.1 MB
[runlim] sample:		5578.2 seconds, 5863.1 MB
[runlim] sample:		5588.2 seconds, 5863.1 MB
[runlim] sample:		5598.2 seconds, 5863.1 MB
[runlim] sample:		5608.2 seconds, 5863.1 MB
[runlim] sample:		5618.2 seconds, 5863.1 MB
[runlim] sample:		5628.1 seconds, 5863.1 MB
[runlim] sample:		5638.1 seconds, 5863.1 MB
[runlim] sample:		5648.1 seconds, 5863.1 MB
[runlim] sample:		5658.1 seconds, 5863.1 MB
[runlim] sample:		5668.1 seconds, 5863.1 MB
[runlim] sample:		5678.1 seconds, 5863.1 MB
[runlim] sample:		5688.1 seconds, 5863.1 MB
[runlim] sample:		5698.1 seconds, 5863.1 MB
[runlim] sample:		5708.1 seconds, 5863.1 MB
[runlim] sample:		5718.1 seconds, 5863.1 MB
[runlim] sample:		5728.1 seconds, 5863.1 MB
[runlim] sample:		5738.1 seconds, 5863.1 MB
[runlim] sample:		5748.1 seconds, 5863.1 MB
[runlim] sample:		5758.1 seconds, 5863.1 MB
[runlim] sample:		5768.1 seconds, 5863.1 MB
[runlim] sample:		5778.1 seconds, 5863.1 MB
[runlim] sample:		5788.1 seconds, 5863.1 MB
[runlim] sample:		5798.1 seconds, 5863.1 MB
[runlim] sample:		5808.1 seconds, 5863.1 MB
[runlim] sample:		5818.1 seconds, 5863.1 MB
[runlim] sample:		5828.1 seconds, 5863.1 MB
[runlim] sample:		5838.1 seconds, 5863.1 MB
[runlim] sample:		5848.1 seconds, 5863.1 MB
[runlim] sample:		5858.1 seconds, 5863.1 MB
[runlim] sample:		5868.1 seconds, 5863.1 MB
[runlim] sample:		5878.1 seconds, 5863.1 MB
[runlim] sample:		5888.1 seconds, 5863.1 MB
[runlim] sample:		5898.1 seconds, 5863.1 MB
[runlim] sample:		5908.1 seconds, 5863.1 MB
[runlim] sample:		5918.1 seconds, 5863.1 MB
[runlim] sample:		5928.1 seconds, 5863.1 MB
[runlim] sample:		5938.1 seconds, 5863.1 MB
[runlim] sample:		5948.1 seconds, 5863.1 MB
[runlim] sample:		5958.1 seconds, 5863.1 MB
[runlim] sample:		5968.1 seconds, 5863.1 MB
[runlim] sample:		5978.1 seconds, 5863.1 MB
[runlim] sample:		5988.0 seconds, 5863.1 MB
[runlim] sample:		5998.0 seconds, 5863.1 MB
[runlim] sample:		6008.0 seconds, 5863.1 MB
[runlim] sample:		6018.0 seconds, 5863.1 MB
[runlim] sample:		6028.0 seconds, 5863.1 MB
[runlim] sample:		6038.0 seconds, 5863.1 MB
[runlim] sample:		6048.0 seconds, 5863.1 MB
[runlim] sample:		6058.0 seconds, 5863.1 MB
[runlim] sample:		6068.0 seconds, 5863.1 MB
[runlim] sample:		6078.0 seconds, 5863.1 MB
[runlim] sample:		6088.0 seconds, 5863.1 MB
[runlim] sample:		6098.0 seconds, 5863.1 MB
[runlim] sample:		6108.0 seconds, 5863.1 MB
[runlim] sample:		6118.0 seconds, 5863.1 MB
[runlim] sample:		6128.0 seconds, 5863.1 MB
[runlim] sample:		6138.0 seconds, 5863.1 MB
[runlim] sample:		6148.0 seconds, 5863.1 MB
[runlim] sample:		6158.0 seconds, 5863.1 MB
[runlim] sample:		6168.0 seconds, 5863.1 MB
[runlim] sample:		6178.0 seconds, 5863.1 MB
[runlim] sample:		6188.0 seconds, 5863.1 MB
[runlim] sample:		6198.0 seconds, 5863.1 MB
[runlim] sample:		6208.0 seconds, 5863.1 MB
[runlim] sample:		6218.0 seconds, 5863.1 MB
[runlim] sample:		6228.0 seconds, 5863.1 MB
[runlim] sample:		6238.0 seconds, 5863.1 MB
[runlim] sample:		6248.0 seconds, 5863.1 MB
[runlim] sample:		6257.9 seconds, 5863.1 MB
[runlim] sample:		6267.9 seconds, 5863.1 MB
[runlim] sample:		6277.9 seconds, 5863.1 MB
[runlim] sample:		6287.9 seconds, 5863.1 MB
[runlim] sample:		6297.9 seconds, 5863.1 MB
[runlim] sample:		6307.9 seconds, 5863.1 MB
[runlim] sample:		6317.9 seconds, 5863.1 MB
[runlim] sample:		6327.9 seconds, 5863.1 MB
[runlim] sample:		6337.9 seconds, 5863.1 MB
[runlim] sample:		6347.9 seconds, 5863.1 MB
[runlim] sample:		6357.9 seconds, 5863.1 MB
[runlim] sample:		6367.9 seconds, 5863.1 MB
[runlim] sample:		6377.9 seconds, 5863.1 MB
[runlim] sample:		6387.9 seconds, 5863.1 MB
[runlim] sample:		6397.9 seconds, 5863.1 MB
[runlim] sample:		6407.9 seconds, 5863.1 MB
[runlim] sample:		6417.9 seconds, 5863.1 MB
[runlim] sample:		6427.9 seconds, 5863.1 MB
[runlim] sample:		6437.9 seconds, 5863.1 MB
[runlim] sample:		6447.9 seconds, 5863.1 MB
[runlim] sample:		6457.9 seconds, 5863.1 MB
[runlim] sample:		6467.9 seconds, 5863.1 MB
[runlim] sample:		6477.9 seconds, 5863.1 MB
[runlim] sample:		6487.9 seconds, 5863.1 MB
[runlim] sample:		6497.9 seconds, 5863.1 MB
[runlim] sample:		6507.9 seconds, 5863.1 MB
[runlim] sample:		6517.9 seconds, 5863.1 MB
[runlim] sample:		6527.9 seconds, 5863.1 MB
[runlim] sample:		6537.9 seconds, 5863.1 MB
[runlim] sample:		6547.9 seconds, 5863.1 MB
[runlim] sample:		6557.9 seconds, 5863.1 MB
[runlim] sample:		6567.9 seconds, 5863.1 MB
[runlim] sample:		6577.9 seconds, 5863.1 MB
[runlim] sample:		6587.9 seconds, 5863.1 MB
[runlim] sample:		6597.9 seconds, 5863.1 MB
[runlim] sample:		6607.9 seconds, 5863.1 MB
[runlim] sample:		6617.8 seconds, 5863.1 MB
[runlim] sample:		6627.8 seconds, 5863.1 MB
[runlim] sample:		6637.8 seconds, 5863.1 MB
[runlim] sample:		6647.8 seconds, 5863.1 MB
[runlim] sample:		6657.8 seconds, 5863.1 MB
[runlim] sample:		6667.8 seconds, 5863.1 MB
[runlim] sample:		6677.8 seconds, 5863.1 MB
[runlim] sample:		6687.8 seconds, 5863.1 MB
[runlim] sample:		6697.8 seconds, 5863.1 MB
[runlim] sample:		6707.8 seconds, 5863.1 MB
[runlim] sample:		6717.8 seconds, 5863.1 MB
[runlim] sample:		6727.8 seconds, 5863.1 MB
[runlim] sample:		6737.8 seconds, 5863.1 MB
[runlim] sample:		6747.8 seconds, 5863.1 MB
[runlim] sample:		6757.8 seconds, 5863.1 MB
[runlim] sample:		6767.8 seconds, 5863.1 MB
[runlim] sample:		6777.8 seconds, 5863.1 MB
[runlim] sample:		6787.8 seconds, 5863.1 MB
[runlim] sample:		6797.8 seconds, 5863.1 MB
[runlim] sample:		6807.8 seconds, 5863.1 MB
[runlim] sample:		6817.8 seconds, 5863.1 MB
[runlim] sample:		6827.8 seconds, 5863.1 MB
[runlim] sample:		6837.8 seconds, 5863.1 MB
[runlim] sample:		6847.8 seconds, 5863.1 MB
[runlim] sample:		6857.8 seconds, 5863.1 MB
[runlim] sample:		6867.8 seconds, 5863.1 MB
[runlim] sample:		6877.8 seconds, 5863.1 MB
[runlim] sample:		6887.8 seconds, 5863.1 MB
[runlim] sample:		6897.8 seconds, 5863.1 MB
[runlim] sample:		6907.8 seconds, 5863.1 MB
[runlim] sample:		6917.8 seconds, 5863.1 MB
[runlim] sample:		6927.8 seconds, 5863.1 MB
[runlim] sample:		6937.7 seconds, 5863.1 MB
[runlim] sample:		6947.7 seconds, 5863.1 MB
[runlim] sample:		6957.7 seconds, 5863.1 MB
[runlim] sample:		6967.7 seconds, 5863.1 MB
[runlim] sample:		6977.7 seconds, 5863.1 MB
[runlim] sample:		6987.7 seconds, 5863.1 MB
[runlim] sample:		6997.7 seconds, 5863.1 MB
[runlim] sample:		7007.7 seconds, 5863.1 MB
[runlim] sample:		7017.7 seconds, 5863.1 MB
[runlim] sample:		7027.7 seconds, 5863.1 MB
[runlim] sample:		7037.7 seconds, 5863.1 MB
[runlim] sample:		7047.7 seconds, 5863.1 MB
[runlim] sample:		7057.7 seconds, 5863.1 MB
[runlim] sample:		7067.7 seconds, 5863.1 MB
[runlim] sample:		7077.7 seconds, 5863.1 MB
[runlim] sample:		7087.7 seconds, 5863.1 MB
[runlim] sample:		7097.7 seconds, 5863.1 MB
[runlim] sample:		7107.7 seconds, 5863.1 MB
[runlim] sample:		7117.7 seconds, 5863.1 MB
[runlim] sample:		7127.7 seconds, 5863.1 MB
[runlim] sample:		7137.7 seconds, 5863.1 MB
[runlim] sample:		7147.7 seconds, 5863.1 MB
[runlim] sample:		7157.7 seconds, 5863.1 MB
[runlim] sample:		7167.7 seconds, 5863.1 MB
[runlim] sample:		7177.7 seconds, 5863.1 MB
[runlim] sample:		7187.7 seconds, 5863.1 MB
[runlim] end:			Mon Dec 22 05:17:07 2025
[runlim] status:		out of time
[runlim] result:		1
[runlim] children:		0
[runlim] real:			7200.34 seconds
[runlim] time:			7197.47 seconds
[runlim] space:			5904.6 MB
[runlim] samples:		71998
