[runlim] version:		1.7
[runlim] time limit:		311040000 seconds
[runlim] real time limit:	3600 seconds
[runlim] space limit:		32767 MB
[runlim] argv[0]:		./pdtapp
[runlim] argv[1]:		certify
[runlim] argv[2]:		-f
[runlim] argv[3]:		2
[runlim] argv[4]:		-w
[runlim] argv[5]:		./proc_invariants_pa/6s120.stf2.aig
[runlim] argv[6]:		../pdtinv25/benchmarks/stf2/6s120.stf2.aig
[runlim] argv[7]:		./invariants_pa/6s120.stf2.aig
[runlim] start:			Sun Dec 21 14:46:06 2025
[runlim] main pid:		10978
certify app: -f -w ../pdtinv25/benchmarks/stf2/6s120.stf2.aig ./invariants_pa/6s120.stf2.aig
-- App Manager Init.
-- DDI Manager Init.
-- FSM Manager Init.
-- TRAV Manager Init.
|itpGEN:4133,4756(0)|.
|itpGEN:259| - nGen:107 (avg-#lits:  2.1).
itpGEN time: 0.97 s (norm 0.97 s)
 Checking inductive invariant of size. 205

Check Done for init proved
Checking inductive invariant of size. 205

Check Done invariant proved - time: 0.53 s (norm 0.53 s)
Checking property of size. 3539

Check Done property proved - time: 0.19 s (norm 0.19 s)
Writing invar of size 351 to ./proc_invariants_pa/6s120.stf2.aig
-- App Manager Quit.
-- TRAV Manager Quit.
-- FSM Manager Quit.
-- DDI Manager Quit.
[runlim] end:			Sun Dec 21 14:46:08 2025
[runlim] status:		ok
[runlim] result:		0
[runlim] children:		0
[runlim] real:			2.67 seconds
[runlim] time:			1.68 seconds
[runlim] space:			83.3 MB
[runlim] samples:		17
