[runlim] version:		1.7
[runlim] time limit:		311040000 seconds
[runlim] real time limit:	3600 seconds
[runlim] space limit:		32767 MB
[runlim] argv[0]:		./pdtapp
[runlim] argv[1]:		certify
[runlim] argv[2]:		-f
[runlim] argv[3]:		2
[runlim] argv[4]:		-w
[runlim] argv[5]:		./proc_invariants_pa/6s275rb318.stf2.aig
[runlim] argv[6]:		../pdtinv25/benchmarks/stf2/6s275rb318.stf2.aig
[runlim] argv[7]:		./invariants_pa/6s275rb318.stf2.aig
[runlim] start:			Sun Dec 21 15:23:07 2025
[runlim] main pid:		11998
certify app: -f -w ../pdtinv25/benchmarks/stf2/6s275rb318.stf2.aig ./invariants_pa/6s275rb318.stf2.aig
-- App Manager Init.
-- DDI Manager Init.
-- FSM Manager Init.
-- TRAV Manager Init.
|itpGEN:1005,35187(0)|.
|itpGEN:2691| - nGen:1000(partial) (avg-#lits:  2.9).
itpGEN time: 3.39 s (norm 3.39 s)
 ITP (|A|=35187,|B|=3646)
ITP time limit: -1
Solver stats: 38145/78159 vars/clauses (elim v/cl:0/0)
Solver stats: 3934/234973/78 dec./prop./confl.
Solver stats: time = 0.01 s (norm 0.01 s)
computing interpolant from refutation proof of size 89 (AIG nodes: 64932)
RES PROOF REMOVED 1 redundant  literals
REMOVED: 1
RES PROOF RECYCL PIV. REMOVED 89 resolutions
RESTRUCT PROOF REMOVED 4 redundant resolutions
RES PROOF PROCESSED: 15410 A, 3109 B, 11991 resA, 1992 resB, 291 res (tot: 32793)
RES PROOF has 1757 core and 31036 out of core nodes
RES PROOF compacted from 32793 to 1757 nodes
RES PROOF SWAPPED 3 resolution vars
resB: 0
GET PROOF 310 A (0 resA) - 1156 B (0 resB) - 291 res - 0 red
RES PROOF (noop) MOVED from (A:0+B:0) 0 B->A: 0 resA, 0 resB, 291 res, 0 redundant (red root: 0)
resB: 0
GET PROOF 310 A (0 resA) - 1156 B (0 resB) - 291 res - 0 red
ITP proof core: (root: 1458,10 + chain: 273 (res: 4010) - ref2: 156) / tot:1759
ITP proof remapped roots: 35 - eq nodes: 159 - tot: 149
ROOT stats - zero: 277 - one: 1146 - lit: 33 - clause: 0
ITP proof core: (root: 35,0 + chain: 114 (res: 493) - ref2: 76) / tot:149
ITP proof red Simpl (impl: 0): 0
ITP proof core: (root: 35,0 + chain: 114 (res: 493) - ref2: 76) / tot:149
bdd merge: 69
ITP proof remapped roots: 35 - eq nodes: 73 - tot: 76
ROOT stats - zero: 0 - one: 0 - lit: 33 - clause: 0
ITP proof core: (root: 35,0 + chain: 41 (res: 370) - ref2: 29) / tot:76
ITP proof dupv: 0 [impl: 0] - implNodes: 0
ITP proof core: (root: 35,0 + chain: 41 (res: 370) - ref2: 29) / tot:76
ITP proof remapped roots: 35 - eq nodes: 0 - tot: 76
ROOT stats - zero: 0 - one: 0 - lit: 33 - clause: 0
ITP proof core: (root: 35,0 + chain: 41 (res: 370) - ref2: 29) / tot:76
ITP proof dupv: 0 - implNodesOdc: 200
ITP proof core: (root: 35,0 + chain: 41 (res: 170) - ref2: 29) / tot:76
ITP proof dupv: 0 [impl: 0] - implNodes: 0
TOT NNF SIMPL: 110 -> (abcBal: 95) -> 95 (1 iterations)
ITP proof core: (root: 1309,10 + chain: 325 (res: 3831) - ref2: 211) / tot:1704
ITP proof remapped roots: 34 - eq nodes: 205 - tot: 154
ROOT stats - zero: 167 - one: 1108 - lit: 32 - clause: 0
ITP proof core: (root: 34,0 + chain: 120 (res: 424) - ref2: 91) / tot:154
ITP proof red Simpl (impl: 0): 0
ITP proof core: (root: 34,0 + chain: 120 (res: 424) - ref2: 91) / tot:154
bdd merge: 69
ITP proof remapped roots: 34 - eq nodes: 88 - tot: 66
ROOT stats - zero: 0 - one: 0 - lit: 32 - clause: 0
ITP proof core: (root: 34,0 + chain: 29 (res: 254) - ref2: 19) / tot:64
ITP proof dupv: 0 [impl: 0] - implNodes: 0
ITP proof core: (root: 34,0 + chain: 29 (res: 254) - ref2: 19) / tot:64
ITP proof remapped roots: 34 - eq nodes: 0 - tot: 63
ROOT stats - zero: 0 - one: 0 - lit: 32 - clause: 0
ITP proof core: (root: 34,0 + chain: 29 (res: 254) - ref2: 19) / tot:63
ITP proof dupv: 0 - implNodesOdc: 112
ITP proof core: (root: 34,0 + chain: 29 (res: 142) - ref2: 19) / tot:63
ITP proof dupv: 0 [impl: 0] - implNodes: 0
TOT NNF SIMPL: 91 -> (abcBal: 90) -> 90 (1 iterations)
interpolant OPT: 0 (0,0)
interpolant AUXV: 0 - AIG nodes 64997
itp stats: clause terms/a/o/ao -> 70/0/0/70 - A nodes: 0 (and->or): 32765
STRUCT ODC[AND:12]: 65 -> 65
TOT NNF SIMPL: 65 -> (abcBal: 65) -> 65 (1 iterations)
itp opt: 65 -> 65
Checking inductive invariant of size. 71

Check Done for init proved
Checking inductive invariant of size. 71

Check Done invariant proved - time: 0.01 s (norm 0.01 s)
Checking property of size. 726

Check Done property proved - time: 0.00 s (norm 0.00 s)
Writing invar of size 2764 to ./proc_invariants_pa/6s275rb318.stf2.aig
-- App Manager Quit.
-- TRAV Manager Quit.
-- FSM Manager Quit.
-- DDI Manager Quit.
[runlim] end:			Sun Dec 21 15:23:10 2025
[runlim] status:		ok
[runlim] result:		0
[runlim] children:		0
[runlim] real:			3.80 seconds
[runlim] time:			3.69 seconds
[runlim] space:			144.7 MB
[runlim] samples:		37
