[runlim] version:		1.7
[runlim] time limit:		311040000 seconds
[runlim] real time limit:	3600 seconds
[runlim] space limit:		32767 MB
[runlim] argv[0]:		./pdtapp
[runlim] argv[1]:		certify
[runlim] argv[2]:		-f
[runlim] argv[3]:		2
[runlim] argv[4]:		-w
[runlim] argv[5]:		./proc_invariants_pa/6s288r.stf2.aig
[runlim] argv[6]:		../pdtinv25/benchmarks/stf2/6s288r.stf2.aig
[runlim] argv[7]:		./invariants_pa/6s288r.stf2.aig
[runlim] start:			Sun Dec 21 15:40:50 2025
[runlim] main pid:		12449
certify app: -f -w ../pdtinv25/benchmarks/stf2/6s288r.stf2.aig ./invariants_pa/6s288r.stf2.aig
-- App Manager Init.
-- DDI Manager Init.
-- FSM Manager Init.
-- TRAV Manager Init.
|itpGEN:63391,179591(0)|.
[runlim] sample:		10.0 seconds, 360.6 MB
[runlim] sample:		20.0 seconds, 360.6 MB
|itpGEN:1264| - nGen:339 (avg-#lits:  3.6).
itpGEN time: 26.60 s (norm 26.60 s)
 Checking inductive invariant of size. 874

Check Done for init proved
Checking inductive invariant of size. 874

Check Done invariant proved - time: 0.41 s (norm 0.41 s)
Checking property of size. 76699

Check Done property proved - time: 0.10 s (norm 0.10 s)
Writing invar of size 1938 to ./proc_invariants_pa/6s288r.stf2.aig
-- App Manager Quit.
-- TRAV Manager Quit.
-- FSM Manager Quit.
-- DDI Manager Quit.
[runlim] end:			Sun Dec 21 15:41:18 2025
[runlim] status:		ok
[runlim] result:		0
[runlim] children:		0
[runlim] real:			28.73 seconds
[runlim] time:			28.18 seconds
[runlim] space:			370.5 MB
[runlim] samples:		282
