[runlim] version:		1.7
[runlim] time limit:		311040000 seconds
[runlim] real time limit:	7200 seconds
[runlim] space limit:		32767 MB
[runlim] argv[0]:		./pdtapp
[runlim] argv[1]:		certify
[runlim] argv[2]:		-f
[runlim] argv[3]:		2
[runlim] argv[4]:		-w
[runlim] argv[5]:		./proc_invariants_pa/6s281b35.stf2.aig
[runlim] argv[6]:		../pdtinv25/benchmarks/stf2/6s281b35.stf2.aig
[runlim] argv[7]:		./invariants_pa/6s281b35.stf2.aig
[runlim] start:			Mon Dec 22 00:48:02 2025
[runlim] main pid:		19154
certify app: -f -w ../pdtinv25/benchmarks/stf2/6s281b35.stf2.aig ./invariants_pa/6s281b35.stf2.aig
-- App Manager Init.
-- DDI Manager Init.
-- FSM Manager Init.
-- TRAV Manager Init.
[runlim] sample:		10.0 seconds, 1453.5 MB
|itpGEN:96183,4682887(0)|.
[runlim] sample:		20.0 seconds, 3744.8 MB
[runlim] sample:		30.0 seconds, 3744.9 MB
[runlim] sample:		40.0 seconds, 3744.9 MB
[runlim] sample:		50.0 seconds, 3744.9 MB
[runlim] sample:		60.0 seconds, 3744.9 MB
[runlim] sample:		70.0 seconds, 3744.9 MB
[runlim] sample:		80.0 seconds, 3744.9 MB
[runlim] sample:		90.0 seconds, 3744.9 MB
[runlim] sample:		100.0 seconds, 3744.9 MB
[runlim] sample:		110.0 seconds, 3744.9 MB
[runlim] sample:		120.0 seconds, 3744.9 MB
[runlim] sample:		129.9 seconds, 3744.9 MB
[runlim] sample:		139.9 seconds, 3744.9 MB
[runlim] sample:		149.9 seconds, 3744.9 MB
[runlim] sample:		159.9 seconds, 3744.9 MB
[runlim] sample:		169.9 seconds, 3744.9 MB
[runlim] sample:		179.9 seconds, 3744.9 MB
[runlim] sample:		189.9 seconds, 3744.9 MB
[runlim] sample:		199.9 seconds, 3744.9 MB
[runlim] sample:		209.9 seconds, 3744.9 MB
[runlim] sample:		219.9 seconds, 3744.9 MB
[runlim] sample:		229.9 seconds, 3744.9 MB
[runlim] sample:		239.9 seconds, 3744.9 MB
[runlim] sample:		249.9 seconds, 3744.9 MB
[runlim] sample:		259.9 seconds, 3744.9 MB
[runlim] sample:		269.9 seconds, 3744.9 MB
[runlim] sample:		279.9 seconds, 3744.9 MB
[runlim] sample:		289.9 seconds, 3744.9 MB
[runlim] sample:		299.9 seconds, 3744.9 MB
[runlim] sample:		309.9 seconds, 3744.9 MB
[runlim] sample:		319.9 seconds, 3744.9 MB
[runlim] sample:		329.9 seconds, 3744.9 MB
[runlim] sample:		339.9 seconds, 3744.9 MB
[runlim] sample:		349.9 seconds, 3744.9 MB
[runlim] sample:		359.9 seconds, 3744.9 MB
[runlim] sample:		369.9 seconds, 3744.9 MB
[runlim] sample:		379.9 seconds, 3744.9 MB
[runlim] sample:		389.9 seconds, 3744.9 MB
[runlim] sample:		399.9 seconds, 3744.9 MB
[runlim] sample:		409.9 seconds, 3744.9 MB
[runlim] sample:		419.9 seconds, 3744.9 MB
[runlim] sample:		429.9 seconds, 3744.9 MB
[runlim] sample:		439.9 seconds, 3744.9 MB
[runlim] sample:		449.9 seconds, 3744.9 MB
[runlim] sample:		459.9 seconds, 3744.9 MB
[runlim] sample:		469.9 seconds, 3744.9 MB
[runlim] sample:		479.8 seconds, 3744.9 MB
[runlim] sample:		489.8 seconds, 3744.9 MB
[runlim] sample:		499.8 seconds, 3744.9 MB
[runlim] sample:		509.8 seconds, 3744.9 MB
[runlim] sample:		519.8 seconds, 3744.9 MB
[runlim] sample:		529.8 seconds, 3744.9 MB
[runlim] sample:		539.8 seconds, 3744.9 MB
[runlim] sample:		549.8 seconds, 3744.9 MB
[runlim] sample:		559.8 seconds, 3744.9 MB
[runlim] sample:		569.8 seconds, 3744.9 MB
[runlim] sample:		579.8 seconds, 3744.9 MB
[runlim] sample:		589.8 seconds, 3744.9 MB
[runlim] sample:		599.8 seconds, 3744.9 MB
[runlim] sample:		609.8 seconds, 3744.9 MB
[runlim] sample:		619.8 seconds, 3744.9 MB
[runlim] sample:		629.8 seconds, 3744.9 MB
[runlim] sample:		639.8 seconds, 3744.9 MB
[runlim] sample:		649.8 seconds, 3744.9 MB
[runlim] sample:		659.8 seconds, 3744.9 MB
[runlim] sample:		669.8 seconds, 3744.9 MB
[runlim] sample:		679.8 seconds, 3744.9 MB
[runlim] sample:		689.8 seconds, 3744.9 MB
[runlim] sample:		699.8 seconds, 3744.9 MB
[runlim] sample:		709.8 seconds, 3744.9 MB
[runlim] sample:		719.8 seconds, 3744.9 MB
[runlim] sample:		729.8 seconds, 3744.9 MB
[runlim] sample:		739.8 seconds, 3744.9 MB
[runlim] sample:		749.8 seconds, 3744.9 MB
[runlim] sample:		759.8 seconds, 3744.9 MB
[runlim] sample:		769.8 seconds, 3744.9 MB
[runlim] sample:		779.8 seconds, 3744.9 MB
[runlim] sample:		789.8 seconds, 3744.9 MB
[runlim] sample:		799.8 seconds, 3744.9 MB
[runlim] sample:		809.8 seconds, 3744.9 MB
[runlim] sample:		819.8 seconds, 3744.9 MB
[runlim] sample:		829.7 seconds, 3744.9 MB
[runlim] sample:		839.7 seconds, 3744.9 MB
[runlim] sample:		849.7 seconds, 3744.9 MB
[runlim] sample:		859.7 seconds, 3744.9 MB
[runlim] sample:		869.7 seconds, 3744.9 MB
[runlim] sample:		879.7 seconds, 3744.9 MB
[runlim] sample:		889.7 seconds, 3744.9 MB
[runlim] sample:		899.7 seconds, 3744.9 MB
[runlim] sample:		909.7 seconds, 3744.9 MB
[runlim] sample:		919.7 seconds, 3744.9 MB
[runlim] sample:		929.7 seconds, 3744.9 MB
[runlim] sample:		939.7 seconds, 3744.9 MB
[runlim] sample:		949.7 seconds, 3744.9 MB
[runlim] sample:		959.7 seconds, 3744.9 MB
[runlim] sample:		969.7 seconds, 3744.9 MB
[runlim] sample:		979.7 seconds, 3744.9 MB
[runlim] sample:		989.7 seconds, 3744.9 MB
[runlim] sample:		999.7 seconds, 3744.9 MB
[runlim] sample:		1009.7 seconds, 3744.9 MB
[runlim] sample:		1019.7 seconds, 3744.9 MB
[runlim] sample:		1029.7 seconds, 3744.9 MB
[runlim] sample:		1039.7 seconds, 3744.9 MB
[runlim] sample:		1049.7 seconds, 3744.9 MB
[runlim] sample:		1059.7 seconds, 3744.9 MB
[runlim] sample:		1069.7 seconds, 3744.9 MB
[runlim] sample:		1079.7 seconds, 3744.9 MB
[runlim] sample:		1089.7 seconds, 3744.9 MB
[runlim] sample:		1099.7 seconds, 3744.9 MB
[runlim] sample:		1109.7 seconds, 3744.9 MB
[runlim] sample:		1119.7 seconds, 3744.9 MB
[runlim] sample:		1129.7 seconds, 3744.9 MB
[runlim] sample:		1139.7 seconds, 3744.9 MB
[runlim] sample:		1149.6 seconds, 3744.9 MB
[runlim] sample:		1159.6 seconds, 3744.9 MB
[runlim] sample:		1169.6 seconds, 3744.9 MB
[runlim] sample:		1179.6 seconds, 3744.9 MB
[runlim] sample:		1189.6 seconds, 3744.9 MB
[runlim] sample:		1199.6 seconds, 3744.9 MB
[runlim] sample:		1209.6 seconds, 3744.9 MB
[runlim] sample:		1219.6 seconds, 3744.9 MB
[runlim] sample:		1229.6 seconds, 3744.9 MB
[runlim] sample:		1239.6 seconds, 3744.9 MB
[runlim] sample:		1249.6 seconds, 3744.9 MB
[runlim] sample:		1259.6 seconds, 3744.9 MB
[runlim] sample:		1269.6 seconds, 3744.9 MB
[runlim] sample:		1279.6 seconds, 3744.9 MB
[runlim] sample:		1289.6 seconds, 3744.9 MB
[runlim] sample:		1299.6 seconds, 3744.9 MB
[runlim] sample:		1309.6 seconds, 3744.9 MB
[runlim] sample:		1319.6 seconds, 3744.9 MB
[runlim] sample:		1329.6 seconds, 3744.9 MB
[runlim] sample:		1339.6 seconds, 3744.9 MB
[runlim] sample:		1349.6 seconds, 3744.9 MB
[runlim] sample:		1359.6 seconds, 3744.9 MB
[runlim] sample:		1369.6 seconds, 3744.9 MB
[runlim] sample:		1379.6 seconds, 3744.9 MB
[runlim] sample:		1389.6 seconds, 3744.9 MB
[runlim] sample:		1399.6 seconds, 3744.9 MB
[runlim] sample:		1409.6 seconds, 3744.9 MB
[runlim] sample:		1419.6 seconds, 3744.9 MB
[runlim] sample:		1429.6 seconds, 3744.9 MB
[runlim] sample:		1439.5 seconds, 3744.9 MB
[runlim] sample:		1449.5 seconds, 3744.9 MB
[runlim] sample:		1459.5 seconds, 3744.9 MB
[runlim] sample:		1469.5 seconds, 3744.9 MB
[runlim] sample:		1479.5 seconds, 3744.9 MB
[runlim] sample:		1489.5 seconds, 3744.9 MB
[runlim] sample:		1499.5 seconds, 3744.9 MB
[runlim] sample:		1509.5 seconds, 3744.9 MB
[runlim] sample:		1519.5 seconds, 3744.9 MB
[runlim] sample:		1529.5 seconds, 3744.9 MB
[runlim] sample:		1539.5 seconds, 3744.9 MB
[runlim] sample:		1549.5 seconds, 3744.9 MB
[runlim] sample:		1559.5 seconds, 3744.9 MB
[runlim] sample:		1569.5 seconds, 3744.9 MB
[runlim] sample:		1579.5 seconds, 3744.9 MB
[runlim] sample:		1589.5 seconds, 3744.9 MB
[runlim] sample:		1599.5 seconds, 3744.9 MB
[runlim] sample:		1609.5 seconds, 3744.9 MB
[runlim] sample:		1619.5 seconds, 3744.9 MB
[runlim] sample:		1629.5 seconds, 3744.9 MB
[runlim] sample:		1639.5 seconds, 3744.9 MB
[runlim] sample:		1649.5 seconds, 3744.9 MB
[runlim] sample:		1659.5 seconds, 3744.9 MB
[runlim] sample:		1669.5 seconds, 3744.9 MB
[runlim] sample:		1679.5 seconds, 3744.9 MB
[runlim] sample:		1689.5 seconds, 3744.9 MB
[runlim] sample:		1699.5 seconds, 3744.9 MB
[runlim] sample:		1709.5 seconds, 3744.9 MB
[runlim] sample:		1719.5 seconds, 3744.9 MB
[runlim] sample:		1729.5 seconds, 3744.9 MB
[runlim] sample:		1739.5 seconds, 3744.9 MB
[runlim] sample:		1749.5 seconds, 3744.9 MB
[runlim] sample:		1759.5 seconds, 3744.9 MB
[runlim] sample:		1769.5 seconds, 3744.9 MB
[runlim] sample:		1779.5 seconds, 3744.9 MB
[runlim] sample:		1789.5 seconds, 3744.9 MB
[runlim] sample:		1799.5 seconds, 3744.9 MB
[runlim] sample:		1809.5 seconds, 3744.9 MB
[runlim] sample:		1819.4 seconds, 3744.9 MB
[runlim] sample:		1829.4 seconds, 3744.9 MB
[runlim] sample:		1839.4 seconds, 3744.9 MB
[runlim] sample:		1849.4 seconds, 3744.9 MB
[runlim] sample:		1859.4 seconds, 3744.9 MB
[runlim] sample:		1869.4 seconds, 3744.9 MB
[runlim] sample:		1879.4 seconds, 3744.9 MB
[runlim] sample:		1889.4 seconds, 3744.9 MB
[runlim] sample:		1899.4 seconds, 3744.9 MB
[runlim] sample:		1909.4 seconds, 3744.9 MB
[runlim] sample:		1919.4 seconds, 3744.9 MB
[runlim] sample:		1929.4 seconds, 3744.9 MB
[runlim] sample:		1939.4 seconds, 3744.9 MB
[runlim] sample:		1949.4 seconds, 3744.9 MB
[runlim] sample:		1959.4 seconds, 3744.9 MB
[runlim] sample:		1969.4 seconds, 3744.9 MB
[runlim] sample:		1979.4 seconds, 3744.9 MB
[runlim] sample:		1989.4 seconds, 3744.9 MB
[runlim] sample:		1999.4 seconds, 3744.9 MB
[runlim] sample:		2009.4 seconds, 3744.9 MB
[runlim] sample:		2019.4 seconds, 3744.9 MB
[runlim] sample:		2029.4 seconds, 3744.9 MB
[runlim] sample:		2039.4 seconds, 3744.9 MB
[runlim] sample:		2049.4 seconds, 3744.9 MB
[runlim] sample:		2059.4 seconds, 3744.9 MB
[runlim] sample:		2069.4 seconds, 3744.9 MB
[runlim] sample:		2079.4 seconds, 3744.9 MB
[runlim] sample:		2089.4 seconds, 3744.9 MB
[runlim] sample:		2099.4 seconds, 3744.9 MB
[runlim] sample:		2109.4 seconds, 3744.9 MB
[runlim] sample:		2119.3 seconds, 3744.9 MB
[runlim] sample:		2129.3 seconds, 3744.9 MB
[runlim] sample:		2139.3 seconds, 3744.9 MB
[runlim] sample:		2149.3 seconds, 3744.9 MB
[runlim] sample:		2159.3 seconds, 3744.9 MB
[runlim] sample:		2169.3 seconds, 3744.9 MB
[runlim] sample:		2179.3 seconds, 3744.9 MB
[runlim] sample:		2189.3 seconds, 3744.9 MB
[runlim] sample:		2199.3 seconds, 3744.9 MB
[runlim] sample:		2209.3 seconds, 3744.9 MB
[runlim] sample:		2219.3 seconds, 3744.9 MB
[runlim] sample:		2229.3 seconds, 3744.9 MB
[runlim] sample:		2239.3 seconds, 3744.9 MB
[runlim] sample:		2249.3 seconds, 3744.9 MB
[runlim] sample:		2259.3 seconds, 3744.9 MB
[runlim] sample:		2269.3 seconds, 3744.9 MB
[runlim] sample:		2279.3 seconds, 3744.9 MB
[runlim] sample:		2289.3 seconds, 3744.9 MB
[runlim] sample:		2299.3 seconds, 3744.9 MB
[runlim] sample:		2309.3 seconds, 3744.9 MB
[runlim] sample:		2319.3 seconds, 3744.9 MB
[runlim] sample:		2329.3 seconds, 3744.9 MB
[runlim] sample:		2339.3 seconds, 3744.9 MB
[runlim] sample:		2349.3 seconds, 3744.9 MB
[runlim] sample:		2359.3 seconds, 3744.9 MB
[runlim] sample:		2369.3 seconds, 3744.9 MB
[runlim] sample:		2379.3 seconds, 3744.9 MB
[runlim] sample:		2389.3 seconds, 3744.9 MB
[runlim] sample:		2399.3 seconds, 3744.9 MB
[runlim] sample:		2409.3 seconds, 3744.9 MB
[runlim] sample:		2419.3 seconds, 3744.9 MB
[runlim] sample:		2429.3 seconds, 3744.9 MB
[runlim] sample:		2439.2 seconds, 3744.9 MB
[runlim] sample:		2449.2 seconds, 3744.9 MB
[runlim] sample:		2459.2 seconds, 3744.9 MB
[runlim] sample:		2469.2 seconds, 3744.9 MB
[runlim] sample:		2479.2 seconds, 3744.9 MB
[runlim] sample:		2489.2 seconds, 3744.9 MB
[runlim] sample:		2499.2 seconds, 3744.9 MB
[runlim] sample:		2509.2 seconds, 3744.9 MB
[runlim] sample:		2519.2 seconds, 3744.9 MB
[runlim] sample:		2529.2 seconds, 3744.9 MB
[runlim] sample:		2539.2 seconds, 3744.9 MB
[runlim] sample:		2549.2 seconds, 3744.9 MB
[runlim] sample:		2559.2 seconds, 3744.9 MB
[runlim] sample:		2569.2 seconds, 3744.9 MB
[runlim] sample:		2579.2 seconds, 3744.9 MB
[runlim] sample:		2589.2 seconds, 3744.9 MB
[runlim] sample:		2599.2 seconds, 3744.9 MB
[runlim] sample:		2609.2 seconds, 3744.9 MB
[runlim] sample:		2619.2 seconds, 3744.9 MB
[runlim] sample:		2629.2 seconds, 3744.9 MB
[runlim] sample:		2639.2 seconds, 3744.9 MB
[runlim] sample:		2649.2 seconds, 3744.9 MB
[runlim] sample:		2659.2 seconds, 3745.1 MB
[runlim] sample:		2669.2 seconds, 3745.1 MB
[runlim] sample:		2679.2 seconds, 3745.1 MB
[runlim] sample:		2689.2 seconds, 3745.1 MB
[runlim] sample:		2699.2 seconds, 3745.1 MB
[runlim] sample:		2709.2 seconds, 3745.1 MB
[runlim] sample:		2719.2 seconds, 3745.1 MB
[runlim] sample:		2729.2 seconds, 3745.1 MB
[runlim] sample:		2739.2 seconds, 3745.1 MB
[runlim] sample:		2749.2 seconds, 3745.1 MB
[runlim] sample:		2759.2 seconds, 3745.1 MB
[runlim] sample:		2769.2 seconds, 3745.1 MB
[runlim] sample:		2779.2 seconds, 3745.1 MB
[runlim] sample:		2789.2 seconds, 3745.1 MB
[runlim] sample:		2799.1 seconds, 3745.1 MB
[runlim] sample:		2809.1 seconds, 3745.1 MB
[runlim] sample:		2819.1 seconds, 3745.1 MB
[runlim] sample:		2829.1 seconds, 3745.1 MB
[runlim] sample:		2839.1 seconds, 3745.1 MB
[runlim] sample:		2849.1 seconds, 3745.1 MB
[runlim] sample:		2859.1 seconds, 3745.1 MB
[runlim] sample:		2869.1 seconds, 3745.1 MB
[runlim] sample:		2879.1 seconds, 3745.1 MB
[runlim] sample:		2889.1 seconds, 3745.1 MB
[runlim] sample:		2899.1 seconds, 3745.1 MB
[runlim] sample:		2909.1 seconds, 3745.1 MB
[runlim] sample:		2919.1 seconds, 3745.1 MB
[runlim] sample:		2929.1 seconds, 3745.1 MB
[runlim] sample:		2939.1 seconds, 3745.1 MB
[runlim] sample:		2949.1 seconds, 3745.1 MB
[runlim] sample:		2959.1 seconds, 3745.1 MB
[runlim] sample:		2969.1 seconds, 3745.1 MB
[runlim] sample:		2979.1 seconds, 3745.1 MB
[runlim] sample:		2989.1 seconds, 3745.1 MB
[runlim] sample:		2999.1 seconds, 3745.1 MB
[runlim] sample:		3009.1 seconds, 3745.1 MB
[runlim] sample:		3019.1 seconds, 3745.1 MB
[runlim] sample:		3029.1 seconds, 3745.1 MB
[runlim] sample:		3039.1 seconds, 3745.1 MB
[runlim] sample:		3049.1 seconds, 3745.1 MB
[runlim] sample:		3059.1 seconds, 3745.1 MB
[runlim] sample:		3069.1 seconds, 3745.1 MB
[runlim] sample:		3079.1 seconds, 3745.1 MB
[runlim] sample:		3089.1 seconds, 3745.1 MB
[runlim] sample:		3099.1 seconds, 3745.1 MB
[runlim] sample:		3109.1 seconds, 3745.1 MB
[runlim] sample:		3119.1 seconds, 3745.1 MB
[runlim] sample:		3129.1 seconds, 3745.1 MB
[runlim] sample:		3139.1 seconds, 3745.1 MB
[runlim] sample:		3149.1 seconds, 3745.1 MB
[runlim] sample:		3159.0 seconds, 3745.1 MB
[runlim] sample:		3169.0 seconds, 3745.1 MB
[runlim] sample:		3179.0 seconds, 3745.1 MB
[runlim] sample:		3189.0 seconds, 3745.1 MB
[runlim] sample:		3199.0 seconds, 3745.1 MB
[runlim] sample:		3209.0 seconds, 3745.1 MB
[runlim] sample:		3219.0 seconds, 3745.1 MB
[runlim] sample:		3229.0 seconds, 3745.1 MB
[runlim] sample:		3239.0 seconds, 3745.1 MB
[runlim] sample:		3249.0 seconds, 3745.1 MB
[runlim] sample:		3259.0 seconds, 3745.1 MB
[runlim] sample:		3269.0 seconds, 3745.1 MB
[runlim] sample:		3279.0 seconds, 3745.1 MB
[runlim] sample:		3289.0 seconds, 3745.1 MB
[runlim] sample:		3299.0 seconds, 3745.1 MB
[runlim] sample:		3309.0 seconds, 3745.1 MB
[runlim] sample:		3319.0 seconds, 3745.1 MB
[runlim] sample:		3329.0 seconds, 3745.1 MB
[runlim] sample:		3339.0 seconds, 3745.1 MB
[runlim] sample:		3349.0 seconds, 3745.1 MB
[runlim] sample:		3359.0 seconds, 3745.1 MB
[runlim] sample:		3369.0 seconds, 3745.1 MB
[runlim] sample:		3379.0 seconds, 3745.1 MB
[runlim] sample:		3389.0 seconds, 3745.1 MB
[runlim] sample:		3399.0 seconds, 3745.1 MB
[runlim] sample:		3409.0 seconds, 3745.1 MB
[runlim] sample:		3419.0 seconds, 3745.1 MB
[runlim] sample:		3429.0 seconds, 3745.1 MB
[runlim] sample:		3439.0 seconds, 3745.1 MB
[runlim] sample:		3449.0 seconds, 3745.1 MB
[runlim] sample:		3458.9 seconds, 3745.1 MB
[runlim] sample:		3468.9 seconds, 3745.1 MB
[runlim] sample:		3478.9 seconds, 3745.1 MB
[runlim] sample:		3488.9 seconds, 3745.1 MB
[runlim] sample:		3498.9 seconds, 3745.1 MB
[runlim] sample:		3508.9 seconds, 3745.1 MB
[runlim] sample:		3518.9 seconds, 3745.1 MB
[runlim] sample:		3528.9 seconds, 3745.1 MB
[runlim] sample:		3538.9 seconds, 3745.1 MB
[runlim] sample:		3548.9 seconds, 3745.1 MB
[runlim] sample:		3558.9 seconds, 3745.1 MB
[runlim] sample:		3568.9 seconds, 3745.1 MB
[runlim] sample:		3578.9 seconds, 3745.1 MB
[runlim] sample:		3588.9 seconds, 3745.1 MB
[runlim] sample:		3598.9 seconds, 3745.1 MB
[runlim] sample:		3608.9 seconds, 3745.1 MB
[runlim] sample:		3618.9 seconds, 3745.1 MB
[runlim] sample:		3628.9 seconds, 3745.1 MB
[runlim] sample:		3638.9 seconds, 3745.1 MB
[runlim] sample:		3648.9 seconds, 3745.1 MB
[runlim] sample:		3658.9 seconds, 3745.1 MB
[runlim] sample:		3668.9 seconds, 3745.1 MB
[runlim] sample:		3678.9 seconds, 3745.1 MB
[runlim] sample:		3688.9 seconds, 3745.1 MB
[runlim] sample:		3698.9 seconds, 3745.1 MB
[runlim] sample:		3708.9 seconds, 3745.1 MB
[runlim] sample:		3718.9 seconds, 3745.1 MB
[runlim] sample:		3728.9 seconds, 3745.1 MB
[runlim] sample:		3738.9 seconds, 3745.1 MB
[runlim] sample:		3748.9 seconds, 3745.1 MB
[runlim] sample:		3758.9 seconds, 3745.1 MB
[runlim] sample:		3768.9 seconds, 3745.1 MB
[runlim] sample:		3778.8 seconds, 3745.1 MB
[runlim] sample:		3788.8 seconds, 3745.1 MB
[runlim] sample:		3798.8 seconds, 3745.1 MB
[runlim] sample:		3808.8 seconds, 3745.1 MB
[runlim] sample:		3818.8 seconds, 3745.1 MB
[runlim] sample:		3828.8 seconds, 3745.1 MB
[runlim] sample:		3838.8 seconds, 3745.1 MB
[runlim] sample:		3848.8 seconds, 3745.1 MB
[runlim] sample:		3858.8 seconds, 3745.1 MB
[runlim] sample:		3868.8 seconds, 3745.1 MB
[runlim] sample:		3878.8 seconds, 3745.1 MB
[runlim] sample:		3888.8 seconds, 3745.1 MB
[runlim] sample:		3898.8 seconds, 3745.1 MB
[runlim] sample:		3908.8 seconds, 3745.1 MB
[runlim] sample:		3918.8 seconds, 3745.1 MB
[runlim] sample:		3928.8 seconds, 3745.1 MB
[runlim] sample:		3938.8 seconds, 3745.1 MB
[runlim] sample:		3948.8 seconds, 3745.1 MB
[runlim] sample:		3958.8 seconds, 3745.1 MB
[runlim] sample:		3968.8 seconds, 3745.1 MB
[runlim] sample:		3978.8 seconds, 3745.1 MB
[runlim] sample:		3988.8 seconds, 3745.1 MB
[runlim] sample:		3998.8 seconds, 3745.1 MB
[runlim] sample:		4008.8 seconds, 3745.1 MB
[runlim] sample:		4018.8 seconds, 3745.1 MB
[runlim] sample:		4028.8 seconds, 3745.1 MB
[runlim] sample:		4038.8 seconds, 3745.1 MB
[runlim] sample:		4048.8 seconds, 3745.1 MB
[runlim] sample:		4058.8 seconds, 3745.1 MB
[runlim] sample:		4068.8 seconds, 3745.1 MB
[runlim] sample:		4078.8 seconds, 3745.1 MB
[runlim] sample:		4088.8 seconds, 3745.1 MB
[runlim] sample:		4098.8 seconds, 3745.1 MB
[runlim] sample:		4108.8 seconds, 3745.1 MB
[runlim] sample:		4118.8 seconds, 3745.1 MB
[runlim] sample:		4128.8 seconds, 3745.1 MB
[runlim] sample:		4138.8 seconds, 3745.1 MB
[runlim] sample:		4148.7 seconds, 3745.1 MB
[runlim] sample:		4158.7 seconds, 3745.1 MB
[runlim] sample:		4168.7 seconds, 3745.1 MB
[runlim] sample:		4178.7 seconds, 3745.1 MB
[runlim] sample:		4188.7 seconds, 3745.1 MB
[runlim] sample:		4198.7 seconds, 3745.1 MB
[runlim] sample:		4208.7 seconds, 3745.1 MB
[runlim] sample:		4218.7 seconds, 3745.1 MB
[runlim] sample:		4228.7 seconds, 3745.1 MB
[runlim] sample:		4238.7 seconds, 3745.1 MB
[runlim] sample:		4248.7 seconds, 3745.1 MB
[runlim] sample:		4258.7 seconds, 3745.1 MB
[runlim] sample:		4268.7 seconds, 3745.1 MB
[runlim] sample:		4278.7 seconds, 3745.1 MB
[runlim] sample:		4288.7 seconds, 3745.1 MB
[runlim] sample:		4298.7 seconds, 3745.1 MB
[runlim] sample:		4308.7 seconds, 3745.1 MB
[runlim] sample:		4318.7 seconds, 3745.1 MB
[runlim] sample:		4328.7 seconds, 3745.1 MB
[runlim] sample:		4338.7 seconds, 3745.1 MB
[runlim] sample:		4348.7 seconds, 3745.1 MB
[runlim] sample:		4358.7 seconds, 3745.1 MB
[runlim] sample:		4368.7 seconds, 3745.1 MB
[runlim] sample:		4378.7 seconds, 3745.1 MB
[runlim] sample:		4388.7 seconds, 3745.1 MB
[runlim] sample:		4398.7 seconds, 3745.1 MB
[runlim] sample:		4408.7 seconds, 3745.1 MB
[runlim] sample:		4418.7 seconds, 3745.1 MB
[runlim] sample:		4428.6 seconds, 3745.1 MB
[runlim] sample:		4438.6 seconds, 3745.1 MB
[runlim] sample:		4448.6 seconds, 3745.1 MB
[runlim] sample:		4458.6 seconds, 3745.1 MB
[runlim] sample:		4468.6 seconds, 3745.1 MB
[runlim] sample:		4478.6 seconds, 3745.1 MB
[runlim] sample:		4488.6 seconds, 3745.1 MB
[runlim] sample:		4498.6 seconds, 3745.1 MB
[runlim] sample:		4508.6 seconds, 3745.1 MB
[runlim] sample:		4518.6 seconds, 3745.1 MB
[runlim] sample:		4528.6 seconds, 3745.1 MB
[runlim] sample:		4538.6 seconds, 3745.1 MB
[runlim] sample:		4548.6 seconds, 3745.1 MB
[runlim] sample:		4558.6 seconds, 3745.1 MB
[runlim] sample:		4568.6 seconds, 3745.1 MB
[runlim] sample:		4578.6 seconds, 3745.1 MB
[runlim] sample:		4588.6 seconds, 3745.1 MB
[runlim] sample:		4598.6 seconds, 3745.1 MB
[runlim] sample:		4608.6 seconds, 3745.1 MB
[runlim] sample:		4618.6 seconds, 3745.1 MB
[runlim] sample:		4628.6 seconds, 3745.1 MB
[runlim] sample:		4638.6 seconds, 3745.1 MB
[runlim] sample:		4648.6 seconds, 3745.1 MB
[runlim] sample:		4658.6 seconds, 3745.1 MB
[runlim] sample:		4668.6 seconds, 3745.1 MB
[runlim] sample:		4678.6 seconds, 3745.1 MB
[runlim] sample:		4688.6 seconds, 3745.1 MB
[runlim] sample:		4698.6 seconds, 3745.1 MB
[runlim] sample:		4708.6 seconds, 3745.1 MB
[runlim] sample:		4718.6 seconds, 3745.1 MB
[runlim] sample:		4728.6 seconds, 3745.1 MB
[runlim] sample:		4738.6 seconds, 3745.1 MB
[runlim] sample:		4748.6 seconds, 3745.1 MB
[runlim] sample:		4758.6 seconds, 3745.1 MB
[runlim] sample:		4768.6 seconds, 3745.1 MB
[runlim] sample:		4778.6 seconds, 3745.1 MB
[runlim] sample:		4788.6 seconds, 3745.1 MB
[runlim] sample:		4798.5 seconds, 3745.1 MB
[runlim] sample:		4808.5 seconds, 3745.1 MB
[runlim] sample:		4818.5 seconds, 3745.1 MB
[runlim] sample:		4828.5 seconds, 3745.1 MB
[runlim] sample:		4838.5 seconds, 3745.1 MB
[runlim] sample:		4848.5 seconds, 3745.1 MB
[runlim] sample:		4858.5 seconds, 3745.1 MB
[runlim] sample:		4868.5 seconds, 3745.1 MB
[runlim] sample:		4878.5 seconds, 3745.1 MB
|itpGEN:5051| - nGen:1000(partial) (avg-#lits:  6.3).
itpGEN time: 4869.03 s (norm 4869.03 s)
 ITP (|A|=4682887,|B|=100582)
[runlim] sample:		4888.5 seconds, 4024.7 MB
ITP time limit: -1
[runlim] sample:		4898.5 seconds, 4652.4 MB
[runlim] sample:		4908.5 seconds, 4652.4 MB
[runlim] sample:		4918.5 seconds, 4652.4 MB
[runlim] sample:		4928.5 seconds, 4652.4 MB
[runlim] sample:		4938.5 seconds, 4652.4 MB
[runlim] sample:		4948.5 seconds, 4652.4 MB
[runlim] sample:		4958.5 seconds, 4652.5 MB
[runlim] sample:		4968.5 seconds, 4652.5 MB
[runlim] sample:		4978.5 seconds, 4652.5 MB
[runlim] sample:		4988.5 seconds, 4652.5 MB
[runlim] sample:		4998.5 seconds, 4652.5 MB
[runlim] sample:		5008.5 seconds, 4652.7 MB
[runlim] sample:		5018.5 seconds, 4652.7 MB
[runlim] sample:		5028.5 seconds, 4652.7 MB
[runlim] sample:		5038.5 seconds, 4652.8 MB
[runlim] sample:		5048.5 seconds, 4652.9 MB
[runlim] sample:		5058.5 seconds, 4652.9 MB
[runlim] sample:		5068.5 seconds, 4652.9 MB
[runlim] sample:		5078.5 seconds, 4652.9 MB
[runlim] sample:		5088.4 seconds, 4653.3 MB
[runlim] sample:		5098.4 seconds, 4653.3 MB
[runlim] sample:		5108.4 seconds, 4653.3 MB
[runlim] sample:		5118.4 seconds, 4653.4 MB
[runlim] sample:		5128.4 seconds, 4653.4 MB
[runlim] sample:		5138.4 seconds, 4653.4 MB
[runlim] sample:		5148.4 seconds, 4653.4 MB
[runlim] sample:		5158.4 seconds, 4653.7 MB
[runlim] sample:		5168.4 seconds, 4664.3 MB
[runlim] sample:		5178.4 seconds, 4677.9 MB
[runlim] sample:		5188.4 seconds, 4716.0 MB
[runlim] sample:		5198.4 seconds, 4736.2 MB
[runlim] sample:		5208.4 seconds, 4752.0 MB
[runlim] sample:		5218.4 seconds, 4791.7 MB
[runlim] sample:		5228.4 seconds, 4812.5 MB
[runlim] sample:		5238.4 seconds, 4819.3 MB
[runlim] sample:		5248.4 seconds, 4829.4 MB
[runlim] sample:		5258.4 seconds, 4835.3 MB
[runlim] sample:		5268.4 seconds, 4921.4 MB
[runlim] sample:		5278.4 seconds, 4950.3 MB
[runlim] sample:		5288.4 seconds, 5026.0 MB
[runlim] sample:		5298.4 seconds, 5087.2 MB
[runlim] sample:		5308.4 seconds, 5144.0 MB
[runlim] sample:		5318.4 seconds, 5195.8 MB
[runlim] sample:		5328.4 seconds, 5254.9 MB
[runlim] sample:		5338.4 seconds, 5392.3 MB
[runlim] sample:		5348.4 seconds, 5496.3 MB
[runlim] sample:		5358.4 seconds, 5650.9 MB
[runlim] sample:		5368.4 seconds, 5724.2 MB
[runlim] sample:		5378.4 seconds, 5741.5 MB
[runlim] sample:		5388.4 seconds, 5820.4 MB
[runlim] sample:		5398.4 seconds, 5883.0 MB
[runlim] sample:		5408.3 seconds, 5950.7 MB
[runlim] sample:		5418.4 seconds, 6025.4 MB
[runlim] sample:		5428.3 seconds, 6098.9 MB
[runlim] sample:		5438.3 seconds, 6201.3 MB
[runlim] sample:		5448.3 seconds, 6278.4 MB
[runlim] sample:		5458.3 seconds, 6369.7 MB
[runlim] sample:		5468.3 seconds, 6431.4 MB
[runlim] sample:		5478.3 seconds, 6532.7 MB
[runlim] sample:		5488.3 seconds, 6603.7 MB
[runlim] sample:		5498.3 seconds, 6702.3 MB
[runlim] sample:		5508.3 seconds, 6788.9 MB
[runlim] sample:		5518.3 seconds, 6859.8 MB
[runlim] sample:		5528.3 seconds, 6911.0 MB
[runlim] sample:		5538.3 seconds, 6955.8 MB
[runlim] sample:		5548.3 seconds, 7001.5 MB
[runlim] sample:		5558.3 seconds, 7082.0 MB
[runlim] sample:		5568.3 seconds, 7148.0 MB
[runlim] sample:		5578.3 seconds, 7209.2 MB
[runlim] sample:		5588.3 seconds, 7301.8 MB
[runlim] sample:		5598.3 seconds, 7371.0 MB
[runlim] sample:		5608.3 seconds, 7466.5 MB
[runlim] sample:		5618.3 seconds, 7560.0 MB
[runlim] sample:		5628.3 seconds, 7617.0 MB
[runlim] sample:		5638.3 seconds, 7693.7 MB
[runlim] sample:		5648.3 seconds, 7770.4 MB
[runlim] sample:		5658.3 seconds, 7883.9 MB
[runlim] sample:		5668.3 seconds, 7952.2 MB
[runlim] sample:		5678.2 seconds, 8022.8 MB
[runlim] sample:		5688.3 seconds, 8151.9 MB
[runlim] sample:		5698.2 seconds, 8282.8 MB
[runlim] sample:		5708.2 seconds, 8336.0 MB
[runlim] sample:		5718.2 seconds, 8394.3 MB
[runlim] sample:		5728.2 seconds, 8451.8 MB
[runlim] sample:		5738.2 seconds, 8504.0 MB
[runlim] sample:		5748.2 seconds, 8564.8 MB
[runlim] sample:		5758.2 seconds, 8629.4 MB
[runlim] sample:		5768.2 seconds, 8705.2 MB
[runlim] sample:		5778.2 seconds, 8764.7 MB
[runlim] sample:		5788.2 seconds, 8818.9 MB
[runlim] sample:		5798.2 seconds, 8888.3 MB
[runlim] sample:		5808.2 seconds, 8966.8 MB
[runlim] sample:		5818.2 seconds, 9057.4 MB
[runlim] sample:		5828.2 seconds, 9171.4 MB
[runlim] sample:		5838.2 seconds, 9258.7 MB
[runlim] sample:		5848.2 seconds, 9299.8 MB
[runlim] sample:		5858.2 seconds, 9358.2 MB
[runlim] sample:		5868.2 seconds, 9409.9 MB
[runlim] sample:		5878.2 seconds, 9468.2 MB
[runlim] sample:		5888.2 seconds, 9519.9 MB
[runlim] sample:		5898.2 seconds, 9581.5 MB
[runlim] sample:		5908.2 seconds, 9619.8 MB
[runlim] sample:		5918.2 seconds, 9663.2 MB
[runlim] sample:		5928.2 seconds, 9734.8 MB
[runlim] sample:		5938.2 seconds, 9814.2 MB
[runlim] sample:		5948.2 seconds, 9863.8 MB
[runlim] sample:		5958.2 seconds, 9936.0 MB
[runlim] sample:		5968.2 seconds, 10016.5 MB
[runlim] sample:		5978.2 seconds, 10096.3 MB
[runlim] sample:		5988.2 seconds, 10193.9 MB
[runlim] sample:		5998.1 seconds, 10287.2 MB
[runlim] sample:		6008.1 seconds, 10348.9 MB
[runlim] sample:		6018.1 seconds, 10412.2 MB
[runlim] sample:		6028.1 seconds, 10491.3 MB
[runlim] sample:		6038.1 seconds, 10575.2 MB
[runlim] sample:		6048.1 seconds, 10669.7 MB
[runlim] sample:		6058.1 seconds, 10741.2 MB
[runlim] sample:		6068.1 seconds, 10805.9 MB
[runlim] sample:		6078.1 seconds, 10893.4 MB
[runlim] sample:		6088.1 seconds, 10978.7 MB
[runlim] sample:		6098.1 seconds, 11063.3 MB
[runlim] sample:		6108.1 seconds, 11166.0 MB
[runlim] sample:		6118.1 seconds, 11256.2 MB
[runlim] sample:		6128.1 seconds, 11331.0 MB
[runlim] sample:		6138.1 seconds, 11419.2 MB
[runlim] sample:		6148.1 seconds, 11486.0 MB
[runlim] sample:		6158.1 seconds, 11546.0 MB
[runlim] sample:		6168.1 seconds, 11619.7 MB
[runlim] sample:		6178.1 seconds, 11682.3 MB
[runlim] sample:		6188.1 seconds, 11741.7 MB
[runlim] sample:		6198.1 seconds, 11803.3 MB
[runlim] sample:		6208.1 seconds, 11874.0 MB
[runlim] sample:		6218.1 seconds, 11949.9 MB
[runlim] sample:		6228.1 seconds, 12031.9 MB
[runlim] sample:		6238.1 seconds, 12099.8 MB
[runlim] sample:		6248.1 seconds, 12181.4 MB
[runlim] sample:		6258.1 seconds, 12273.2 MB
[runlim] sample:		6268.1 seconds, 12342.5 MB
[runlim] sample:		6278.1 seconds, 12422.2 MB
[runlim] sample:		6288.1 seconds, 12500.9 MB
[runlim] sample:		6298.1 seconds, 12576.9 MB
[runlim] sample:		6308.1 seconds, 12667.3 MB
[runlim] sample:		6318.1 seconds, 12771.0 MB
[runlim] sample:		6328.1 seconds, 12889.3 MB
[runlim] sample:		6338.0 seconds, 13001.4 MB
[runlim] sample:		6348.0 seconds, 13051.8 MB
[runlim] sample:		6358.0 seconds, 13112.7 MB
[runlim] sample:		6368.0 seconds, 13146.3 MB
[runlim] sample:		6378.0 seconds, 13242.9 MB
[runlim] sample:		6388.0 seconds, 13326.3 MB
[runlim] sample:		6398.0 seconds, 13420.4 MB
[runlim] sample:		6408.0 seconds, 13500.9 MB
[runlim] sample:		6418.0 seconds, 13575.5 MB
[runlim] sample:		6428.0 seconds, 13645.3 MB
[runlim] sample:		6438.0 seconds, 13710.9 MB
[runlim] sample:		6448.0 seconds, 13788.9 MB
[runlim] sample:		6458.0 seconds, 13858.0 MB
[runlim] sample:		6468.0 seconds, 13934.4 MB
[runlim] sample:		6478.0 seconds, 14006.5 MB
[runlim] sample:		6488.0 seconds, 14069.3 MB
[runlim] sample:		6498.0 seconds, 14132.2 MB
[runlim] sample:		6508.0 seconds, 14202.2 MB
[runlim] sample:		6518.0 seconds, 14257.4 MB
[runlim] sample:		6528.0 seconds, 14337.9 MB
[runlim] sample:		6538.0 seconds, 14423.8 MB
[runlim] sample:		6548.0 seconds, 14527.5 MB
[runlim] sample:		6558.0 seconds, 14603.7 MB
[runlim] sample:		6568.0 seconds, 14664.2 MB
[runlim] sample:		6578.0 seconds, 14750.7 MB
[runlim] sample:		6588.0 seconds, 14776.3 MB
[runlim] sample:		6597.9 seconds, 14861.9 MB
[runlim] sample:		6607.9 seconds, 14951.0 MB
[runlim] sample:		6617.9 seconds, 15014.0 MB
[runlim] sample:		6627.9 seconds, 15087.3 MB
[runlim] sample:		6637.9 seconds, 15158.9 MB
[runlim] sample:		6647.9 seconds, 15250.9 MB
[runlim] sample:		6657.9 seconds, 15316.3 MB
[runlim] sample:		6667.9 seconds, 15382.9 MB
[runlim] sample:		6677.9 seconds, 15464.2 MB
[runlim] sample:		6687.9 seconds, 15560.5 MB
[runlim] sample:		6697.9 seconds, 15627.8 MB
[runlim] sample:		6707.9 seconds, 15727.4 MB
[runlim] sample:		6717.9 seconds, 15842.8 MB
[runlim] sample:		6727.9 seconds, 15899.7 MB
[runlim] sample:		6737.9 seconds, 15954.3 MB
[runlim] sample:		6747.9 seconds, 16009.9 MB
[runlim] sample:		6757.9 seconds, 16036.7 MB
[runlim] sample:		6767.9 seconds, 16088.3 MB
[runlim] sample:		6777.9 seconds, 16153.8 MB
[runlim] sample:		6787.9 seconds, 16237.3 MB
[runlim] sample:		6797.9 seconds, 16320.0 MB
[runlim] sample:		6807.9 seconds, 16377.3 MB
[runlim] sample:		6817.9 seconds, 16433.8 MB
[runlim] sample:		6827.9 seconds, 16503.5 MB
[runlim] sample:		6837.9 seconds, 16574.3 MB
[runlim] sample:		6847.9 seconds, 16685.2 MB
[runlim] sample:		6857.9 seconds, 16754.5 MB
[runlim] sample:		6867.9 seconds, 16873.8 MB
[runlim] sample:		6877.9 seconds, 16941.5 MB
[runlim] sample:		6887.9 seconds, 17028.5 MB
[runlim] sample:		6897.9 seconds, 17124.2 MB
[runlim] sample:		6907.9 seconds, 17224.3 MB
[runlim] sample:		6917.9 seconds, 17317.7 MB
[runlim] sample:		6927.9 seconds, 17376.4 MB
[runlim] sample:		6937.8 seconds, 17459.0 MB
[runlim] sample:		6947.8 seconds, 17550.3 MB
[runlim] sample:		6957.8 seconds, 17623.0 MB
[runlim] sample:		6967.8 seconds, 17706.2 MB
[runlim] sample:		6977.8 seconds, 17762.3 MB
[runlim] sample:		6987.8 seconds, 17835.5 MB
[runlim] sample:		6997.8 seconds, 17906.9 MB
[runlim] sample:		7007.8 seconds, 17979.2 MB
[runlim] sample:		7017.8 seconds, 18045.9 MB
[runlim] sample:		7027.8 seconds, 18113.8 MB
[runlim] sample:		7037.8 seconds, 18180.8 MB
[runlim] sample:		7047.8 seconds, 18244.9 MB
[runlim] sample:		7057.8 seconds, 18311.8 MB
[runlim] sample:		7067.8 seconds, 18360.4 MB
[runlim] sample:		7077.8 seconds, 18432.7 MB
[runlim] sample:		7087.8 seconds, 18546.8 MB
[runlim] sample:		7097.8 seconds, 18655.8 MB
[runlim] sample:		7107.8 seconds, 18751.3 MB
[runlim] sample:		7117.8 seconds, 18869.3 MB
[runlim] sample:		7127.8 seconds, 18936.0 MB
[runlim] sample:		7137.8 seconds, 19028.7 MB
[runlim] sample:		7147.8 seconds, 19102.7 MB
[runlim] sample:		7157.8 seconds, 19199.3 MB
[runlim] sample:		7167.8 seconds, 19265.3 MB
[runlim] sample:		7177.8 seconds, 19322.4 MB
[runlim] sample:		7187.8 seconds, 19417.0 MB
[runlim] sample:		7197.8 seconds, 0.0 MB
[runlim] end:			Mon Dec 22 02:48:02 2025
[runlim] status:		out of time
[runlim] result:		1
[runlim] children:		0
[runlim] real:			7200.86 seconds
[runlim] time:			7198.36 seconds
[runlim] space:			19463.0 MB
[runlim] samples:		72006
