[runlim] version:		1.7
[runlim] time limit:		311040000 seconds
[runlim] real time limit:	3600 seconds
[runlim] space limit:		32767 MB
[runlim] argv[0]:		./pdtapp
[runlim] argv[1]:		certify
[runlim] argv[2]:		-f
[runlim] argv[3]:		2
[runlim] argv[4]:		-w
[runlim] argv[5]:		./proc_invariants_pa/6s344rb054.stf2.aig
[runlim] argv[6]:		../pdtinv25/benchmarks/stf2/6s344rb054.stf2.aig
[runlim] argv[7]:		./invariants_pa/6s344rb054.stf2.aig
[runlim] start:			Sun Dec 21 12:45:03 2025
[runlim] main pid:		7200
certify app: -f -w ../pdtinv25/benchmarks/stf2/6s344rb054.stf2.aig ./invariants_pa/6s344rb054.stf2.aig
-- App Manager Init.
-- DDI Manager Init.
-- FSM Manager Init.
-- TRAV Manager Init.
|itpGEN:360,190400(0)|.
|itpGEN:0| - nGen:0 (avg-#lits:  0.0).
itpGEN time: 0.59 s (norm 0.59 s)
 Checking inductive invariant of size. 0

Check Done for init proved
Checking inductive invariant of size. 0

Check Done invariant proved - time: 0.00 s (norm 0.00 s)
Checking property of size. 2753

Check Done property proved - time: 0.01 s (norm 0.01 s)
Writing invar of size 0 to ./proc_invariants_pa/6s344rb054.stf2.aig
-- App Manager Quit.
-- TRAV Manager Quit.
-- FSM Manager Quit.
-- DDI Manager Quit.
[runlim] end:			Sun Dec 21 12:45:04 2025
[runlim] status:		ok
[runlim] result:		0
[runlim] children:		0
[runlim] real:			1.81 seconds
[runlim] time:			1.09 seconds
[runlim] space:			277.2 MB
[runlim] samples:		11
