[runlim] version:		1.7
[runlim] time limit:		311040000 seconds
[runlim] real time limit:	7200 seconds
[runlim] space limit:		32767 MB
[runlim] argv[0]:		./pdtapp
[runlim] argv[1]:		certify
[runlim] argv[2]:		-f
[runlim] argv[3]:		2
[runlim] argv[4]:		-w
[runlim] argv[5]:		./proc_invariants_pa/6s343b08.stf2.aig
[runlim] argv[6]:		../pdtinv25/benchmarks/stf2/6s343b08.stf2.aig
[runlim] argv[7]:		./invariants_pa/6s343b08.stf2.aig
[runlim] start:			Mon Dec 22 02:48:02 2025
[runlim] main pid:		23608
certify app: -f -w ../pdtinv25/benchmarks/stf2/6s343b08.stf2.aig ./invariants_pa/6s343b08.stf2.aig
-- App Manager Init.
-- DDI Manager Init.
-- FSM Manager Init.
-- TRAV Manager Init.
|itpGEN:89312,147453(0)|.
[runlim] sample:		10.0 seconds, 284.5 MB
[runlim] sample:		20.0 seconds, 284.5 MB
[runlim] sample:		30.0 seconds, 284.5 MB
[runlim] sample:		40.0 seconds, 284.5 MB
[runlim] sample:		50.0 seconds, 284.5 MB
[runlim] sample:		60.0 seconds, 284.5 MB
[runlim] sample:		70.0 seconds, 284.5 MB
[runlim] sample:		80.0 seconds, 284.5 MB
[runlim] sample:		90.0 seconds, 284.5 MB
[runlim] sample:		100.0 seconds, 284.5 MB
[runlim] sample:		110.0 seconds, 284.5 MB
[runlim] sample:		120.0 seconds, 284.5 MB
[runlim] sample:		129.9 seconds, 284.5 MB
[runlim] sample:		139.9 seconds, 284.5 MB
[runlim] sample:		149.9 seconds, 284.5 MB
[runlim] sample:		159.9 seconds, 284.5 MB
[runlim] sample:		169.9 seconds, 284.5 MB
[runlim] sample:		179.9 seconds, 284.5 MB
[runlim] sample:		189.9 seconds, 284.5 MB
|itpGEN:7131| - nGen:1000(partial) (avg-#lits:  9.7).
itpGEN time: 197.66 s (norm 197.66 s)
 ITP (|A|=147453,|B|=95570)
ITP time limit: -1
Solver stats: 239417/534605 vars/clauses (elim v/cl:0/0)
Solver stats: 177841/4470445/281 dec./prop./confl.
Solver stats: time = 0.40 s (norm 0.40 s)
FATAL ERROR: NULL first operand of DDI operation
             File /mnt/c/Users/PAS/Desktop/PostDoc/ModelChecking/PdTRAV/pdtools/pdtrav/src/ddi/ddiGeneric.c -> Line 704
pdtapp: /mnt/c/Users/PAS/Desktop/PostDoc/ModelChecking/PdTRAV/pdtools/pdtrav/src/ddi/ddiGeneric.c:704: Ddi_Generic_t* DdiGenericOp(Ddi_OpCode_e, Ddi_OpType_e, Ddi_Generic_t*, Ddi_Generic_t*, Ddi_Generic_t*): Assertion `f!=__null' failed.
[runlim] end:			Mon Dec 22 02:51:22 2025
[runlim] status:		signal(6)
[runlim] result:		134
[runlim] children:		0
[runlim] real:			200.04 seconds
[runlim] time:			198.97 seconds
[runlim] space:			297.5 MB
[runlim] samples:		1991
