[runlim] version:		1.7
[runlim] time limit:		311040000 seconds
[runlim] real time limit:	3600 seconds
[runlim] space limit:		32767 MB
[runlim] argv[0]:		./pdtapp
[runlim] argv[1]:		certify
[runlim] argv[2]:		-f
[runlim] argv[3]:		2
[runlim] argv[4]:		-w
[runlim] argv[5]:		./proc_invariants_pa/6s355rb08740.stf2.aig
[runlim] argv[6]:		../pdtinv25/benchmarks/stf2/6s355rb08740.stf2.aig
[runlim] argv[7]:		./invariants_pa/6s355rb08740.stf2.aig
[runlim] start:			Sun Dec 21 11:37:33 2025
[runlim] main pid:		5510
certify app: -f -w ../pdtinv25/benchmarks/stf2/6s355rb08740.stf2.aig ./invariants_pa/6s355rb08740.stf2.aig
-- App Manager Init.
-- DDI Manager Init.
-- FSM Manager Init.
-- TRAV Manager Init.
|itpGEN:0,200297(0)|.
[runlim] sample:		10.0 seconds, 307.5 MB
[runlim] sample:		20.0 seconds, 307.5 MB
[runlim] sample:		30.0 seconds, 307.7 MB
[runlim] sample:		40.0 seconds, 307.7 MB
[runlim] sample:		50.0 seconds, 307.7 MB
[runlim] sample:		60.0 seconds, 307.7 MB
[runlim] sample:		70.0 seconds, 307.7 MB
[runlim] sample:		80.0 seconds, 307.7 MB
|itpGEN:4662| - nGen:1000(partial) (avg-#lits:  4.3).
itpGEN time: 79.51 s (norm 79.51 s)
 Checking inductive invariant of size. 0

Check Done for init disproved
Checking inductive invariant of size. 0

Check Done invariant proved - time: 0.00 s (norm 0.00 s)
Checking property of size. 0

Check Done property proved - time: 0.00 s (norm 0.00 s)
Writing invar of size 0 to ./proc_invariants_pa/6s355rb08740.stf2.aig
-- App Manager Quit.
-- TRAV Manager Quit.
-- FSM Manager Quit.
-- DDI Manager Quit.
[runlim] end:			Sun Dec 21 11:38:54 2025
[runlim] status:		ok
[runlim] result:		0
[runlim] children:		0
[runlim] real:			81.17 seconds
[runlim] time:			80.17 seconds
[runlim] space:			307.7 MB
[runlim] samples:		802
