[runlim] version:		1.7
[runlim] time limit:		311040000 seconds
[runlim] real time limit:	3600 seconds
[runlim] space limit:		32767 MB
[runlim] argv[0]:		./pdtapp
[runlim] argv[1]:		certify
[runlim] argv[2]:		-f
[runlim] argv[3]:		2
[runlim] argv[4]:		-w
[runlim] argv[5]:		./proc_invariants_pa/6s374b114.stf2.aig
[runlim] argv[6]:		../pdtinv25/benchmarks/stf2/6s374b114.stf2.aig
[runlim] argv[7]:		./invariants_pa/6s374b114.stf2.aig
[runlim] start:			Sun Dec 21 15:23:12 2025
[runlim] main pid:		12006
certify app: -f -w ../pdtinv25/benchmarks/stf2/6s374b114.stf2.aig ./invariants_pa/6s374b114.stf2.aig
-- App Manager Init.
-- DDI Manager Init.
-- FSM Manager Init.
-- TRAV Manager Init.
|itpGEN:712,713209(0)|.
[runlim] sample:		10.0 seconds, 747.9 MB
[runlim] sample:		20.0 seconds, 747.9 MB
[runlim] sample:		30.0 seconds, 747.9 MB
[runlim] sample:		40.0 seconds, 747.9 MB
[runlim] sample:		50.0 seconds, 747.9 MB
[runlim] sample:		60.0 seconds, 747.9 MB
[runlim] sample:		70.0 seconds, 747.9 MB
[runlim] sample:		80.0 seconds, 747.9 MB
[runlim] sample:		90.0 seconds, 747.9 MB
[runlim] sample:		100.0 seconds, 747.9 MB
[runlim] sample:		110.0 seconds, 747.9 MB
[runlim] sample:		120.0 seconds, 747.9 MB
[runlim] sample:		129.9 seconds, 747.9 MB
[runlim] sample:		139.9 seconds, 747.9 MB
[runlim] sample:		149.9 seconds, 747.9 MB
[runlim] sample:		159.9 seconds, 747.9 MB
[runlim] sample:		169.9 seconds, 747.9 MB
[runlim] sample:		179.9 seconds, 747.9 MB
[runlim] sample:		189.9 seconds, 747.9 MB
[runlim] sample:		199.9 seconds, 747.9 MB
[runlim] sample:		209.9 seconds, 747.9 MB
[runlim] sample:		219.9 seconds, 747.9 MB
[runlim] sample:		229.9 seconds, 747.9 MB
[runlim] sample:		239.9 seconds, 747.9 MB
[runlim] sample:		249.9 seconds, 747.9 MB
[runlim] sample:		259.9 seconds, 747.9 MB
[runlim] sample:		269.9 seconds, 747.9 MB
[runlim] sample:		279.9 seconds, 747.9 MB
[runlim] sample:		289.9 seconds, 747.9 MB
[runlim] sample:		299.9 seconds, 747.9 MB
|itpGEN:3940| - nGen:1000(partial) (avg-#lits:  3.9).
itpGEN time: 305.67 s (norm 305.67 s)
 ITP (|A|=713209,|B|=4653)
ITP time limit: -1
Solver stats: 716847/1859496 vars/clauses (elim v/cl:0/0)
Solver stats: 144251/3270408/946 dec./prop./confl.
Solver stats: time = 0.44 s (norm 0.44 s)
computing interpolant from refutation proof of size 946 (AIG nodes: 1329785)
RES PROOF REMOVED 20 redundant  literals
REMOVED: 20
RES PROOF RECYCL PIV. REMOVED 685 resolutions
RESTRUCT PROOF REMOVED 151 redundant resolutions
RES PROOF PROCESSED: 109263 A, 2649 B, 83080 resA, 2005 resB, 499 res (tot: 197496)
RES PROOF has 1903 core and 195593 out of core nodes
RES PROOF compacted from 197496 to 1900 nodes
RES PROOF SWAPPED 90 resolution vars
resB: 0
GET PROOF 753 A (0 resA) - 651 B (0 resB) - 496 res - 0 red
RES PROOF (noop) MOVED from (A:0+B:0) 0 B->A: 0 resA, 0 resB, 496 res, 0 redundant (red root: 0)
resB: 0
GET PROOF 753 A (0 resA) - 651 B (0 resB) - 496 res - 0 red
ITP proof core: (root: 1395,11 + chain: 427 (res: 8017) - ref2: 245) / tot:1902
ITP proof remapped roots: 64 - eq nodes: 119 - tot: 372
ROOT stats - zero: 685 - one: 646 - lit: 62 - clause: 0
ITP proof core: (root: 64,0 + chain: 308 (res: 992) - ref2: 178) / tot:372
ITP proof red Simpl (impl: 0): 0
ITP proof core: (root: 64,0 + chain: 308 (res: 992) - ref2: 178) / tot:372
bdd merge: 92
ITP proof remapped roots: 64 - eq nodes: 131 - tot: 241
ROOT stats - zero: 0 - one: 0 - lit: 62 - clause: 0
ITP proof core: (root: 63,0 + chain: 161 (res: 605) - ref2: 94) / tot:241
ITP proof dupv: 0 [impl: 0] - implNodes: 0
ITP proof core: (root: 63,0 + chain: 161 (res: 605) - ref2: 94) / tot:241
ITP proof remapped roots: 63 - eq nodes: 0 - tot: 224
ROOT stats - zero: 0 - one: 0 - lit: 61 - clause: 0
ITP proof core: (root: 63,0 + chain: 161 (res: 605) - ref2: 94) / tot:224
ITP proof dupv: 0 - implNodesOdc: 64
ITP proof core: (root: 63,0 + chain: 161 (res: 540) - ref2: 94) / tot:224
ITP proof dupv: 0 [impl: 0] - implNodes: 0
TOT NNF SIMPL: 310 -> (abcBal: 280) -> 277 (1 iterations)
ITP proof core: (root: 1169,0 + chain: 379 (res: 6565) - ref2: 204) / tot:1589
ITP proof remapped roots: 63 - eq nodes: 96 - tot: 346
ROOT stats - zero: 497 - one: 609 - lit: 61 - clause: 0
ITP proof core: (root: 63,0 + chain: 283 (res: 990) - ref2: 159) / tot:346
ITP proof red Simpl (impl: 0): 0
ITP proof core: (root: 63,0 + chain: 283 (res: 990) - ref2: 159) / tot:346
bdd merge: 73
ITP proof remapped roots: 63 - eq nodes: 103 - tot: 243
ROOT stats - zero: 0 - one: 0 - lit: 61 - clause: 0
ITP proof core: (root: 63,0 + chain: 169 (res: 709) - ref2: 100) / tot:243
ITP proof dupv: 0 [impl: 0] - implNodes: 0
ITP proof core: (root: 63,0 + chain: 169 (res: 709) - ref2: 100) / tot:243
ITP proof remapped roots: 63 - eq nodes: 0 - tot: 232
ROOT stats - zero: 0 - one: 0 - lit: 61 - clause: 0
ITP proof core: (root: 63,0 + chain: 169 (res: 709) - ref2: 100) / tot:232
ITP proof dupv: 0 - implNodesOdc: 103
ITP proof core: (root: 63,0 + chain: 169 (res: 606) - ref2: 100) / tot:232
ITP proof dupv: 0 [impl: 0] - implNodes: 0
[runlim] sample:		309.9 seconds, 956.1 MB
TOT NNF SIMPL: 300 -> (abcBal: 280) -> 279 (1 iterations)
interpolant OPT: 0 (0,0)
interpolant AUXV: 0 - AIG nodes 1329947
itp stats: clause terms/a/o/ao -> 330/0/0/330 - A nodes: 0 (and->or): 32767
STRUCT ODC[AND:25]: 164 -> 158
TOT NNF SIMPL: 158 -> (abcBal: 156) -> 156 (1 iterations)
itp opt: 156 -> 156
Checking inductive invariant of size. 95

Check Done for init proved
Checking inductive invariant of size. 95

Check Done invariant proved - time: 0.01 s (norm 0.01 s)
Checking property of size. 195

Check Done property proved - time: 0.00 s (norm 0.00 s)
Writing invar of size 4138 to ./proc_invariants_pa/6s374b114.stf2.aig
-- App Manager Quit.
-- TRAV Manager Quit.
-- FSM Manager Quit.
-- DDI Manager Quit.
[runlim] end:			Sun Dec 21 15:28:23 2025
[runlim] status:		ok
[runlim] result:		0
[runlim] children:		0
[runlim] real:			311.81 seconds
[runlim] time:			311.59 seconds
[runlim] space:			958.9 MB
[runlim] samples:		3117
