[runlim] version:		1.7
[runlim] time limit:		311040000 seconds
[runlim] real time limit:	3600 seconds
[runlim] space limit:		32767 MB
[runlim] argv[0]:		./pdtapp
[runlim] argv[1]:		certify
[runlim] argv[2]:		-f
[runlim] argv[3]:		2
[runlim] argv[4]:		-w
[runlim] argv[5]:		./proc_invariants_pa/6s391rb379.stf2.aig
[runlim] argv[6]:		../pdtinv25/benchmarks/stf2/6s391rb379.stf2.aig
[runlim] argv[7]:		./invariants_pa/6s391rb379.stf2.aig
[runlim] start:			Sun Dec 21 15:45:33 2025
[runlim] main pid:		12602
certify app: -f -w ../pdtinv25/benchmarks/stf2/6s391rb379.stf2.aig ./invariants_pa/6s391rb379.stf2.aig
-- App Manager Init.
-- DDI Manager Init.
-- FSM Manager Init.
-- TRAV Manager Init.
|itpGEN:94,37199(0)|.
|itpGEN:2183| - nGen:410 (avg-#lits:  5.1).
itpGEN time: 4.54 s (norm 4.54 s)
 Checking inductive invariant of size. 5

Check Done for init proved
Checking inductive invariant of size. 5

Check Done invariant proved - time: 0.00 s (norm 0.00 s)
Checking property of size. 121

Check Done property proved - time: 0.00 s (norm 0.00 s)
Writing invar of size 2184 to ./proc_invariants_pa/6s391rb379.stf2.aig
-- App Manager Quit.
-- TRAV Manager Quit.
-- FSM Manager Quit.
-- DDI Manager Quit.
[runlim] end:			Sun Dec 21 15:45:38 2025
[runlim] status:		ok
[runlim] result:		0
[runlim] children:		0
[runlim] real:			5.23 seconds
[runlim] time:			4.59 seconds
[runlim] space:			121.1 MB
[runlim] samples:		46
