[runlim] version:		1.7
[runlim] time limit:		311040000 seconds
[runlim] real time limit:	3600 seconds
[runlim] space limit:		32767 MB
[runlim] argv[0]:		./pdtapp
[runlim] argv[1]:		certify
[runlim] argv[2]:		-f
[runlim] argv[3]:		2
[runlim] argv[4]:		-w
[runlim] argv[5]:		./proc_invariants_pa/6s403rb1342.stf2.aig
[runlim] argv[6]:		../pdtinv25/benchmarks/stf2/6s403rb1342.stf2.aig
[runlim] argv[7]:		./invariants_pa/6s403rb1342.stf2.aig
[runlim] start:			Sun Dec 21 12:43:11 2025
[runlim] main pid:		7136
certify app: -f -w ../pdtinv25/benchmarks/stf2/6s403rb1342.stf2.aig ./invariants_pa/6s403rb1342.stf2.aig
-- App Manager Init.
-- DDI Manager Init.
-- FSM Manager Init.
-- TRAV Manager Init.
|itpGEN:1241,113576(0)|.
[runlim] sample:		10.0 seconds, 198.3 MB
[runlim] sample:		20.0 seconds, 198.3 MB
[runlim] sample:		30.0 seconds, 198.3 MB
[runlim] sample:		40.0 seconds, 198.3 MB
[runlim] sample:		50.0 seconds, 198.3 MB
[runlim] sample:		60.0 seconds, 198.3 MB
[runlim] sample:		70.0 seconds, 198.3 MB
[runlim] sample:		80.0 seconds, 198.3 MB
[runlim] sample:		90.0 seconds, 198.3 MB
[runlim] sample:		100.0 seconds, 198.3 MB
|itpGEN:5845| - nGen:1000(partial) (avg-#lits:  8.7).
itpGEN time: 101.85 s (norm 101.85 s)
 ITP (|A|=113576,|B|=7029)
ITP time limit: -1
Solver stats: 119608/292446 vars/clauses (elim v/cl:0/0)
Solver stats: 8788/266146/126 dec./prop./confl.
Solver stats: time = 0.02 s (norm 0.02 s)
computing interpolant from refutation proof of size 126 (AIG nodes: 211108)
RES PROOF RECYCL PIV. REMOVED 172 resolutions
RESTRUCT PROOF REMOVED 11 redundant resolutions
RES PROOF PROCESSED: 23428 A, 3147 B, 17258 resA, 2007 resB, 373 res (tot: 46213)
RES PROOF has 2370 core and 43843 out of core nodes
RES PROOF compacted from 46213 to 2370 nodes
RES PROOF SWAPPED 146 resolution vars
resB: 0
GET PROOF 864 A (0 resA) - 1133 B (0 resB) - 373 res - 0 red
RES PROOF (noop) MOVED from (A:0+B:0) 0 B->A: 0 resA, 0 resB, 373 res, 0 redundant (red root: 0)
resB: 0
GET PROOF 864 A (0 resA) - 1133 B (0 resB) - 373 res - 0 red
ITP proof core: (root: 1987,12 + chain: 311 (res: 4791) - ref2: 247) / tot:2372
ITP proof remapped roots: 101 - eq nodes: 189 - tot: 223
ROOT stats - zero: 765 - one: 1121 - lit: 99 - clause: 0
ITP proof core: (root: 101,0 + chain: 122 (res: 551) - ref2: 89) / tot:223
ITP proof red Simpl (impl: 0): 0
ITP proof core: (root: 101,0 + chain: 122 (res: 551) - ref2: 89) / tot:223
bdd merge: 12
ITP proof remapped roots: 101 - eq nodes: 23 - tot: 200
ROOT stats - zero: 0 - one: 0 - lit: 99 - clause: 0
ITP proof core: (root: 101,0 + chain: 96 (res: 507) - ref2: 68) / tot:200
ITP proof dupv: 0 [impl: 0] - implNodes: 0
ITP proof core: (root: 101,0 + chain: 96 (res: 507) - ref2: 68) / tot:200
ITP proof remapped roots: 101 - eq nodes: 0 - tot: 197
ROOT stats - zero: 0 - one: 0 - lit: 99 - clause: 0
ITP proof core: (root: 101,0 + chain: 96 (res: 507) - ref2: 68) / tot:197
ITP proof dupv: 0 - implNodesOdc: 119
ITP proof core: (root: 101,0 + chain: 96 (res: 388) - ref2: 68) / tot:197
ITP proof dupv: 0 [impl: 0] - implNodes: 0
STRUCT ODC[AND:3]: 423 -> 379
TOT NNF SIMPL: 379 -> (abcBal: 349) -> 351 (1 iterations)
ITP proof core: (root: 1972,12 + chain: 441 (res: 6099) - ref2: 317) / tot:2487
ITP proof remapped roots: 99 - eq nodes: 251 - tot: 289
ROOT stats - zero: 759 - one: 1114 - lit: 97 - clause: 0
ITP proof core: (root: 99,0 + chain: 190 (res: 795) - ref2: 131) / tot:289
ITP proof red Simpl (impl: 0): 0
ITP proof core: (root: 99,0 + chain: 190 (res: 795) - ref2: 131) / tot:289
bdd merge: 4
ITP proof remapped roots: 99 - eq nodes: 15 - tot: 274
ROOT stats - zero: 0 - one: 0 - lit: 97 - clause: 0
ITP proof core: (root: 99,0 + chain: 175 (res: 771) - ref2: 121) / tot:274
ITP proof dupv: 0 [impl: 0] - implNodes: 0
ITP proof core: (root: 99,0 + chain: 175 (res: 771) - ref2: 121) / tot:274
ITP proof remapped roots: 99 - eq nodes: 0 - tot: 274
ROOT stats - zero: 0 - one: 0 - lit: 97 - clause: 0
ITP proof core: (root: 99,0 + chain: 175 (res: 771) - ref2: 121) / tot:274
ITP proof dupv: 0 - implNodesOdc: 78
ITP proof core: (root: 99,0 + chain: 175 (res: 693) - ref2: 121) / tot:274
ITP proof dupv: 0 [impl: 0] - implNodes: 0
STRUCT ODC[AND:8]: 643 -> 536
TOT NNF SIMPL: 536 -> (abcBal: 425) -> 426 (1 iterations)
interpolant OPT: 0 (0,0)
interpolant AUXV: 0 - AIG nodes 211476
itp stats: clause terms/a/o/ao -> 271/0/0/271 - A nodes: 0 (and->or): 32765
STRUCT ODC[AND:8]: 368 -> 368
TOT NNF SIMPL: 368 -> (abcBal: 363) -> 363 (1 iterations)
itp opt: 363 -> 363
Checking inductive invariant of size. 257

Check Done for init proved
Checking inductive invariant of size. 257

Check Done invariant proved - time: 0.01 s (norm 0.01 s)
Checking property of size. 1271

Check Done property proved - time: 0.00 s (norm 0.00 s)
Writing invar of size 6364 to ./proc_invariants_pa/6s403rb1342.stf2.aig
-- App Manager Quit.
-- TRAV Manager Quit.
-- FSM Manager Quit.
-- DDI Manager Quit.
[runlim] end:			Sun Dec 21 12:44:54 2025
[runlim] status:		ok
[runlim] result:		0
[runlim] children:		0
[runlim] real:			103.42 seconds
[runlim] time:			102.86 seconds
[runlim] space:			248.4 MB
[runlim] samples:		1029
