[runlim] version:		1.7
[runlim] time limit:		311040000 seconds
[runlim] real time limit:	3600 seconds
[runlim] space limit:		32767 MB
[runlim] argv[0]:		./pdtapp
[runlim] argv[1]:		certify
[runlim] argv[2]:		-f
[runlim] argv[3]:		2
[runlim] argv[4]:		-w
[runlim] argv[5]:		./proc_invariants_pa/bj08amba5g62.stf2.aig
[runlim] argv[6]:		../pdtinv25/benchmarks/stf2/bj08amba5g62.stf2.aig
[runlim] argv[7]:		./invariants_pa/bj08amba5g62.stf2.aig
[runlim] start:			Sun Dec 21 15:41:18 2025
[runlim] main pid:		12468
certify app: -f -w ../pdtinv25/benchmarks/stf2/bj08amba5g62.stf2.aig ./invariants_pa/bj08amba5g62.stf2.aig
-- App Manager Init.
-- DDI Manager Init.
-- FSM Manager Init.
-- TRAV Manager Init.
|itpGEN:2139,39945(0)|.
|itpGEN:96| - nGen:20 (avg-#lits:  4.2).
itpGEN time: 1.30 s (norm 1.30 s)
 Checking inductive invariant of size. 7

Check Done for init proved
Checking inductive invariant of size. 7

Check Done invariant proved - time: 0.06 s (norm 0.06 s)
Checking property of size. 2137

Check Done property proved - time: 0.00 s (norm 0.00 s)
Writing invar of size 99 to ./proc_invariants_pa/bj08amba5g62.stf2.aig
-- App Manager Quit.
-- TRAV Manager Quit.
-- FSM Manager Quit.
-- DDI Manager Quit.
[runlim] end:			Sun Dec 21 15:41:20 2025
[runlim] status:		ok
[runlim] result:		0
[runlim] children:		0
[runlim] real:			2.30 seconds
[runlim] time:			1.39 seconds
[runlim] space:			102.4 MB
[runlim] samples:		14
