[runlim] version:		1.7
[runlim] time limit:		311040000 seconds
[runlim] real time limit:	1800 seconds
[runlim] space limit:		4096 MB
[runlim] argv[0]:		./pdtapp
[runlim] argv[1]:		certify
[runlim] argv[2]:		-f
[runlim] argv[3]:		2
[runlim] argv[4]:		-i
[runlim] argv[5]:		./proc_invariants_pa/bob2.stf2.aig
[runlim] argv[6]:		./benchmarks/stf2/bob2.stf2.aig
[runlim] argv[7]:		./invariants_pa/bob2.stf2.aig
[runlim] start:			Tue May 13 20:13:51 2025
[runlim] main pid:		1283
certify app: -f -i ./benchmarks/stf2/bob2.stf2.aig ./invariants_pa/bob2.stf2.aig
-- App Manager Init.
-- DDI Manager Init.
-- FSM Manager Init.
-- TRAV Manager Init.
ITP (|A|=485,|B|=212)
ITP time limit: -1
Solver stats: 676/1230 vars/clauses
Solver stats: 724/29327/309(276) dec./prop./confl.(small)
Solver stored decisions: 0
Solver stats: time = 0.00 s (norm 0.00 s)
computing interpolant from refutation proof of size 2082 (AIG nodes: 893)
ITP proof unit res. cl,: 221(A:139/B:72/AB:10 - equiv:1)
ITP proof two res. cl: 39(AB:5)
ITP core: (747,89 + 496) / 2083
ITP proof core: (root: 749,0 + chain: 496 (res: 10207) - ref2: 227) / tot:2085
ITP proof remapped roots: 50 - eq nodes: 259 - tot: 287
ROOT stats - zero: 357 - one: 342 - lit: 46 - clause: 2
ITP proof core: (root: 50,0 + chain: 237 (res: 1229) - ref2: 135) / tot:287
ITP proof remapped roots: 50 - eq nodes: 3 - tot: 284
ROOT stats - zero: 0 - one: 0 - lit: 46 - clause: 2
ITP proof core: (root: 50,0 + chain: 234 (res: 1225) - ref2: 134) / tot:284
ITP proof dupv: 0 [impl: 0] - implNodes: 0
ITP proof core: (root: 50,0 + chain: 234 (res: 1225) - ref2: 134) / tot:284
bdd merge: 12
ITP proof remapped roots: 50 - eq nodes: 39 - tot: 245
ROOT stats - zero: 0 - one: 0 - lit: 46 - clause: 2
ITP proof core: (root: 47,0 + chain: 195 (res: 1042) - ref2: 126) / tot:245
ITP proof red Simpl (impl: 0): 3
ITP proof core: (root: 47,0 + chain: 195 (res: 1039) - ref2: 126) / tot:245
ITP proof remapped roots: 47 - eq nodes: 0 - tot: 242
ROOT stats - zero: 0 - one: 0 - lit: 43 - clause: 2
ITP proof core: (root: 47,0 + chain: 195 (res: 1039) - ref2: 126) / tot:242
ITP proof dupv: 0 - implNodesOdc: 53
ITP proof core: (root: 47,0 + chain: 195 (res: 986) - ref2: 126) / tot:242
ITP proof dupv: 0 [impl: 0] - implNodes: 0
interpolant OPT: 0 (0,0)
interpolant AUXV: 0 - AIG nodes 1704
interpolant stats: clause terms/a/o/ao -> 195/0/0/195 - A nodes: 195 (and->or): 48
STRUCT ODC[OR:3]: 829 -> 804
TOT NNF SIMPL: 770 -> (abcBal: 621) -> 615 (1 iterations)
itp opt: 615 -> 615
Checking inductive invariant of size. 88

Check Done for init proved
Checking inductive invariant of size. 88

Check Done invariant proved - time: 0.00 s (norm 0.00 s)
Checking property of size. 68

Check Done property proved - time: 0.00 s (norm 0.00 s)
Writing invar to ./proc_invariants_pa/bob2.stf2.aig
-- App Manager Quit.
-- TRAV Manager Quit.
-- FSM Manager Quit.
-- DDI Manager Quit.
[runlim] end:			Tue May 13 20:13:52 2025
[runlim] status:		ok
[runlim] result:		0
[runlim] children:		0
[runlim] real:			1.12 seconds
[runlim] time:			0.07 seconds
[runlim] space:			80.6 MB
[runlim] samples:		5
