[runlim] version:		1.7
[runlim] time limit:		311040000 seconds
[runlim] real time limit:	3600 seconds
[runlim] space limit:		32767 MB
[runlim] argv[0]:		./pdtapp
[runlim] argv[1]:		certify
[runlim] argv[2]:		-f
[runlim] argv[3]:		2
[runlim] argv[4]:		-w
[runlim] argv[5]:		./proc_invariants_pa/boblivea.stf2.aig
[runlim] argv[6]:		../pdtinv25/benchmarks/stf2/boblivea.stf2.aig
[runlim] argv[7]:		./invariants_pa/boblivea.stf2.aig
[runlim] start:			Sun Dec 21 12:49:49 2025
[runlim] main pid:		7330
certify app: -f -w ../pdtinv25/benchmarks/stf2/boblivea.stf2.aig ./invariants_pa/boblivea.stf2.aig
-- App Manager Init.
-- DDI Manager Init.
-- FSM Manager Init.
-- TRAV Manager Init.
|itpGEN:3906,4505(0)|.
|itpGEN:2589| - nGen:465 (avg-#lits:  7.3).
itpGEN time: 1.89 s (norm 1.89 s)
 Checking inductive invariant of size. 3420

Check Done for init proved
Checking inductive invariant of size. 3420

Check Done invariant proved - time: 0.50 s (norm 0.50 s)
Checking property of size. 1246

Check Done property proved - time: 0.01 s (norm 0.01 s)
Writing invar of size 5354 to ./proc_invariants_pa/boblivea.stf2.aig
-- App Manager Quit.
-- TRAV Manager Quit.
-- FSM Manager Quit.
-- DDI Manager Quit.
[runlim] end:			Sun Dec 21 12:49:52 2025
[runlim] status:		ok
[runlim] result:		0
[runlim] children:		0
[runlim] real:			3.28 seconds
[runlim] time:			2.39 seconds
[runlim] space:			82.3 MB
[runlim] samples:		24
