[runlim] version:		1.7
[runlim] time limit:		311040000 seconds
[runlim] real time limit:	7200 seconds
[runlim] space limit:		32767 MB
[runlim] argv[0]:		./pdtapp
[runlim] argv[1]:		certify
[runlim] argv[2]:		-f
[runlim] argv[3]:		2
[runlim] argv[4]:		-w
[runlim] argv[5]:		./proc_invariants_pa/bobsynthand.stf2.aig
[runlim] argv[6]:		../pdtinv25/benchmarks/stf2/bobsynthand.stf2.aig
[runlim] argv[7]:		./invariants_pa/bobsynthand.stf2.aig
[runlim] start:			Mon Dec 22 03:17:03 2025
[runlim] main pid:		24343
certify app: -f -w ../pdtinv25/benchmarks/stf2/bobsynthand.stf2.aig ./invariants_pa/bobsynthand.stf2.aig
-- App Manager Init.
-- DDI Manager Init.
-- FSM Manager Init.
-- TRAV Manager Init.
|itpGEN:0,45887(0)|.
itpGEN time: 3.27 s (norm 3.27 s)
 FATAL ERROR: UNSAT required for ITPGEN
             File /mnt/c/Users/PAS/Desktop/PostDoc/ModelChecking/PdTRAV/pdtools/pdtrav/src/trav/travSat.c -> Line 10160
pdtapp: /mnt/c/Users/PAS/Desktop/PostDoc/ModelChecking/PdTRAV/pdtools/pdtrav/src/trav/travSat.c:10160: Ddi_Bddarray_t* genItpSequence(Ddi_Bddarray_t*, Ddi_Bdd_t*, Ddi_Bdd_t*, Ddi_Bdd_t*, Ddi_Bdd_t*, Ddi_Bdd_t*, int, Ddi_Vararray_t*, Ddi_Vararray_t*, Ddi_Vararray_t*, int): Assertion `resItpGen >= 0' failed.
[runlim] end:			Mon Dec 22 03:17:07 2025
[runlim] status:		signal(6)
[runlim] result:		134
[runlim] children:		0
[runlim] real:			4.45 seconds
[runlim] time:			3.38 seconds
[runlim] space:			126.6 MB
[runlim] samples:		35
