[runlim] version:		1.7
[runlim] time limit:		311040000 seconds
[runlim] real time limit:	3600 seconds
[runlim] space limit:		32767 MB
[runlim] argv[0]:		./pdtapp
[runlim] argv[1]:		certify
[runlim] argv[2]:		-f
[runlim] argv[3]:		2
[runlim] argv[4]:		-w
[runlim] argv[5]:		./proc_invariants_pa/bobunr2p10d40l.stf2.aig
[runlim] argv[6]:		../pdtinv25/benchmarks/stf2/bobunr2p10d40l.stf2.aig
[runlim] argv[7]:		./invariants_pa/bobunr2p10d40l.stf2.aig
[runlim] start:			Sun Dec 21 12:49:53 2025
[runlim] main pid:		7336
certify app: -f -w ../pdtinv25/benchmarks/stf2/bobunr2p10d40l.stf2.aig ./invariants_pa/bobunr2p10d40l.stf2.aig
-- App Manager Init.
-- DDI Manager Init.
-- FSM Manager Init.
-- TRAV Manager Init.
|itpGEN:15686,15938(0)|.
|itpGEN:11| - nGen:2 (avg-#lits:  6.0).
itpGEN time: 0.63 s (norm 0.63 s)
 Checking inductive invariant of size. 13

Check Done for init proved
Checking inductive invariant of size. 13

Check Done invariant proved - time: 0.09 s (norm 0.09 s)
Checking property of size. 19830

Check Done property proved - time: 0.80 s (norm 0.80 s)
Writing invar of size 25 to ./proc_invariants_pa/bobunr2p10d40l.stf2.aig
-- App Manager Quit.
-- TRAV Manager Quit.
-- FSM Manager Quit.
-- DDI Manager Quit.
[runlim] end:			Sun Dec 21 12:49:55 2025
[runlim] status:		ok
[runlim] result:		0
[runlim] children:		0
[runlim] real:			2.50 seconds
[runlim] time:			1.59 seconds
[runlim] space:			99.3 MB
[runlim] samples:		16
