[runlim] version:		1.7
[runlim] time limit:		311040000 seconds
[runlim] real time limit:	3600 seconds
[runlim] space limit:		32767 MB
[runlim] argv[0]:		./pdtapp
[runlim] argv[1]:		certify
[runlim] argv[2]:		-f
[runlim] argv[3]:		2
[runlim] argv[4]:		-w
[runlim] argv[5]:		./proc_invariants_pa/cmudme2.stf2.aig
[runlim] argv[6]:		../pdtinv25/benchmarks/stf2/cmudme2.stf2.aig
[runlim] argv[7]:		./invariants_pa/cmudme2.stf2.aig
[runlim] start:			Sun Dec 21 14:46:08 2025
[runlim] main pid:		10981
certify app: -f -w ../pdtinv25/benchmarks/stf2/cmudme2.stf2.aig ./invariants_pa/cmudme2.stf2.aig
-- App Manager Init.
-- DDI Manager Init.
-- FSM Manager Init.
-- TRAV Manager Init.
|itpGEN:66924,67157(0)|.
[runlim] sample:		10.0 seconds, 197.3 MB
[runlim] sample:		20.0 seconds, 197.3 MB
[runlim] sample:		30.0 seconds, 197.3 MB
[runlim] sample:		40.0 seconds, 197.3 MB
[runlim] sample:		50.0 seconds, 197.3 MB
[runlim] sample:		60.0 seconds, 203.4 MB
[runlim] sample:		70.0 seconds, 212.9 MB
|itpGEN:2079| - nGen:762 (avg-#lits:  4.0).
itpGEN time: 72.69 s (norm 72.69 s)
 Checking inductive invariant of size. 65957

Check Done for init proved
Checking inductive invariant of size. 65957
[runlim] sample:		80.0 seconds, 208.9 MB
[runlim] sample:		90.0 seconds, 208.9 MB
[runlim] sample:		100.0 seconds, 208.9 MB
[runlim] sample:		110.0 seconds, 224.3 MB
[runlim] sample:		120.0 seconds, 239.4 MB
[runlim] sample:		129.9 seconds, 255.0 MB
[runlim] sample:		139.9 seconds, 269.3 MB
[runlim] sample:		149.9 seconds, 285.6 MB
[runlim] sample:		159.9 seconds, 297.3 MB
[runlim] sample:		169.9 seconds, 311.1 MB
[runlim] sample:		179.9 seconds, 336.5 MB
[runlim] sample:		189.9 seconds, 364.9 MB
[runlim] sample:		199.9 seconds, 387.3 MB
[runlim] sample:		209.9 seconds, 411.0 MB
[runlim] sample:		219.9 seconds, 423.4 MB
[runlim] sample:		229.9 seconds, 436.3 MB
[runlim] sample:		239.9 seconds, 455.1 MB
[runlim] sample:		249.9 seconds, 464.0 MB
[runlim] sample:		259.9 seconds, 464.0 MB
[runlim] sample:		269.9 seconds, 464.0 MB
[runlim] sample:		279.9 seconds, 464.0 MB
[runlim] sample:		289.9 seconds, 464.0 MB
[runlim] sample:		299.9 seconds, 464.1 MB
[runlim] sample:		309.9 seconds, 464.1 MB
[runlim] sample:		319.9 seconds, 464.1 MB
[runlim] sample:		329.9 seconds, 481.9 MB
[runlim] sample:		339.9 seconds, 505.9 MB
[runlim] sample:		349.9 seconds, 525.4 MB
[runlim] sample:		359.9 seconds, 551.1 MB
[runlim] sample:		369.9 seconds, 576.3 MB
[runlim] sample:		379.9 seconds, 604.5 MB
[runlim] sample:		389.9 seconds, 623.6 MB
[runlim] sample:		399.9 seconds, 649.9 MB
[runlim] sample:		409.9 seconds, 667.9 MB
[runlim] sample:		419.9 seconds, 686.5 MB
[runlim] sample:		429.9 seconds, 707.4 MB
[runlim] sample:		439.9 seconds, 728.1 MB
[runlim] sample:		449.8 seconds, 752.9 MB
[runlim] sample:		459.8 seconds, 769.8 MB
[runlim] sample:		469.8 seconds, 786.3 MB
[runlim] sample:		479.8 seconds, 799.9 MB
[runlim] sample:		489.8 seconds, 814.3 MB
[runlim] sample:		499.8 seconds, 832.4 MB
[runlim] sample:		509.8 seconds, 849.6 MB
[runlim] sample:		519.8 seconds, 867.6 MB
[runlim] sample:		529.8 seconds, 885.1 MB
[runlim] sample:		539.8 seconds, 907.8 MB
[runlim] sample:		549.8 seconds, 927.8 MB
[runlim] sample:		559.8 seconds, 940.4 MB
[runlim] sample:		569.8 seconds, 953.4 MB
[runlim] sample:		579.8 seconds, 967.9 MB
[runlim] sample:		589.8 seconds, 982.1 MB
[runlim] sample:		599.8 seconds, 997.8 MB
[runlim] sample:		609.8 seconds, 1007.3 MB
[runlim] sample:		619.8 seconds, 1021.8 MB
[runlim] sample:		629.8 seconds, 1029.8 MB
[runlim] sample:		639.8 seconds, 1029.8 MB

Check Done invariant proved - time: 570.89 s (norm 570.89 s)
Checking property of size. 657

Check Done property proved - time: 0.13 s (norm 0.13 s)
Writing invar of size 67015 to ./proc_invariants_pa/cmudme2.stf2.aig
-- App Manager Quit.
-- TRAV Manager Quit.
-- FSM Manager Quit.
-- DDI Manager Quit.
[runlim] end:			Sun Dec 21 14:56:53 2025
[runlim] status:		ok
[runlim] result:		0
[runlim] children:		0
[runlim] real:			645.60 seconds
[runlim] time:			644.68 seconds
[runlim] space:			1029.8 MB
[runlim] samples:		6449
