[runlim] version:		1.7
[runlim] time limit:		311040000 seconds
[runlim] real time limit:	3600 seconds
[runlim] space limit:		32767 MB
[runlim] argv[0]:		./pdtapp
[runlim] argv[1]:		certify
[runlim] argv[2]:		-f
[runlim] argv[3]:		2
[runlim] argv[4]:		-w
[runlim] argv[5]:		./proc_invariants_pa/eijks1196.stf2.aig
[runlim] argv[6]:		../pdtinv25/benchmarks/stf2/eijks1196.stf2.aig
[runlim] argv[7]:		./invariants_pa/eijks1196.stf2.aig
[runlim] start:			Sun Dec 21 15:28:23 2025
[runlim] main pid:		12132
certify app: -f -w ../pdtinv25/benchmarks/stf2/eijks1196.stf2.aig ./invariants_pa/eijks1196.stf2.aig
-- App Manager Init.
-- DDI Manager Init.
-- FSM Manager Init.
-- TRAV Manager Init.
|itpGEN:1780,1187(0)|.
|itpGEN:361| - nGen:107 (avg-#lits:  3.3).
itpGEN time: 0.15 s (norm 0.15 s)
 Checking inductive invariant of size. 263

Check Done for init proved
Checking inductive invariant of size. 263

Check Done invariant proved - time: 0.03 s (norm 0.03 s)
Checking property of size. 2457

Check Done property proved - time: 0.08 s (norm 0.08 s)
Writing invar of size 531 to ./proc_invariants_pa/eijks1196.stf2.aig
-- App Manager Quit.
-- TRAV Manager Quit.
-- FSM Manager Quit.
-- DDI Manager Quit.
[runlim] end:			Sun Dec 21 15:28:24 2025
[runlim] status:		ok
[runlim] result:		0
[runlim] children:		0
[runlim] real:			1.11 seconds
[runlim] time:			0.29 seconds
[runlim] space:			76.7 MB
[runlim] samples:		3
