[runlim] version:		1.7
[runlim] time limit:		311040000 seconds
[runlim] real time limit:	3600 seconds
[runlim] space limit:		32767 MB
[runlim] argv[0]:		./pdtapp
[runlim] argv[1]:		certify
[runlim] argv[2]:		-f
[runlim] argv[3]:		2
[runlim] argv[4]:		-w
[runlim] argv[5]:		./proc_invariants_pa/eijks344.stf2.aig
[runlim] argv[6]:		../pdtinv25/benchmarks/stf2/eijks344.stf2.aig
[runlim] argv[7]:		./invariants_pa/eijks344.stf2.aig
[runlim] start:			Sun Dec 21 15:39:48 2025
[runlim] main pid:		12414
certify app: -f -w ../pdtinv25/benchmarks/stf2/eijks344.stf2.aig ./invariants_pa/eijks344.stf2.aig
-- App Manager Init.
-- DDI Manager Init.
-- FSM Manager Init.
-- TRAV Manager Init.
|itpGEN:4862,5101(0)|.
|itpGEN:4413| - nGen:1000(partial) (avg-#lits:  6.2).
itpGEN time: 4.31 s (norm 4.31 s)
 ITP (|A|=5101,|B|=9215)
ITP time limit: -1
Solver stats: 14263/21428 vars/clauses (elim v/cl:0/0)
Solver stats: 108959/12355691/11181 dec./prop./confl.
Solver stats: time = 0.88 s (norm 0.88 s)
computing interpolant from refutation proof of size 11453 (AIG nodes: 14769)
RES PROOF REMOVED 30885 redundant  literals
REMOVED: 30885
RES PROOF RECYCL PIV. REMOVED 58864 resolutions
RESTRUCT PROOF REMOVED 16343 redundant resolutions
RES PROOF PROCESSED: 6343 A, 13982 B, 2675 resA, 4162 resB, 8043 res (tot: 35205)
RES PROOF has 28370 core and 6835 out of core nodes
RES PROOF compacted from 35205 to 28345 nodes
RES PROOF SWAPPED 16985 resolution vars
resB: 0
GET PROOF 5654 A (0 resA) - 14673 B (0 resB) - 8018 res - 0 red
RES PROOF (noop) MOVED from (A:0+B:0) 0 B->A: 0 resA, 0 resB, 8018 res, 0 redundant (red root: 0)
resB: 0
GET PROOF 5654 A (0 resA) - 14673 B (0 resB) - 8018 res - 0 red
ITP proof core: (root: 20308,21 + chain: 7571 (res: 2076444) - ref2: 4769) / tot:28347
ITP proof remapped roots: 111 - eq nodes: 1285 - tot: 6397
ROOT stats - zero: 5527 - one: 14670 - lit: 108 - clause: 1
ITP proof core: (root: 111,0 + chain: 6286 (res: 42981) - ref2: 4024) / tot:6397
ITP proof red Simpl (impl: 0): 0
ITP proof core: (root: 111,0 + chain: 6286 (res: 42981) - ref2: 4024) / tot:6397
[runlim] sample:		10.0 seconds, 231.4 MB
bdd merge: 721
ITP proof remapped roots: 111 - eq nodes: 818 - tot: 5579
ROOT stats - zero: 0 - one: 0 - lit: 108 - clause: 1
ITP proof core: (root: 111,0 + chain: 5433 (res: 41264) - ref2: 3579) / tot:5579
ITP proof dupv: 0 [impl: 0] - implNodes: 0
ITP proof core: (root: 111,0 + chain: 5433 (res: 41264) - ref2: 3579) / tot:5579
ITP proof remapped roots: 111 - eq nodes: 0 - tot: 5544
ROOT stats - zero: 0 - one: 0 - lit: 108 - clause: 1
ITP proof core: (root: 111,0 + chain: 5433 (res: 41264) - ref2: 3579) / tot:5544
ITP proof dupv: 0 - implNodesOdc: 4785
ITP proof core: (root: 111,0 + chain: 5433 (res: 36479) - ref2: 3580) / tot:5544
ITP proof dupv: 0 [impl: 0] - implNodes: 0
STRUCT ODC[OR:5]: 33723 -> 32334
TOT NNF SIMPL: 32334 -> (abcBal: 23560) -> 23391 (1 iterations)
ITP proof core: (root: 19586,35 + chain: 5454 (res: 1499434) - ref2: 3626) / tot:25759
ITP proof remapped roots: 110 - eq nodes: 760 - tot: 4804
ROOT stats - zero: 5203 - one: 14273 - lit: 107 - clause: 1
ITP proof core: (root: 110,0 + chain: 4694 (res: 28078) - ref2: 3144) / tot:4804
ITP proof red Simpl (impl: 0): 0
ITP proof core: (root: 110,0 + chain: 4694 (res: 28078) - ref2: 3144) / tot:4804
bdd merge: 621
ITP proof remapped roots: 110 - eq nodes: 683 - tot: 4121
ROOT stats - zero: 0 - one: 0 - lit: 107 - clause: 1
ITP proof core: (root: 110,0 + chain: 3975 (res: 26828) - ref2: 2740) / tot:4121
ITP proof dupv: 0 [impl: 0] - implNodes: 0
ITP proof core: (root: 110,0 + chain: 3975 (res: 26828) - ref2: 2740) / tot:4121
ITP proof remapped roots: 110 - eq nodes: 0 - tot: 4085
ROOT stats - zero: 0 - one: 0 - lit: 107 - clause: 1
ITP proof core: (root: 110,0 + chain: 3975 (res: 26828) - ref2: 2740) / tot:4085
ITP proof dupv: 0 - implNodesOdc: 1898
ITP proof core: (root: 110,0 + chain: 3975 (res: 24930) - ref2: 2740) / tot:4085
ITP proof dupv: 0 [impl: 0] - implNodes: 0
STRUCT ODC[OR:2]: 22812 -> 22769
[runlim] sample:		20.0 seconds, 384.4 MB
TOT NNF SIMPL: 22769 -> (abcBal: 16725) -> 16642 (1 iterations)
interpolant OPT: 0 (0,0)
interpolant AUXV: 0 - AIG nodes 26153
itp stats: clause terms/a/o/ao -> 9408/0/0/9408 - A nodes: 0 (and->or): 32766
STRUCT ODC[OR:5]: 11471 -> 11450
TOT NNF SIMPL: 11450 -> (abcBal: 11301) -> 11282 (1 iterations)
itp opt: 11282 -> 11282
Checking inductive invariant of size. 4409

Check Done for init proved
Checking inductive invariant of size. 4409

Check Done invariant proved - time: 0.80 s (norm 0.80 s)
Checking property of size. 510

Check Done property proved - time: 0.04 s (norm 0.04 s)
Writing invar of size 19446 to ./proc_invariants_pa/eijks344.stf2.aig
-- App Manager Quit.
-- TRAV Manager Quit.
-- FSM Manager Quit.
-- DDI Manager Quit.
[runlim] end:			Sun Dec 21 15:40:10 2025
[runlim] status:		ok
[runlim] result:		0
[runlim] children:		0
[runlim] real:			22.95 seconds
[runlim] time:			22.18 seconds
[runlim] space:			384.4 MB
[runlim] samples:		222
