[runlim] version:		1.7
[runlim] time limit:		311040000 seconds
[runlim] real time limit:	3600 seconds
[runlim] space limit:		32767 MB
[runlim] argv[0]:		./pdtapp
[runlim] argv[1]:		certify
[runlim] argv[2]:		-f
[runlim] argv[3]:		2
[runlim] argv[4]:		-w
[runlim] argv[5]:		./proc_invariants_pa/eijks953.stf2.aig
[runlim] argv[6]:		../pdtinv25/benchmarks/stf2/eijks953.stf2.aig
[runlim] argv[7]:		./invariants_pa/eijks953.stf2.aig
[runlim] start:			Sun Dec 21 15:22:37 2025
[runlim] main pid:		11954
certify app: -f -w ../pdtinv25/benchmarks/stf2/eijks953.stf2.aig ./invariants_pa/eijks953.stf2.aig
-- App Manager Init.
-- DDI Manager Init.
-- FSM Manager Init.
-- TRAV Manager Init.
|itpGEN:4409,4485(0)|.
|itpGEN:1934| - nGen:763 (avg-#lits:  2.8).
itpGEN time: 1.33 s (norm 1.33 s)
 Checking inductive invariant of size. 2864

Check Done for init proved
Checking inductive invariant of size. 2864

Check Done invariant proved - time: 0.22 s (norm 0.22 s)
Checking property of size. 2444

Check Done property proved - time: 0.08 s (norm 0.08 s)
Writing invar of size 4322 to ./proc_invariants_pa/eijks953.stf2.aig
-- App Manager Quit.
-- TRAV Manager Quit.
-- FSM Manager Quit.
-- DDI Manager Quit.
[runlim] end:			Sun Dec 21 15:22:39 2025
[runlim] status:		ok
[runlim] result:		0
[runlim] children:		0
[runlim] real:			2.66 seconds
[runlim] time:			1.59 seconds
[runlim] space:			83.3 MB
[runlim] samples:		16
