[runlim] version:		1.7
[runlim] time limit:		311040000 seconds
[runlim] real time limit:	3600 seconds
[runlim] space limit:		32767 MB
[runlim] argv[0]:		./pdtapp
[runlim] argv[1]:		certify
[runlim] argv[2]:		-f
[runlim] argv[3]:		2
[runlim] argv[4]:		-w
[runlim] argv[5]:		./proc_invariants_pa/eijkbs1512.stf2.aig
[runlim] argv[6]:		../pdtinv25/benchmarks/stf2/eijkbs1512.stf2.aig
[runlim] argv[7]:		./invariants_pa/eijkbs1512.stf2.aig
[runlim] start:			Sun Dec 21 15:22:39 2025
[runlim] main pid:		11960
certify app: -f -w ../pdtinv25/benchmarks/stf2/eijkbs1512.stf2.aig ./invariants_pa/eijkbs1512.stf2.aig
-- App Manager Init.
-- DDI Manager Init.
-- FSM Manager Init.
-- TRAV Manager Init.
|itpGEN:7523,8248(0)|.
|itpGEN:1793| - nGen:608 (avg-#lits:  2.9).
itpGEN time: 2.66 s (norm 2.66 s)
 Checking inductive invariant of size. 5700

Check Done for init proved
Checking inductive invariant of size. 5700
[runlim] sample:		10.0 seconds, 106.3 MB

Check Done invariant proved - time: 9.62 s (norm 9.62 s)
Checking property of size. 1926

Check Done property proved - time: 0.04 s (norm 0.04 s)
Writing invar of size 7052 to ./proc_invariants_pa/eijkbs1512.stf2.aig
-- App Manager Quit.
-- TRAV Manager Quit.
-- FSM Manager Quit.
-- DDI Manager Quit.
[runlim] end:			Sun Dec 21 15:22:52 2025
[runlim] status:		ok
[runlim] result:		0
[runlim] children:		0
[runlim] real:			13.11 seconds
[runlim] time:			12.39 seconds
[runlim] space:			106.3 MB
[runlim] samples:		124
