[runlim] version:		1.7
[runlim] time limit:		311040000 seconds
[runlim] real time limit:	3600 seconds
[runlim] space limit:		32767 MB
[runlim] argv[0]:		./pdtapp
[runlim] argv[1]:		certify
[runlim] argv[2]:		-f
[runlim] argv[3]:		2
[runlim] argv[4]:		-w
[runlim] argv[5]:		./proc_invariants_pa/intel061.stf2.aig
[runlim] argv[6]:		../pdtinv25/benchmarks/stf2/intel061.stf2.aig
[runlim] argv[7]:		./invariants_pa/intel061.stf2.aig
[runlim] start:			Sun Dec 21 13:25:57 2025
[runlim] main pid:		8187
certify app: -f -w ../pdtinv25/benchmarks/stf2/intel061.stf2.aig ./invariants_pa/intel061.stf2.aig
-- App Manager Init.
-- DDI Manager Init.
-- FSM Manager Init.
-- TRAV Manager Init.
|itpGEN:5028,6416(0)|.
|itpGEN:934| - nGen:236 (avg-#lits:  4.0).
itpGEN time: 0.78 s (norm 0.78 s)
 Checking inductive invariant of size. 909

Check Done for init proved
Checking inductive invariant of size. 909

Check Done invariant proved - time: 0.13 s (norm 0.13 s)
Checking property of size. 4238

Check Done property proved - time: 0.01 s (norm 0.01 s)
Writing invar of size 1504 to ./proc_invariants_pa/intel061.stf2.aig
-- App Manager Quit.
-- TRAV Manager Quit.
-- FSM Manager Quit.
-- DDI Manager Quit.
[runlim] end:			Sun Dec 21 13:25:58 2025
[runlim] status:		ok
[runlim] result:		0
[runlim] children:		0
[runlim] real:			1.48 seconds
[runlim] time:			0.89 seconds
[runlim] space:			86.3 MB
[runlim] samples:		9
