[runlim] version:		1.7
[runlim] time limit:		311040000 seconds
[runlim] real time limit:	3600 seconds
[runlim] space limit:		32767 MB
[runlim] argv[0]:		./pdtapp
[runlim] argv[1]:		certify
[runlim] argv[2]:		-f
[runlim] argv[3]:		2
[runlim] argv[4]:		-w
[runlim] argv[5]:		./proc_invariants_pa/intel034.stf2.aig
[runlim] argv[6]:		../pdtinv25/benchmarks/stf2/intel034.stf2.aig
[runlim] argv[7]:		./invariants_pa/intel034.stf2.aig
[runlim] start:			Sun Dec 21 14:58:41 2025
[runlim] main pid:		11282
certify app: -f -w ../pdtinv25/benchmarks/stf2/intel034.stf2.aig ./invariants_pa/intel034.stf2.aig
-- App Manager Init.
-- DDI Manager Init.
-- FSM Manager Init.
-- TRAV Manager Init.
|itpGEN:69658,87415(0)|.
[runlim] sample:		10.0 seconds, 231.5 MB
[runlim] sample:		20.0 seconds, 231.5 MB
[runlim] sample:		30.0 seconds, 231.5 MB
[runlim] sample:		40.0 seconds, 231.5 MB
[runlim] sample:		50.0 seconds, 231.5 MB
[runlim] sample:		60.0 seconds, 231.5 MB
[runlim] sample:		70.0 seconds, 231.5 MB
[runlim] sample:		80.0 seconds, 231.5 MB
[runlim] sample:		90.0 seconds, 231.5 MB
[runlim] sample:		100.0 seconds, 231.5 MB
|itpGEN:5787| - nGen:1000(partial) (avg-#lits:  7.6).
itpGEN time: 99.84 s (norm 99.84 s)
 ITP (|A|=87415,|B|=74863)
ITP time limit: -1
Solver stats: 159856/327981 vars/clauses (elim v/cl:0/0)
Solver stats: 726281/97901476/21375 dec./prop./confl.
Solver stats: time = 7.93 s (norm 7.93 s)
[runlim] sample:		110.0 seconds, 285.5 MB
computing interpolant from refutation proof of size 26544 (AIG nodes: 187327)
RES PROOF REMOVED 85177 redundant  literals
REMOVED: 85177
RES PROOF RECYCL PIV. REMOVED 141992 resolutions
RESTRUCT PROOF REMOVED 57186 redundant resolutions
RES PROOF PROCESSED: 35968 A, 57356 B, 12298 resA, 1348 resB, 33428 res (tot: 140398)
RES PROOF has 110364 core and 30034 out of core nodes
RES PROOF compacted from 140398 to 110279 nodes
RES PROOF SWAPPED 6544 resolution vars
resB: 0
GET PROOF 20773 A (0 resA) - 56163 B (0 resB) - 33343 res - 0 red
RES PROOF (noop) MOVED from (A:0+B:0) 0 B->A: 0 resA, 0 resB, 33343 res, 0 redundant (red root: 0)
resB: 0
GET PROOF 20773 A (0 resA) - 56163 B (0 resB) - 33343 res - 0 red
ITP proof core: (root: 76731,207 + chain: 26162 (res: 2038692) - ref2: 11502) / tot:110281
ITP proof remapped roots: 831 - eq nodes: 14042 - tot: 12951
ROOT stats - zero: 19891 - one: 56009 - lit: 829 - clause: 0
ITP proof core: (root: 831,0 + chain: 12120 (res: 216631) - ref2: 4671) / tot:12951
ITP proof red Simpl (impl: 0): 0
ITP proof core: (root: 831,0 + chain: 12120 (res: 216631) - ref2: 4671) / tot:12951
[runlim] sample:		120.0 seconds, 420.4 MB
bdd merge: 1349
ITP proof remapped roots: 831 - eq nodes: 5496 - tot: 7455
ROOT stats - zero: 0 - one: 0 - lit: 829 - clause: 0
ITP proof core: (root: 812,16 + chain: 6579 (res: 184907) - ref2: 2982) / tot:7455
ITP proof dupv: 0 [impl: 0] - implNodes: 0
ITP proof core: (root: 812,16 + chain: 6579 (res: 184907) - ref2: 2982) / tot:7455
ITP proof remapped roots: 812 - eq nodes: 0 - tot: 7391
ROOT stats - zero: 0 - one: 0 - lit: 810 - clause: 0
ITP proof core: (root: 812,0 + chain: 6579 (res: 184907) - ref2: 2982) / tot:7391
ITP proof dupv: 0 - implNodesOdc: 124244
ITP proof core: (root: 812,0 + chain: 6579 (res: 60663) - ref2: 2983) / tot:7391
ITP proof dupv: 0 [impl: 0] - implNodes: 0
STRUCT ODC[AND:6]: 45843 -> 40193
[runlim] sample:		129.9 seconds, 553.0 MB
TOT NNF SIMPL: 40193 -> (abcBal: 32615) -> 32371 (1 iterations)
ITP proof core: (root: 71016,78 + chain: 35275 (res: 2701176) - ref2: 18513) / tot:110847
ITP proof remapped roots: 779 - eq nodes: 22517 - tot: 13537
ROOT stats - zero: 17970 - one: 52267 - lit: 777 - clause: 0
ITP proof core: (root: 779,0 + chain: 12758 (res: 262627) - ref2: 5000) / tot:13537
ITP proof red Simpl (impl: 0): 0
ITP proof core: (root: 779,0 + chain: 12758 (res: 262627) - ref2: 5000) / tot:13537
[runlim] sample:		139.9 seconds, 765.6 MB
bdd merge: 1428
ITP proof remapped roots: 779 - eq nodes: 4904 - tot: 8633
ROOT stats - zero: 0 - one: 0 - lit: 777 - clause: 0
ITP proof core: (root: 779,0 + chain: 7824 (res: 241588) - ref2: 3768) / tot:8633
ITP proof dupv: 0 [impl: 0] - implNodes: 0
ITP proof core: (root: 779,0 + chain: 7824 (res: 241588) - ref2: 3768) / tot:8633
ITP proof remapped roots: 779 - eq nodes: 0 - tot: 8603
ROOT stats - zero: 0 - one: 0 - lit: 777 - clause: 0
ITP proof core: (root: 779,0 + chain: 7824 (res: 241588) - ref2: 3768) / tot:8603
ITP proof dupv: 0 - implNodesOdc: 167687
ITP proof core: (root: 779,0 + chain: 7824 (res: 73898) - ref2: 3768) / tot:8603
ITP proof dupv: 0 [impl: 0] - implNodes: 0
STRUCT ODC[AND:31]: 63416 -> 54186
[runlim] sample:		149.9 seconds, 846.9 MB
TOT NNF SIMPL: 54186 -> (abcBal: 44248) -> 43836 (1 iterations)
interpolant OPT: 0 (0,0)
interpolant AUXV: 0 - AIG nodes 206767
itp stats: clause terms/a/o/ao -> 14403/0/0/14403 - A nodes: 0 (and->or): 32766
STRUCT ODC[AND:23]: 19505 -> 19504
TOT NNF SIMPL: 19504 -> (abcBal: 18881) -> 18815 (1 iterations)
itp opt: 18815 -> 18815
Checking inductive invariant of size. 21184

Check Done for init proved
Checking inductive invariant of size. 21184
[runlim] sample:		159.9 seconds, 674.0 MB

Check Done invariant proved - time: 8.30 s (norm 8.30 s)
Checking property of size. 73140

Check Done property proved - time: 0.16 s (norm 0.16 s)
Writing invar of size 43749 to ./proc_invariants_pa/intel034.stf2.aig
-- App Manager Quit.
-- TRAV Manager Quit.
-- FSM Manager Quit.
-- DDI Manager Quit.
[runlim] end:			Sun Dec 21 15:01:26 2025
[runlim] status:		ok
[runlim] result:		0
[runlim] children:		0
[runlim] real:			165.84 seconds
[runlim] time:			165.43 seconds
[runlim] space:			859.9 MB
[runlim] samples:		1655
