[runlim] version:		1.7
[runlim] time limit:		311040000 seconds
[runlim] real time limit:	3600 seconds
[runlim] space limit:		32767 MB
[runlim] argv[0]:		./pdtapp
[runlim] argv[1]:		certify
[runlim] argv[2]:		-f
[runlim] argv[3]:		2
[runlim] argv[4]:		-w
[runlim] argv[5]:		./proc_invariants_pa/intel026.stf2.aig
[runlim] argv[6]:		../pdtinv25/benchmarks/stf2/intel026.stf2.aig
[runlim] argv[7]:		./invariants_pa/intel026.stf2.aig
[runlim] start:			Sun Dec 21 15:28:24 2025
[runlim] main pid:		12134
certify app: -f -w ../pdtinv25/benchmarks/stf2/intel026.stf2.aig ./invariants_pa/intel026.stf2.aig
-- App Manager Init.
-- DDI Manager Init.
-- FSM Manager Init.
-- TRAV Manager Init.
|itpGEN:27463,29650(0)|.
[runlim] sample:		10.0 seconds, 127.3 MB
[runlim] sample:		20.0 seconds, 127.3 MB
|itpGEN:5839| - nGen:1000(partial) (avg-#lits:  8.0).
itpGEN time: 27.12 s (norm 27.12 s)
 ITP (|A|=29650,|B|=33086)
ITP time limit: -1
[runlim] sample:		30.0 seconds, 149.6 MB
Solver stats: 62387/107554 vars/clauses (elim v/cl:0/0)
Solver stats: 935740/42821033/10167 dec./prop./confl.
Solver stats: time = 2.73 s (norm 2.73 s)
computing interpolant from refutation proof of size 10614 (AIG nodes: 69222)
RES PROOF REMOVED 27674 redundant  literals
REMOVED: 27674
RES PROOF RECYCL PIV. REMOVED 82879 resolutions
RESTRUCT PROOF REMOVED 25360 redundant resolutions
RES PROOF PROCESSED: 9858 A, 35741 B, 1126 resA, 389 resB, 28170 res (tot: 75284)
RES PROOF has 72175 core and 3109 out of core nodes
RES PROOF compacted from 75284 to 72127 nodes
RES PROOF SWAPPED 3833 resolution vars
resB: 0
GET PROOF 8413 A (0 resA) - 35592 B (0 resB) - 28122 res - 0 red
RES PROOF (noop) MOVED from (A:0+B:0) 0 B->A: 0 resA, 0 resB, 28122 res, 0 redundant (red root: 0)
resB: 0
GET PROOF 8413 A (0 resA) - 35592 B (0 resB) - 28122 res - 0 red
ITP proof core: (root: 43924,83 + chain: 25579 (res: 1221130) - ref2: 16062) / tot:72129
ITP proof remapped roots: 276 - eq nodes: 18506 - tot: 7349
ROOT stats - zero: 8105 - one: 35543 - lit: 274 - clause: 0
ITP proof core: (root: 276,0 + chain: 7073 (res: 140270) - ref2: 2678) / tot:7349
ITP proof red Simpl (impl: 0): 0
ITP proof core: (root: 276,0 + chain: 7073 (res: 140270) - ref2: 2678) / tot:7349
bdd merge: 2226
ITP proof remapped roots: 276 - eq nodes: 4003 - tot: 3346
ROOT stats - zero: 0 - one: 0 - lit: 274 - clause: 0
ITP proof core: (root: 276,0 + chain: 3061 (res: 114000) - ref2: 1522) / tot:3346
ITP proof dupv: 0 [impl: 0] - implNodes: 0
ITP proof core: (root: 276,0 + chain: 3061 (res: 114000) - ref2: 1522) / tot:3346
ITP proof remapped roots: 276 - eq nodes: 0 - tot: 3337
ROOT stats - zero: 0 - one: 0 - lit: 274 - clause: 0
ITP proof core: (root: 276,0 + chain: 3061 (res: 114000) - ref2: 1522) / tot:3337
ITP proof dupv: 0 - implNodesOdc: 89097
ITP proof core: (root: 276,0 + chain: 3061 (res: 24903) - ref2: 1522) / tot:3337
ITP proof dupv: 0 [impl: 0] - implNodes: 0
STRUCT ODC[AND:5]: 22265 -> 20120
TOT NNF SIMPL: 20120 -> (abcBal: 14731) -> 14580 (1 iterations)
ITP proof core: (root: 41681,105 + chain: 17966 (res: 1596785) - ref2: 10270) / tot:72580
ITP proof remapped roots: 252 - eq nodes: 11215 - tot: 7003
ROOT stats - zero: 7307 - one: 34122 - lit: 250 - clause: 0
ITP proof core: (root: 252,0 + chain: 6751 (res: 99054) - ref2: 2790) / tot:7003
ITP proof red Simpl (impl: 0): 0
ITP proof core: (root: 252,0 + chain: 6751 (res: 99054) - ref2: 2790) / tot:7003
[runlim] sample:		40.0 seconds, 396.5 MB
bdd merge: 2780
ITP proof remapped roots: 252 - eq nodes: 3201 - tot: 3802
ROOT stats - zero: 0 - one: 0 - lit: 250 - clause: 0
ITP proof core: (root: 252,0 + chain: 3516 (res: 81895) - ref2: 1873) / tot:3802
ITP proof dupv: 0 [impl: 0] - implNodes: 0
ITP proof core: (root: 252,0 + chain: 3516 (res: 81895) - ref2: 1873) / tot:3802
ITP proof remapped roots: 252 - eq nodes: 0 - tot: 3768
ROOT stats - zero: 0 - one: 0 - lit: 250 - clause: 0
ITP proof core: (root: 252,0 + chain: 3516 (res: 81895) - ref2: 1873) / tot:3768
ITP proof dupv: 0 - implNodesOdc: 49935
ITP proof core: (root: 252,0 + chain: 3516 (res: 31960) - ref2: 1873) / tot:3768
ITP proof dupv: 0 [impl: 0] - implNodes: 0
STRUCT ODC[AND:7]: 26416 -> 21168
TOT NNF SIMPL: 21168 -> (abcBal: 15942) -> 15793 (1 iterations)
interpolant OPT: 0 (0,0)
interpolant AUXV: 0 - AIG nodes 73483
itp stats: clause terms/a/o/ao -> 6577/0/0/6577 - A nodes: 0 (and->or): 32764
STRUCT ODC[AND:7]: 4290 -> 4289
TOT NNF SIMPL: 4289 -> (abcBal: 4022) -> 4001 (1 iterations)
itp opt: 4001 -> 4001
Checking inductive invariant of size. 17224

Check Done for init proved
Checking inductive invariant of size. 17224
[runlim] sample:		50.0 seconds, 349.2 MB

Check Done invariant proved - time: 3.88 s (norm 3.88 s)
Checking property of size. 13563

Check Done property proved - time: 0.06 s (norm 0.06 s)
Writing invar of size 25497 to ./proc_invariants_pa/intel026.stf2.aig
-- App Manager Quit.
-- TRAV Manager Quit.
-- FSM Manager Quit.
-- DDI Manager Quit.
[runlim] end:			Sun Dec 21 15:29:14 2025
[runlim] status:		ok
[runlim] result:		0
[runlim] children:		0
[runlim] real:			50.77 seconds
[runlim] time:			50.58 seconds
[runlim] space:			431.0 MB
[runlim] samples:		506
