[runlim] version:		1.7
[runlim] time limit:		311040000 seconds
[runlim] real time limit:	3600 seconds
[runlim] space limit:		32767 MB
[runlim] argv[0]:		./pdtapp
[runlim] argv[1]:		certify
[runlim] argv[2]:		-f
[runlim] argv[3]:		2
[runlim] argv[4]:		-w
[runlim] argv[5]:		./proc_invariants_pa/intel056.stf2.aig
[runlim] argv[6]:		../pdtinv25/benchmarks/stf2/intel056.stf2.aig
[runlim] argv[7]:		./invariants_pa/intel056.stf2.aig
[runlim] start:			Sun Dec 21 13:26:07 2025
[runlim] main pid:		8206
certify app: -f -w ../pdtinv25/benchmarks/stf2/intel056.stf2.aig ./invariants_pa/intel056.stf2.aig
-- App Manager Init.
-- DDI Manager Init.
-- FSM Manager Init.
-- TRAV Manager Init.
|itpGEN:4990,6342(0)|.
|itpGEN:1291| - nGen:297 (avg-#lits:  4.1).
itpGEN time: 0.99 s (norm 0.99 s)
 Checking inductive invariant of size. 921

Check Done for init proved
Checking inductive invariant of size. 921

Check Done invariant proved - time: 0.25 s (norm 0.25 s)
Checking property of size. 4198

Check Done property proved - time: 0.01 s (norm 0.01 s)
Writing invar of size 1820 to ./proc_invariants_pa/intel056.stf2.aig
-- App Manager Quit.
-- TRAV Manager Quit.
-- FSM Manager Quit.
-- DDI Manager Quit.
[runlim] end:			Sun Dec 21 13:26:09 2025
[runlim] status:		ok
[runlim] result:		0
[runlim] children:		0
[runlim] real:			2.27 seconds
[runlim] time:			1.28 seconds
[runlim] space:			86.2 MB
[runlim] samples:		13
