[runlim] version:		1.7
[runlim] time limit:		311040000 seconds
[runlim] real time limit:	1800 seconds
[runlim] space limit:		4096 MB
[runlim] argv[0]:		./pdtapp
[runlim] argv[1]:		certify
[runlim] argv[2]:		-f
[runlim] argv[3]:		2
[runlim] argv[4]:		-i
[runlim] argv[5]:		./proc_invariants_pa/kenflashp13.stf2.aig
[runlim] argv[6]:		./benchmarks/stf2/kenflashp13.stf2.aig
[runlim] argv[7]:		./invariants_pa/kenflashp13.stf2.aig
[runlim] start:			Tue May 13 20:45:33 2025
[runlim] main pid:		1343
certify app: -f -i ./benchmarks/stf2/kenflashp13.stf2.aig ./invariants_pa/kenflashp13.stf2.aig
-- App Manager Init.
-- DDI Manager Init.
-- FSM Manager Init.
-- TRAV Manager Init.
Checking inductive invariant of size. 0

Check Done for init disproved
Checking inductive invariant of size. 0

Check Done invariant proved - time: 0.00 s (norm 0.00 s)
Checking property of size. 0

Check Done property proved - time: 0.00 s (norm 0.00 s)
Writing invar to ./proc_invariants_pa/kenflashp13.stf2.aig
-- App Manager Quit.
-- TRAV Manager Quit.
-- FSM Manager Quit.
-- DDI Manager Quit.
[runlim] end:			Tue May 13 20:45:33 2025
[runlim] status:		ok
[runlim] result:		0
[runlim] children:		0
[runlim] real:			0.64 seconds
[runlim] time:			0.05 seconds
[runlim] space:			74.6 MB
[runlim] samples:		3
