[runlim] version:		1.7
[runlim] time limit:		311040000 seconds
[runlim] real time limit:	3600 seconds
[runlim] space limit:		32767 MB
[runlim] argv[0]:		./pdtapp
[runlim] argv[1]:		certify
[runlim] argv[2]:		-f
[runlim] argv[3]:		2
[runlim] argv[4]:		-w
[runlim] argv[5]:		./proc_invariants_pa/mentorbm1or.stf2.aig
[runlim] argv[6]:		../pdtinv25/benchmarks/stf2/mentorbm1or.stf2.aig
[runlim] argv[7]:		./invariants_pa/mentorbm1or.stf2.aig
[runlim] start:			Sun Dec 21 15:40:10 2025
[runlim] main pid:		12432
certify app: -f -w ../pdtinv25/benchmarks/stf2/mentorbm1or.stf2.aig ./invariants_pa/mentorbm1or.stf2.aig
-- App Manager Init.
-- DDI Manager Init.
-- FSM Manager Init.
-- TRAV Manager Init.
|itpGEN:442,85814(0)|.
[runlim] sample:		10.0 seconds, 163.6 MB
[runlim] sample:		20.0 seconds, 163.6 MB
[runlim] sample:		30.0 seconds, 163.6 MB
|itpGEN:3535| - nGen:560 (avg-#lits:  7.3).
itpGEN time: 39.20 s (norm 39.20 s)
 Checking inductive invariant of size. 3

Check Done for init proved
Checking inductive invariant of size. 3

Check Done invariant proved - time: 0.00 s (norm 0.00 s)
Checking property of size. 17811

Check Done property proved - time: 0.03 s (norm 0.03 s)
Writing invar of size 3538 to ./proc_invariants_pa/mentorbm1or.stf2.aig
-- App Manager Quit.
-- TRAV Manager Quit.
-- FSM Manager Quit.
-- DDI Manager Quit.
[runlim] end:			Sun Dec 21 15:40:50 2025
[runlim] status:		ok
[runlim] result:		0
[runlim] children:		0
[runlim] real:			40.47 seconds
[runlim] time:			39.48 seconds
[runlim] space:			163.6 MB
[runlim] samples:		395
