[runlim] version:		1.7
[runlim] time limit:		311040000 seconds
[runlim] real time limit:	3600 seconds
[runlim] space limit:		32767 MB
[runlim] argv[0]:		./pdtapp
[runlim] argv[1]:		certify
[runlim] argv[2]:		-f
[runlim] argv[3]:		2
[runlim] argv[4]:		-w
[runlim] argv[5]:		./proc_invariants_pa/neclabakery001.stf2.aig
[runlim] argv[6]:		../pdtinv25/benchmarks/stf2/neclabakery001.stf2.aig
[runlim] argv[7]:		./invariants_pa/neclabakery001.stf2.aig
[runlim] start:			Sun Dec 21 12:50:11 2025
[runlim] main pid:		7351
certify app: -f -w ../pdtinv25/benchmarks/stf2/neclabakery001.stf2.aig ./invariants_pa/neclabakery001.stf2.aig
-- App Manager Init.
-- DDI Manager Init.
-- FSM Manager Init.
-- TRAV Manager Init.
|itpGEN:3157,3690(0)|.
|itpGEN:384| - nGen:120 (avg-#lits:  5.2).
itpGEN time: 0.30 s (norm 0.30 s)
 Checking inductive invariant of size. 1884

Check Done for init proved
Checking inductive invariant of size. 1884

Check Done invariant proved - time: 0.11 s (norm 0.11 s)
Checking property of size. 1226

Check Done property proved - time: 0.00 s (norm 0.00 s)
Writing invar of size 2163 to ./proc_invariants_pa/neclabakery001.stf2.aig
-- App Manager Quit.
-- TRAV Manager Quit.
-- FSM Manager Quit.
-- DDI Manager Quit.
[runlim] end:			Sun Dec 21 12:50:11 2025
[runlim] status:		ok
[runlim] result:		0
[runlim] children:		0
[runlim] real:			0.49 seconds
[runlim] time:			0.40 seconds
[runlim] space:			80.3 MB
[runlim] samples:		4
