[runlim] version:		1.7
[runlim] time limit:		311040000 seconds
[runlim] real time limit:	3600 seconds
[runlim] space limit:		32767 MB
[runlim] argv[0]:		./pdtapp
[runlim] argv[1]:		certify
[runlim] argv[2]:		-f
[runlim] argv[3]:		2
[runlim] argv[4]:		-w
[runlim] argv[5]:		./proc_invariants_pa/nusmvreactorp3.stf2.aig
[runlim] argv[6]:		../pdtinv25/benchmarks/stf2/nusmvreactorp3.stf2.aig
[runlim] argv[7]:		./invariants_pa/nusmvreactorp3.stf2.aig
[runlim] start:			Sun Dec 21 14:46:05 2025
[runlim] main pid:		10958
certify app: -f -w ../pdtinv25/benchmarks/stf2/nusmvreactorp3.stf2.aig ./invariants_pa/nusmvreactorp3.stf2.aig
-- App Manager Init.
-- DDI Manager Init.
-- FSM Manager Init.
-- TRAV Manager Init.
|itpGEN:2598,2895(0)|.
|itpGEN:143| - nGen:29 (avg-#lits:  5.1).
itpGEN time: 0.06 s (norm 0.06 s)
 Checking inductive invariant of size. 140

Check Done for init proved
Checking inductive invariant of size. 140

Check Done invariant proved - time: 0.01 s (norm 0.01 s)
Checking property of size. 3636

Check Done property proved - time: 0.01 s (norm 0.01 s)
Writing invar of size 230 to ./proc_invariants_pa/nusmvreactorp3.stf2.aig
-- App Manager Quit.
-- TRAV Manager Quit.
-- FSM Manager Quit.
-- DDI Manager Quit.
[runlim] end:			Sun Dec 21 14:46:05 2025
[runlim] status:		ok
[runlim] result:		0
[runlim] children:		0
[runlim] real:			0.78 seconds
[runlim] time:			0.10 seconds
[runlim] space:			79.1 MB
[runlim] samples:		1
