[runlim] version:		1.7
[runlim] time limit:		311040000 seconds
[runlim] real time limit:	3600 seconds
[runlim] space limit:		32767 MB
[runlim] argv[0]:		./pdtapp
[runlim] argv[1]:		certify
[runlim] argv[2]:		-f
[runlim] argv[3]:		2
[runlim] argv[4]:		-w
[runlim] argv[5]:		./proc_invariants_pa/nusmvbrp.stf2.aig
[runlim] argv[6]:		../pdtinv25/benchmarks/stf2/nusmvbrp.stf2.aig
[runlim] argv[7]:		./invariants_pa/nusmvbrp.stf2.aig
[runlim] start:			Sun Dec 21 13:26:07 2025
[runlim] main pid:		8203
certify app: -f -w ../pdtinv25/benchmarks/stf2/nusmvbrp.stf2.aig ./invariants_pa/nusmvbrp.stf2.aig
-- App Manager Init.
-- DDI Manager Init.
-- FSM Manager Init.
-- TRAV Manager Init.
|itpGEN:1806,2010(0)|.
|itpGEN:845| - nGen:196 (avg-#lits:  4.3).
itpGEN time: 0.38 s (norm 0.38 s)
 Checking inductive invariant of size. 894

Check Done for init proved
Checking inductive invariant of size. 894

Check Done invariant proved - time: 0.20 s (norm 0.20 s)
Checking property of size. 817

Check Done property proved - time: 0.00 s (norm 0.00 s)
Writing invar of size 1478 to ./proc_invariants_pa/nusmvbrp.stf2.aig
-- App Manager Quit.
-- TRAV Manager Quit.
-- FSM Manager Quit.
-- DDI Manager Quit.
[runlim] end:			Sun Dec 21 13:26:07 2025
[runlim] status:		ok
[runlim] result:		0
[runlim] children:		0
[runlim] real:			0.95 seconds
[runlim] time:			0.59 seconds
[runlim] space:			77.6 MB
[runlim] samples:		6
