[runlim] version:		1.7
[runlim] time limit:		311040000 seconds
[runlim] real time limit:	3600 seconds
[runlim] space limit:		32767 MB
[runlim] argv[0]:		./pdtapp
[runlim] argv[1]:		certify
[runlim] argv[2]:		-f
[runlim] argv[3]:		2
[runlim] argv[4]:		-w
[runlim] argv[5]:		./proc_invariants_pa/oc8051xiommuo5.stf2.aig
[runlim] argv[6]:		../pdtinv25/benchmarks/stf2/oc8051xiommuo5.stf2.aig
[runlim] argv[7]:		./invariants_pa/oc8051xiommuo5.stf2.aig
[runlim] start:			Sun Dec 21 15:59:41 2025
[runlim] main pid:		12937
certify app: -f -w ../pdtinv25/benchmarks/stf2/oc8051xiommuo5.stf2.aig ./invariants_pa/oc8051xiommuo5.stf2.aig
-- App Manager Init.
-- DDI Manager Init.
-- FSM Manager Init.
-- TRAV Manager Init.
|itpGEN:4069,16994(0)|.
|itpGEN:798| - nGen:172 (avg-#lits:  4.0).
itpGEN time: 1.16 s (norm 1.16 s)
 Checking inductive invariant of size. 1036

Check Done for init proved
Checking inductive invariant of size. 1036

Check Done invariant proved - time: 0.82 s (norm 0.82 s)
Checking property of size. 4323

Check Done property proved - time: 0.07 s (norm 0.07 s)
Writing invar of size 1273 to ./proc_invariants_pa/oc8051xiommuo5.stf2.aig
-- App Manager Quit.
-- TRAV Manager Quit.
-- FSM Manager Quit.
-- DDI Manager Quit.
[runlim] end:			Sun Dec 21 15:59:43 2025
[runlim] status:		ok
[runlim] result:		0
[runlim] children:		0
[runlim] real:			2.87 seconds
[runlim] time:			2.29 seconds
[runlim] space:			134.8 MB
[runlim] samples:		23
