[runlim] version:		1.7
[runlim] time limit:		311040000 seconds
[runlim] real time limit:	3600 seconds
[runlim] space limit:		32767 MB
[runlim] argv[0]:		./pdtapp
[runlim] argv[1]:		certify
[runlim] argv[2]:		-f
[runlim] argv[3]:		2
[runlim] argv[4]:		-w
[runlim] argv[5]:		./proc_invariants_pa/pdtfifo1to0.stf2.aig
[runlim] argv[6]:		../pdtinv25/benchmarks/stf2/pdtfifo1to0.stf2.aig
[runlim] argv[7]:		./invariants_pa/pdtfifo1to0.stf2.aig
[runlim] start:			Sun Dec 21 15:41:20 2025
[runlim] main pid:		12470
certify app: -f -w ../pdtinv25/benchmarks/stf2/pdtfifo1to0.stf2.aig ./invariants_pa/pdtfifo1to0.stf2.aig
-- App Manager Init.
-- DDI Manager Init.
-- FSM Manager Init.
-- TRAV Manager Init.
|itpGEN:13981,13886(0)|.
[runlim] sample:		10.0 seconds, 99.3 MB
|itpGEN:6759| - nGen:1000(partial) (avg-#lits:  7.8).
itpGEN time: 16.76 s (norm 16.76 s)
 ITP (|A|=13886,|B|=20592)
ITP time limit: -1
[runlim] sample:		20.0 seconds, 128.8 MB
[runlim] sample:		30.0 seconds, 252.5 MB
Solver stats: 34336/56957 vars/clauses (elim v/cl:0/0)
Solver stats: 2239992/185300877/73230 dec./prop./confl.
Solver stats: time = 13.27 s (norm 13.27 s)
[runlim] sample:		40.0 seconds, 259.1 MB
[runlim] sample:		50.0 seconds, 382.4 MB
computing interpolant from refutation proof of size 99072 (AIG nodes: 38024)
[runlim] sample:		60.0 seconds, 544.8 MB
RES PROOF REMOVED 149849 redundant  literals
REMOVED: 149849
RES PROOF RECYCL PIV. REMOVED 315093 resolutions
RESTRUCT PROOF REMOVED 66172 redundant resolutions
RES PROOF PROCESSED: 19588 A, 31529 B, 7131 resA, 7802 resB, 59683 res (tot: 125733)
RES PROOF has 111733 core and 14000 out of core nodes
RES PROOF compacted from 125733 to 111693 nodes
RES PROOF SWAPPED 13453 resolution vars
resB: 0
GET PROOF 18868 A (0 resA) - 33182 B (0 resB) - 59643 res - 0 red
RES PROOF (noop) MOVED from (A:0+B:0) 0 B->A: 0 resA, 0 resB, 59643 res, 0 redundant (red root: 0)
resB: 0
GET PROOF 18868 A (0 resA) - 33182 B (0 resB) - 59643 res - 0 red
ITP proof core: (root: 52027,25 + chain: 59296 (res: 17335900) - ref2: 24802) / tot:111695
ITP proof remapped roots: 295 - eq nodes: 2390 - tot: 57201
ROOT stats - zero: 18567 - one: 33165 - lit: 292 - clause: 1
ITP proof core: (root: 295,0 + chain: 56906 (res: 418119) - ref2: 23509) / tot:57201
ITP proof red Simpl (impl: 0): 0
ITP proof core: (root: 295,0 + chain: 56906 (res: 418119) - ref2: 23509) / tot:57201
[runlim] sample:		70.0 seconds, 1272.1 MB
bdd merge: 11990
ITP proof remapped roots: 295 - eq nodes: 12157 - tot: 45044
ROOT stats - zero: 0 - one: 0 - lit: 292 - clause: 1
ITP proof core: (root: 295,0 + chain: 44506 (res: 402939) - ref2: 19103) / tot:45044
ITP proof dupv: 0 [impl: 0] - implNodes: 0
ITP proof core: (root: 295,0 + chain: 44506 (res: 402939) - ref2: 19103) / tot:45044
ITP proof remapped roots: 295 - eq nodes: 0 - tot: 44801
ROOT stats - zero: 0 - one: 0 - lit: 292 - clause: 1
ITP proof core: (root: 295,0 + chain: 44506 (res: 402939) - ref2: 19103) / tot:44801
ITP proof dupv: 0 - implNodesOdc: 20461
ITP proof core: (root: 295,0 + chain: 44506 (res: 382477) - ref2: 19103) / tot:44801
ITP proof dupv: 0 [impl: 0] - implNodes: 0
STRUCT ODC[AND:3]: 314327 -> 313879
[runlim] sample:		80.0 seconds, 1295.1 MB
[runlim] sample:		90.0 seconds, 1408.5 MB
[runlim] sample:		100.0 seconds, 1439.6 MB
[runlim] sample:		110.0 seconds, 1439.6 MB
[runlim] sample:		120.0 seconds, 1918.0 MB
TOT NNF SIMPL: 313879 -> (abcBal: 122175) -> 120627 (1 iterations)
ITP proof core: (root: 51546,14 + chain: 54267 (res: 13573667) - ref2: 21519) / tot:106242
ITP proof remapped roots: 340 - eq nodes: 1776 - tot: 52831
ROOT stats - zero: 18524 - one: 32682 - lit: 332 - clause: 6
ITP proof core: (root: 340,0 + chain: 52491 (res: 367283) - ref2: 20490) / tot:52831
ITP proof red Simpl (impl: 0): 0
ITP proof core: (root: 340,0 + chain: 52491 (res: 367283) - ref2: 20490) / tot:52831
bdd merge: 4347
ITP proof remapped roots: 340 - eq nodes: 4480 - tot: 48351
ROOT stats - zero: 0 - one: 0 - lit: 332 - clause: 6
ITP proof core: (root: 340,0 + chain: 47976 (res: 361913) - ref2: 18911) / tot:48351
ITP proof dupv: 0 [impl: 0] - implNodes: 0
ITP proof core: (root: 340,0 + chain: 47976 (res: 361913) - ref2: 18911) / tot:48351
ITP proof remapped roots: 340 - eq nodes: 0 - tot: 48316
ROOT stats - zero: 0 - one: 0 - lit: 332 - clause: 6
ITP proof core: (root: 340,0 + chain: 47976 (res: 361913) - ref2: 18911) / tot:48316
ITP proof dupv: 0 - implNodesOdc: 17539
ITP proof core: (root: 340,0 + chain: 47976 (res: 344369) - ref2: 18911) / tot:48316
ITP proof dupv: 0 [impl: 0] - implNodes: 0
STRUCT ODC[AND:4]: 273094 -> 273072
[runlim] sample:		129.9 seconds, 2018.3 MB
[runlim] sample:		139.9 seconds, 2018.9 MB
[runlim] sample:		149.9 seconds, 2106.0 MB
[runlim] sample:		159.9 seconds, 2177.3 MB
[runlim] sample:		169.9 seconds, 2177.3 MB
[runlim] sample:		179.9 seconds, 2177.3 MB
[runlim] sample:		189.9 seconds, 2177.3 MB
[runlim] sample:		199.9 seconds, 1902.1 MB
TOT NNF SIMPL: 273072 -> (abcBal: 113048) -> 110084 (1 iterations)
interpolant OPT: 0 (0,0)
interpolant AUXV: 0 - AIG nodes 100555
itp stats: clause terms/a/o/ao -> 92482/0/0/92482 - A nodes: 0 (and->or): 32766
STRUCT ODC[AND:4]: 62626 -> 62626
TOT NNF SIMPL: 62626 -> (abcBal: 61087) -> 60538 (1 iterations)
itp opt: 60538 -> 60538
AIG OPT (tot aig: 98470): |60538| -> TOT NNF SIMPL: 58288 -> (abcBal: 57804) -> 57601 (1 iterations)
|57601| (tot aig: 96005)
Checking inductive invariant of size. 10914

Check Done for init proved
Checking inductive invariant of size. 10914
[runlim] sample:		209.9 seconds, 1730.6 MB
[runlim] sample:		219.9 seconds, 1730.6 MB

Check Done invariant proved - time: 18.39 s (norm 18.39 s)
Checking property of size. 3884

Check Done property proved - time: 0.83 s (norm 0.83 s)
Writing invar of size 74425 to ./proc_invariants_pa/pdtfifo1to0.stf2.aig
-- App Manager Quit.
-- TRAV Manager Quit.
-- FSM Manager Quit.
-- DDI Manager Quit.
[runlim] end:			Sun Dec 21 15:45:06 2025
[runlim] status:		ok
[runlim] result:		0
[runlim] children:		0
[runlim] real:			226.15 seconds
[runlim] time:			225.72 seconds
[runlim] space:			2177.3 MB
[runlim] samples:		2258
