[runlim] version:		1.7
[runlim] time limit:		311040000 seconds
[runlim] real time limit:	3600 seconds
[runlim] space limit:		32767 MB
[runlim] argv[0]:		./pdtapp
[runlim] argv[1]:		certify
[runlim] argv[2]:		-f
[runlim] argv[3]:		2
[runlim] argv[4]:		-w
[runlim] argv[5]:		./proc_invariants_pa/pdtpmsrotate32.stf2.aig
[runlim] argv[6]:		../pdtinv25/benchmarks/stf2/pdtpmsrotate32.stf2.aig
[runlim] argv[7]:		./invariants_pa/pdtpmsrotate32.stf2.aig
[runlim] start:			Sun Dec 21 15:17:34 2025
[runlim] main pid:		11813
certify app: -f -w ../pdtinv25/benchmarks/stf2/pdtpmsrotate32.stf2.aig ./invariants_pa/pdtpmsrotate32.stf2.aig
-- App Manager Init.
-- DDI Manager Init.
-- FSM Manager Init.
-- TRAV Manager Init.
|itpGEN:2895,2197(0)|.
|itpGEN:642| - nGen:194 (avg-#lits:  2.7).
itpGEN time: 0.29 s (norm 0.29 s)
 Checking inductive invariant of size. 747

Check Done for init proved
Checking inductive invariant of size. 747

Check Done invariant proved - time: 0.07 s (norm 0.07 s)
Checking property of size. 3992

Check Done property proved - time: 0.31 s (norm 0.31 s)
Writing invar of size 940 to ./proc_invariants_pa/pdtpmsrotate32.stf2.aig
-- App Manager Quit.
-- TRAV Manager Quit.
-- FSM Manager Quit.
-- DDI Manager Quit.
[runlim] end:			Sun Dec 21 15:17:35 2025
[runlim] status:		ok
[runlim] result:		0
[runlim] children:		0
[runlim] real:			1.65 seconds
[runlim] time:			0.69 seconds
[runlim] space:			79.4 MB
[runlim] samples:		7
