[runlim] version:		1.7
[runlim] time limit:		311040000 seconds
[runlim] real time limit:	3600 seconds
[runlim] space limit:		32767 MB
[runlim] argv[0]:		./pdtapp
[runlim] argv[1]:		certify
[runlim] argv[2]:		-f
[runlim] argv[3]:		2
[runlim] argv[4]:		-w
[runlim] argv[5]:		./proc_invariants_pa/pdtswvtma6x4p1.stf2.aig
[runlim] argv[6]:		../pdtinv25/benchmarks/stf2/pdtswvtma6x4p1.stf2.aig
[runlim] argv[7]:		./invariants_pa/pdtswvtma6x4p1.stf2.aig
[runlim] start:			Sun Dec 21 12:45:00 2025
[runlim] main pid:		7192
certify app: -f -w ../pdtinv25/benchmarks/stf2/pdtswvtma6x4p1.stf2.aig ./invariants_pa/pdtswvtma6x4p1.stf2.aig
-- App Manager Init.
-- DDI Manager Init.
-- FSM Manager Init.
-- TRAV Manager Init.
|itpGEN:5773,6628(0)|.
|itpGEN:1948| - nGen:301 (avg-#lits:  8.4).
itpGEN time: 2.51 s (norm 2.51 s)
 Checking inductive invariant of size. 2026

Check Done for init proved
Checking inductive invariant of size. 2026

Check Done invariant proved - time: 0.41 s (norm 0.41 s)
Checking property of size. 1170

Check Done property proved - time: 0.00 s (norm 0.00 s)
Writing invar of size 2816 to ./proc_invariants_pa/pdtswvtma6x4p1.stf2.aig
-- App Manager Quit.
-- TRAV Manager Quit.
-- FSM Manager Quit.
-- DDI Manager Quit.
[runlim] end:			Sun Dec 21 12:45:03 2025
[runlim] status:		ok
[runlim] result:		0
[runlim] children:		0
[runlim] real:			3.55 seconds
[runlim] time:			2.89 seconds
[runlim] space:			83.8 MB
[runlim] samples:		29
