[runlim] version:		1.7
[runlim] time limit:		311040000 seconds
[runlim] real time limit:	3600 seconds
[runlim] space limit:		32767 MB
[runlim] argv[0]:		./pdtapp
[runlim] argv[1]:		certify
[runlim] argv[2]:		-f
[runlim] argv[3]:		2
[runlim] argv[4]:		-w
[runlim] argv[5]:		./proc_invariants_pa/pdtvisblackjack0.stf2.aig
[runlim] argv[6]:		../pdtinv25/benchmarks/stf2/pdtvisblackjack0.stf2.aig
[runlim] argv[7]:		./invariants_pa/pdtvisblackjack0.stf2.aig
[runlim] start:			Sun Dec 21 15:23:10 2025
[runlim] main pid:		12004
certify app: -f -w ../pdtinv25/benchmarks/stf2/pdtvisblackjack0.stf2.aig ./invariants_pa/pdtvisblackjack0.stf2.aig
-- App Manager Init.
-- DDI Manager Init.
-- FSM Manager Init.
-- TRAV Manager Init.
|itpGEN:6603,7515(0)|.
|itpGEN:376| - nGen:120 (avg-#lits:  2.9).
itpGEN time: 0.67 s (norm 0.67 s)
 Checking inductive invariant of size. 339

Check Done for init proved
Checking inductive invariant of size. 339

Check Done invariant proved - time: 0.47 s (norm 0.47 s)
Checking property of size. 3531

Check Done property proved - time: 0.01 s (norm 0.01 s)
Writing invar of size 516 to ./proc_invariants_pa/pdtvisblackjack0.stf2.aig
-- App Manager Quit.
-- TRAV Manager Quit.
-- FSM Manager Quit.
-- DDI Manager Quit.
[runlim] end:			Sun Dec 21 15:23:12 2025
[runlim] status:		ok
[runlim] result:		0
[runlim] children:		0
[runlim] real:			2.09 seconds
[runlim] time:			1.18 seconds
[runlim] space:			84.5 MB
[runlim] samples:		12
