[runlim] version:		1.7
[runlim] time limit:		311040000 seconds
[runlim] real time limit:	3600 seconds
[runlim] space limit:		32767 MB
[runlim] argv[0]:		./pdtapp
[runlim] argv[1]:		certify
[runlim] argv[2]:		-f
[runlim] argv[3]:		2
[runlim] argv[4]:		-w
[runlim] argv[5]:		./proc_invariants_pa/pdtvisvending00.stf2.aig
[runlim] argv[6]:		../pdtinv25/benchmarks/stf2/pdtvisvending00.stf2.aig
[runlim] argv[7]:		./invariants_pa/pdtvisvending00.stf2.aig
[runlim] start:			Sun Dec 21 14:26:09 2025
[runlim] main pid:		10456
certify app: -f -w ../pdtinv25/benchmarks/stf2/pdtvisvending00.stf2.aig ./invariants_pa/pdtvisvending00.stf2.aig
-- App Manager Init.
-- DDI Manager Init.
-- FSM Manager Init.
-- TRAV Manager Init.
|itpGEN:1799,2178(0)|.
|itpGEN:340| - nGen:85 (avg-#lits:  4.2).
itpGEN time: 0.15 s (norm 0.15 s)
 Checking inductive invariant of size. 333

Check Done for init proved
Checking inductive invariant of size. 333

Check Done invariant proved - time: 0.06 s (norm 0.06 s)
Checking property of size. 2030

Check Done property proved - time: 0.01 s (norm 0.01 s)
Writing invar of size 592 to ./proc_invariants_pa/pdtvisvending00.stf2.aig
-- App Manager Quit.
-- TRAV Manager Quit.
-- FSM Manager Quit.
-- DDI Manager Quit.
[runlim] end:			Sun Dec 21 14:26:09 2025
[runlim] status:		ok
[runlim] result:		0
[runlim] children:		0
[runlim] real:			0.62 seconds
[runlim] time:			0.19 seconds
[runlim] space:			77.1 MB
[runlim] samples:		2
