[runlim] version:		1.7
[runlim] time limit:		311040000 seconds
[runlim] real time limit:	3600 seconds
[runlim] space limit:		32767 MB
[runlim] argv[0]:		./pdtapp
[runlim] argv[1]:		certify
[runlim] argv[2]:		-f
[runlim] argv[3]:		2
[runlim] argv[4]:		-w
[runlim] argv[5]:		./proc_invariants_pa/pdtvisgigamax4.stf2.aig
[runlim] argv[6]:		../pdtinv25/benchmarks/stf2/pdtvisgigamax4.stf2.aig
[runlim] argv[7]:		./invariants_pa/pdtvisgigamax4.stf2.aig
[runlim] start:			Sun Dec 21 15:22:52 2025
[runlim] main pid:		11976
certify app: -f -w ../pdtinv25/benchmarks/stf2/pdtvisgigamax4.stf2.aig ./invariants_pa/pdtvisgigamax4.stf2.aig
-- App Manager Init.
-- DDI Manager Init.
-- FSM Manager Init.
-- TRAV Manager Init.
|itpGEN:1745,1957(0)|.
|itpGEN:35| - nGen:11 (avg-#lits:  3.1).
itpGEN time: 0.04 s (norm 0.04 s)
 Checking inductive invariant of size. 31

Check Done for init proved
Checking inductive invariant of size. 31

Check Done invariant proved - time: 0.03 s (norm 0.03 s)
Checking property of size. 1674

Check Done property proved - time: 0.00 s (norm 0.00 s)
Writing invar of size 49 to ./proc_invariants_pa/pdtvisgigamax4.stf2.aig
-- App Manager Quit.
-- TRAV Manager Quit.
-- FSM Manager Quit.
-- DDI Manager Quit.
[runlim] end:			Sun Dec 21 15:22:52 2025
[runlim] status:		ok
[runlim] result:		0
[runlim] children:		0
[runlim] real:			0.37 seconds
[runlim] time:			0.08 seconds
[runlim] space:			77.3 MB
[runlim] samples:		1
