[runlim] version:		1.7
[runlim] time limit:		311040000 seconds
[runlim] real time limit:	3600 seconds
[runlim] space limit:		32767 MB
[runlim] argv[0]:		./pdtapp
[runlim] argv[1]:		certify
[runlim] argv[2]:		-f
[runlim] argv[3]:		2
[runlim] argv[4]:		-w
[runlim] argv[5]:		./proc_invariants_pa/pj2016.stf2.aig
[runlim] argv[6]:		../pdtinv25/benchmarks/stf2/pj2016.stf2.aig
[runlim] argv[7]:		./invariants_pa/pj2016.stf2.aig
[runlim] start:			Sun Dec 21 15:22:53 2025
[runlim] main pid:		11982
certify app: -f -w ../pdtinv25/benchmarks/stf2/pj2016.stf2.aig ./invariants_pa/pj2016.stf2.aig
-- App Manager Init.
-- DDI Manager Init.
-- FSM Manager Init.
-- TRAV Manager Init.
|itpGEN:68911,74614(0)|.
|itpGEN:409| - nGen:88 (avg-#lits:  5.0).
itpGEN time: 4.78 s (norm 4.78 s)
 Checking inductive invariant of size. 356

Check Done for init proved
Checking inductive invariant of size. 356

Check Done invariant proved - time: 0.59 s (norm 0.59 s)
Checking property of size. 68643

Check Done property proved - time: 0.13 s (norm 0.13 s)
Writing invar of size 583 to ./proc_invariants_pa/pj2016.stf2.aig
-- App Manager Quit.
-- TRAV Manager Quit.
-- FSM Manager Quit.
-- DDI Manager Quit.
[runlim] end:			Sun Dec 21 15:22:59 2025
[runlim] status:		ok
[runlim] result:		0
[runlim] children:		0
[runlim] real:			6.44 seconds
[runlim] time:			5.69 seconds
[runlim] space:			189.4 MB
[runlim] samples:		57
