[runlim] version:		1.7
[runlim] time limit:		311040000 seconds
[runlim] real time limit:	3600 seconds
[runlim] space limit:		32767 MB
[runlim] argv[0]:		./pdtapp
[runlim] argv[1]:		certify
[runlim] argv[2]:		-f
[runlim] argv[3]:		2
[runlim] argv[4]:		-w
[runlim] argv[5]:		./proc_invariants_pa/texaspimainp01.stf2.aig
[runlim] argv[6]:		../pdtinv25/benchmarks/stf2/texaspimainp01.stf2.aig
[runlim] argv[7]:		./invariants_pa/texaspimainp01.stf2.aig
[runlim] start:			Sun Dec 21 11:29:11 2025
[runlim] main pid:		5308
certify app: -f -w ../pdtinv25/benchmarks/stf2/texaspimainp01.stf2.aig ./invariants_pa/texaspimainp01.stf2.aig
-- App Manager Init.
-- DDI Manager Init.
-- FSM Manager Init.
-- TRAV Manager Init.
|itpGEN:2776,16691(0)|.
|itpGEN:295| - nGen:92 (avg-#lits:  2.3).
itpGEN time: 0.20 s (norm 0.20 s)
 Checking inductive invariant of size. 42

Check Done for init proved
Checking inductive invariant of size. 42

Check Done invariant proved - time: 0.03 s (norm 0.03 s)
Checking property of size. 1125

Check Done property proved - time: 0.00 s (norm 0.00 s)
Writing invar of size 311 to ./proc_invariants_pa/texaspimainp01.stf2.aig
-- App Manager Quit.
-- TRAV Manager Quit.
-- FSM Manager Quit.
-- DDI Manager Quit.
[runlim] end:			Sun Dec 21 11:29:12 2025
[runlim] status:		ok
[runlim] result:		0
[runlim] children:		0
[runlim] real:			1.21 seconds
[runlim] time:			0.20 seconds
[runlim] space:			89.2 MB
[runlim] samples:		2
