[runlim] version:		1.7
[runlim] time limit:		311040000 seconds
[runlim] real time limit:	1800 seconds
[runlim] space limit:		4096 MB
[runlim] argv[0]:		./pdtapp
[runlim] argv[1]:		certify
[runlim] argv[2]:		-f
[runlim] argv[3]:		2
[runlim] argv[4]:		-i
[runlim] argv[5]:		./proc_invariants_pa/texasparsesysp2.stf2.aig
[runlim] argv[6]:		./benchmarks/stf2/texasparsesysp2.stf2.aig
[runlim] argv[7]:		./invariants_pa/texasparsesysp2.stf2.aig
[runlim] start:			Tue May 13 21:01:46 2025
[runlim] main pid:		1401
certify app: -f -i ./benchmarks/stf2/texasparsesysp2.stf2.aig ./invariants_pa/texasparsesysp2.stf2.aig
-- App Manager Init.
-- DDI Manager Init.
-- FSM Manager Init.
-- TRAV Manager Init.
ITP (|A|=25298,|B|=783)
ITP time limit: -1
Solver stats: 26063/74005 vars/clauses
Solver stats: 715/67292/36(35) dec./prop./confl.(small)
Solver stored decisions: 0
Solver stats: time = 0.01 s (norm 0.01 s)
computing interpolant from refutation proof of size 77691 (AIG nodes: 49901)
ITP proof unit res. cl,: 59(A:40/B:14/AB:5 - equiv:1)
ITP proof two res. cl: 8(AB:1)
ITP core: (495,3085 + 81) / 77692
ITP proof core: (root: 497,0 + chain: 81 (res: 870) - ref2: 45) / tot:77694
ITP proof remapped roots: 30 - eq nodes: 46 - tot: 65
ROOT stats - zero: 221 - one: 246 - lit: 25 - clause: 3
ITP proof core: (root: 30,0 + chain: 35 (res: 93) - ref2: 20) / tot:65
ITP proof remapped roots: 30 - eq nodes: 6 - tot: 59
ROOT stats - zero: 0 - one: 0 - lit: 25 - clause: 3
ITP proof core: (root: 30,0 + chain: 29 (res: 77) - ref2: 17) / tot:59
ITP proof dupv: 0 [impl: 0] - implNodes: 0
ITP proof core: (root: 30,0 + chain: 29 (res: 77) - ref2: 17) / tot:59
bdd merge: 1
ITP proof remapped roots: 30 - eq nodes: 2 - tot: 57
ROOT stats - zero: 0 - one: 0 - lit: 25 - clause: 3
ITP proof core: (root: 20,0 + chain: 27 (res: 63) - ref2: 16) / tot:57
ITP proof red Simpl (impl: 0): 1
ITP proof core: (root: 20,0 + chain: 27 (res: 62) - ref2: 16) / tot:57
ITP proof remapped roots: 20 - eq nodes: 0 - tot: 47
ROOT stats - zero: 0 - one: 0 - lit: 15 - clause: 3
ITP proof core: (root: 20,0 + chain: 27 (res: 62) - ref2: 16) / tot:47
ITP proof dupv: 0 - implNodesOdc: 6
ITP proof core: (root: 20,0 + chain: 27 (res: 56) - ref2: 16) / tot:47
ITP proof dupv: 0 [impl: 0] - implNodes: 0
interpolant OPT: 0 (0,0)
interpolant AUXV: 0 - AIG nodes 49935
interpolant stats: clause terms/a/o/ao -> 27/0/0/27 - A nodes: 27 (and->or): 48
STRUCT ODC[OR:5]: 40 -> 33
TOT NNF SIMPL: 28 -> (abcBal: 25) -> 24 (1 iterations)
itp opt: 24 -> 24
Checking inductive invariant of size. 5

Check Done for init proved
Checking inductive invariant of size. 5

Check Done invariant proved - time: 0.00 s (norm 0.00 s)
Checking property of size. 780

Check Done property proved - time: 0.00 s (norm 0.00 s)
Writing invar to ./proc_invariants_pa/texasparsesysp2.stf2.aig
-- App Manager Quit.
-- TRAV Manager Quit.
-- FSM Manager Quit.
-- DDI Manager Quit.
[runlim] end:			Tue May 13 21:01:47 2025
[runlim] status:		ok
[runlim] result:		0
[runlim] children:		0
[runlim] real:			1.88 seconds
[runlim] time:			0.45 seconds
[runlim] space:			97.0 MB
[runlim] samples:		10
