[runlim] version:		1.7
[runlim] time limit:		311040000 seconds
[runlim] real time limit:	900 seconds
[runlim] space limit:		4096 MB
[runlim] argv[0]:		./pdtapp
[runlim] argv[1]:		certify
[runlim] argv[2]:		./benchmarks/stf2/6s221rb14.stf2.aig
[runlim] argv[3]:		./proc_invariants_pa/6s221rb14.stf2.aig
[runlim] start:			Tue May 13 22:24:07 2025
[runlim] main pid:		624
certify app: ./benchmarks/stf2/6s221rb14.stf2.aig ./proc_invariants_pa/6s221rb14.stf2.aig
-- App Manager Init.
-- DDI Manager Init.
-- FSM Manager Init.
-- TRAV Manager Init.
Checking inductive invariant of size. 4168

Check Done for init proved
Checking inductive invariant of size. 4168

Check Done invariant proved - time: 0.13 s (norm 0.13 s)
Checking property of size. 1144

Check Done property proved - time: 0.01 s (norm 0.01 s)
-- App Manager Quit.
-- TRAV Manager Quit.
-- FSM Manager Quit.
-- DDI Manager Quit.
[runlim] end:			Tue May 13 22:24:10 2025
[runlim] status:		ok
[runlim] result:		0
[runlim] children:		0
[runlim] real:			3.55 seconds
[runlim] time:			1.60 seconds
[runlim] space:			408.1 MB
[runlim] samples:		32
