[runlim] version:		1.7
[runlim] time limit:		311040000 seconds
[runlim] real time limit:	900 seconds
[runlim] space limit:		4096 MB
[runlim] argv[0]:		./pdtapp
[runlim] argv[1]:		certify
[runlim] argv[2]:		../pdtinv25/benchmarks/stf2/bob3.stf2.aig
[runlim] argv[3]:		./proc_invariants_pa/bob3.stf2.aig
[runlim] start:			Thu May 15 12:48:15 2025
[runlim] main pid:		636
certify app: ../pdtinv25/benchmarks/stf2/bob3.stf2.aig ./proc_invariants_pa/bob3.stf2.aig
-- App Manager Init.
-- DDI Manager Init.
-- FSM Manager Init.
-- TRAV Manager Init.
Checking inductive invariant of size. 120853

Check Done for init proved
Checking inductive invariant of size. 120853
[runlim] sample:		9.6 seconds, 261.1 MB
[runlim] sample:		19.6 seconds, 261.1 MB
[runlim] sample:		29.6 seconds, 261.1 MB
[runlim] sample:		39.6 seconds, 261.1 MB
[runlim] sample:		49.6 seconds, 261.1 MB
[runlim] sample:		59.6 seconds, 261.1 MB
[runlim] sample:		69.6 seconds, 261.1 MB
[runlim] sample:		79.6 seconds, 261.1 MB
[runlim] sample:		89.6 seconds, 261.1 MB
[runlim] sample:		99.6 seconds, 261.1 MB
[runlim] sample:		109.6 seconds, 261.1 MB
[runlim] sample:		119.6 seconds, 261.1 MB
[runlim] sample:		129.6 seconds, 261.1 MB
[runlim] sample:		139.6 seconds, 261.1 MB
[runlim] sample:		149.6 seconds, 261.1 MB
[runlim] sample:		159.6 seconds, 261.1 MB

Check Done invariant proved - time: 159.07 s (norm 159.07 s)
Checking property of size. 5

Check Done property proved - time: 1.25 s (norm 1.25 s)
-- App Manager Quit.
-- TRAV Manager Quit.
-- FSM Manager Quit.
-- DDI Manager Quit.
[runlim] end:			Thu May 15 12:50:56 2025
[runlim] status:		ok
[runlim] result:		0
[runlim] children:		0
[runlim] real:			161.97 seconds
[runlim] time:			161.02 seconds
[runlim] space:			261.1 MB
[runlim] samples:		1614
