[runlim] version:		1.7
[runlim] time limit:		311040000 seconds
[runlim] real time limit:	900 seconds
[runlim] space limit:		4096 MB
[runlim] argv[0]:		./pdtapp
[runlim] argv[1]:		certify
[runlim] argv[2]:		./benchmarks/stf2/boblivear.stf2.aig
[runlim] argv[3]:		./proc_invariants_pa/boblivear.stf2.aig
[runlim] start:			Tue May 13 22:24:40 2025
[runlim] main pid:		674
certify app: ./benchmarks/stf2/boblivear.stf2.aig ./proc_invariants_pa/boblivear.stf2.aig
-- App Manager Init.
-- DDI Manager Init.
-- FSM Manager Init.
-- TRAV Manager Init.
Checking inductive invariant of size. 98430

Check Done for init proved
Checking inductive invariant of size. 98430
[runlim] sample:		9.5 seconds, 216.2 MB
[runlim] sample:		19.5 seconds, 216.2 MB
[runlim] sample:		29.5 seconds, 216.2 MB

Check Done invariant proved - time: 33.53 s (norm 33.53 s)
Checking property of size. 492

Check Done property proved - time: 0.63 s (norm 0.63 s)
-- App Manager Quit.
-- TRAV Manager Quit.
-- FSM Manager Quit.
-- DDI Manager Quit.
[runlim] end:			Tue May 13 22:25:15 2025
[runlim] status:		ok
[runlim] result:		0
[runlim] children:		0
[runlim] real:			35.78 seconds
[runlim] time:			34.69 seconds
[runlim] space:			216.2 MB
[runlim] samples:		352
