[runlim] version:		1.7
[runlim] time limit:		311040000 seconds
[runlim] real time limit:	900 seconds
[runlim] space limit:		4096 MB
[runlim] argv[0]:		./pdtapp
[runlim] argv[1]:		certify
[runlim] argv[2]:		./benchmarks/stf2/bobsynthand.stf2.aig
[runlim] argv[3]:		./proc_invariants_pa/bobsynthand.stf2.aig
[runlim] start:			Tue May 13 22:25:15 2025
[runlim] main pid:		676
certify app: ./benchmarks/stf2/bobsynthand.stf2.aig ./proc_invariants_pa/bobsynthand.stf2.aig
-- App Manager Init.
-- DDI Manager Init.
-- FSM Manager Init.
-- TRAV Manager Init.
Checking inductive invariant of size. 0

Check Done for init disproved
Checking inductive invariant of size. 0

Check Done invariant proved - time: 0.00 s (norm 0.00 s)
Checking property of size. 0

Check Done property proved - time: 0.00 s (norm 0.00 s)
-- App Manager Quit.
-- TRAV Manager Quit.
-- FSM Manager Quit.
-- DDI Manager Quit.
[runlim] end:			Tue May 13 22:25:16 2025
[runlim] status:		ok
[runlim] result:		0
[runlim] children:		0
[runlim] real:			1.32 seconds
[runlim] time:			0.07 seconds
[runlim] space:			95.7 MB
[runlim] samples:		4
