[runlim] version:		1.7
[runlim] time limit:		311040000 seconds
[runlim] real time limit:	900 seconds
[runlim] space limit:		4096 MB
[runlim] argv[0]:		./pdtapp
[runlim] argv[1]:		certify
[runlim] argv[2]:		../pdtinv25/benchmarks/stf2/eijks344.stf2.aig
[runlim] argv[3]:		./proc_invariants_pa/eijks344.stf2.aig
[runlim] start:			Thu May 15 12:51:18 2025
[runlim] main pid:		640
certify app: ../pdtinv25/benchmarks/stf2/eijks344.stf2.aig ./proc_invariants_pa/eijks344.stf2.aig
-- App Manager Init.
-- DDI Manager Init.
-- FSM Manager Init.
-- TRAV Manager Init.
Checking inductive invariant of size. 57293

Check Done for init proved
Checking inductive invariant of size. 57293
[runlim] sample:		9.7 seconds, 162.5 MB

Check Done invariant proved - time: 13.34 s (norm 13.34 s)
Checking property of size. 64

Check Done property proved - time: 0.24 s (norm 0.24 s)
-- App Manager Quit.
-- TRAV Manager Quit.
-- FSM Manager Quit.
-- DDI Manager Quit.
[runlim] end:			Thu May 15 12:51:32 2025
[runlim] status:		ok
[runlim] result:		0
[runlim] children:		0
[runlim] real:			14.40 seconds
[runlim] time:			13.92 seconds
[runlim] space:			162.5 MB
[runlim] samples:		142
