[runlim] version:		1.7
[runlim] time limit:		311040000 seconds
[runlim] real time limit:	900 seconds
[runlim] space limit:		4096 MB
[runlim] argv[0]:		./pdtapp
[runlim] argv[1]:		certify
[runlim] argv[2]:		../pdtinv25/benchmarks/stf2/eijks349.stf2.aig
[runlim] argv[3]:		./proc_invariants_pa/eijks349.stf2.aig
[runlim] start:			Thu May 15 12:51:32 2025
[runlim] main pid:		642
certify app: ../pdtinv25/benchmarks/stf2/eijks349.stf2.aig ./proc_invariants_pa/eijks349.stf2.aig
-- App Manager Init.
-- DDI Manager Init.
-- FSM Manager Init.
-- TRAV Manager Init.
Checking inductive invariant of size. 50452

Check Done for init proved
Checking inductive invariant of size. 50452
[runlim] sample:		9.7 seconds, 147.4 MB

Check Done invariant proved - time: 10.22 s (norm 10.22 s)
Checking property of size. 64

Check Done property proved - time: 0.19 s (norm 0.19 s)
-- App Manager Quit.
-- TRAV Manager Quit.
-- FSM Manager Quit.
-- DDI Manager Quit.
[runlim] end:			Thu May 15 12:51:43 2025
[runlim] status:		ok
[runlim] result:		0
[runlim] children:		0
[runlim] real:			11.45 seconds
[runlim] time:			10.71 seconds
[runlim] space:			147.4 MB
[runlim] samples:		110
