[runlim] version:		1.7
[runlim] time limit:		311040000 seconds
[runlim] real time limit:	900 seconds
[runlim] space limit:		4096 MB
[runlim] argv[0]:		./pdtapp
[runlim] argv[1]:		certify
[runlim] argv[2]:		./benchmarks/stf2/eijks953.stf2.aig
[runlim] argv[3]:		./proc_invariants_pa/eijks953.stf2.aig
[runlim] start:			Tue May 13 22:40:17 2025
[runlim] main pid:		688
certify app: ./benchmarks/stf2/eijks953.stf2.aig ./proc_invariants_pa/eijks953.stf2.aig
-- App Manager Init.
-- DDI Manager Init.
-- FSM Manager Init.
-- TRAV Manager Init.
Checking inductive invariant of size. 38600

Check Done for init proved
Checking inductive invariant of size. 38600

Check Done invariant proved - time: 2.63 s (norm 2.63 s)
Checking property of size. 737

Check Done property proved - time: 0.42 s (norm 0.42 s)
-- App Manager Quit.
-- TRAV Manager Quit.
-- FSM Manager Quit.
-- DDI Manager Quit.
[runlim] end:			Tue May 13 22:40:21 2025
[runlim] status:		ok
[runlim] result:		0
[runlim] children:		0
[runlim] real:			4.52 seconds
[runlim] time:			3.30 seconds
[runlim] space:			132.0 MB
[runlim] samples:		37
