[runlim] version:		1.7
[runlim] time limit:		311040000 seconds
[runlim] real time limit:	900 seconds
[runlim] space limit:		4096 MB
[runlim] argv[0]:		./pdtapp
[runlim] argv[1]:		certify
[runlim] argv[2]:		./benchmarks/stf2/eijks386.stf2.aig
[runlim] argv[3]:		./proc_invariants_pa/eijks386.stf2.aig
[runlim] start:			Tue May 13 22:40:17 2025
[runlim] main pid:		686
certify app: ./benchmarks/stf2/eijks386.stf2.aig ./proc_invariants_pa/eijks386.stf2.aig
-- App Manager Init.
-- DDI Manager Init.
-- FSM Manager Init.
-- TRAV Manager Init.
Checking inductive invariant of size. 5760

Check Done for init proved
Checking inductive invariant of size. 5760

Check Done invariant proved - time: 0.06 s (norm 0.06 s)
Checking property of size. 202

Check Done property proved - time: 0.03 s (norm 0.03 s)
-- App Manager Quit.
-- TRAV Manager Quit.
-- FSM Manager Quit.
-- DDI Manager Quit.
[runlim] end:			Tue May 13 22:40:17 2025
[runlim] status:		ok
[runlim] result:		0
[runlim] children:		0
[runlim] real:			0.76 seconds
[runlim] time:			0.14 seconds
[runlim] space:			83.2 MB
[runlim] samples:		5
