[runlim] version:		1.7
[runlim] time limit:		311040000 seconds
[runlim] real time limit:	900 seconds
[runlim] space limit:		4096 MB
[runlim] argv[0]:		./pdtapp
[runlim] argv[1]:		certify
[runlim] argv[2]:		./benchmarks/stf2/intel007.stf2.aig
[runlim] argv[3]:		./proc_invariants_pa/intel007.stf2.aig
[runlim] start:			Tue May 13 22:40:22 2025
[runlim] main pid:		694
certify app: ./benchmarks/stf2/intel007.stf2.aig ./proc_invariants_pa/intel007.stf2.aig
-- App Manager Init.
-- DDI Manager Init.
-- FSM Manager Init.
-- TRAV Manager Init.
Checking inductive invariant of size. 19193

Check Done for init proved
Checking inductive invariant of size. 19193

Check Done invariant proved - time: 2.21 s (norm 2.21 s)
Checking property of size. 5

Check Done property proved - time: 0.03 s (norm 0.03 s)
-- App Manager Quit.
-- TRAV Manager Quit.
-- FSM Manager Quit.
-- DDI Manager Quit.
[runlim] end:			Tue May 13 22:40:24 2025
[runlim] status:		ok
[runlim] result:		0
[runlim] children:		0
[runlim] real:			2.99 seconds
[runlim] time:			2.36 seconds
[runlim] space:			126.5 MB
[runlim] samples:		28
