[runlim] version:		1.7
[runlim] time limit:		311040000 seconds
[runlim] real time limit:	900 seconds
[runlim] space limit:		4096 MB
[runlim] argv[0]:		./pdtapp
[runlim] argv[1]:		certify
[runlim] argv[2]:		../pdtinv25/benchmarks/stf2/intel026.stf2.aig
[runlim] argv[3]:		./proc_invariants_pa/intel026.stf2.aig
[runlim] start:			Thu May 15 12:52:30 2025
[runlim] main pid:		646
certify app: ../pdtinv25/benchmarks/stf2/intel026.stf2.aig ./proc_invariants_pa/intel026.stf2.aig
-- App Manager Init.
-- DDI Manager Init.
-- FSM Manager Init.
-- TRAV Manager Init.
Checking inductive invariant of size. 69271

Check Done for init proved
Checking inductive invariant of size. 69271
[runlim] sample:		9.7 seconds, 187.6 MB
[runlim] sample:		19.7 seconds, 187.6 MB
[runlim] sample:		29.7 seconds, 187.6 MB
[runlim] sample:		39.7 seconds, 187.6 MB

Check Done invariant proved - time: 47.12 s (norm 47.12 s)
Checking property of size. 6173

Check Done property proved - time: 0.18 s (norm 0.18 s)
-- App Manager Quit.
-- TRAV Manager Quit.
-- FSM Manager Quit.
-- DDI Manager Quit.
[runlim] end:			Thu May 15 12:53:18 2025
[runlim] status:		ok
[runlim] result:		0
[runlim] children:		0
[runlim] real:			48.82 seconds
[runlim] time:			47.67 seconds
[runlim] space:			187.6 MB
[runlim] samples:		480
