[runlim] version:		1.7
[runlim] time limit:		311040000 seconds
[runlim] real time limit:	900 seconds
[runlim] space limit:		4096 MB
[runlim] argv[0]:		./pdtapp
[runlim] argv[1]:		certify
[runlim] argv[2]:		./benchmarks/stf2/nusmvtcasp3.stf2.aig
[runlim] argv[3]:		./proc_invariants_pa/nusmvtcasp3.stf2.aig
[runlim] start:			Tue May 13 22:41:43 2025
[runlim] main pid:		734
certify app: ./benchmarks/stf2/nusmvtcasp3.stf2.aig ./proc_invariants_pa/nusmvtcasp3.stf2.aig
-- App Manager Init.
-- DDI Manager Init.
-- FSM Manager Init.
-- TRAV Manager Init.
Checking inductive invariant of size. 91729

Check Done for init proved
Checking inductive invariant of size. 91729
[runlim] sample:		9.4 seconds, 210.5 MB
[runlim] sample:		19.4 seconds, 210.5 MB
[runlim] sample:		29.4 seconds, 210.5 MB
[runlim] sample:		39.5 seconds, 210.5 MB
[runlim] sample:		49.5 seconds, 219.0 MB
[runlim] sample:		59.5 seconds, 232.1 MB
[runlim] sample:		69.5 seconds, 234.9 MB

Check Done invariant proved - time: 77.57 s (norm 77.57 s)
Checking property of size. 2774
[runlim] sample:		79.5 seconds, 242.4 MB

Check Done property proved - time: 2.53 s (norm 2.53 s)
-- App Manager Quit.
-- TRAV Manager Quit.
-- FSM Manager Quit.
-- DDI Manager Quit.
[runlim] end:			Tue May 13 22:43:04 2025
[runlim] status:		ok
[runlim] result:		0
[runlim] children:		0
[runlim] real:			81.69 seconds
[runlim] time:			80.55 seconds
[runlim] space:			242.7 MB
[runlim] samples:		811
