[runlim] version:		1.7
[runlim] time limit:		311040000 seconds
[runlim] real time limit:	900 seconds
[runlim] space limit:		4096 MB
[runlim] argv[0]:		./pdtapp
[runlim] argv[1]:		certify
[runlim] argv[2]:		./benchmarks/stf2/nusmvreactorp5.stf2.aig
[runlim] argv[3]:		./proc_invariants_pa/nusmvreactorp5.stf2.aig
[runlim] start:			Tue May 13 22:41:42 2025
[runlim] main pid:		730
certify app: ./benchmarks/stf2/nusmvreactorp5.stf2.aig ./proc_invariants_pa/nusmvreactorp5.stf2.aig
-- App Manager Init.
-- DDI Manager Init.
-- FSM Manager Init.
-- TRAV Manager Init.
Checking inductive invariant of size. 223

Check Done for init proved
Checking inductive invariant of size. 223

Check Done invariant proved - time: 0.01 s (norm 0.01 s)
Checking property of size. 18

Check Done property proved - time: 0.00 s (norm 0.00 s)
-- App Manager Quit.
-- TRAV Manager Quit.
-- FSM Manager Quit.
-- DDI Manager Quit.
[runlim] end:			Tue May 13 22:41:43 2025
[runlim] status:		ok
[runlim] result:		0
[runlim] children:		0
[runlim] real:			1.22 seconds
[runlim] time:			0.02 seconds
[runlim] space:			75.2 MB
[runlim] samples:		3
