[runlim] version:		1.7
[runlim] time limit:		311040000 seconds
[runlim] real time limit:	900 seconds
[runlim] space limit:		4096 MB
[runlim] argv[0]:		./pdtapp
[runlim] argv[1]:		certify
[runlim] argv[2]:		../pdtinv25/benchmarks/stf2/oc8051xiommuo5.stf2.aig
[runlim] argv[3]:		./proc_invariants_pa/oc8051xiommuo5.stf2.aig
[runlim] start:			Thu May 15 12:53:18 2025
[runlim] main pid:		648
certify app: ../pdtinv25/benchmarks/stf2/oc8051xiommuo5.stf2.aig ./proc_invariants_pa/oc8051xiommuo5.stf2.aig
-- App Manager Init.
-- DDI Manager Init.
-- FSM Manager Init.
-- TRAV Manager Init.
Checking inductive invariant of size. 81144

Check Done for init proved
Checking inductive invariant of size. 81144
[runlim] sample:		9.7 seconds, 223.8 MB

Check Done invariant proved - time: 13.22 s (norm 13.22 s)
Checking property of size. 916

Check Done property proved - time: 0.35 s (norm 0.35 s)
-- App Manager Quit.
-- TRAV Manager Quit.
-- FSM Manager Quit.
-- DDI Manager Quit.
[runlim] end:			Thu May 15 12:53:33 2025
[runlim] status:		ok
[runlim] result:		0
[runlim] children:		0
[runlim] real:			15.31 seconds
[runlim] time:			14.10 seconds
[runlim] space:			223.8 MB
[runlim] samples:		144
