[runlim] version:		1.7
[runlim] time limit:		311040000 seconds
[runlim] real time limit:	900 seconds
[runlim] space limit:		4096 MB
[runlim] argv[0]:		./pdtapp
[runlim] argv[1]:		certify
[runlim] argv[2]:		../pdtinv25/benchmarks/stf2/pdtpmsrotate32.stf2.aig
[runlim] argv[3]:		./proc_invariants_pa/pdtpmsrotate32.stf2.aig
[runlim] start:			Thu May 15 13:08:14 2025
[runlim] main pid:		654
certify app: ../pdtinv25/benchmarks/stf2/pdtpmsrotate32.stf2.aig ./proc_invariants_pa/pdtpmsrotate32.stf2.aig
-- App Manager Init.
-- DDI Manager Init.
-- FSM Manager Init.
-- TRAV Manager Init.
Checking inductive invariant of size. 1256

Check Done for init proved
Checking inductive invariant of size. 1256

Check Done invariant proved - time: 0.11 s (norm 0.11 s)
Checking property of size. 1610

Check Done property proved - time: 0.16 s (norm 0.16 s)
-- App Manager Quit.
-- TRAV Manager Quit.
-- FSM Manager Quit.
-- DDI Manager Quit.
[runlim] end:			Thu May 15 13:08:15 2025
[runlim] status:		ok
[runlim] result:		0
[runlim] children:		0
[runlim] real:			1.19 seconds
[runlim] time:			0.27 seconds
[runlim] space:			78.0 MB
[runlim] samples:		5
