[runlim] version:		1.7
[runlim] time limit:		311040000 seconds
[runlim] real time limit:	7200 seconds
[runlim] space limit:		32767 MB
[runlim] argv[0]:		./pdtapp
[runlim] argv[1]:		certify
[runlim] argv[2]:		-t
[runlim] argv[3]:		5
[runlim] argv[4]:		-w
[runlim] argv[5]:		./proc_invariants_td/6s0.st-T5.aig
[runlim] argv[6]:		../pdtinv25/benchmarks/st/6s0.st.aig
[runlim] argv[7]:		./invariants_td/6s0.st-T5.aig
[runlim] start:			Sun Dec 21 22:39:33 2025
[runlim] main pid:		16027
certify app: -t -w ../pdtinv25/benchmarks/st/6s0.st.aig ./invariants_td/6s0.st-T5.aig
-- App Manager Init.
-- DDI Manager Init.
-- FSM Manager Init.
-- TRAV Manager Init.
Checking inductive invariant of size. 99756
|itpGEN:114745,4712(0)|.
|itpGEN:165| - nGen:84 (avg-#lits:  1.0).
itpGEN time: 1.52 s (norm 1.52 s)
 |itpGEN:110990,4638(0)|.
|itpGEN:179| - nGen:87 (avg-#lits:  1.1).
itpGEN time: 0.88 s (norm 0.88 s)
 |itpGEN:107235,4646(0)|.
|itpGEN:131| - nGen:62 (avg-#lits:  1.1).
itpGEN time: 0.68 s (norm 0.68 s)
 |itpGEN:103480,4621(0)|.
|itpGEN:202| - nGen:94 (avg-#lits:  1.1).
itpGEN time: 0.53 s (norm 0.53 s)
 
Check Done for init proved
Checking inductive invariant of size. 99756

Check Done invariant disproved - time: 0.41 s (norm 0.41 s)
Checking property of size. 7

Check Done property proved - time: 0.18 s (norm 0.18 s)
-- App Manager Quit.
-- TRAV Manager Quit.
-- FSM Manager Quit.
-- DDI Manager Quit.
[runlim] end:			Sun Dec 21 22:39:38 2025
[runlim] status:		ok
[runlim] result:		1
[runlim] children:		0
[runlim] real:			5.31 seconds
[runlim] time:			5.19 seconds
[runlim] space:			275.4 MB
[runlim] samples:		52
