[runlim] version:		1.7
[runlim] time limit:		311040000 seconds
[runlim] real time limit:	3600 seconds
[runlim] space limit:		32767 MB
[runlim] argv[0]:		./pdtapp
[runlim] argv[1]:		certify
[runlim] argv[2]:		-t
[runlim] argv[3]:		7
[runlim] argv[4]:		-w
[runlim] argv[5]:		./proc_invariants_td/6s209b0.st-T7.aig
[runlim] argv[6]:		../pdtinv25/benchmarks/st/6s209b0.st.aig
[runlim] argv[7]:		./invariants_td/6s209b0.st-T7.aig
[runlim] start:			Sun Dec 21 10:26:05 2025
[runlim] main pid:		3696
certify app: -t -w ../pdtinv25/benchmarks/st/6s209b0.st.aig ./invariants_td/6s209b0.st-T7.aig
-- App Manager Init.
-- DDI Manager Init.
-- FSM Manager Init.
-- TRAV Manager Init.
Checking inductive invariant of size. 1885
|itpGEN:17169,45273(0)|.
|itpGEN:2079| - nGen:1000(partial) (avg-#lits:  1.1).
itpGEN time: 1.44 s (norm 1.44 s)
 ITP (|A|=45273,|B|=19126)
ITP time limit: -1
Solver stats: 62262/97548 vars/clauses (elim v/cl:0/0)
Solver stats: 0/55356/0 dec./prop./confl.
Solver stats: time = 0.00 s (norm 0.00 s)
ITP (|A|=45273,|B|=19126)
ITP time limit: -1
Solver stats: 62262/103135 vars/clauses
Solver stats: 0/47933/0(0) dec./prop./confl.(small)
Solver stored decisions: 0
Solver stats: time = 0.01 s (norm 0.01 s)
computing interpolant from refutation proof of size 162680 (AIG nodes: 87137)
ITP proof unit res. cl,: 5343(A:3723/B:1552/AB:68 - equiv:1)
ITP proof two res. cl: 5(AB:0)
ITP core: (5416,42398 + 5349) / 162681
ITP proof core: (root: 5418,0 + chain: 5349 (res: 5663) - ref2: 5152) / tot:162683
ITP proof remapped roots: 73 - eq nodes: 5125 - tot: 297
ROOT stats - zero: 3776 - one: 1569 - lit: 71 - clause: 0
ITP proof core: (root: 73,0 + chain: 224 (res: 224) - ref2: 199) / tot:297
ITP proof remapped roots: 73 - eq nodes: 33 - tot: 264
ROOT stats - zero: 0 - one: 0 - lit: 71 - clause: 0
ITP proof core: (root: 73,0 + chain: 191 (res: 191) - ref2: 166) / tot:264
ITP proof dupv: 0 [impl: 0] - implNodes: 0
ITP proof core: (root: 73,0 + chain: 191 (res: 191) - ref2: 166) / tot:264
bdd merge: 60
ITP proof remapped roots: 73 - eq nodes: 81 - tot: 183
ROOT stats - zero: 0 - one: 0 - lit: 71 - clause: 0
ITP proof core: (root: 73,0 + chain: 108 (res: 108) - ref2: 90) / tot:183
ITP proof red Simpl (impl: 0): 0
ITP proof core: (root: 73,0 + chain: 108 (res: 108) - ref2: 90) / tot:183
ITP proof remapped roots: 73 - eq nodes: 0 - tot: 181
ROOT stats - zero: 0 - one: 0 - lit: 71 - clause: 0
ITP proof core: (root: 73,0 + chain: 108 (res: 108) - ref2: 90) / tot:181
ITP proof dupv: 0 - implNodesOdc: 0
ITP proof core: (root: 73,0 + chain: 108 (res: 108) - ref2: 90) / tot:181
ITP proof dupv: 0 [impl: 0] - implNodes: 0
interpolant OPT: 0 (0,0)
interpolant AUXV: 0 - AIG nodes 87231
interpolant stats: clause terms/a/o/ao -> 108/0/0/108 - A nodes: 108 (and->or): 48
STRUCT ODC[AND:62]: 171 -> 143
TOT NNF SIMPL: 143 -> (abcBal: 143) -> 143 (1 iterations)
itp opt: 143 -> 143
STRUCT ODC[AND:62]: 143 -> 143
TOT NNF SIMPL: 143 -> (abcBal: 143) -> 143 (1 iterations)
itp opt: 143 -> 143
|itpGEN:12954,37935(0)|.
|itpGEN:2294| - nGen:1000(partial) (avg-#lits:  1.3).
itpGEN time: 1.39 s (norm 1.39 s)
 ITP (|A|=37935,|B|=15087)
ITP time limit: -1
Solver stats: 50986/94011 vars/clauses (elim v/cl:0/0)
Solver stats: 0/26369/0 dec./prop./confl.
Solver stats: time = 0.00 s (norm 0.00 s)
ITP (|A|=37935,|B|=15087)
ITP time limit: -1
Solver stats: 50986/81836 vars/clauses
Solver stats: 0/26080/0(0) dec./prop./confl.(small)
Solver stored decisions: 0
Solver stats: time = 0.00 s (norm 0.00 s)
computing interpolant from refutation proof of size 119541 (AIG nodes: 89619)
ITP proof unit res. cl,: 2538(A:1081/B:1402/AB:55 - equiv:1)
ITP proof two res. cl: 18(AB:2)
ITP core: (2609,23369 + 2557) / 119542
ITP proof core: (root: 2611,0 + chain: 2557 (res: 2834) - ref2: 2387) / tot:119544
ITP proof remapped roots: 71 - eq nodes: 2354 - tot: 274
ROOT stats - zero: 1131 - one: 1409 - lit: 69 - clause: 0
ITP proof core: (root: 71,0 + chain: 203 (res: 203) - ref2: 184) / tot:274
ITP proof remapped roots: 71 - eq nodes: 39 - tot: 235
ROOT stats - zero: 0 - one: 0 - lit: 69 - clause: 0
ITP proof core: (root: 71,0 + chain: 164 (res: 164) - ref2: 145) / tot:235
ITP proof dupv: 0 [impl: 0] - implNodes: 0
ITP proof core: (root: 71,0 + chain: 164 (res: 164) - ref2: 145) / tot:235
bdd merge: 63
ITP proof remapped roots: 71 - eq nodes: 70 - tot: 165
ROOT stats - zero: 0 - one: 0 - lit: 69 - clause: 0
ITP proof core: (root: 71,0 + chain: 92 (res: 92) - ref2: 79) / tot:165
ITP proof red Simpl (impl: 0): 0
ITP proof core: (root: 71,0 + chain: 92 (res: 92) - ref2: 79) / tot:165
ITP proof remapped roots: 71 - eq nodes: 0 - tot: 163
ROOT stats - zero: 0 - one: 0 - lit: 69 - clause: 0
ITP proof core: (root: 71,0 + chain: 92 (res: 92) - ref2: 79) / tot:163
ITP proof dupv: 0 - implNodesOdc: 0
ITP proof core: (root: 71,0 + chain: 92 (res: 92) - ref2: 79) / tot:163
ITP proof dupv: 0 [impl: 0] - implNodes: 0
interpolant OPT: 0 (0,0)
interpolant AUXV: 0 - AIG nodes 89688
interpolant stats: clause terms/a/o/ao -> 92/0/0/92 - A nodes: 92 (and->or): 48
STRUCT ODC[AND:66]: 157 -> 137
TOT NNF SIMPL: 137 -> (abcBal: 137) -> 137 (1 iterations)
itp opt: 137 -> 137
STRUCT ODC[AND:66]: 137 -> 137
TOT NNF SIMPL: 137 -> (abcBal: 137) -> 137 (1 iterations)
itp opt: 137 -> 137
|itpGEN:8722,38120(0)|.
|itpGEN:2556| - nGen:1000(partial) (avg-#lits:  1.6).
itpGEN time: 1.39 s (norm 1.39 s)
 ITP (|A|=38120,|B|=11140)
ITP time limit: -1
Solver stats: 47329/84486 vars/clauses (elim v/cl:0/0)
Solver stats: 0/24804/0 dec./prop./confl.
Solver stats: time = 0.00 s (norm 0.00 s)
ITP (|A|=38120,|B|=11140)
ITP time limit: -1
Solver stats: 47329/70830 vars/clauses
Solver stats: 0/24667/0(0) dec./prop./confl.(small)
Solver stored decisions: 0
Solver stats: time = 0.00 s (norm 0.00 s)
computing interpolant from refutation proof of size 106701 (AIG nodes: 92495)
ITP proof unit res. cl,: 1636(A:1065/B:531/AB:40 - equiv:1)
ITP proof two res. cl: 32(AB:2)
ITP core: (1698,22724 + 1669) / 106702
ITP proof core: (root: 1700,0 + chain: 1669 (res: 1908) - ref2: 1501) / tot:106704
ITP proof remapped roots: 62 - eq nodes: 1486 - tot: 245
ROOT stats - zero: 1105 - one: 533 - lit: 60 - clause: 0
ITP proof core: (root: 62,0 + chain: 183 (res: 183) - ref2: 163) / tot:245
ITP proof remapped roots: 62 - eq nodes: 28 - tot: 217
ROOT stats - zero: 0 - one: 0 - lit: 60 - clause: 0
ITP proof core: (root: 62,0 + chain: 155 (res: 155) - ref2: 135) / tot:217
ITP proof dupv: 0 [impl: 0] - implNodes: 0
ITP proof core: (root: 62,0 + chain: 155 (res: 155) - ref2: 135) / tot:217
bdd merge: 60
ITP proof remapped roots: 62 - eq nodes: 65 - tot: 152
ROOT stats - zero: 0 - one: 0 - lit: 60 - clause: 0
ITP proof core: (root: 62,0 + chain: 88 (res: 88) - ref2: 74) / tot:152
ITP proof red Simpl (impl: 0): 0
ITP proof core: (root: 62,0 + chain: 88 (res: 88) - ref2: 74) / tot:152
ITP proof remapped roots: 62 - eq nodes: 0 - tot: 150
ROOT stats - zero: 0 - one: 0 - lit: 60 - clause: 0
ITP proof core: (root: 62,0 + chain: 88 (res: 88) - ref2: 74) / tot:150
ITP proof dupv: 0 - implNodesOdc: 0
ITP proof core: (root: 62,0 + chain: 88 (res: 88) - ref2: 74) / tot:150
ITP proof dupv: 0 [impl: 0] - implNodes: 0
interpolant OPT: 0 (0,0)
interpolant AUXV: 0 - AIG nodes 92565
interpolant stats: clause terms/a/o/ao -> 88/0/0/88 - A nodes: 88 (and->or): 48
STRUCT ODC[AND:60]: 145 -> 119
TOT NNF SIMPL: 119 -> (abcBal: 119) -> 119 (1 iterations)
itp opt: 119 -> 119
STRUCT ODC[AND:60]: 119 -> 119
TOT NNF SIMPL: 119 -> (abcBal: 119) -> 119 (1 iterations)
itp opt: 119 -> 119
|itpGEN:5697,38395(0)|.
|itpGEN:2886| - nGen:1000(partial) (avg-#lits:  2.1).
itpGEN time: 2.16 s (norm 2.16 s)
 ITP (|A|=38395,|B|=8424)
ITP time limit: -1
Solver stats: 45199/78386 vars/clauses (elim v/cl:0/0)
Solver stats: 0/22673/0 dec./prop./confl.
Solver stats: time = 0.00 s (norm 0.00 s)
ITP (|A|=38395,|B|=8424)
ITP time limit: -1
Solver stats: 45199/63974 vars/clauses
Solver stats: 0/19240/0(0) dec./prop./confl.(small)
Solver stored decisions: 0
Solver stats: time = 0.00 s (norm 0.00 s)
computing interpolant from refutation proof of size 94201 (AIG nodes: 95820)
ITP proof unit res. cl,: 842(A:296/B:489/AB:57 - equiv:1)
ITP proof two res. cl: 38(AB:1)
ITP core: (927,18130 + 881) / 94202
ITP proof core: (root: 929,0 + chain: 881 (res: 1129) - ref2: 716) / tot:94204
ITP proof remapped roots: 85 - eq nodes: 669 - tot: 297
ROOT stats - zero: 354 - one: 490 - lit: 83 - clause: 0
ITP proof core: (root: 85,0 + chain: 212 (res: 212) - ref2: 196) / tot:297
ITP proof remapped roots: 85 - eq nodes: 26 - tot: 271
ROOT stats - zero: 0 - one: 0 - lit: 83 - clause: 0
ITP proof core: (root: 85,0 + chain: 186 (res: 186) - ref2: 170) / tot:271
ITP proof dupv: 0 [impl: 0] - implNodes: 0
ITP proof core: (root: 85,0 + chain: 186 (res: 186) - ref2: 170) / tot:271
bdd merge: 76
ITP proof remapped roots: 85 - eq nodes: 80 - tot: 191
ROOT stats - zero: 0 - one: 0 - lit: 83 - clause: 0
ITP proof core: (root: 85,0 + chain: 104 (res: 104) - ref2: 94) / tot:191
ITP proof red Simpl (impl: 0): 0
ITP proof core: (root: 85,0 + chain: 104 (res: 104) - ref2: 94) / tot:191
ITP proof remapped roots: 85 - eq nodes: 0 - tot: 189
ROOT stats - zero: 0 - one: 0 - lit: 83 - clause: 0
ITP proof core: (root: 85,0 + chain: 104 (res: 104) - ref2: 94) / tot:189
ITP proof dupv: 0 - implNodesOdc: 0
ITP proof core: (root: 85,0 + chain: 104 (res: 104) - ref2: 94) / tot:189
ITP proof dupv: 0 [impl: 0] - implNodes: 0
interpolant OPT: 0 (0,0)
interpolant AUXV: 0 - AIG nodes 95898
interpolant stats: clause terms/a/o/ao -> 104/0/0/104 - A nodes: 104 (and->or): 48
STRUCT ODC[AND:83]: 186 -> 165
TOT NNF SIMPL: 165 -> (abcBal: 165) -> 165 (1 iterations)
itp opt: 165 -> 165
STRUCT ODC[AND:83]: 165 -> 165
TOT NNF SIMPL: 165 -> (abcBal: 165) -> 165 (1 iterations)
itp opt: 165 -> 165
|itpGEN:3510,38766(0)|.
[runlim] sample:		10.0 seconds, 197.7 MB
|itpGEN:2784| - nGen:1000(partial) (avg-#lits:  1.9).
itpGEN time: 1.56 s (norm 1.56 s)
 ITP (|A|=38766,|B|=6177)
ITP time limit: -1
Solver stats: 43412/73627 vars/clauses (elim v/cl:0/0)
Solver stats: 0/22091/0 dec./prop./confl.
Solver stats: time = 0.00 s (norm 0.00 s)
ITP (|A|=38766,|B|=6177)
ITP time limit: -1
Solver stats: 43412/58448 vars/clauses
Solver stats: 0/18927/0(0) dec./prop./confl.(small)
Solver stored decisions: 0
Solver stats: time = 0.00 s (norm 0.00 s)
computing interpolant from refutation proof of size 88186 (AIG nodes: 99189)
ITP proof unit res. cl,: 905(A:318/B:509/AB:78 - equiv:1)
ITP proof two res. cl: 56(AB:1)
ITP core: (1022,17573 + 962) / 88187
ITP proof core: (root: 1024,0 + chain: 962 (res: 1252) - ref2: 782) / tot:88189
ITP proof remapped roots: 117 - eq nodes: 708 - tot: 371
ROOT stats - zero: 394 - one: 513 - lit: 115 - clause: 0
ITP proof core: (root: 117,0 + chain: 254 (res: 254) - ref2: 238) / tot:371
ITP proof remapped roots: 117 - eq nodes: 23 - tot: 348
ROOT stats - zero: 0 - one: 0 - lit: 115 - clause: 0
ITP proof core: (root: 117,0 + chain: 231 (res: 231) - ref2: 215) / tot:348
ITP proof dupv: 0 [impl: 0] - implNodes: 0
ITP proof core: (root: 117,0 + chain: 231 (res: 231) - ref2: 215) / tot:348
bdd merge: 96
ITP proof remapped roots: 117 - eq nodes: 99 - tot: 249
ROOT stats - zero: 0 - one: 0 - lit: 115 - clause: 0
ITP proof core: (root: 117,0 + chain: 129 (res: 129) - ref2: 120) / tot:249
ITP proof red Simpl (impl: 0): 0
ITP proof core: (root: 117,0 + chain: 129 (res: 129) - ref2: 120) / tot:249
ITP proof remapped roots: 117 - eq nodes: 0 - tot: 246
ROOT stats - zero: 0 - one: 0 - lit: 115 - clause: 0
ITP proof core: (root: 117,0 + chain: 129 (res: 129) - ref2: 120) / tot:246
ITP proof dupv: 0 - implNodesOdc: 0
ITP proof core: (root: 117,0 + chain: 129 (res: 129) - ref2: 120) / tot:246
ITP proof dupv: 0 [impl: 0] - implNodes: 0
interpolant OPT: 0 (0,0)
interpolant AUXV: 0 - AIG nodes 99291
interpolant stats: clause terms/a/o/ao -> 129/0/0/129 - A nodes: 129 (and->or): 48
STRUCT ODC[AND:115]: 243 -> 229
TOT NNF SIMPL: 229 -> (abcBal: 229) -> 229 (1 iterations)
itp opt: 229 -> 229
STRUCT ODC[AND:115]: 229 -> 229
TOT NNF SIMPL: 229 -> (abcBal: 229) -> 229 (1 iterations)
itp opt: 229 -> 229
|itpGEN:1936,38690(0)|.
|itpGEN:2734| - nGen:1000(partial) (avg-#lits:  1.8).
itpGEN time: 1.29 s (norm 1.29 s)
 ITP (|A|=38690,|B|=4547)
ITP time limit: -1
Solver stats: 41769/69659 vars/clauses (elim v/cl:0/0)
Solver stats: 117/25304/3 dec./prop./confl.
Solver stats: time = 0.00 s (norm 0.00 s)
computing interpolant from refutation proof of size 3 (AIG nodes: 102320)
RES PROOF RECYCL PIV. REMOVED 0 resolutions
RESTRUCT PROOF REMOVED 0 redundant resolutions
RES PROOF PROCESSED: 21356 A, 2293 B, 15922 resA, 1421 resB, 939 res (tot: 41931)
RES PROOF has 2162 core and 39769 out of core nodes
RES PROOF compacted from 41931 to 2162 nodes
RES PROOF SWAPPED 0 resolution vars
resB: 0
GET PROOF 351 A (0 resA) - 872 B (0 resB) - 939 res - 0 red
RES PROOF (noop) MOVED from (A:0+B:0) 0 B->A: 0 resA, 0 resB, 939 res, 0 redundant (red root: 0)
resB: 0
GET PROOF 351 A (0 resA) - 872 B (0 resB) - 939 res - 0 red
ITP proof core: (root: 983,242 + chain: 735 (res: 1227) - ref2: 611) / tot:2164
ITP proof remapped roots: 205 - eq nodes: 303 - tot: 637
ROOT stats - zero: 0 - one: 778 - lit: 203 - clause: 0
ITP proof core: (root: 205,0 + chain: 432 (res: 445) - ref2: 407) / tot:637
ITP proof red Simpl (impl: 0): 0
ITP proof core: (root: 205,0 + chain: 432 (res: 445) - ref2: 407) / tot:637
bdd merge: 201
ITP proof remapped roots: 205 - eq nodes: 209 - tot: 428
ROOT stats - zero: 0 - one: 0 - lit: 203 - clause: 0
ITP proof core: (root: 205,0 + chain: 216 (res: 229) - ref2: 214) / tot:428
ITP proof dupv: 0 [impl: 0] - implNodes: 0
ITP proof core: (root: 205,0 + chain: 216 (res: 229) - ref2: 214) / tot:428
ITP proof remapped roots: 205 - eq nodes: 0 - tot: 421
ROOT stats - zero: 0 - one: 0 - lit: 203 - clause: 0
ITP proof core: (root: 205,0 + chain: 216 (res: 229) - ref2: 214) / tot:421
ITP proof dupv: 0 - implNodesOdc: 11
ITP proof core: (root: 205,0 + chain: 216 (res: 218) - ref2: 214) / tot:421
ITP proof dupv: 0 [impl: 0] - implNodes: 0
STRUCT ODC[AND:203]: 418 -> 405
TOT NNF SIMPL: 405 -> (abcBal: 405) -> 405 (1 iterations)
ITP proof core: (root: 983,242 + chain: 773 (res: 1230) - ref2: 639) / tot:2179
ITP proof remapped roots: 205 - eq nodes: 322 - tot: 656
ROOT stats - zero: 0 - one: 778 - lit: 203 - clause: 0
ITP proof core: (root: 205,0 + chain: 451 (res: 452) - ref2: 423) / tot:656
ITP proof red Simpl (impl: 0): 0
ITP proof core: (root: 205,0 + chain: 451 (res: 452) - ref2: 423) / tot:656
bdd merge: 207
ITP proof remapped roots: 205 - eq nodes: 228 - tot: 428
ROOT stats - zero: 0 - one: 0 - lit: 203 - clause: 0
ITP proof core: (root: 205,0 + chain: 216 (res: 217) - ref2: 213) / tot:428
ITP proof dupv: 0 [impl: 0] - implNodes: 0
ITP proof core: (root: 205,0 + chain: 216 (res: 217) - ref2: 213) / tot:428
ITP proof remapped roots: 205 - eq nodes: 0 - tot: 421
ROOT stats - zero: 0 - one: 0 - lit: 203 - clause: 0
ITP proof core: (root: 205,0 + chain: 216 (res: 217) - ref2: 213) / tot:421
ITP proof dupv: 0 - implNodesOdc: 0
ITP proof core: (root: 205,0 + chain: 216 (res: 217) - ref2: 213) / tot:421
ITP proof dupv: 0 [impl: 0] - implNodes: 0
STRUCT ODC[AND:203]: 418 -> 405
TOT NNF SIMPL: 405 -> (abcBal: 405) -> 405 (1 iterations)
interpolant OPT: 0 (0,0)
interpolant AUXV: 0 - AIG nodes 102603
itp stats: clause terms/a/o/ao -> 432/0/0/432 - A nodes: 0 (and->or): 32766
STRUCT ODC[AND:203]: 405 -> 405
TOT NNF SIMPL: 405 -> (abcBal: 405) -> 405 (1 iterations)
itp opt: 405 -> 405

Check Done for init proved
Checking inductive invariant of size. 1885

Check Done invariant proved - time: 0.00 s (norm 0.00 s)
Checking property of size. 79

Check Done property proved - time: 0.00 s (norm 0.00 s)
Writing invar of size 21590 to ./proc_invariants_td/6s209b0.st-T7.aig
-- App Manager Quit.
-- TRAV Manager Quit.
-- FSM Manager Quit.
-- DDI Manager Quit.
[runlim] end:			Sun Dec 21 10:26:18 2025
[runlim] status:		ok
[runlim] result:		0
[runlim] children:		0
[runlim] real:			13.33 seconds
[runlim] time:			12.48 seconds
[runlim] space:			215.7 MB
[runlim] samples:		125
