[runlim] version:		1.7
[runlim] time limit:		311040000 seconds
[runlim] real time limit:	3600 seconds
[runlim] space limit:		32767 MB
[runlim] argv[0]:		./pdtapp
[runlim] argv[1]:		certify
[runlim] argv[2]:		-t
[runlim] argv[3]:		1
[runlim] argv[4]:		-w
[runlim] argv[5]:		./proc_invariants_td/6s221rb14.st-T1.aig
[runlim] argv[6]:		../pdtinv25/benchmarks/st/6s221rb14.st.aig
[runlim] argv[7]:		./invariants_td/6s221rb14.st-T1.aig
[runlim] start:			Sun Dec 21 10:26:20 2025
[runlim] main pid:		3721
certify app: -t -w ../pdtinv25/benchmarks/st/6s221rb14.st.aig ./invariants_td/6s221rb14.st-T1.aig
-- App Manager Init.
-- DDI Manager Init.
-- FSM Manager Init.
-- TRAV Manager Init.
Checking inductive invariant of size. 656

Check Done for init proved
Checking inductive invariant of size. 656

Check Done invariant proved - time: 0.02 s (norm 0.02 s)
Checking property of size. 1144

Check Done property proved - time: 0.00 s (norm 0.00 s)
Writing invar of size 84876 to ./proc_invariants_td/6s221rb14.st-T1.aig
-- App Manager Quit.
-- TRAV Manager Quit.
-- FSM Manager Quit.
-- DDI Manager Quit.
[runlim] end:			Sun Dec 21 10:26:23 2025
[runlim] status:		ok
[runlim] result:		0
[runlim] children:		0
[runlim] real:			3.28 seconds
[runlim] time:			2.29 seconds
[runlim] space:			471.4 MB
[runlim] samples:		23
