[runlim] version:		1.7
[runlim] time limit:		311040000 seconds
[runlim] real time limit:	3600 seconds
[runlim] space limit:		32767 MB
[runlim] argv[0]:		./pdtapp
[runlim] argv[1]:		certify
[runlim] argv[2]:		-t
[runlim] argv[3]:		2
[runlim] argv[4]:		-w
[runlim] argv[5]:		./proc_invariants_td/6s372rb26.st-T2.aig
[runlim] argv[6]:		../pdtinv25/benchmarks/st/6s372rb26.st.aig
[runlim] argv[7]:		./invariants_td/6s372rb26.st-T2.aig
[runlim] start:			Sun Dec 21 10:26:18 2025
[runlim] main pid:		3698
certify app: -t -w ../pdtinv25/benchmarks/st/6s372rb26.st.aig ./invariants_td/6s372rb26.st-T2.aig
-- App Manager Init.
-- DDI Manager Init.
-- FSM Manager Init.
-- TRAV Manager Init.
Checking inductive invariant of size. 134
|itpGEN:321,14106(0)|.
|itpGEN:1999| - nGen:1000(partial) (avg-#lits:  1.0).
itpGEN time: 0.09 s (norm 0.09 s)
 ITP (|A|=14106,|B|=2295)
ITP time limit: -1
Solver stats: 15379/31176 vars/clauses (elim v/cl:0/0)
Solver stats: 277/16310/10 dec./prop./confl.
Solver stats: time = 0.00 s (norm 0.00 s)
computing interpolant from refutation proof of size 10 (AIG nodes: 22773)
RES PROOF RECYCL PIV. REMOVED 8 resolutions
RESTRUCT PROOF REMOVED 0 redundant resolutions
RES PROOF PROCESSED: 13398 A, 1400 B, 12071 resA, 1109 resB, 418 res (tot: 28396)
RES PROOF has 1171 core and 27225 out of core nodes
RES PROOF compacted from 28396 to 1171 nodes
RES PROOF SWAPPED 0 resolution vars
resB: 0
GET PROOF 353 A (0 resA) - 400 B (0 resB) - 418 res - 0 red
RES PROOF (noop) MOVED from (A:0+B:0) 0 B->A: 0 resA, 0 resB, 418 res, 0 redundant (red root: 0)
resB: 0
GET PROOF 353 A (0 resA) - 400 B (0 resB) - 418 res - 0 red
ITP proof core: (root: 303,452 + chain: 195 (res: 386) - ref2: 175) / tot:1173
ITP proof remapped roots: 33 - eq nodes: 125 - tot: 103
ROOT stats - zero: 0 - one: 270 - lit: 31 - clause: 0
ITP proof core: (root: 33,0 + chain: 70 (res: 91) - ref2: 56) / tot:103
ITP proof red Simpl (impl: 0): 0
ITP proof core: (root: 33,0 + chain: 70 (res: 91) - ref2: 56) / tot:103
bdd merge: 19
ITP proof remapped roots: 33 - eq nodes: 19 - tot: 84
ROOT stats - zero: 0 - one: 0 - lit: 31 - clause: 0
ITP proof core: (root: 33,0 + chain: 50 (res: 70) - ref2: 43) / tot:84
ITP proof dupv: 0 [impl: 0] - implNodes: 0
ITP proof core: (root: 33,0 + chain: 50 (res: 70) - ref2: 43) / tot:84
ITP proof remapped roots: 33 - eq nodes: 0 - tot: 83
ROOT stats - zero: 0 - one: 0 - lit: 31 - clause: 0
ITP proof core: (root: 33,0 + chain: 50 (res: 70) - ref2: 43) / tot:83
ITP proof dupv: 0 - implNodesOdc: 0
ITP proof core: (root: 33,0 + chain: 50 (res: 70) - ref2: 43) / tot:83
ITP proof dupv: 0 [impl: 0] - implNodes: 0
TOT NNF SIMPL: 61 -> (abcBal: 61) -> 61 (1 iterations)
ITP proof core: (root: 303,452 + chain: 196 (res: 386) - ref2: 176) / tot:1174
ITP proof remapped roots: 33 - eq nodes: 125 - tot: 104
ROOT stats - zero: 0 - one: 270 - lit: 31 - clause: 0
ITP proof core: (root: 33,0 + chain: 71 (res: 91) - ref2: 57) / tot:104
ITP proof red Simpl (impl: 0): 0
ITP proof core: (root: 33,0 + chain: 71 (res: 91) - ref2: 57) / tot:104
bdd merge: 19
ITP proof remapped roots: 33 - eq nodes: 19 - tot: 85
ROOT stats - zero: 0 - one: 0 - lit: 31 - clause: 0
ITP proof core: (root: 33,0 + chain: 51 (res: 70) - ref2: 44) / tot:85
ITP proof dupv: 0 [impl: 0] - implNodes: 0
ITP proof core: (root: 33,0 + chain: 51 (res: 70) - ref2: 44) / tot:85
ITP proof remapped roots: 33 - eq nodes: 0 - tot: 84
ROOT stats - zero: 0 - one: 0 - lit: 31 - clause: 0
ITP proof core: (root: 33,0 + chain: 51 (res: 70) - ref2: 44) / tot:84
ITP proof dupv: 0 - implNodesOdc: 0
ITP proof core: (root: 33,0 + chain: 51 (res: 70) - ref2: 44) / tot:84
ITP proof dupv: 0 [impl: 0] - implNodes: 0
TOT NNF SIMPL: 61 -> (abcBal: 61) -> 61 (1 iterations)
interpolant OPT: 0 (0,0)
interpolant AUXV: 0 - AIG nodes 22831
itp stats: clause terms/a/o/ao -> 101/0/0/101 - A nodes: 0 (and->or): 32765
STRUCT ODC[AND:31]: 61 -> 61
TOT NNF SIMPL: 61 -> (abcBal: 61) -> 61 (1 iterations)
itp opt: 61 -> 61

Check Done for init proved
Checking inductive invariant of size. 134

Check Done invariant proved - time: 0.00 s (norm 0.00 s)
Checking property of size. 7

Check Done property proved - time: 0.00 s (norm 0.00 s)
Writing invar of size 3378 to ./proc_invariants_td/6s372rb26.st-T2.aig
-- App Manager Quit.
-- TRAV Manager Quit.
-- FSM Manager Quit.
-- DDI Manager Quit.
[runlim] end:			Sun Dec 21 10:26:18 2025
[runlim] status:		ok
[runlim] result:		0
[runlim] children:		0
[runlim] real:			0.63 seconds
[runlim] time:			0.19 seconds
[runlim] space:			98.5 MB
[runlim] samples:		2
