[runlim] version:		1.7
[runlim] time limit:		311040000 seconds
[runlim] real time limit:	3600 seconds
[runlim] space limit:		32767 MB
[runlim] argv[0]:		./pdtapp
[runlim] argv[1]:		certify
[runlim] argv[2]:		-t
[runlim] argv[3]:		4
[runlim] argv[4]:		-w
[runlim] argv[5]:		./proc_invariants_td/6s391rb379.st-T4.aig
[runlim] argv[6]:		../pdtinv25/benchmarks/st/6s391rb379.st.aig
[runlim] argv[7]:		./invariants_td/6s391rb379.st-T4.aig
[runlim] start:			Sun Dec 21 11:27:19 2025
[runlim] main pid:		5217
certify app: -t -w ../pdtinv25/benchmarks/st/6s391rb379.st.aig ./invariants_td/6s391rb379.st-T4.aig
-- App Manager Init.
-- DDI Manager Init.
-- FSM Manager Init.
-- TRAV Manager Init.
Checking inductive invariant of size. 7
|itpGEN:299,28176(0)|.
|itpGEN:1999| - nGen:1000(partial) (avg-#lits:  1.0).
itpGEN time: 0.16 s (norm 0.16 s)
 ITP (|A|=28176,|B|=2282)
ITP time limit: -1
Solver stats: 29417/54951 vars/clauses (elim v/cl:0/0)
Solver stats: 1/28724/2 dec./prop./confl.
Solver stats: time = 0.00 s (norm 0.00 s)
computing interpolant from refutation proof of size 2 (AIG nodes: 42643)
RES PROOF RECYCL PIV. REMOVED 0 resolutions
RESTRUCT PROOF REMOVED 0 redundant resolutions
RES PROOF PROCESSED: 27508 A, 1217 B, 24821 resA, 1000 resB, 213 res (tot: 54759)
RES PROOF has 478 core and 54281 out of core nodes
RES PROOF compacted from 54759 to 478 nodes
RES PROOF SWAPPED 0 resolution vars
resB: 0
GET PROOF 48 A (0 resA) - 217 B (0 resB) - 213 res - 0 red
RES PROOF (noop) MOVED from (A:0+B:0) 0 B->A: 0 resA, 0 resB, 213 res, 0 redundant (red root: 0)
resB: 0
GET PROOF 48 A (0 resA) - 217 B (0 resB) - 213 res - 0 red
ITP proof core: (root: 105,162 + chain: 74 (res: 116) - ref2: 66) / tot:480
ITP proof remapped roots: 26 - eq nodes: 38 - tot: 62
ROOT stats - zero: 0 - one: 79 - lit: 24 - clause: 0
ITP proof core: (root: 26,0 + chain: 36 (res: 37) - ref2: 30) / tot:62
ITP proof red Simpl (impl: 0): 0
ITP proof core: (root: 26,0 + chain: 36 (res: 37) - ref2: 30) / tot:62
bdd merge: 5
ITP proof remapped roots: 26 - eq nodes: 8 - tot: 54
ROOT stats - zero: 0 - one: 0 - lit: 24 - clause: 0
ITP proof core: (root: 26,0 + chain: 28 (res: 28) - ref2: 25) / tot:54
ITP proof dupv: 0 [impl: 0] - implNodes: 0
ITP proof core: (root: 26,0 + chain: 28 (res: 28) - ref2: 25) / tot:54
ITP proof remapped roots: 26 - eq nodes: 0 - tot: 54
ROOT stats - zero: 0 - one: 0 - lit: 24 - clause: 0
ITP proof core: (root: 26,0 + chain: 28 (res: 28) - ref2: 25) / tot:54
ITP proof dupv: 0 - implNodesOdc: 0
ITP proof core: (root: 26,0 + chain: 28 (res: 28) - ref2: 25) / tot:54
ITP proof dupv: 0 [impl: 0] - implNodes: 0
STRUCT ODC[AND:24]: 49 -> 47
TOT NNF SIMPL: 47 -> (abcBal: 47) -> 47 (1 iterations)
ITP proof core: (root: 105,162 + chain: 75 (res: 118) - ref2: 66) / tot:480
ITP proof remapped roots: 26 - eq nodes: 38 - tot: 63
ROOT stats - zero: 0 - one: 79 - lit: 24 - clause: 0
ITP proof core: (root: 26,0 + chain: 37 (res: 38) - ref2: 31) / tot:63
ITP proof red Simpl (impl: 0): 0
ITP proof core: (root: 26,0 + chain: 37 (res: 38) - ref2: 31) / tot:63
bdd merge: 5
ITP proof remapped roots: 26 - eq nodes: 8 - tot: 55
ROOT stats - zero: 0 - one: 0 - lit: 24 - clause: 0
ITP proof core: (root: 26,0 + chain: 29 (res: 30) - ref2: 26) / tot:55
ITP proof dupv: 0 [impl: 0] - implNodes: 0
ITP proof core: (root: 26,0 + chain: 29 (res: 30) - ref2: 26) / tot:55
ITP proof remapped roots: 26 - eq nodes: 0 - tot: 55
ROOT stats - zero: 0 - one: 0 - lit: 24 - clause: 0
ITP proof core: (root: 26,0 + chain: 29 (res: 30) - ref2: 26) / tot:55
ITP proof dupv: 0 - implNodesOdc: 0
ITP proof core: (root: 26,0 + chain: 29 (res: 30) - ref2: 26) / tot:55
ITP proof dupv: 0 [impl: 0] - implNodes: 0
STRUCT ODC[AND:24]: 50 -> 47
TOT NNF SIMPL: 47 -> (abcBal: 47) -> 47 (1 iterations)
interpolant OPT: 0 (0,0)
interpolant AUXV: 0 - AIG nodes 42689
itp stats: clause terms/a/o/ao -> 57/0/0/57 - A nodes: 0 (and->or): 32764
STRUCT ODC[AND:24]: 47 -> 47
TOT NNF SIMPL: 47 -> (abcBal: 47) -> 47 (1 iterations)
itp opt: 47 -> 47
|itpGEN:109,26505(0)|.
|itpGEN:2082| - nGen:970 (avg-#lits:  1.1).
itpGEN time: 0.18 s (norm 0.18 s)
 |itpGEN:30,26554(0)|.
|itpGEN:2413| - nGen:975 (avg-#lits:  1.5).
itpGEN time: 0.32 s (norm 0.32 s)
 
Check Done for init proved
Checking inductive invariant of size. 7

Check Done invariant proved - time: 0.00 s (norm 0.00 s)
Checking property of size. 13

Check Done property proved - time: 0.00 s (norm 0.00 s)
Writing invar of size 8881 to ./proc_invariants_td/6s391rb379.st-T4.aig
-- App Manager Quit.
-- TRAV Manager Quit.
-- FSM Manager Quit.
-- DDI Manager Quit.
[runlim] end:			Sun Dec 21 11:27:20 2025
[runlim] status:		ok
[runlim] result:		0
[runlim] children:		0
[runlim] real:			1.47 seconds
[runlim] time:			0.99 seconds
[runlim] space:			133.5 MB
[runlim] samples:		10
