[runlim] version:		1.7
[runlim] time limit:		311040000 seconds
[runlim] real time limit:	900 seconds
[runlim] space limit:		4096 MB
[runlim] argv[0]:		./pdtapp
[runlim] argv[1]:		certify
[runlim] argv[2]:		-t
[runlim] argv[3]:		1
[runlim] argv[4]:		-i
[runlim] argv[5]:		./proc_invariants_td/6s404rb4.st-T1.aig
[runlim] argv[6]:		./benchmarks/st/6s404rb4.st.aig
[runlim] argv[7]:		./invariants_td/6s404rb4.st-T1.aig
[runlim] start:			Tue May 13 21:48:52 2025
[runlim] main pid:		515
certify app: -t -i ./benchmarks/st/6s404rb4.st.aig ./invariants_td/6s404rb4.st-T1.aig
-- App Manager Init.
-- DDI Manager Init.
-- FSM Manager Init.
-- TRAV Manager Init.
Checking inductive invariant of size. 5221

Check Done for init proved
Checking inductive invariant of size. 5221

Check Done invariant proved - time: 0.48 s (norm 0.48 s)
Checking property of size. 400

Check Done property proved - time: 0.01 s (norm 0.01 s)
Writing invar to ./proc_invariants_td/6s404rb4.st-T1.aig
-- App Manager Quit.
-- TRAV Manager Quit.
-- FSM Manager Quit.
-- DDI Manager Quit.
[runlim] end:			Tue May 13 21:48:54 2025
[runlim] status:		ok
[runlim] result:		0
[runlim] children:		0
[runlim] real:			2.17 seconds
[runlim] time:			1.12 seconds
[runlim] space:			207.8 MB
[runlim] samples:		15
