[runlim] version:		1.7
[runlim] time limit:		311040000 seconds
[runlim] real time limit:	3600 seconds
[runlim] space limit:		32767 MB
[runlim] argv[0]:		./pdtapp
[runlim] argv[1]:		certify
[runlim] argv[2]:		-t
[runlim] argv[3]:		4
[runlim] argv[4]:		-w
[runlim] argv[5]:		./proc_invariants_td/6s421rb083.st-T4.aig
[runlim] argv[6]:		../pdtinv25/benchmarks/st/6s421rb083.st.aig
[runlim] argv[7]:		./invariants_td/6s421rb083.st-T4.aig
[runlim] start:			Sun Dec 21 11:26:59 2025
[runlim] main pid:		5188
certify app: -t -w ../pdtinv25/benchmarks/st/6s421rb083.st.aig ./invariants_td/6s421rb083.st-T4.aig
-- App Manager Init.
-- DDI Manager Init.
-- FSM Manager Init.
-- TRAV Manager Init.
Checking inductive invariant of size. 251
|itpGEN:3924,11696(0)|.
|itpGEN:2027| - nGen:795 (avg-#lits:  1.8).
itpGEN time: 9.61 s (norm 9.61 s)
 |itpGEN:2700,12034(0)|.
[runlim] sample:		10.0 seconds, 100.7 MB
|itpGEN:2571| - nGen:801 (avg-#lits:  2.8).
itpGEN time: 1.64 s (norm 1.64 s)
 |itpGEN:1476,12698(0)|.
|itpGEN:2275| - nGen:606 (avg-#lits:  3.6).
itpGEN time: 4.23 s (norm 4.23 s)
 
Check Done for init proved
Checking inductive invariant of size. 251

Check Done invariant proved - time: 0.11 s (norm 0.11 s)
Checking property of size. 5

Check Done property proved - time: 0.00 s (norm 0.00 s)
Writing invar of size 6809 to ./proc_invariants_td/6s421rb083.st-T4.aig
-- App Manager Quit.
-- TRAV Manager Quit.
-- FSM Manager Quit.
-- DDI Manager Quit.
[runlim] end:			Sun Dec 21 11:27:16 2025
[runlim] status:		ok
[runlim] result:		0
[runlim] children:		0
[runlim] real:			17.55 seconds
[runlim] time:			16.58 seconds
[runlim] space:			102.7 MB
[runlim] samples:		166
