[runlim] version:		1.7
[runlim] time limit:		311040000 seconds
[runlim] real time limit:	3600 seconds
[runlim] space limit:		32767 MB
[runlim] argv[0]:		./pdtapp
[runlim] argv[1]:		certify
[runlim] argv[2]:		-t
[runlim] argv[3]:		5
[runlim] argv[4]:		-w
[runlim] argv[5]:		./proc_invariants_td/bj08amba5g62.st-T5.aig
[runlim] argv[6]:		../pdtinv25/benchmarks/st/bj08amba5g62.st.aig
[runlim] argv[7]:		./invariants_td/bj08amba5g62.st-T5.aig
[runlim] start:			Sun Dec 21 10:19:33 2025
[runlim] main pid:		3397
certify app: -t -w ../pdtinv25/benchmarks/st/bj08amba5g62.st.aig ./invariants_td/bj08amba5g62.st-T5.aig
-- App Manager Init.
-- DDI Manager Init.
-- FSM Manager Init.
-- TRAV Manager Init.
Checking inductive invariant of size. 7
|itpGEN:36203,20106(0)|.
|itpGEN:39| - nGen:20 (avg-#lits:  1.1).
itpGEN time: 0.18 s (norm 0.18 s)
 |itpGEN:16331,20089(0)|.
|itpGEN:38| - nGen:16 (avg-#lits:  1.5).
itpGEN time: 0.09 s (norm 0.09 s)
 |itpGEN:2140,20091(0)|.
|itpGEN:76| - nGen:21 (avg-#lits:  2.7).
itpGEN time: 0.09 s (norm 0.09 s)
 |itpGEN:408,20119(0)|.
|itpGEN:95| - nGen:20 (avg-#lits:  3.9).
itpGEN time: 0.32 s (norm 0.32 s)
 
Check Done for init proved
Checking inductive invariant of size. 7

Check Done invariant proved - time: 0.00 s (norm 0.00 s)
Checking property of size. 5

Check Done property proved - time: 0.00 s (norm 0.00 s)
Writing invar of size 233 to ./proc_invariants_td/bj08amba5g62.st-T5.aig
-- App Manager Quit.
-- TRAV Manager Quit.
-- FSM Manager Quit.
-- DDI Manager Quit.
[runlim] end:			Sun Dec 21 10:19:34 2025
[runlim] status:		ok
[runlim] result:		0
[runlim] children:		0
[runlim] real:			1.24 seconds
[runlim] time:			0.89 seconds
[runlim] space:			120.2 MB
[runlim] samples:		9
