[runlim] version:		1.7
[runlim] time limit:		311040000 seconds
[runlim] real time limit:	3600 seconds
[runlim] space limit:		32767 MB
[runlim] argv[0]:		./pdtapp
[runlim] argv[1]:		certify
[runlim] argv[2]:		-t
[runlim] argv[3]:		14
[runlim] argv[4]:		-w
[runlim] argv[5]:		./proc_invariants_td/bob3.st-T14.aig
[runlim] argv[6]:		../pdtinv25/benchmarks/st/bob3.st.aig
[runlim] argv[7]:		./invariants_td/bob3.st-T14.aig
[runlim] start:			Sun Dec 21 10:26:02 2025
[runlim] main pid:		3668
certify app: -t -w ../pdtinv25/benchmarks/st/bob3.st.aig ./invariants_td/bob3.st-T14.aig
-- App Manager Init.
-- DDI Manager Init.
-- FSM Manager Init.
-- TRAV Manager Init.
Checking inductive invariant of size. 1318
|itpGEN:7597,930(0)|.
|itpGEN:125| - nGen:64 (avg-#lits:  1.0).
itpGEN time: 0.11 s (norm 0.11 s)
 |itpGEN:7111,919(0)|.
|itpGEN:127| - nGen:65 (avg-#lits:  1.0).
itpGEN time: 0.09 s (norm 0.09 s)
 |itpGEN:6625,920(0)|.
|itpGEN:107| - nGen:54 (avg-#lits:  1.0).
itpGEN time: 0.09 s (norm 0.09 s)
 |itpGEN:6139,909(0)|.
|itpGEN:111| - nGen:56 (avg-#lits:  1.0).
itpGEN time: 0.09 s (norm 0.09 s)
 |itpGEN:5653,911(0)|.
|itpGEN:119| - nGen:59 (avg-#lits:  1.0).
itpGEN time: 0.08 s (norm 0.08 s)
 |itpGEN:5167,916(0)|.
|itpGEN:117| - nGen:59 (avg-#lits:  1.0).
itpGEN time: 0.07 s (norm 0.07 s)
 |itpGEN:4681,915(0)|.
|itpGEN:107| - nGen:54 (avg-#lits:  1.0).
itpGEN time: 0.07 s (norm 0.07 s)
 |itpGEN:4195,911(0)|.
|itpGEN:113| - nGen:53 (avg-#lits:  1.2).
itpGEN time: 0.08 s (norm 0.08 s)
 |itpGEN:3709,916(0)|.
|itpGEN:157| - nGen:69 (avg-#lits:  1.4).
itpGEN time: 0.07 s (norm 0.07 s)
 |itpGEN:3223,952(0)|.
|itpGEN:199| - nGen:82 (avg-#lits:  1.8).
itpGEN time: 0.06 s (norm 0.06 s)
 |itpGEN:2737,991(0)|.
|itpGEN:263| - nGen:103 (avg-#lits:  2.0).
itpGEN time: 0.06 s (norm 0.06 s)
 |itpGEN:2251,1048(0)|.
|itpGEN:366| - nGen:139 (avg-#lits:  2.4).
itpGEN time: 0.05 s (norm 0.05 s)
 |itpGEN:1765,1150(0)|.
|itpGEN:543| - nGen:193 (avg-#lits:  2.9).
itpGEN time: 0.08 s (norm 0.08 s)
 
Check Done for init proved
Checking inductive invariant of size. 1318

Check Done invariant proved - time: 0.08 s (norm 0.08 s)
Checking property of size. 5

Check Done property proved - time: 0.00 s (norm 0.00 s)
Writing invar of size 2790 to ./proc_invariants_td/bob3.st-T14.aig
-- App Manager Quit.
-- TRAV Manager Quit.
-- FSM Manager Quit.
-- DDI Manager Quit.
[runlim] end:			Sun Dec 21 10:26:03 2025
[runlim] status:		ok
[runlim] result:		0
[runlim] children:		0
[runlim] real:			1.82 seconds
[runlim] time:			1.19 seconds
[runlim] space:			89.0 MB
[runlim] samples:		12
