[runlim] version:		1.7
[runlim] time limit:		311040000 seconds
[runlim] real time limit:	3600 seconds
[runlim] space limit:		32767 MB
[runlim] argv[0]:		./pdtapp
[runlim] argv[1]:		certify
[runlim] argv[2]:		-t
[runlim] argv[3]:		2
[runlim] argv[4]:		-w
[runlim] argv[5]:		./proc_invariants_td/boblivear.st-T2.aig
[runlim] argv[6]:		../pdtinv25/benchmarks/st/boblivear.st.aig
[runlim] argv[7]:		./invariants_td/boblivear.st-T2.aig
[runlim] start:			Sun Dec 21 11:27:48 2025
[runlim] main pid:		5253
certify app: -t -w ../pdtinv25/benchmarks/st/boblivear.st.aig ./invariants_td/boblivear.st-T2.aig
-- App Manager Init.
-- DDI Manager Init.
-- FSM Manager Init.
-- TRAV Manager Init.
Checking inductive invariant of size. 5910
|itpGEN:6076,683(0)|.
|itpGEN:113| - nGen:55 (avg-#lits:  1.1).
itpGEN time: 0.02 s (norm 0.02 s)
 
Check Done for init proved
Checking inductive invariant of size. 5910

Check Done invariant proved - time: 0.66 s (norm 0.66 s)
Checking property of size. 175

Check Done property proved - time: 0.01 s (norm 0.01 s)
Writing invar of size 6050 to ./proc_invariants_td/boblivear.st-T2.aig
-- App Manager Quit.
-- TRAV Manager Quit.
-- FSM Manager Quit.
-- DDI Manager Quit.
[runlim] end:			Sun Dec 21 11:27:49 2025
[runlim] status:		ok
[runlim] result:		0
[runlim] children:		0
[runlim] real:			1.63 seconds
[runlim] time:			0.70 seconds
[runlim] space:			86.1 MB
[runlim] samples:		7
