[runlim] version:		1.7
[runlim] time limit:		311040000 seconds
[runlim] real time limit:	3600 seconds
[runlim] space limit:		32767 MB
[runlim] argv[0]:		./pdtapp
[runlim] argv[1]:		certify
[runlim] argv[2]:		-t
[runlim] argv[3]:		2
[runlim] argv[4]:		-w
[runlim] argv[5]:		./proc_invariants_td/eijks1238.st-T2.aig
[runlim] argv[6]:		../pdtinv25/benchmarks/st/eijks1238.st.aig
[runlim] argv[7]:		./invariants_td/eijks1238.st-T2.aig
[runlim] start:			Sun Dec 21 10:26:03 2025
[runlim] main pid:		3680
certify app: -t -w ../pdtinv25/benchmarks/st/eijks1238.st.aig ./invariants_td/eijks1238.st-T2.aig
-- App Manager Init.
-- DDI Manager Init.
-- FSM Manager Init.
-- TRAV Manager Init.
Checking inductive invariant of size. 200
|itpGEN:1307,819(0)|.
|itpGEN:263| - nGen:92 (avg-#lits:  2.8).
itpGEN time: 0.07 s (norm 0.07 s)
 
Check Done for init proved
Checking inductive invariant of size. 200

Check Done invariant proved - time: 0.01 s (norm 0.01 s)
Checking property of size. 958

Check Done property proved - time: 0.02 s (norm 0.02 s)
Writing invar of size 419 to ./proc_invariants_td/eijks1238.st-T2.aig
-- App Manager Quit.
-- TRAV Manager Quit.
-- FSM Manager Quit.
-- DDI Manager Quit.
[runlim] end:			Sun Dec 21 10:26:04 2025
[runlim] status:		ok
[runlim] result:		0
[runlim] children:		0
[runlim] real:			1.06 seconds
[runlim] time:			0.19 seconds
[runlim] space:			76.1 MB
[runlim] samples:		2
