[runlim] version:		1.7
[runlim] time limit:		311040000 seconds
[runlim] real time limit:	3600 seconds
[runlim] space limit:		32767 MB
[runlim] argv[0]:		./pdtapp
[runlim] argv[1]:		certify
[runlim] argv[2]:		-t
[runlim] argv[3]:		3
[runlim] argv[4]:		-w
[runlim] argv[5]:		./proc_invariants_td/eijks344.st-T3.aig
[runlim] argv[6]:		../pdtinv25/benchmarks/st/eijks344.st.aig
[runlim] argv[7]:		./invariants_td/eijks344.st-T3.aig
[runlim] start:			Sun Dec 21 10:26:18 2025
[runlim] main pid:		3710
certify app: -t -w ../pdtinv25/benchmarks/st/eijks344.st.aig ./invariants_td/eijks344.st-T3.aig
-- App Manager Init.
-- DDI Manager Init.
-- FSM Manager Init.
-- TRAV Manager Init.
Checking inductive invariant of size. 8444
|itpGEN:8941,558(0)|.
|itpGEN:387| - nGen:151 (avg-#lits:  2.5).
itpGEN time: 0.33 s (norm 0.33 s)
 |itpGEN:8657,842(0)|.
|itpGEN:1333| - nGen:436 (avg-#lits:  4.0).
itpGEN time: 0.72 s (norm 0.72 s)
 
Check Done for init proved
Checking inductive invariant of size. 8444

Check Done invariant proved - time: 0.51 s (norm 0.51 s)
Checking property of size. 64

Check Done property proved - time: 0.01 s (norm 0.01 s)
Writing invar of size 9818 to ./proc_invariants_td/eijks344.st-T3.aig
-- App Manager Quit.
-- TRAV Manager Quit.
-- FSM Manager Quit.
-- DDI Manager Quit.
[runlim] end:			Sun Dec 21 10:26:20 2025
[runlim] status:		ok
[runlim] result:		0
[runlim] children:		0
[runlim] real:			2.71 seconds
[runlim] time:			1.79 seconds
[runlim] space:			89.8 MB
[runlim] samples:		18
