[runlim] version:		1.7
[runlim] time limit:		311040000 seconds
[runlim] real time limit:	3600 seconds
[runlim] space limit:		32767 MB
[runlim] argv[0]:		./pdtapp
[runlim] argv[1]:		certify
[runlim] argv[2]:		-t
[runlim] argv[3]:		2
[runlim] argv[4]:		-w
[runlim] argv[5]:		./proc_invariants_td/intel056.st-T2.aig
[runlim] argv[6]:		../pdtinv25/benchmarks/st/intel056.st.aig
[runlim] argv[7]:		./invariants_td/intel056.st-T2.aig
[runlim] start:			Sun Dec 21 11:27:48 2025
[runlim] main pid:		5251
certify app: -t -w ../pdtinv25/benchmarks/st/intel056.st.aig ./invariants_td/intel056.st-T2.aig
-- App Manager Init.
-- DDI Manager Init.
-- FSM Manager Init.
-- TRAV Manager Init.
Checking inductive invariant of size. 2568
|itpGEN:5273,4529(0)|.
|itpGEN:1459| - nGen:391 (avg-#lits:  3.0).
itpGEN time: 0.16 s (norm 0.16 s)
 
Check Done for init proved
Checking inductive invariant of size. 2568

Check Done invariant proved - time: 0.16 s (norm 0.16 s)
Checking property of size. 5

Check Done property proved - time: 0.00 s (norm 0.00 s)
Writing invar of size 4201 to ./proc_invariants_td/intel056.st-T2.aig
-- App Manager Quit.
-- TRAV Manager Quit.
-- FSM Manager Quit.
-- DDI Manager Quit.
[runlim] end:			Sun Dec 21 11:27:48 2025
[runlim] status:		ok
[runlim] result:		0
[runlim] children:		0
[runlim] real:			0.87 seconds
[runlim] time:			0.29 seconds
[runlim] space:			85.5 MB
[runlim] samples:		3
