[runlim] version:		1.7
[runlim] time limit:		311040000 seconds
[runlim] real time limit:	3600 seconds
[runlim] space limit:		32767 MB
[runlim] argv[0]:		./pdtapp
[runlim] argv[1]:		certify
[runlim] argv[2]:		-t
[runlim] argv[3]:		38
[runlim] argv[4]:		-w
[runlim] argv[5]:		./proc_invariants_td/neclaftp4002.st-T38.aig
[runlim] argv[6]:		../pdtinv25/benchmarks/st/neclaftp4002.st.aig
[runlim] argv[7]:		./invariants_td/neclaftp4002.st-T38.aig
[runlim] start:			Sun Dec 21 10:19:34 2025
[runlim] main pid:		3399
certify app: -t -w ../pdtinv25/benchmarks/st/neclaftp4002.st.aig ./invariants_td/neclaftp4002.st-T38.aig
-- App Manager Init.
-- DDI Manager Init.
-- FSM Manager Init.
-- TRAV Manager Init.
Checking inductive invariant of size. 262
|itpGEN:272618,14129(0)|.
[runlim] sample:		10.0 seconds, 772.5 MB
|itpGEN:11| - nGen:7 (avg-#lits:  1.0).
itpGEN time: 10.97 s (norm 10.97 s)
 |itpGEN:265133,13041(0)|.
[runlim] sample:		20.0 seconds, 784.6 MB
[runlim] sample:		30.0 seconds, 784.9 MB
|itpGEN:28| - nGen:11 (avg-#lits:  1.9).
itpGEN time: 18.30 s (norm 18.30 s)
 |itpGEN:257648,13054(0)|.
[runlim] sample:		40.0 seconds, 797.2 MB
[runlim] sample:		50.0 seconds, 797.8 MB
[runlim] sample:		60.0 seconds, 797.8 MB
[runlim] sample:		70.0 seconds, 811.3 MB
|itpGEN:41| - nGen:14 (avg-#lits:  2.7).
itpGEN time: 40.70 s (norm 40.70 s)
 |itpGEN:250163,13067(0)|.
[runlim] sample:		80.0 seconds, 820.3 MB
[runlim] sample:		90.0 seconds, 820.3 MB
|itpGEN:46| - nGen:15 (avg-#lits:  2.9).
itpGEN time: 19.63 s (norm 19.63 s)
 |itpGEN:242678,13069(0)|.
[runlim] sample:		100.0 seconds, 820.3 MB
[runlim] sample:		109.9 seconds, 820.3 MB
|itpGEN:48| - nGen:15 (avg-#lits:  2.9).
itpGEN time: 18.57 s (norm 18.57 s)
 |itpGEN:235193,13069(0)|.
[runlim] sample:		119.9 seconds, 820.3 MB
|itpGEN:60| - nGen:17 (avg-#lits:  3.2).
itpGEN time: 12.33 s (norm 12.33 s)
 |itpGEN:227708,13080(0)|.
[runlim] sample:		129.9 seconds, 820.3 MB
|itpGEN:55| - nGen:18 (avg-#lits:  2.9).
itpGEN time: 11.44 s (norm 11.44 s)
 |itpGEN:220223,13079(0)|.
[runlim] sample:		139.9 seconds, 820.3 MB
[runlim] sample:		149.9 seconds, 820.3 MB
[runlim] sample:		159.9 seconds, 820.3 MB
|itpGEN:71| - nGen:23 (avg-#lits:  3.5).
itpGEN time: 27.02 s (norm 27.02 s)
 |itpGEN:212738,13094(0)|.
[runlim] sample:		169.9 seconds, 820.3 MB
[runlim] sample:		179.9 seconds, 820.3 MB
|itpGEN:74| - nGen:25 (avg-#lits:  3.3).
itpGEN time: 19.64 s (norm 19.64 s)
 |itpGEN:205253,13098(0)|.
[runlim] sample:		189.9 seconds, 820.3 MB
|itpGEN:80| - nGen:27 (avg-#lits:  3.3).
itpGEN time: 11.87 s (norm 11.87 s)
 |itpGEN:197768,13103(0)|.
[runlim] sample:		199.9 seconds, 820.3 MB
[runlim] sample:		209.9 seconds, 820.3 MB
|itpGEN:107| - nGen:33 (avg-#lits:  3.6).
itpGEN time: 15.66 s (norm 15.66 s)
 |itpGEN:190283,13126(0)|.
[runlim] sample:		219.9 seconds, 820.3 MB
|itpGEN:93| - nGen:27 (avg-#lits:  3.6).
itpGEN time: 15.36 s (norm 15.36 s)
 |itpGEN:182798,13115(0)|.
[runlim] sample:		229.9 seconds, 820.3 MB
[runlim] sample:		239.9 seconds, 820.3 MB
|itpGEN:343| - nGen:56 (avg-#lits:  6.2).
itpGEN time: 16.99 s (norm 16.99 s)
 |itpGEN:175313,13266(0)|.
[runlim] sample:		249.9 seconds, 820.3 MB
|itpGEN:101| - nGen:24 (avg-#lits:  3.9).
itpGEN time: 8.48 s (norm 8.48 s)
 |itpGEN:167828,13116(0)|.
[runlim] sample:		259.9 seconds, 820.3 MB
|itpGEN:141| - nGen:23 (avg-#lits:  4.9).
itpGEN time: 12.79 s (norm 12.79 s)
 |itpGEN:160343,13132(0)|.
[runlim] sample:		269.9 seconds, 820.3 MB
[runlim] sample:		279.9 seconds, 820.3 MB
|itpGEN:399| - nGen:89 (avg-#lits:  8.9).
itpGEN time: 13.86 s (norm 13.86 s)
 |itpGEN:152858,13337(0)|.
[runlim] sample:		289.9 seconds, 820.3 MB
|itpGEN:268| - nGen:64 (avg-#lits:  5.4).
itpGEN time: 9.28 s (norm 9.28 s)
 |itpGEN:145373,13243(0)|.
[runlim] sample:		299.9 seconds, 820.3 MB
|itpGEN:364| - nGen:95 (avg-#lits:  5.4).
itpGEN time: 13.86 s (norm 13.86 s)
 |itpGEN:137888,13340(0)|.
[runlim] sample:		309.9 seconds, 820.3 MB
|itpGEN:149| - nGen:39 (avg-#lits:  4.2).
itpGEN time: 7.42 s (norm 7.42 s)
 |itpGEN:130403,13153(0)|.
|itpGEN:231| - nGen:42 (avg-#lits:  6.6).
itpGEN time: 5.63 s (norm 5.63 s)
 |itpGEN:122918,13213(0)|.
[runlim] sample:		319.9 seconds, 820.3 MB
|itpGEN:513| - nGen:99 (avg-#lits:  6.3).
itpGEN time: 7.87 s (norm 7.87 s)
 |itpGEN:115433,13424(0)|.
[runlim] sample:		329.9 seconds, 820.3 MB
|itpGEN:121| - nGen:31 (avg-#lits:  4.0).
itpGEN time: 5.08 s (norm 5.08 s)
 |itpGEN:107948,13139(0)|.
|itpGEN:781| - nGen:66 (avg-#lits: 14.6).
itpGEN time: 5.35 s (norm 5.35 s)
 |itpGEN:100463,13749(0)|.
|itpGEN:129| - nGen:32 (avg-#lits:  4.0).
itpGEN time: 3.58 s (norm 3.58 s)
 |itpGEN:92978,13145(0)|.
[runlim] sample:		339.9 seconds, 820.3 MB
|itpGEN:302| - nGen:59 (avg-#lits:  5.5).
itpGEN time: 4.35 s (norm 4.35 s)
 |itpGEN:85493,13256(0)|.
|itpGEN:125| - nGen:37 (avg-#lits:  4.9).
itpGEN time: 2.19 s (norm 2.19 s)
 |itpGEN:78008,13134(0)|.
|itpGEN:322| - nGen:51 (avg-#lits: 12.5).
itpGEN time: 2.86 s (norm 2.86 s)
 |itpGEN:70523,13291(0)|.
[runlim] sample:		349.9 seconds, 820.3 MB
|itpGEN:205| - nGen:37 (avg-#lits:  5.9).
itpGEN time: 3.09 s (norm 3.09 s)
 |itpGEN:63038,13190(0)|.
|itpGEN:100| - nGen:29 (avg-#lits:  3.4).
itpGEN time: 2.80 s (norm 2.80 s)
 |itpGEN:55553,13119(0)|.
|itpGEN:103| - nGen:29 (avg-#lits:  3.4).
itpGEN time: 1.78 s (norm 1.78 s)
 |itpGEN:48068,13123(0)|.
|itpGEN:165| - nGen:27 (avg-#lits:  4.7).
itpGEN time: 1.78 s (norm 1.78 s)
 |itpGEN:40583,13150(0)|.
|itpGEN:110| - nGen:32 (avg-#lits:  3.4).
itpGEN time: 0.81 s (norm 0.81 s)
 |itpGEN:33098,13129(0)|.
[runlim] sample:		359.9 seconds, 820.3 MB
|itpGEN:273| - nGen:57 (avg-#lits:  4.6).
itpGEN time: 0.86 s (norm 0.86 s)
 |itpGEN:25613,13233(0)|.
|itpGEN:104| - nGen:32 (avg-#lits:  3.0).
itpGEN time: 0.36 s (norm 0.36 s)
 |itpGEN:18301,13123(0)|.
|itpGEN:587| - nGen:121 (avg-#lits: 19.8).
itpGEN time: 2.00 s (norm 2.00 s)
 |itpGEN:11365,13451(0)|.
|itpGEN:170| - nGen:29 (avg-#lits:  6.9).
itpGEN time: 0.27 s (norm 0.27 s)
 |itpGEN:4984,13151(0)|.
|itpGEN:557| - nGen:114 (avg-#lits: 11.9).
itpGEN time: 1.11 s (norm 1.11 s)
 [runlim] sample:		369.9 seconds, 873.4 MB

Check Done for init proved
Checking inductive invariant of size. 262

Check Done invariant proved - time: 0.01 s (norm 0.01 s)
Checking property of size. 19

Check Done property proved - time: 0.00 s (norm 0.00 s)
Writing invar of size 6584 to ./proc_invariants_td/neclaftp4002.st-T38.aig
-- App Manager Quit.
-- TRAV Manager Quit.
-- FSM Manager Quit.
-- DDI Manager Quit.
[runlim] end:			Sun Dec 21 10:25:45 2025
[runlim] status:		ok
[runlim] result:		0
[runlim] children:		0
[runlim] real:			371.95 seconds
[runlim] time:			371.56 seconds
[runlim] space:			873.6 MB
[runlim] samples:		3717
