[runlim] version:		1.7
[runlim] time limit:		311040000 seconds
[runlim] real time limit:	3600 seconds
[runlim] space limit:		32767 MB
[runlim] argv[0]:		./pdtapp
[runlim] argv[1]:		certify
[runlim] argv[2]:		-t
[runlim] argv[3]:		1
[runlim] argv[4]:		-w
[runlim] argv[5]:		./proc_invariants_td/nusmvtcasp3.st-T1.aig
[runlim] argv[6]:		../pdtinv25/benchmarks/st/nusmvtcasp3.st.aig
[runlim] argv[7]:		./invariants_td/nusmvtcasp3.st-T1.aig
[runlim] start:			Sun Dec 21 11:27:40 2025
[runlim] main pid:		5237
certify app: -t -w ../pdtinv25/benchmarks/st/nusmvtcasp3.st.aig ./invariants_td/nusmvtcasp3.st-T1.aig
-- App Manager Init.
-- DDI Manager Init.
-- FSM Manager Init.
-- TRAV Manager Init.
Checking inductive invariant of size. 57980

Check Done for init proved
Checking inductive invariant of size. 57980

Check Done invariant proved - time: 6.95 s (norm 6.95 s)
Checking property of size. 356

Check Done property proved - time: 0.16 s (norm 0.16 s)
Writing invar of size 58260 to ./proc_invariants_td/nusmvtcasp3.st-T1.aig
-- App Manager Quit.
-- TRAV Manager Quit.
-- FSM Manager Quit.
-- DDI Manager Quit.
[runlim] end:			Sun Dec 21 11:27:48 2025
[runlim] status:		ok
[runlim] result:		0
[runlim] children:		0
[runlim] real:			8.17 seconds
[runlim] time:			7.39 seconds
[runlim] space:			166.0 MB
[runlim] samples:		74
