[runlim] version:		1.7
[runlim] time limit:		311040000 seconds
[runlim] real time limit:	3600 seconds
[runlim] space limit:		32767 MB
[runlim] argv[0]:		./pdtapp
[runlim] argv[1]:		certify
[runlim] argv[2]:		-t
[runlim] argv[3]:		3
[runlim] argv[4]:		-w
[runlim] argv[5]:		./proc_invariants_td/pdtpmsusbphy.st-T3.aig
[runlim] argv[6]:		../pdtinv25/benchmarks/st/pdtpmsusbphy.st.aig
[runlim] argv[7]:		./invariants_td/pdtpmsusbphy.st-T3.aig
[runlim] start:			Sun Dec 21 11:27:17 2025
[runlim] main pid:		5200
certify app: -t -w ../pdtinv25/benchmarks/st/pdtpmsusbphy.st.aig ./invariants_td/pdtpmsusbphy.st-T3.aig
-- App Manager Init.
-- DDI Manager Init.
-- FSM Manager Init.
-- TRAV Manager Init.
Checking inductive invariant of size. 21
|itpGEN:139,1714(0)|.
|itpGEN:164| - nGen:82 (avg-#lits:  1.0).
itpGEN time: 0.00 s (norm 0.00 s)
 |itpGEN:63,1634(0)|.
|itpGEN:247| - nGen:95 (avg-#lits:  1.6).
itpGEN time: 0.01 s (norm 0.01 s)
 
Check Done for init proved
Checking inductive invariant of size. 21

Check Done invariant proved - time: 0.00 s (norm 0.00 s)
Checking property of size. 13

Check Done property proved - time: 0.00 s (norm 0.00 s)
Writing invar of size 566 to ./proc_invariants_td/pdtpmsusbphy.st-T3.aig
-- App Manager Quit.
-- TRAV Manager Quit.
-- FSM Manager Quit.
-- DDI Manager Quit.
[runlim] end:			Sun Dec 21 11:27:17 2025
[runlim] status:		ok
[runlim] result:		0
[runlim] children:		0
[runlim] real:			0.59 seconds
[runlim] time:			0.00 seconds
[runlim] space:			0.0 MB
[runlim] samples:		0
