[runlim] version:		1.7
[runlim] time limit:		311040000 seconds
[runlim] real time limit:	3600 seconds
[runlim] space limit:		32767 MB
[runlim] argv[0]:		./pdtapp
[runlim] argv[1]:		certify
[runlim] argv[2]:		-t
[runlim] argv[3]:		2
[runlim] argv[4]:		-w
[runlim] argv[5]:		./proc_invariants_td/pj2016.st-T2.aig
[runlim] argv[6]:		../pdtinv25/benchmarks/st/pj2016.st.aig
[runlim] argv[7]:		./invariants_td/pj2016.st-T2.aig
[runlim] start:			Sun Dec 21 10:26:04 2025
[runlim] main pid:		3683
certify app: -t -w ../pdtinv25/benchmarks/st/pj2016.st.aig ./invariants_td/pj2016.st-T2.aig
-- App Manager Init.
-- DDI Manager Init.
-- FSM Manager Init.
-- TRAV Manager Init.
Checking inductive invariant of size. 191
|itpGEN:35055,41793(0)|.
|itpGEN:49| - nGen:24 (avg-#lits:  1.1).
itpGEN time: 0.17 s (norm 0.17 s)
 
Check Done for init proved
Checking inductive invariant of size. 191

Check Done invariant proved - time: 0.06 s (norm 0.06 s)
Checking property of size. 54

Check Done property proved - time: 0.00 s (norm 0.00 s)
Writing invar of size 2461 to ./proc_invariants_td/pj2016.st-T2.aig
-- App Manager Quit.
-- TRAV Manager Quit.
-- FSM Manager Quit.
-- DDI Manager Quit.
[runlim] end:			Sun Dec 21 10:26:04 2025
[runlim] status:		ok
[runlim] result:		0
[runlim] children:		0
[runlim] real:			0.57 seconds
[runlim] time:			0.49 seconds
[runlim] space:			141.5 MB
[runlim] samples:		5
