[runlim] version:		1.7
[runlim] time limit:		311040000 seconds
[runlim] real time limit:	3600 seconds
[runlim] space limit:		32767 MB
[runlim] argv[0]:		./pdtapp
[runlim] argv[1]:		certify
[runlim] argv[2]:		-t
[runlim] argv[3]:		2
[runlim] argv[4]:		-w
[runlim] argv[5]:		./proc_invariants_td/pj2010.st-T2.aig
[runlim] argv[6]:		../pdtinv25/benchmarks/st/pj2010.st.aig
[runlim] argv[7]:		./invariants_td/pj2010.st-T2.aig
[runlim] start:			Sun Dec 21 10:26:18 2025
[runlim] main pid:		3706
certify app: -t -w ../pdtinv25/benchmarks/st/pj2010.st.aig ./invariants_td/pj2010.st-T2.aig
-- App Manager Init.
-- DDI Manager Init.
-- FSM Manager Init.
-- TRAV Manager Init.
Checking inductive invariant of size. 10
|itpGEN:18021,20336(0)|.
|itpGEN:45| - nGen:16 (avg-#lits:  1.7).
itpGEN time: 0.07 s (norm 0.07 s)
 
Check Done for init proved
Checking inductive invariant of size. 10

Check Done invariant proved - time: 0.02 s (norm 0.02 s)
Checking property of size. 1617

Check Done property proved - time: 0.00 s (norm 0.00 s)
Writing invar of size 740 to ./proc_invariants_td/pj2010.st-T2.aig
-- App Manager Quit.
-- TRAV Manager Quit.
-- FSM Manager Quit.
-- DDI Manager Quit.
[runlim] end:			Sun Dec 21 10:26:18 2025
[runlim] status:		ok
[runlim] result:		0
[runlim] children:		0
[runlim] real:			0.86 seconds
[runlim] time:			0.19 seconds
[runlim] space:			103.3 MB
[runlim] samples:		2
