[runlim] version:		1.7
[runlim] time limit:		311040000 seconds
[runlim] real time limit:	3600 seconds
[runlim] space limit:		32767 MB
[runlim] argv[0]:		./pdtapp
[runlim] argv[1]:		certify
[runlim] argv[2]:		-t
[runlim] argv[3]:		4
[runlim] argv[4]:		-w
[runlim] argv[5]:		./proc_invariants_td/texasparsesysp2.st-T4.aig
[runlim] argv[6]:		../pdtinv25/benchmarks/st/texasparsesysp2.st.aig
[runlim] argv[7]:		./invariants_td/texasparsesysp2.st-T4.aig
[runlim] start:			Sun Dec 21 10:19:30 2025
[runlim] main pid:		3363
certify app: -t -w ../pdtinv25/benchmarks/st/texasparsesysp2.st.aig ./invariants_td/texasparsesysp2.st-T4.aig
-- App Manager Init.
-- DDI Manager Init.
-- FSM Manager Init.
-- TRAV Manager Init.
Checking inductive invariant of size. 5
|itpGEN:1371,13740(0)|.
|itpGEN:532| - nGen:263 (avg-#lits:  1.0).
itpGEN time: 0.05 s (norm 0.05 s)
 |itpGEN:782,13697(0)|.
|itpGEN:520| - nGen:254 (avg-#lits:  1.1).
itpGEN time: 0.04 s (norm 0.04 s)
 |itpGEN:193,13690(0)|.
|itpGEN:527| - nGen:245 (avg-#lits:  1.2).
itpGEN time: 0.06 s (norm 0.06 s)
 
Check Done for init proved
Checking inductive invariant of size. 5

Check Done invariant proved - time: 0.00 s (norm 0.00 s)
Checking property of size. 7

Check Done property proved - time: 0.00 s (norm 0.00 s)
Writing invar of size 1211 to ./proc_invariants_td/texasparsesysp2.st-T4.aig
-- App Manager Quit.
-- TRAV Manager Quit.
-- FSM Manager Quit.
-- DDI Manager Quit.
[runlim] end:			Sun Dec 21 10:19:30 2025
[runlim] status:		ok
[runlim] result:		0
[runlim] children:		0
[runlim] real:			0.43 seconds
[runlim] time:			0.19 seconds
[runlim] space:			87.1 MB
[runlim] samples:		2
