[runlim] version:		1.7
[runlim] time limit:		311040000 seconds
[runlim] real time limit:	3600 seconds
[runlim] space limit:		32767 MB
[runlim] argv[0]:		./pdtapp
[runlim] argv[1]:		certify
[runlim] argv[2]:		-t
[runlim] argv[3]:		5
[runlim] argv[4]:		-w
[runlim] argv[5]:		./proc_invariants_td/visarbiter.st-T5.aig
[runlim] argv[6]:		../pdtinv25/benchmarks/st/visarbiter.st.aig
[runlim] argv[7]:		./invariants_td/visarbiter.st-T5.aig
[runlim] start:			Sun Dec 21 10:19:31 2025
[runlim] main pid:		3373
certify app: -t -w ../pdtinv25/benchmarks/st/visarbiter.st.aig ./invariants_td/visarbiter.st-T5.aig
-- App Manager Init.
-- DDI Manager Init.
-- FSM Manager Init.
-- TRAV Manager Init.
Checking inductive invariant of size. 103
|itpGEN:1552,542(0)|.
|itpGEN:40| - nGen:19 (avg-#lits:  1.2).
itpGEN time: 0.01 s (norm 0.01 s)
 |itpGEN:1141,542(0)|.
|itpGEN:40| - nGen:18 (avg-#lits:  1.5).
itpGEN time: 0.01 s (norm 0.01 s)
 |itpGEN:730,544(0)|.
|itpGEN:82| - nGen:34 (avg-#lits:  2.0).
itpGEN time: 0.01 s (norm 0.01 s)
 |itpGEN:387,585(0)|.
|itpGEN:129| - nGen:52 (avg-#lits:  2.3).
itpGEN time: 0.00 s (norm 0.00 s)
 
Check Done for init proved
Checking inductive invariant of size. 103

Check Done invariant proved - time: 0.00 s (norm 0.00 s)
Checking property of size. 7

Check Done property proved - time: 0.00 s (norm 0.00 s)
Writing invar of size 307 to ./proc_invariants_td/visarbiter.st-T5.aig
-- App Manager Quit.
-- TRAV Manager Quit.
-- FSM Manager Quit.
-- DDI Manager Quit.
[runlim] end:			Sun Dec 21 10:19:31 2025
[runlim] status:		ok
[runlim] result:		0
[runlim] children:		0
[runlim] real:			0.64 seconds
[runlim] time:			0.00 seconds
[runlim] space:			0.0 MB
[runlim] samples:		0
