[runlim] version:		1.7
[runlim] time limit:		311040000 seconds
[runlim] real time limit:	900 seconds
[runlim] space limit:		4096 MB
[runlim] argv[0]:		./pdtapp
[runlim] argv[1]:		certify
[runlim] argv[2]:		-t
[runlim] argv[3]:		2
[runlim] argv[4]:		-i
[runlim] argv[5]:		./proc_invariants_td/visemodel.st-T2.aig
[runlim] argv[6]:		./benchmarks/st/visemodel.st.aig
[runlim] argv[7]:		./invariants_td/visemodel.st-T2.aig
[runlim] start:			Tue May 13 21:49:55 2025
[runlim] main pid:		591
certify app: -t -i ./benchmarks/st/visemodel.st.aig ./invariants_td/visemodel.st-T2.aig
-- App Manager Init.
-- DDI Manager Init.
-- FSM Manager Init.
-- TRAV Manager Init.
Checking inductive invariant of size. 7
ITP (|A|=405,|B|=110)
ITP time limit: -1
Solver stats: 497/1174 vars/clauses
Solver stats: 0/248/0(0) dec./prop./confl.(small)
Solver stored decisions: 0
Solver stats: time = 0.00 s (norm 0.00 s)
computing interpolant from refutation proof of size 1475 (AIG nodes: 794)
ITP proof unit res. cl,: 35(A:21/B:8/AB:6 - equiv:1)
ITP proof two res. cl: 0(AB:0)
ITP core: (39,232 + 36) / 1476
ITP proof core: (root: 41,0 + chain: 36 (res: 41) - ref2: 32) / tot:1478
ITP proof remapped roots: 10 - eq nodes: 29 - tot: 17
ROOT stats - zero: 22 - one: 9 - lit: 6 - clause: 2
ITP proof core: (root: 10,0 + chain: 7 (res: 8) - ref2: 6) / tot:17
ITP proof remapped roots: 10 - eq nodes: 0 - tot: 17
ROOT stats - zero: 0 - one: 0 - lit: 6 - clause: 2
ITP proof core: (root: 10,0 + chain: 7 (res: 8) - ref2: 6) / tot:17
ITP proof dupv: 0 [impl: 0] - implNodes: 0
ITP proof core: (root: 10,0 + chain: 7 (res: 8) - ref2: 6) / tot:17
ITP proof remapped roots: 10 - eq nodes: 0 - tot: 17
ROOT stats - zero: 0 - one: 0 - lit: 6 - clause: 2
ITP proof core: (root: 10,0 + chain: 7 (res: 8) - ref2: 6) / tot:17
ITP proof red Simpl (impl: 0): 0
ITP proof core: (root: 10,0 + chain: 7 (res: 8) - ref2: 6) / tot:17
ITP proof remapped roots: 10 - eq nodes: 0 - tot: 17
ROOT stats - zero: 0 - one: 0 - lit: 6 - clause: 2
ITP proof core: (root: 10,0 + chain: 7 (res: 8) - ref2: 6) / tot:17
ITP proof dupv: 0 - implNodesOdc: 0
ITP proof core: (root: 10,0 + chain: 7 (res: 8) - ref2: 6) / tot:17
ITP proof dupv: 0 [impl: 0] - implNodes: 0
interpolant OPT: 0 (0,0)
interpolant AUXV: 0 - AIG nodes 796
interpolant stats: clause terms/a/o/ao -> 7/0/0/7 - A nodes: 7 (and->or): 48
STRUCT ODC[AND:3]: 5 -> 5
TOT NNF SIMPL: 5 -> (abcBal: 5) -> 5 (1 iterations)
itp opt: 5 -> 5

Check Done for init proved
Checking inductive invariant of size. 7

Check Done invariant proved - time: 0.00 s (norm 0.00 s)
Checking property of size. 7

Check Done property proved - time: 0.00 s (norm 0.00 s)
Writing invar to ./proc_invariants_td/visemodel.st-T2.aig
-- App Manager Quit.
-- TRAV Manager Quit.
-- FSM Manager Quit.
-- DDI Manager Quit.
[runlim] end:			Tue May 13 21:49:55 2025
[runlim] status:		ok
[runlim] result:		0
[runlim] children:		0
[runlim] real:			0.82 seconds
[runlim] time:			0.05 seconds
[runlim] space:			80.7 MB
[runlim] samples:		5
